#
# A fatal error has been detected by the Java Runtime Environment:
#
#  EXCEPTION_ACCESS_VIOLATION (0xc0000005) at pc=0x00007fff4886ae80, pid=16552, tid=19988
#
# JRE version: OpenJDK Runtime Environment Corretto-16.0.2.7.1 (16.0.2+7) (build 16.0.2+7)
# Java VM: OpenJDK 64-Bit Server VM Corretto-16.0.2.7.1 (16.0.2+7, mixed mode, sharing, tiered, compressed oops, compressed class ptrs, g1 gc, windows-amd64)
# Problematic frame:
# C  [nvoglv64.dll+0x126ae80]
#
# No core dump will be written. Minidumps are not enabled by default on client versions of Windows
#
# If you would like to submit a bug report, please visit:
#   https://github.com/corretto/corretto-jdk/issues/
# The crash happened outside the Java Virtual Machine in native code.
# See problematic frame for where to report the bug.
#

---------------  S U M M A R Y ------------

Command Line: -Dfile.encoding=windows-1252 -Duser.country=US -Duser.language=en -Duser.variant app.Main

Host: Intel(R) Core(TM) i7-3770 CPU @ 3.40GHz, 8 cores, 7G,  Windows 10 , 64 bit Build 19041 (10.0.19041.1466)
Time: Fri May 20 17:31:44 2022 Central Daylight Time elapsed time: 1.331880 seconds (0d 0h 0m 1s)

---------------  T H R E A D  ---------------

Current thread (0x0000024656d85a50):  JavaThread "main" [_thread_in_native, id=19988, stack(0x000000d9bd700000,0x000000d9bd800000)]

Stack: [0x000000d9bd700000,0x000000d9bd800000],  sp=0x000000d9bd7fec88,  free space=1019k
Native frames: (J=compiled Java code, j=interpreted, Vv=VM code, C=native code)
C  [nvoglv64.dll+0x126ae80]

Java frames: (J=compiled Java code, j=interpreted, Vv=VM code)
j  org.lwjgl.opengl.GL11C.nglDrawElements(IIIJ)V+0
j  org.lwjgl.opengl.GL11C.glDrawElements(IIIJ)V+4
j  org.lwjgl.opengl.GL11.glDrawElements(IIIJ)V+4
j  graphics.Renderer.renderScene(Lecs/scenes/Scene;)V+227
j  io.Display.loop()V+92
j  io.Display.init()V+275
j  io.Display.<init>(IILjava/lang/String;Ljava/lang/String;)V+41
j  app.Main.main([Ljava/lang/String;)V+14
v  ~StubRoutines::call_stub

siginfo: EXCEPTION_ACCESS_VIOLATION (0xc0000005), reading address 0x0000000000000000


Register to memory mapping:

RIP=0x00007fff4886ae80 nvoglv64.dll
RAX=0x0000000000022006 is an unknown value
RBX=0x0000024677c1fd74 points into unknown readable memory: 06 20 02 00
RCX=0x0000024677c1fd90 points into unknown readable memory: 0x0000000000000000 | 00 00 00 00 00 00 00 00
RDX=0x0 is NULL
RSP=0x000000d9bd7fec88 is pointing into the stack for thread: 0x0000024656d85a50
RBP=0x0000000000000044 is an unknown value
RSI=0x0000000000000006 is an unknown value
RDI=0x000002467973f080 points into unknown readable memory: 0x0000000000000000 | 00 00 00 00 00 00 00 00
R8 =0x0000000000000018 is an unknown value
R9 =0x0000024677c1fd74 points into unknown readable memory: 06 20 02 00
R10=0x0 is NULL
R11=0x0000024677c1fd90 points into unknown readable memory: 0x0000000000000000 | 00 00 00 00 00 00 00 00
R12=0x0000000000000004 is an unknown value
R13=0x0000000000001405 is an unknown value
R14=0x0000000000000018 is an unknown value
R15=0x0 is NULL


Registers:
RAX=0x0000000000022006, RBX=0x0000024677c1fd74, RCX=0x0000024677c1fd90, RDX=0x0000000000000000
RSP=0x000000d9bd7fec88, RBP=0x0000000000000044, RSI=0x0000000000000006, RDI=0x000002467973f080
R8 =0x0000000000000018, R9 =0x0000024677c1fd74, R10=0x0000000000000000, R11=0x0000024677c1fd90
R12=0x0000000000000004, R13=0x0000000000001405, R14=0x0000000000000018, R15=0x0000000000000000
RIP=0x00007fff4886ae80, EFLAGS=0x0000000000010283

Top of Stack: (sp=0x000000d9bd7fec88)
0x000000d9bd7fec88:   00007fff47f1773c 0000024656d85a50
0x000000d9bd7fec98:   0000024656d85a50 000000d9bd7fedb0
0x000000d9bd7feca8:   00007fff4c86f2c7 000000d9bd7fecd0
0x000000d9bd7fecb8:   0000024654c5cf90 000000000017555d
0x000000d9bd7fecc8:   000002465f781e75 00000246769b66b0
0x000000d9bd7fecd8:   0000024656d85a50 000000008772ff58
0x000000d9bd7fece8:   000002465f75daf9 0000024656d85a50
0x000000d9bd7fecf8:   00000246769b66b0 0000000000000000
0x000000d9bd7fed08:   000000008772ff58 0000024677d5b4f0
0x000000d9bd7fed18:   000002465f75dca2 000000d9bd7fedb0
0x000000d9bd7fed28:   00007fff4cb00100 000000d9bd7fedf0
0x000000d9bd7fed38:   00000246769b66b0 0000024600001405
0x000000d9bd7fed48:   0000000000000000 000000008772ff58
0x000000d9bd7fed58:   00007fff4caf9866 000002465f75d956
0x000000d9bd7fed68:   000000d9bd7fed68 00000246769b66b0
0x000000d9bd7fed78:   000000d9bd7fedf0 00000246769c11b8 

Instructions: (pc=0x00007fff4886ae80)
0x00007fff4886ad80:   33 c0 c3 1b c0 83 d8 ff c3 90 49 c1 e9 02 74 37
0x00007fff4886ad90:   48 8b 01 48 3b 04 11 75 5b 48 8b 41 08 48 3b 44
0x00007fff4886ada0:   11 08 75 4c 48 8b 41 10 48 3b 44 11 10 75 3d 48
0x00007fff4886adb0:   8b 41 18 48 3b 44 11 18 75 2e 48 83 c1 20 49 ff
0x00007fff4886adc0:   c9 75 cd 49 83 e0 1f 4d 8b c8 49 c1 e9 03 74 9b
0x00007fff4886add0:   48 8b 01 48 3b 04 11 75 1b 48 83 c1 08 49 ff c9
0x00007fff4886ade0:   75 ee 49 83 e0 07 eb 83 48 83 c1 08 48 83 c1 08
0x00007fff4886adf0:   48 83 c1 08 48 8b 0c 0a 48 0f c8 48 0f c9 48 3b
0x00007fff4886ae00:   c1 1b c0 83 d8 ff c3 cc cc cc cc cc cc cc cc cc
0x00007fff4886ae10:   cc cc cc cc cc cc 66 66 0f 1f 84 00 00 00 00 00
0x00007fff4886ae20:   57 56 49 8b c3 48 8b f9 49 8b c8 49 8b f2 f3 a4
0x00007fff4886ae30:   5e 5f c3 cc cc cc cc cc cc 0f 1f 80 00 00 00 00
0x00007fff4886ae40:   4c 8b d9 4c 8b d2 49 83 f8 10 76 54 49 83 f8 20
0x00007fff4886ae50:   76 2e 48 2b d1 73 0d 4b 8d 04 10 48 3b c8 0f 82
0x00007fff4886ae60:   dc 02 00 00 49 81 f8 80 00 00 00 0f 86 0f 02 00
0x00007fff4886ae70:   00 f6 05 c8 8b bf 01 02 0f 84 52 01 00 00 eb a0
0x00007fff4886ae80:   0f 10 02 42 0f 10 4c 02 f0 0f 11 01 42 0f 11 4c
0x00007fff4886ae90:   01 f0 48 8b c1 c3 66 66 0f 1f 84 00 00 00 00 00
0x00007fff4886aea0:   48 8b c1 4c 8d 0d 56 51 d9 fe 43 8b 8c 81 10 0a
0x00007fff4886aeb0:   fd 02 49 03 c9 ff e1 66 0f 1f 84 00 00 00 00 00
0x00007fff4886aec0:   c3 0f b7 0a 66 89 08 c3 48 8b 0a 48 89 08 c3 0f
0x00007fff4886aed0:   b7 0a 44 0f b6 42 02 66 89 08 44 88 40 02 c3 0f
0x00007fff4886aee0:   b6 0a 88 08 c3 f3 0f 6f 02 f3 0f 7f 00 c3 66 90
0x00007fff4886aef0:   4c 8b 02 0f b7 4a 08 44 0f b6 4a 0a 4c 89 00 66
0x00007fff4886af00:   89 48 08 44 88 48 0a c3 8b 0a 89 08 c3 0f 1f 00
0x00007fff4886af10:   8b 0a 44 0f b6 42 04 89 08 44 88 40 04 c3 66 90
0x00007fff4886af20:   8b 0a 44 0f b7 42 04 89 08 66 44 89 40 04 c3 90
0x00007fff4886af30:   8b 0a 44 0f b7 42 04 44 0f b6 4a 06 89 08 66 44
0x00007fff4886af40:   89 40 04 44 88 48 06 c3 4c 8b 02 8b 4a 08 44 0f
0x00007fff4886af50:   b6 4a 0c 4c 89 00 89 48 08 44 88 48 0c c3 66 90
0x00007fff4886af60:   4c 8b 02 0f b6 4a 08 4c 89 00 88 48 08 c3 66 90
0x00007fff4886af70:   4c 8b 02 0f b7 4a 08 4c 89 00 66 89 48 08 c3 90 


Stack slot to memory mapping:
stack at sp + 0 slots: 0x00007fff47f1773c nvoglv64.dll
stack at sp + 1 slots: 0x0000024656d85a50 is a thread
stack at sp + 2 slots: 0x0000024656d85a50 is a thread
stack at sp + 3 slots: 0x000000d9bd7fedb0 is pointing into the stack for thread: 0x0000024656d85a50
stack at sp + 4 slots: 0x00007fff4c86f2c7 jvm.dll
stack at sp + 5 slots: 0x000000d9bd7fecd0 is pointing into the stack for thread: 0x0000024656d85a50
stack at sp + 6 slots: 0x0000024654c5cf90 points into unknown readable memory: 0x0072006f00000002 | 02 00 00 00 6f 00 72 00
stack at sp + 7 slots: 0x000000000017555d is an unknown value


---------------  P R O C E S S  ---------------

Threads class SMR info:
_java_thread_list=0x0000024678140fb0, length=13, elements={
0x0000024656d85a50, 0x0000024676011dc0, 0x0000024676012b90, 0x00000246760233b0,
0x0000024676024cd0, 0x0000024676029b00, 0x000002467604a420, 0x0000024676050620,
0x0000024676059f90, 0x0000024676068cf0, 0x0000024676ce2740, 0x0000024676ce9030,
0x000002467745e4b0
}

Java Threads: ( => current thread )
=>0x0000024656d85a50 JavaThread "main" [_thread_in_native, id=19988, stack(0x000000d9bd700000,0x000000d9bd800000)]
  0x0000024676011dc0 JavaThread "Reference Handler" daemon [_thread_blocked, id=10424, stack(0x000000d9bde00000,0x000000d9bdf00000)]
  0x0000024676012b90 JavaThread "Finalizer" daemon [_thread_blocked, id=11560, stack(0x000000d9bdf00000,0x000000d9be000000)]
  0x00000246760233b0 JavaThread "Signal Dispatcher" daemon [_thread_blocked, id=14784, stack(0x000000d9be000000,0x000000d9be100000)]
  0x0000024676024cd0 JavaThread "Attach Listener" daemon [_thread_blocked, id=6604, stack(0x000000d9be100000,0x000000d9be200000)]
  0x0000024676029b00 JavaThread "Service Thread" daemon [_thread_blocked, id=2132, stack(0x000000d9be200000,0x000000d9be300000)]
  0x000002467604a420 JavaThread "Monitor Deflation Thread" daemon [_thread_blocked, id=5544, stack(0x000000d9be300000,0x000000d9be400000)]
  0x0000024676050620 JavaThread "C2 CompilerThread0" daemon [_thread_blocked, id=15556, stack(0x000000d9be400000,0x000000d9be500000)]
  0x0000024676059f90 JavaThread "C1 CompilerThread0" daemon [_thread_blocked, id=11892, stack(0x000000d9be500000,0x000000d9be600000)]
  0x0000024676068cf0 JavaThread "Sweeper thread" daemon [_thread_blocked, id=15692, stack(0x000000d9be600000,0x000000d9be700000)]
  0x0000024676ce2740 JavaThread "Notification Thread" daemon [_thread_blocked, id=12352, stack(0x000000d9be700000,0x000000d9be800000)]
  0x0000024676ce9030 JavaThread "Common-Cleaner" daemon [_thread_blocked, id=19308, stack(0x000000d9be900000,0x000000d9bea00000)]
  0x000002467745e4b0 JavaThread "C2 CompilerThread1" daemon [_thread_blocked, id=15456, stack(0x000000d9bea00000,0x000000d9beb00000)]

Other Threads:
  0x0000024676009230 VMThread "VM Thread" [stack: 0x000000d9bdd00000,0x000000d9bde00000] [id=10128]
  0x0000024676ce3c70 WatcherThread [stack: 0x000000d9be800000,0x000000d9be900000] [id=4200]
  0x0000024656dca6a0 GCTaskThread "GC Thread#0" [stack: 0x000000d9bd800000,0x000000d9bd900000] [id=16340]
  0x0000024656ddc480 ConcurrentGCThread "G1 Main Marker" [stack: 0x000000d9bd900000,0x000000d9bda00000] [id=152]
  0x0000024656ddd5a0 ConcurrentGCThread "G1 Conc#0" [stack: 0x000000d9bda00000,0x000000d9bdb00000] [id=3292]
  0x0000024675ec0090 ConcurrentGCThread "G1 Refine#0" [stack: 0x000000d9bdb00000,0x000000d9bdc00000] [id=18980]
  0x0000024675ec0920 ConcurrentGCThread "G1 Service" [stack: 0x000000d9bdc00000,0x000000d9bdd00000] [id=10532]

Threads with active compile tasks:

VM state: not at safepoint (normal execution)

VM Mutex/Monitor currently owned by a thread: None

Heap address: 0x0000000080c00000, size: 2036 MB, Compressed Oops mode: 32-bit

CDS archive(s) mapped at: [0x0000000800000000-0x0000000800be0000-0x0000000800be0000), size 12451840, SharedBaseAddress: 0x0000000800000000, ArchiveRelocationMode: 0.
Compressed class space mapped at: 0x0000000800c00000-0x0000000840c00000, reserved size: 1073741824
Narrow klass base: 0x0000000800000000, Narrow klass shift: 3, Narrow klass range: 0x100000000

GC Precious Log:
 CPUs: 8 total, 8 available
 Memory: 8141M
 Large Page Support: Disabled
 NUMA Support: Disabled
 Compressed Oops: Enabled (32-bit)
 Heap Region Size: 1M
 Heap Min Capacity: 8M
 Heap Initial Capacity: 128M
 Heap Max Capacity: 2036M
 Pre-touch: Disabled
 Parallel Workers: 8
 Concurrent Workers: 2
 Concurrent Refinement Workers: 8
 Periodic GC: Disabled

Heap:
 garbage-first heap   total 131072K, used 20480K [0x0000000080c00000, 0x0000000100000000)
  region size 1024K, 22 young (22528K), 0 survivors (0K)
 Metaspace       used 6448K, committed 6656K, reserved 1064960K
  class space    used 290K, committed 384K, reserved 1048576K

Heap Regions: E=young(eden), S=young(survivor), O=old, HS=humongous(starts), HC=humongous(continues), CS=collection set, F=free, OA=open archive, CA=closed archive, TAMS=top-at-mark-start (previous, next)
|   0|0x0000000080c00000, 0x0000000080c00000, 0x0000000080d00000|  0%| F|  |TAMS 0x0000000080c00000, 0x0000000080c00000| Untracked 
|   1|0x0000000080d00000, 0x0000000080d00000, 0x0000000080e00000|  0%| F|  |TAMS 0x0000000080d00000, 0x0000000080d00000| Untracked 
|   2|0x0000000080e00000, 0x0000000080e00000, 0x0000000080f00000|  0%| F|  |TAMS 0x0000000080e00000, 0x0000000080e00000| Untracked 
|   3|0x0000000080f00000, 0x0000000080f00000, 0x0000000081000000|  0%| F|  |TAMS 0x0000000080f00000, 0x0000000080f00000| Untracked 
|   4|0x0000000081000000, 0x0000000081000000, 0x0000000081100000|  0%| F|  |TAMS 0x0000000081000000, 0x0000000081000000| Untracked 
|   5|0x0000000081100000, 0x0000000081100000, 0x0000000081200000|  0%| F|  |TAMS 0x0000000081100000, 0x0000000081100000| Untracked 
|   6|0x0000000081200000, 0x0000000081200000, 0x0000000081300000|  0%| F|  |TAMS 0x0000000081200000, 0x0000000081200000| Untracked 
|   7|0x0000000081300000, 0x0000000081300000, 0x0000000081400000|  0%| F|  |TAMS 0x0000000081300000, 0x0000000081300000| Untracked 
|   8|0x0000000081400000, 0x0000000081400000, 0x0000000081500000|  0%| F|  |TAMS 0x0000000081400000, 0x0000000081400000| Untracked 
|   9|0x0000000081500000, 0x0000000081500000, 0x0000000081600000|  0%| F|  |TAMS 0x0000000081500000, 0x0000000081500000| Untracked 
|  10|0x0000000081600000, 0x0000000081600000, 0x0000000081700000|  0%| F|  |TAMS 0x0000000081600000, 0x0000000081600000| Untracked 
|  11|0x0000000081700000, 0x0000000081700000, 0x0000000081800000|  0%| F|  |TAMS 0x0000000081700000, 0x0000000081700000| Untracked 
|  12|0x0000000081800000, 0x0000000081800000, 0x0000000081900000|  0%| F|  |TAMS 0x0000000081800000, 0x0000000081800000| Untracked 
|  13|0x0000000081900000, 0x0000000081900000, 0x0000000081a00000|  0%| F|  |TAMS 0x0000000081900000, 0x0000000081900000| Untracked 
|  14|0x0000000081a00000, 0x0000000081a00000, 0x0000000081b00000|  0%| F|  |TAMS 0x0000000081a00000, 0x0000000081a00000| Untracked 
|  15|0x0000000081b00000, 0x0000000081b00000, 0x0000000081c00000|  0%| F|  |TAMS 0x0000000081b00000, 0x0000000081b00000| Untracked 
|  16|0x0000000081c00000, 0x0000000081c00000, 0x0000000081d00000|  0%| F|  |TAMS 0x0000000081c00000, 0x0000000081c00000| Untracked 
|  17|0x0000000081d00000, 0x0000000081d00000, 0x0000000081e00000|  0%| F|  |TAMS 0x0000000081d00000, 0x0000000081d00000| Untracked 
|  18|0x0000000081e00000, 0x0000000081e00000, 0x0000000081f00000|  0%| F|  |TAMS 0x0000000081e00000, 0x0000000081e00000| Untracked 
|  19|0x0000000081f00000, 0x0000000081f00000, 0x0000000082000000|  0%| F|  |TAMS 0x0000000081f00000, 0x0000000081f00000| Untracked 
|  20|0x0000000082000000, 0x0000000082000000, 0x0000000082100000|  0%| F|  |TAMS 0x0000000082000000, 0x0000000082000000| Untracked 
|  21|0x0000000082100000, 0x0000000082100000, 0x0000000082200000|  0%| F|  |TAMS 0x0000000082100000, 0x0000000082100000| Untracked 
|  22|0x0000000082200000, 0x0000000082200000, 0x0000000082300000|  0%| F|  |TAMS 0x0000000082200000, 0x0000000082200000| Untracked 
|  23|0x0000000082300000, 0x0000000082300000, 0x0000000082400000|  0%| F|  |TAMS 0x0000000082300000, 0x0000000082300000| Untracked 
|  24|0x0000000082400000, 0x0000000082400000, 0x0000000082500000|  0%| F|  |TAMS 0x0000000082400000, 0x0000000082400000| Untracked 
|  25|0x0000000082500000, 0x0000000082500000, 0x0000000082600000|  0%| F|  |TAMS 0x0000000082500000, 0x0000000082500000| Untracked 
|  26|0x0000000082600000, 0x0000000082600000, 0x0000000082700000|  0%| F|  |TAMS 0x0000000082600000, 0x0000000082600000| Untracked 
|  27|0x0000000082700000, 0x0000000082700000, 0x0000000082800000|  0%| F|  |TAMS 0x0000000082700000, 0x0000000082700000| Untracked 
|  28|0x0000000082800000, 0x0000000082800000, 0x0000000082900000|  0%| F|  |TAMS 0x0000000082800000, 0x0000000082800000| Untracked 
|  29|0x0000000082900000, 0x0000000082900000, 0x0000000082a00000|  0%| F|  |TAMS 0x0000000082900000, 0x0000000082900000| Untracked 
|  30|0x0000000082a00000, 0x0000000082a00000, 0x0000000082b00000|  0%| F|  |TAMS 0x0000000082a00000, 0x0000000082a00000| Untracked 
|  31|0x0000000082b00000, 0x0000000082b00000, 0x0000000082c00000|  0%| F|  |TAMS 0x0000000082b00000, 0x0000000082b00000| Untracked 
|  32|0x0000000082c00000, 0x0000000082c00000, 0x0000000082d00000|  0%| F|  |TAMS 0x0000000082c00000, 0x0000000082c00000| Untracked 
|  33|0x0000000082d00000, 0x0000000082d00000, 0x0000000082e00000|  0%| F|  |TAMS 0x0000000082d00000, 0x0000000082d00000| Untracked 
|  34|0x0000000082e00000, 0x0000000082e00000, 0x0000000082f00000|  0%| F|  |TAMS 0x0000000082e00000, 0x0000000082e00000| Untracked 
|  35|0x0000000082f00000, 0x0000000082f00000, 0x0000000083000000|  0%| F|  |TAMS 0x0000000082f00000, 0x0000000082f00000| Untracked 
|  36|0x0000000083000000, 0x0000000083000000, 0x0000000083100000|  0%| F|  |TAMS 0x0000000083000000, 0x0000000083000000| Untracked 
|  37|0x0000000083100000, 0x0000000083100000, 0x0000000083200000|  0%| F|  |TAMS 0x0000000083100000, 0x0000000083100000| Untracked 
|  38|0x0000000083200000, 0x0000000083200000, 0x0000000083300000|  0%| F|  |TAMS 0x0000000083200000, 0x0000000083200000| Untracked 
|  39|0x0000000083300000, 0x0000000083300000, 0x0000000083400000|  0%| F|  |TAMS 0x0000000083300000, 0x0000000083300000| Untracked 
|  40|0x0000000083400000, 0x0000000083400000, 0x0000000083500000|  0%| F|  |TAMS 0x0000000083400000, 0x0000000083400000| Untracked 
|  41|0x0000000083500000, 0x0000000083500000, 0x0000000083600000|  0%| F|  |TAMS 0x0000000083500000, 0x0000000083500000| Untracked 
|  42|0x0000000083600000, 0x0000000083600000, 0x0000000083700000|  0%| F|  |TAMS 0x0000000083600000, 0x0000000083600000| Untracked 
|  43|0x0000000083700000, 0x0000000083700000, 0x0000000083800000|  0%| F|  |TAMS 0x0000000083700000, 0x0000000083700000| Untracked 
|  44|0x0000000083800000, 0x0000000083800000, 0x0000000083900000|  0%| F|  |TAMS 0x0000000083800000, 0x0000000083800000| Untracked 
|  45|0x0000000083900000, 0x0000000083900000, 0x0000000083a00000|  0%| F|  |TAMS 0x0000000083900000, 0x0000000083900000| Untracked 
|  46|0x0000000083a00000, 0x0000000083a00000, 0x0000000083b00000|  0%| F|  |TAMS 0x0000000083a00000, 0x0000000083a00000| Untracked 
|  47|0x0000000083b00000, 0x0000000083b00000, 0x0000000083c00000|  0%| F|  |TAMS 0x0000000083b00000, 0x0000000083b00000| Untracked 
|  48|0x0000000083c00000, 0x0000000083c00000, 0x0000000083d00000|  0%| F|  |TAMS 0x0000000083c00000, 0x0000000083c00000| Untracked 
|  49|0x0000000083d00000, 0x0000000083d00000, 0x0000000083e00000|  0%| F|  |TAMS 0x0000000083d00000, 0x0000000083d00000| Untracked 
|  50|0x0000000083e00000, 0x0000000083e00000, 0x0000000083f00000|  0%| F|  |TAMS 0x0000000083e00000, 0x0000000083e00000| Untracked 
|  51|0x0000000083f00000, 0x0000000083f00000, 0x0000000084000000|  0%| F|  |TAMS 0x0000000083f00000, 0x0000000083f00000| Untracked 
|  52|0x0000000084000000, 0x0000000084000000, 0x0000000084100000|  0%| F|  |TAMS 0x0000000084000000, 0x0000000084000000| Untracked 
|  53|0x0000000084100000, 0x0000000084100000, 0x0000000084200000|  0%| F|  |TAMS 0x0000000084100000, 0x0000000084100000| Untracked 
|  54|0x0000000084200000, 0x0000000084200000, 0x0000000084300000|  0%| F|  |TAMS 0x0000000084200000, 0x0000000084200000| Untracked 
|  55|0x0000000084300000, 0x0000000084300000, 0x0000000084400000|  0%| F|  |TAMS 0x0000000084300000, 0x0000000084300000| Untracked 
|  56|0x0000000084400000, 0x0000000084400000, 0x0000000084500000|  0%| F|  |TAMS 0x0000000084400000, 0x0000000084400000| Untracked 
|  57|0x0000000084500000, 0x0000000084500000, 0x0000000084600000|  0%| F|  |TAMS 0x0000000084500000, 0x0000000084500000| Untracked 
|  58|0x0000000084600000, 0x0000000084600000, 0x0000000084700000|  0%| F|  |TAMS 0x0000000084600000, 0x0000000084600000| Untracked 
|  59|0x0000000084700000, 0x0000000084700000, 0x0000000084800000|  0%| F|  |TAMS 0x0000000084700000, 0x0000000084700000| Untracked 
|  60|0x0000000084800000, 0x0000000084800000, 0x0000000084900000|  0%| F|  |TAMS 0x0000000084800000, 0x0000000084800000| Untracked 
|  61|0x0000000084900000, 0x0000000084900000, 0x0000000084a00000|  0%| F|  |TAMS 0x0000000084900000, 0x0000000084900000| Untracked 
|  62|0x0000000084a00000, 0x0000000084a00000, 0x0000000084b00000|  0%| F|  |TAMS 0x0000000084a00000, 0x0000000084a00000| Untracked 
|  63|0x0000000084b00000, 0x0000000084b00000, 0x0000000084c00000|  0%| F|  |TAMS 0x0000000084b00000, 0x0000000084b00000| Untracked 
|  64|0x0000000084c00000, 0x0000000084c00000, 0x0000000084d00000|  0%| F|  |TAMS 0x0000000084c00000, 0x0000000084c00000| Untracked 
|  65|0x0000000084d00000, 0x0000000084d00000, 0x0000000084e00000|  0%| F|  |TAMS 0x0000000084d00000, 0x0000000084d00000| Untracked 
|  66|0x0000000084e00000, 0x0000000084e00000, 0x0000000084f00000|  0%| F|  |TAMS 0x0000000084e00000, 0x0000000084e00000| Untracked 
|  67|0x0000000084f00000, 0x0000000084f00000, 0x0000000085000000|  0%| F|  |TAMS 0x0000000084f00000, 0x0000000084f00000| Untracked 
|  68|0x0000000085000000, 0x0000000085000000, 0x0000000085100000|  0%| F|  |TAMS 0x0000000085000000, 0x0000000085000000| Untracked 
|  69|0x0000000085100000, 0x0000000085100000, 0x0000000085200000|  0%| F|  |TAMS 0x0000000085100000, 0x0000000085100000| Untracked 
|  70|0x0000000085200000, 0x0000000085200000, 0x0000000085300000|  0%| F|  |TAMS 0x0000000085200000, 0x0000000085200000| Untracked 
|  71|0x0000000085300000, 0x0000000085300000, 0x0000000085400000|  0%| F|  |TAMS 0x0000000085300000, 0x0000000085300000| Untracked 
|  72|0x0000000085400000, 0x0000000085400000, 0x0000000085500000|  0%| F|  |TAMS 0x0000000085400000, 0x0000000085400000| Untracked 
|  73|0x0000000085500000, 0x0000000085500000, 0x0000000085600000|  0%| F|  |TAMS 0x0000000085500000, 0x0000000085500000| Untracked 
|  74|0x0000000085600000, 0x0000000085600000, 0x0000000085700000|  0%| F|  |TAMS 0x0000000085600000, 0x0000000085600000| Untracked 
|  75|0x0000000085700000, 0x0000000085700000, 0x0000000085800000|  0%| F|  |TAMS 0x0000000085700000, 0x0000000085700000| Untracked 
|  76|0x0000000085800000, 0x0000000085800000, 0x0000000085900000|  0%| F|  |TAMS 0x0000000085800000, 0x0000000085800000| Untracked 
|  77|0x0000000085900000, 0x0000000085900000, 0x0000000085a00000|  0%| F|  |TAMS 0x0000000085900000, 0x0000000085900000| Untracked 
|  78|0x0000000085a00000, 0x0000000085a00000, 0x0000000085b00000|  0%| F|  |TAMS 0x0000000085a00000, 0x0000000085a00000| Untracked 
|  79|0x0000000085b00000, 0x0000000085b00000, 0x0000000085c00000|  0%| F|  |TAMS 0x0000000085b00000, 0x0000000085b00000| Untracked 
|  80|0x0000000085c00000, 0x0000000085c00000, 0x0000000085d00000|  0%| F|  |TAMS 0x0000000085c00000, 0x0000000085c00000| Untracked 
|  81|0x0000000085d00000, 0x0000000085d00000, 0x0000000085e00000|  0%| F|  |TAMS 0x0000000085d00000, 0x0000000085d00000| Untracked 
|  82|0x0000000085e00000, 0x0000000085e00000, 0x0000000085f00000|  0%| F|  |TAMS 0x0000000085e00000, 0x0000000085e00000| Untracked 
|  83|0x0000000085f00000, 0x0000000085f00000, 0x0000000086000000|  0%| F|  |TAMS 0x0000000085f00000, 0x0000000085f00000| Untracked 
|  84|0x0000000086000000, 0x0000000086000000, 0x0000000086100000|  0%| F|  |TAMS 0x0000000086000000, 0x0000000086000000| Untracked 
|  85|0x0000000086100000, 0x0000000086100000, 0x0000000086200000|  0%| F|  |TAMS 0x0000000086100000, 0x0000000086100000| Untracked 
|  86|0x0000000086200000, 0x0000000086200000, 0x0000000086300000|  0%| F|  |TAMS 0x0000000086200000, 0x0000000086200000| Untracked 
|  87|0x0000000086300000, 0x0000000086300000, 0x0000000086400000|  0%| F|  |TAMS 0x0000000086300000, 0x0000000086300000| Untracked 
|  88|0x0000000086400000, 0x0000000086400000, 0x0000000086500000|  0%| F|  |TAMS 0x0000000086400000, 0x0000000086400000| Untracked 
|  89|0x0000000086500000, 0x0000000086500000, 0x0000000086600000|  0%| F|  |TAMS 0x0000000086500000, 0x0000000086500000| Untracked 
|  90|0x0000000086600000, 0x0000000086600000, 0x0000000086700000|  0%| F|  |TAMS 0x0000000086600000, 0x0000000086600000| Untracked 
|  91|0x0000000086700000, 0x0000000086700000, 0x0000000086800000|  0%| F|  |TAMS 0x0000000086700000, 0x0000000086700000| Untracked 
|  92|0x0000000086800000, 0x0000000086800000, 0x0000000086900000|  0%| F|  |TAMS 0x0000000086800000, 0x0000000086800000| Untracked 
|  93|0x0000000086900000, 0x0000000086900000, 0x0000000086a00000|  0%| F|  |TAMS 0x0000000086900000, 0x0000000086900000| Untracked 
|  94|0x0000000086a00000, 0x0000000086a00000, 0x0000000086b00000|  0%| F|  |TAMS 0x0000000086a00000, 0x0000000086a00000| Untracked 
|  95|0x0000000086b00000, 0x0000000086b00000, 0x0000000086c00000|  0%| F|  |TAMS 0x0000000086b00000, 0x0000000086b00000| Untracked 
|  96|0x0000000086c00000, 0x0000000086c00000, 0x0000000086d00000|  0%| F|  |TAMS 0x0000000086c00000, 0x0000000086c00000| Untracked 
|  97|0x0000000086d00000, 0x0000000086d00000, 0x0000000086e00000|  0%| F|  |TAMS 0x0000000086d00000, 0x0000000086d00000| Untracked 
|  98|0x0000000086e00000, 0x0000000086e00000, 0x0000000086f00000|  0%| F|  |TAMS 0x0000000086e00000, 0x0000000086e00000| Untracked 
|  99|0x0000000086f00000, 0x0000000086f00000, 0x0000000087000000|  0%| F|  |TAMS 0x0000000086f00000, 0x0000000086f00000| Untracked 
| 100|0x0000000087000000, 0x0000000087000000, 0x0000000087100000|  0%| F|  |TAMS 0x0000000087000000, 0x0000000087000000| Untracked 
| 101|0x0000000087100000, 0x0000000087100000, 0x0000000087200000|  0%| F|  |TAMS 0x0000000087100000, 0x0000000087100000| Untracked 
| 102|0x0000000087200000, 0x0000000087200000, 0x0000000087300000|  0%| F|  |TAMS 0x0000000087200000, 0x0000000087200000| Untracked 
| 103|0x0000000087300000, 0x0000000087300000, 0x0000000087400000|  0%| F|  |TAMS 0x0000000087300000, 0x0000000087300000| Untracked 
| 104|0x0000000087400000, 0x0000000087400000, 0x0000000087500000|  0%| F|  |TAMS 0x0000000087400000, 0x0000000087400000| Untracked 
| 105|0x0000000087500000, 0x0000000087500000, 0x0000000087600000|  0%| F|  |TAMS 0x0000000087500000, 0x0000000087500000| Untracked 
| 106|0x0000000087600000, 0x00000000876f22f8, 0x0000000087700000| 94%| E|  |TAMS 0x0000000087600000, 0x0000000087600000| Complete 
| 107|0x0000000087700000, 0x0000000087800000, 0x0000000087800000|100%| E|CS|TAMS 0x0000000087700000, 0x0000000087700000| Complete 
| 108|0x0000000087800000, 0x0000000087900000, 0x0000000087900000|100%| E|CS|TAMS 0x0000000087800000, 0x0000000087800000| Complete 
| 109|0x0000000087900000, 0x0000000087a00000, 0x0000000087a00000|100%| E|CS|TAMS 0x0000000087900000, 0x0000000087900000| Complete 
| 110|0x0000000087a00000, 0x0000000087b00000, 0x0000000087b00000|100%| E|CS|TAMS 0x0000000087a00000, 0x0000000087a00000| Complete 
| 111|0x0000000087b00000, 0x0000000087c00000, 0x0000000087c00000|100%| E|  |TAMS 0x0000000087b00000, 0x0000000087b00000| Complete 
| 112|0x0000000087c00000, 0x0000000087d00000, 0x0000000087d00000|100%| E|CS|TAMS 0x0000000087c00000, 0x0000000087c00000| Complete 
| 113|0x0000000087d00000, 0x0000000087e00000, 0x0000000087e00000|100%| E|CS|TAMS 0x0000000087d00000, 0x0000000087d00000| Complete 
| 114|0x0000000087e00000, 0x0000000087f00000, 0x0000000087f00000|100%| E|CS|TAMS 0x0000000087e00000, 0x0000000087e00000| Complete 
| 115|0x0000000087f00000, 0x0000000088000000, 0x0000000088000000|100%| E|CS|TAMS 0x0000000087f00000, 0x0000000087f00000| Complete 
| 116|0x0000000088000000, 0x0000000088100000, 0x0000000088100000|100%| E|CS|TAMS 0x0000000088000000, 0x0000000088000000| Complete 
| 117|0x0000000088100000, 0x0000000088200000, 0x0000000088200000|100%| E|CS|TAMS 0x0000000088100000, 0x0000000088100000| Complete 
| 118|0x0000000088200000, 0x0000000088300000, 0x0000000088300000|100%| E|CS|TAMS 0x0000000088200000, 0x0000000088200000| Complete 
| 119|0x0000000088300000, 0x0000000088400000, 0x0000000088400000|100%| E|CS|TAMS 0x0000000088300000, 0x0000000088300000| Complete 
| 120|0x0000000088400000, 0x0000000088500000, 0x0000000088500000|100%| E|CS|TAMS 0x0000000088400000, 0x0000000088400000| Complete 
| 121|0x0000000088500000, 0x0000000088600000, 0x0000000088600000|100%| E|CS|TAMS 0x0000000088500000, 0x0000000088500000| Complete 
| 122|0x0000000088600000, 0x0000000088700000, 0x0000000088700000|100%| E|CS|TAMS 0x0000000088600000, 0x0000000088600000| Complete 
| 123|0x0000000088700000, 0x0000000088800000, 0x0000000088800000|100%| E|CS|TAMS 0x0000000088700000, 0x0000000088700000| Complete 
| 124|0x0000000088800000, 0x0000000088900000, 0x0000000088900000|100%| E|CS|TAMS 0x0000000088800000, 0x0000000088800000| Complete 
| 125|0x0000000088900000, 0x0000000088a00000, 0x0000000088a00000|100%| E|CS|TAMS 0x0000000088900000, 0x0000000088900000| Complete 
| 126|0x0000000088a00000, 0x0000000088b00000, 0x0000000088b00000|100%| E|CS|TAMS 0x0000000088a00000, 0x0000000088a00000| Complete 
| 127|0x0000000088b00000, 0x0000000088c00000, 0x0000000088c00000|100%| E|CS|TAMS 0x0000000088b00000, 0x0000000088b00000| Complete 

Card table byte_map: [0x000002466ee90000,0x000002466f290000] _byte_map_base: 0x000002466ea8a000

Marking Bits (Prev, Next): (CMBitMap*) 0x0000024656dcbc30, (CMBitMap*) 0x0000024656dcbc70
 Prev Bits: [0x000002466f690000, 0x0000024671660000)
 Next Bits: [0x0000024671660000, 0x0000024673630000)

Polling page: 0x0000024656560000

Metaspace:

Usage:
  Non-class:      6.01 MB used.
      Class:    290.38 KB used.
       Both:      6.30 MB used.

Virtual space:
  Non-class space:       16.00 MB reserved,       6.13 MB ( 38%) committed,  2 nodes.
      Class space:        1.00 GB reserved,     384.00 KB ( <1%) committed,  1 nodes.
              Both:        1.02 GB reserved,       6.50 MB ( <1%) committed. 

Chunk freelists:
   Non-Class:  3.52 MB
       Class:  3.54 MB
        Both:  7.05 MB

MaxMetaspaceSize: 17179869184.00 GB
CompressedClassSpaceSize: 1.00 GB
 - commit_granule_bytes: 65536.
 - commit_granule_words: 8192.
 - virtual_space_node_default_size: 1048576.
 - enlarge_chunks_in_place: 1.
 - new_chunks_are_fully_committed: 0.
 - uncommit_free_chunks: 1.
 - use_allocation_guard: 0.
 - handle_deallocations: 1.


Internal statistics:

num_allocs_failed_limit: 0.
num_arena_births: 96.
num_arena_deaths: 0.
num_vsnodes_births: 3.
num_vsnodes_deaths: 0.
num_space_committed: 102.
num_space_uncommitted: 0.
num_chunks_returned_to_freelist: 0.
num_chunks_taken_from_freelist: 278.
num_chunk_merges: 0.
num_chunk_splits: 201.
num_chunks_enlarged: 160.
num_purges: 0.

CodeHeap 'non-profiled nmethods': size=120000Kb used=436Kb max_used=436Kb free=119563Kb
 bounds [0x0000024667220000, 0x0000024667490000, 0x000002466e750000]
CodeHeap 'profiled nmethods': size=120000Kb used=1658Kb max_used=1658Kb free=118342Kb
 bounds [0x000002465fcf0000, 0x000002465ff60000, 0x0000024667220000]
CodeHeap 'non-nmethods': size=5760Kb used=1643Kb max_used=1682Kb free=4116Kb
 bounds [0x000002465f750000, 0x000002465f9c0000, 0x000002465fcf0000]
 total_blobs=2053 nmethods=973 adapters=993
 compilation: enabled
              stopped_count=0, restarted_count=0
 full_count=0

Compilation events (20 events):
Event: 1.192 Thread 0x0000024676059f90  968   !   3       org.lwjgl.system.Struct::wrap (69 bytes)
Event: 1.193 Thread 0x0000024676050620 nmethod 967 0x0000024667281310 code [0x00000246672814a0, 0x0000024667281538]
Event: 1.193 Thread 0x0000024676059f90 nmethod 968 0x000002465fe88a10 code [0x000002465fe88c20, 0x000002465fe89408]
Event: 1.193 Thread 0x0000024676059f90  964       3       org.lwjgl.assimp.AIVector3D::nx (14 bytes)
Event: 1.193 Thread 0x0000024676059f90 nmethod 964 0x000002465fe89710 code [0x000002465fe898c0, 0x000002465fe89a98]
Event: 1.193 Thread 0x0000024676059f90  965       3       org.lwjgl.assimp.AIVector3D::y (8 bytes)
Event: 1.193 Thread 0x0000024676059f90 nmethod 965 0x000002465fe89b90 code [0x000002465fe89d40, 0x000002465fe89f28]
Event: 1.193 Thread 0x0000024676059f90  966       3       org.lwjgl.assimp.AIVector3D::ny (14 bytes)
Event: 1.193 Thread 0x0000024676059f90 nmethod 966 0x000002465fe8a010 code [0x000002465fe8a1c0, 0x000002465fe8a398]
Event: 1.282 Thread 0x000002467745e4b0 nmethod 864 0x0000024667281610 code [0x0000024667281be0, 0x0000024667288bb8]
Event: 1.312 Thread 0x0000024676059f90  969       3       java.nio.CharBuffer::array (35 bytes)
Event: 1.313 Thread 0x0000024676059f90 nmethod 969 0x000002465fe8a490 code [0x000002465fe8a660, 0x000002465fe8a938]
Event: 1.313 Thread 0x0000024676059f90  970       3       java.lang.invoke.DirectMethodHandle::internalMemberName (8 bytes)
Event: 1.313 Thread 0x0000024676059f90 nmethod 970 0x000002465fe8aa90 code [0x000002465fe8ac40, 0x000002465fe8ae38]
Event: 1.313 Thread 0x0000024676059f90  971       1       java.util.HashMap$Node::getKey (5 bytes)
Event: 1.313 Thread 0x0000024676059f90 nmethod 971 0x000002466728cc90 code [0x000002466728ce20, 0x000002466728cef8]
Event: 1.314 Thread 0x0000024676059f90  972       1       java.lang.AbstractStringBuilder::length (5 bytes)
Event: 1.315 Thread 0x0000024676059f90 nmethod 972 0x000002466728cf90 code [0x000002466728d120, 0x000002466728d1f8]
Event: 1.317 Thread 0x0000024676059f90  973   !   3       java.util.concurrent.ConcurrentHashMap::computeIfAbsent (576 bytes)
Event: 1.319 Thread 0x0000024676059f90 nmethod 973 0x000002465fe8af10 code [0x000002465fe8b340, 0x000002465fe8d778]

GC Heap History (0 events):
No events

Deoptimization events (20 events):
Event: 0.426 Thread 0x0000024656d85a50 Uncommon trap: trap_request=0xffffffde fr.pc=0x000002466724abec relative=0x000000000000038c
Event: 0.426 Thread 0x0000024656d85a50 Uncommon trap: reason=class_check action=maybe_recompile pc=0x000002466724abec method=java.util.HashMap.getNode(Ljava/lang/Object;)Ljava/util/HashMap$Node; @ 63 c2
Event: 0.426 Thread 0x0000024656d85a50 DEOPT PACKING pc=0x000002466724abec sp=0x000000d9bd7fdb10
Event: 0.426 Thread 0x0000024656d85a50 DEOPT UNPACKING pc=0x000002465f79d72e sp=0x000000d9bd7fda28 mode 2
Event: 0.803 Thread 0x0000024656d85a50 Uncommon trap: trap_request=0xffffff54 fr.pc=0x0000024667265680 relative=0x0000000000000060
Event: 0.803 Thread 0x0000024656d85a50 Uncommon trap: reason=speculate_null_assert action=make_not_entrant pc=0x0000024667265680 method=sun.misc.Unsafe.putLong(Ljava/lang/Object;JJ)V @ 7 c2
Event: 0.803 Thread 0x0000024656d85a50 DEOPT PACKING pc=0x0000024667265680 sp=0x000000d9bd7feb20
Event: 0.803 Thread 0x0000024656d85a50 DEOPT UNPACKING pc=0x000002465f79d72e sp=0x000000d9bd7fea98 mode 2
Event: 0.813 Thread 0x0000024656d85a50 Uncommon trap: trap_request=0xffffff54 fr.pc=0x0000024667266c7c relative=0x000000000000005c
Event: 0.813 Thread 0x0000024656d85a50 Uncommon trap: reason=speculate_null_assert action=make_not_entrant pc=0x0000024667266c7c method=sun.misc.Unsafe.getLong(Ljava/lang/Object;J)J @ 5 c2
Event: 0.813 Thread 0x0000024656d85a50 DEOPT PACKING pc=0x0000024667266c7c sp=0x000000d9bd7fec80
Event: 0.813 Thread 0x0000024656d85a50 DEOPT UNPACKING pc=0x000002465f79d72e sp=0x000000d9bd7fec08 mode 2
Event: 0.930 Thread 0x0000024656d85a50 Uncommon trap: trap_request=0xffffff45 fr.pc=0x0000024667241cdc relative=0x000000000000033c
Event: 0.930 Thread 0x0000024656d85a50 Uncommon trap: reason=unstable_if action=reinterpret pc=0x0000024667241cdc method=java.lang.StringLatin1.newString([BII)Ljava/lang/String; @ 1 c2
Event: 0.930 Thread 0x0000024656d85a50 DEOPT PACKING pc=0x0000024667241cdc sp=0x000000d9bd7fd120
Event: 0.930 Thread 0x0000024656d85a50 DEOPT UNPACKING pc=0x000002465f79d72e sp=0x000000d9bd7fd100 mode 2
Event: 1.038 Thread 0x0000024656d85a50 Uncommon trap: trap_request=0xffffff45 fr.pc=0x0000024667252bd8 relative=0x0000000000000418
Event: 1.038 Thread 0x0000024656d85a50 Uncommon trap: reason=unstable_if action=reinterpret pc=0x0000024667252bd8 method=java.lang.StringLatin1.newString([BII)Ljava/lang/String; @ 1 c2
Event: 1.038 Thread 0x0000024656d85a50 DEOPT PACKING pc=0x0000024667252bd8 sp=0x000000d9bd7feaa0
Event: 1.038 Thread 0x0000024656d85a50 DEOPT UNPACKING pc=0x000002465f79d72e sp=0x000000d9bd7fea00 mode 2

Classes unloaded (0 events):
No events

Classes redefined (0 events):
No events

Internal exceptions (20 events):
Event: 0.373 Thread 0x0000024656d85a50 Exception <a 'java/lang/NoSuchMethodError'{0x00000000882dae10}: 'int java.lang.invoke.DirectMethodHandle$Holder.invokeStaticInit(java.lang.Object, java.lang.Object, long, long)'> (0x00000000882dae10) 
thrown [c:\wsjdk\correttojdksrc\installers\windows\zip\corretto-build\buildroot\src\hotspot\share\interpreter\linkResolver.cpp, line 790]
Event: 0.374 Thread 0x0000024656d85a50 Exception <a 'java/lang/NoSuchMethodError'{0x00000000882e11b8}: 'java.lang.Object java.lang.invoke.DirectMethodHandle$Holder.newInvokeSpecial(java.lang.Object, java.lang.Object, long)'> (0x00000000882e11b8) 
thrown [c:\wsjdk\correttojdksrc\installers\windows\zip\corretto-build\buildroot\src\hotspot\share\interpreter\linkResolver.cpp, line 790]
Event: 0.375 Thread 0x0000024656d85a50 Exception <a 'java/lang/NoSuchMethodError'{0x00000000882e5310}: 'java.lang.Object java.lang.invoke.Invokers$Holder.linkToTargetMethod(java.lang.Object, long, java.lang.Object)'> (0x00000000882e5310) 
thrown [c:\wsjdk\correttojdksrc\installers\windows\zip\corretto-build\buildroot\src\hotspot\share\interpreter\linkResolver.cpp, line 790]
Event: 0.376 Thread 0x0000024656d85a50 Exception <a 'java/lang/NoSuchMethodError'{0x00000000882ed018}: 'int java.lang.invoke.DirectMethodHandle$Holder.invokeStaticInit(java.lang.Object, java.lang.Object, java.lang.Object, long)'> (0x00000000882ed018) 
thrown [c:\wsjdk\correttojdksrc\installers\windows\zip\corretto-build\buildroot\src\hotspot\share\interpreter\linkResolver.cpp, line 790]
Event: 0.404 Thread 0x0000024656d85a50 Exception <a 'sun/nio/fs/WindowsException'{0x00000000880232d0}> (0x00000000880232d0) 
thrown [c:\wsjdk\correttojdksrc\installers\windows\zip\corretto-build\buildroot\src\hotspot\share\prims\jni.cpp, line 579]
Event: 0.404 Thread 0x0000024656d85a50 Exception <a 'sun/nio/fs/WindowsException'{0x0000000088023680}> (0x0000000088023680) 
thrown [c:\wsjdk\correttojdksrc\installers\windows\zip\corretto-build\buildroot\src\hotspot\share\prims\jni.cpp, line 579]
Event: 0.430 Thread 0x0000024656d85a50 Exception <a 'sun/nio/fs/WindowsException'{0x0000000087f15e70}> (0x0000000087f15e70) 
thrown [c:\wsjdk\correttojdksrc\installers\windows\zip\corretto-build\buildroot\src\hotspot\share\prims\jni.cpp, line 579]
Event: 0.430 Thread 0x0000024656d85a50 Exception <a 'sun/nio/fs/WindowsException'{0x0000000087f161f0}> (0x0000000087f161f0) 
thrown [c:\wsjdk\correttojdksrc\installers\windows\zip\corretto-build\buildroot\src\hotspot\share\prims\jni.cpp, line 579]
Event: 0.751 Thread 0x0000024656d85a50 Exception <a 'java/lang/NoSuchMethodError'{0x0000000087f77f98}: 'void java.lang.invoke.DirectMethodHandle$Holder.invokeStaticInit(java.lang.Object, long, int, int, int)'> (0x0000000087f77f98) 
thrown [c:\wsjdk\correttojdksrc\installers\windows\zip\corretto-build\buildroot\src\hotspot\share\interpreter\linkResolver.cpp, line 790]
Event: 0.753 Thread 0x0000024656d85a50 Exception <a 'java/lang/NoSuchMethodError'{0x0000000087f8b438}: 'void java.lang.invoke.DirectMethodHandle$Holder.invokeStaticInit(java.lang.Object, long, double, double)'> (0x0000000087f8b438) 
thrown [c:\wsjdk\correttojdksrc\installers\windows\zip\corretto-build\buildroot\src\hotspot\share\interpreter\linkResolver.cpp, line 790]
Event: 0.758 Thread 0x0000024656d85a50 Exception <a 'java/lang/NoSuchMethodError'{0x0000000087faa7a8}: 'void java.lang.invoke.DirectMethodHandle$Holder.invokeStaticInit(java.lang.Object, long, int, int, int, int)'> (0x0000000087faa7a8) 
thrown [c:\wsjdk\correttojdksrc\installers\windows\zip\corretto-build\buildroot\src\hotspot\share\interpreter\linkResolver.cpp, line 790]
Event: 0.760 Thread 0x0000024656d85a50 Exception <a 'java/lang/NoSuchMethodError'{0x0000000087fba2d0}: 'void java.lang.invoke.DirectMethodHandle$Holder.invokeStatic(java.lang.Object, long, int, int)'> (0x0000000087fba2d0) 
thrown [c:\wsjdk\correttojdksrc\installers\windows\zip\corretto-build\buildroot\src\hotspot\share\interpreter\linkResolver.cpp, line 790]
Event: 0.795 Thread 0x0000024656d85a50 Exception <a 'sun/nio/fs/WindowsException'{0x0000000087e09938}> (0x0000000087e09938) 
thrown [c:\wsjdk\correttojdksrc\installers\windows\zip\corretto-build\buildroot\src\hotspot\share\prims\jni.cpp, line 579]
Event: 0.795 Thread 0x0000024656d85a50 Exception <a 'sun/nio/fs/WindowsException'{0x0000000087e09cf8}> (0x0000000087e09cf8) 
thrown [c:\wsjdk\correttojdksrc\installers\windows\zip\corretto-build\buildroot\src\hotspot\share\prims\jni.cpp, line 579]
Event: 0.800 Thread 0x0000024656d85a50 Exception <a 'sun/nio/fs/WindowsException'{0x0000000087e23c08}> (0x0000000087e23c08) 
thrown [c:\wsjdk\correttojdksrc\installers\windows\zip\corretto-build\buildroot\src\hotspot\share\prims\jni.cpp, line 579]
Event: 0.800 Thread 0x0000024656d85a50 Exception <a 'sun/nio/fs/WindowsException'{0x0000000087e23f00}> (0x0000000087e23f00) 
thrown [c:\wsjdk\correttojdksrc\installers\windows\zip\corretto-build\buildroot\src\hotspot\share\prims\jni.cpp, line 579]
Event: 1.128 Thread 0x0000024656d85a50 Exception <a 'sun/nio/fs/WindowsException'{0x00000000877820c0}> (0x00000000877820c0) 
thrown [c:\wsjdk\correttojdksrc\installers\windows\zip\corretto-build\buildroot\src\hotspot\share\prims\jni.cpp, line 579]
Event: 1.128 Thread 0x0000024656d85a50 Exception <a 'sun/nio/fs/WindowsException'{0x0000000087782450}> (0x0000000087782450) 
thrown [c:\wsjdk\correttojdksrc\installers\windows\zip\corretto-build\buildroot\src\hotspot\share\prims\jni.cpp, line 579]
Event: 1.162 Thread 0x0000024656d85a50 Exception <a 'sun/nio/fs/WindowsException'{0x00000000876322a8}> (0x00000000876322a8) 
thrown [c:\wsjdk\correttojdksrc\installers\windows\zip\corretto-build\buildroot\src\hotspot\share\prims\jni.cpp, line 579]
Event: 1.162 Thread 0x0000024656d85a50 Exception <a 'sun/nio/fs/WindowsException'{0x0000000087632638}> (0x0000000087632638) 
thrown [c:\wsjdk\correttojdksrc\installers\windows\zip\corretto-build\buildroot\src\hotspot\share\prims\jni.cpp, line 579]

Events (20 events):
Event: 1.023 Thread 0x000002467745e4b0 Thread added: 0x000002467745e4b0
Event: 1.032 loading class java/lang/NumberFormatException
Event: 1.032 loading class java/lang/NumberFormatException done
Event: 1.032 Executing  VM operation: HandshakeAllThreads
Event: 1.032 Executing  VM operation: HandshakeAllThreads done
Event: 1.032 Executing  VM operation: Cleanup
Event: 1.032 Executing  VM operation: Cleanup done
Event: 1.036 loading class sun/net/ProgressMonitor
Event: 1.036 loading class sun/net/ProgressMonitor done
Event: 1.036 loading class sun/net/DefaultProgressMeteringPolicy
Event: 1.036 loading class sun/net/ProgressMeteringPolicy
Event: 1.036 loading class sun/net/ProgressMeteringPolicy done
Event: 1.036 loading class sun/net/DefaultProgressMeteringPolicy done
Event: 1.038 loading class java/util/regex/Pattern$BnM
Event: 1.038 loading class java/util/regex/Pattern$BnM done
Event: 1.038 loading class java/util/regex/Pattern$SliceS
Event: 1.038 loading class java/util/regex/Pattern$SliceS done
Event: 1.041 Thread 0x00000246784a0310 Thread added: 0x00000246784a0310
Event: 1.164 Loaded shared library C:\Users\Michael\AppData\Local\Temp\lwjglMichael\3.3.1-build-7\lwjgl_stb.dll
Event: 1.313 Thread 0x00000246784a0310 Thread exited: 0x00000246784a0310


Dynamic libraries:
0x00007ff727dd0000 - 0x00007ff727ddd000 	C:\Users\Michael\.jdks\corretto-16.0.2\bin\java.exe
0x00007fffaa750000 - 0x00007fffaa945000 	C:\Windows\SYSTEM32\ntdll.dll
0x00007fffaa4f0000 - 0x00007fffaa5ae000 	C:\Windows\System32\KERNEL32.DLL
0x00007fffa7fc0000 - 0x00007fffa8288000 	C:\Windows\System32\KERNELBASE.dll
0x00007fffa84c0000 - 0x00007fffa85c0000 	C:\Windows\System32\ucrtbase.dll
0x00007fff94310000 - 0x00007fff94328000 	C:\Users\Michael\.jdks\corretto-16.0.2\bin\jli.dll
0x00007fff7e3d0000 - 0x00007fff7e3e5000 	C:\Users\Michael\.jdks\corretto-16.0.2\bin\VCRUNTIME140.dll
0x00007fffa9800000 - 0x00007fffa99a1000 	C:\Windows\System32\USER32.dll
0x00007fff92d10000 - 0x00007fff92faa000 	C:\Windows\WinSxS\amd64_microsoft.windows.common-controls_6595b64144ccf1df_6.0.19041.1110_none_60b5254171f9507e\COMCTL32.dll
0x00007fffa85c0000 - 0x00007fffa85e2000 	C:\Windows\System32\win32u.dll
0x00007fffaa410000 - 0x00007fffaa43b000 	C:\Windows\System32\GDI32.dll
0x00007fffaa610000 - 0x00007fffaa6ae000 	C:\Windows\System32\msvcrt.dll
0x00007fffa8680000 - 0x00007fffa878d000 	C:\Windows\System32\gdi32full.dll
0x00007fffa8420000 - 0x00007fffa84bd000 	C:\Windows\System32\msvcp_win.dll
0x00007fffa9e20000 - 0x00007fffa9e50000 	C:\Windows\System32\IMM32.DLL
0x00007fff5c3d0000 - 0x00007fff5c46b000 	C:\Users\Michael\.jdks\corretto-16.0.2\bin\msvcp140.dll
0x00007fff4c500000 - 0x00007fff4d109000 	C:\Users\Michael\.jdks\corretto-16.0.2\bin\server\jvm.dll
0x00007fffa8ec0000 - 0x00007fffa8f6e000 	C:\Windows\System32\ADVAPI32.dll
0x00007fffa99b0000 - 0x00007fffa9a4c000 	C:\Windows\System32\sechost.dll
0x00007fffa9c60000 - 0x00007fffa9d85000 	C:\Windows\System32\RPCRT4.dll
0x00007fffa8df0000 - 0x00007fffa8df8000 	C:\Windows\System32\PSAPI.DLL
0x00007fff9e170000 - 0x00007fff9e179000 	C:\Windows\SYSTEM32\WSOCK32.dll
0x00007fff97cd0000 - 0x00007fff97cf7000 	C:\Windows\SYSTEM32\WINMM.dll
0x00007fff9fe80000 - 0x00007fff9fe8a000 	C:\Windows\SYSTEM32\VERSION.dll
0x00007fffa9db0000 - 0x00007fffa9e1b000 	C:\Windows\System32\WS2_32.dll
0x00007fffa5d30000 - 0x00007fffa5d42000 	C:\Windows\SYSTEM32\kernel.appcore.dll
0x00007fff9b2e0000 - 0x00007fff9b2ea000 	C:\Users\Michael\.jdks\corretto-16.0.2\bin\jimage.dll
0x00007fff94b90000 - 0x00007fff94d74000 	C:\Windows\SYSTEM32\DBGHELP.DLL
0x00007fff8c260000 - 0x00007fff8c28c000 	C:\Windows\SYSTEM32\dbgcore.DLL
0x00007fffa8390000 - 0x00007fffa8412000 	C:\Windows\System32\bcryptPrimitives.dll
0x00007fff7e3a0000 - 0x00007fff7e3c5000 	C:\Users\Michael\.jdks\corretto-16.0.2\bin\java.dll
0x00007fffa90b0000 - 0x00007fffa97f4000 	C:\Windows\System32\SHELL32.dll
0x00007fffa5f30000 - 0x00007fffa66c5000 	C:\Windows\SYSTEM32\windows.storage.dll
0x00007fffa88b0000 - 0x00007fffa8c05000 	C:\Windows\System32\combase.dll
0x00007fffa7700000 - 0x00007fffa772e000 	C:\Windows\SYSTEM32\Wldp.dll
0x00007fffaa440000 - 0x00007fffaa4ed000 	C:\Windows\System32\SHCORE.dll
0x00007fffaa5b0000 - 0x00007fffaa605000 	C:\Windows\System32\shlwapi.dll
0x00007fffa7da0000 - 0x00007fffa7dbf000 	C:\Windows\SYSTEM32\profapi.dll
0x00007fff79140000 - 0x00007fff79159000 	C:\Users\Michael\.jdks\corretto-16.0.2\bin\net.dll
0x00007fffa1bc0000 - 0x00007fffa1ccc000 	C:\Windows\SYSTEM32\WINHTTP.dll
0x00007fffa74e0000 - 0x00007fffa754a000 	C:\Windows\system32\mswsock.dll
0x00007fff79120000 - 0x00007fff79133000 	C:\Users\Michael\.jdks\corretto-16.0.2\bin\nio.dll
0x00007fff79100000 - 0x00007fff79118000 	C:\Users\Michael\.jdks\corretto-16.0.2\bin\zip.dll
0x00007fff9afe0000 - 0x00007fff9b055000 	C:\Users\Michael\AppData\Local\Temp\lwjglMichael\3.3.1-build-7\lwjgl.dll
0x00007fff4bbc0000 - 0x00007fff4be19000 	C:\Users\Michael\AppData\Local\Temp\lwjglMichael\3.3.1-build-7\jemalloc.dll
0x00007fff9af70000 - 0x00007fff9afd1000 	C:\Users\Michael\AppData\Local\Temp\lwjglMichael\3.3.1-build-7\glfw.dll
0x00007fff9af20000 - 0x00007fff9af65000 	C:\Windows\SYSTEM32\dinput8.dll
0x00007fff82970000 - 0x00007fff82981000 	C:\Windows\SYSTEM32\xinput1_4.dll
0x00007fffa8290000 - 0x00007fffa82de000 	C:\Windows\System32\cfgmgr32.dll
0x00007fffa7b30000 - 0x00007fffa7b64000 	C:\Windows\SYSTEM32\DEVOBJ.dll
0x00007fffa5a40000 - 0x00007fffa5a6f000 	C:\Windows\SYSTEM32\dwmapi.dll
0x00007fff94330000 - 0x00007fff94482000 	C:\Windows\SYSTEM32\inputhost.dll
0x00007fffa8d20000 - 0x00007fffa8ded000 	C:\Windows\System32\OLEAUT32.dll
0x00007fffa5430000 - 0x00007fffa5522000 	C:\Windows\SYSTEM32\CoreMessaging.dll
0x00007fffa4b10000 - 0x00007fffa4c64000 	C:\Windows\SYSTEM32\wintypes.dll
0x00007fffa1e40000 - 0x00007fffa1f36000 	C:\Windows\SYSTEM32\PROPSYS.dll
0x00007fffa4ff0000 - 0x00007fffa534e000 	C:\Windows\SYSTEM32\CoreUIComponents.dll
0x00007fffa6b10000 - 0x00007fffa6b43000 	C:\Windows\SYSTEM32\ntmarta.dll
0x00007fffa5800000 - 0x00007fffa589e000 	C:\Windows\system32\uxtheme.dll
0x00007fffa8790000 - 0x00007fffa88a5000 	C:\Windows\System32\MSCTF.dll
0x00007fff5ade0000 - 0x00007fff5af05000 	C:\Windows\SYSTEM32\opengl32.dll
0x00007fff6d1f0000 - 0x00007fff6d21c000 	C:\Windows\SYSTEM32\GLU32.dll
0x00007fffa8e00000 - 0x00007fffa8ea9000 	C:\Windows\System32\clbcatq.dll
0x00007fff47600000 - 0x00007fff4a628000 	C:\Windows\System32\DriverStore\FileRepository\nv_dispig.inf_amd64_4d7400884d0d52e3\nvoglv64.dll
0x00007fffa9e50000 - 0x00007fffaa2c2000 	C:\Windows\System32\SETUPAPI.dll
0x00007fffa85f0000 - 0x00007fffa8617000 	C:\Windows\System32\bcrypt.dll
0x00007fffa8f80000 - 0x00007fffa90aa000 	C:\Windows\System32\ole32.dll
0x00007fffa3070000 - 0x00007fffa3084000 	C:\Windows\SYSTEM32\WTSAPI32.dll
0x00007fffa7670000 - 0x00007fffa767c000 	C:\Windows\SYSTEM32\CRYPTBASE.DLL
0x00007fffa7970000 - 0x00007fffa7982000 	C:\Windows\SYSTEM32\msasn1.dll
0x00007fff9fe40000 - 0x00007fff9fe71000 	C:\Windows\SYSTEM32\cryptnet.dll
0x00007fffa7e60000 - 0x00007fffa7fb6000 	C:\Windows\System32\CRYPT32.dll
0x00007fffa1390000 - 0x00007fffa14da000 	C:\Windows\SYSTEM32\drvstore.dll
0x00007fffa8620000 - 0x00007fffa8680000 	C:\Windows\System32\WINTRUST.dll
0x00007fffa3350000 - 0x00007fffa338b000 	C:\Windows\SYSTEM32\dxcore.dll
0x00007fff51930000 - 0x00007fff51bf7000 	C:\Windows\system32\nvspcap64.dll
0x00007fffa7cd0000 - 0x00007fffa7d1b000 	C:\Windows\SYSTEM32\powrprof.dll
0x00007fffa7cb0000 - 0x00007fffa7cc2000 	C:\Windows\SYSTEM32\UMPDC.dll
0x00007fffa7ba0000 - 0x00007fffa7bfa000 	C:\Windows\SYSTEM32\WINSTA.dll
0x00007fff93dd0000 - 0x00007fff93ec9000 	C:\Windows\SYSTEM32\textinputframework.dll
0x00007fffa3c10000 - 0x00007fffa3c76000 	C:\Windows\system32\Oleacc.dll
0x00007fff9aec0000 - 0x00007fff9af1d000 	C:\Users\Michael\AppData\Local\Temp\lwjglMichael\3.3.1-build-7\lwjgl_opengl.dll
0x00007fffa3220000 - 0x00007fffa3230000 	C:\Users\Michael\.jdks\corretto-16.0.2\bin\verify.dll
0x00007fff47050000 - 0x00007fff475f9000 	C:\Users\Michael\AppData\Local\Temp\lwjglMichael\3.3.1-build-7\assimp.dll
0x00007fff974a0000 - 0x00007fff97521000 	C:\Users\Michael\AppData\Local\Temp\lwjglMichael\3.3.1-build-7\lwjgl_stb.dll

dbghelp: loaded successfully - version: 4.0.5 - missing functions: none
symbol engine: initialized successfully - sym options: 0x614 - pdb path: .;C:\Users\Michael\.jdks\corretto-16.0.2\bin;C:\Windows\SYSTEM32;C:\Windows\WinSxS\amd64_microsoft.windows.common-controls_6595b64144ccf1df_6.0.19041.1110_none_60b5254171f9507e;C:\Users\Michael\.jdks\corretto-16.0.2\bin\server;C:\Users\Michael\AppData\Local\Temp\lwjglMichael\3.3.1-build-7;C:\Windows\System32\DriverStore\FileRepository\nv_dispig.inf_amd64_4d7400884d0d52e3

VM Arguments:
jvm_args: -Dfile.encoding=windows-1252 -Duser.country=US -Duser.language=en -Duser.variant 
java_command: app.Main
java_class_path (initial): D:\Michael\Documents\x16\build\classes\java\main;D:\Michael\Documents\x16\build\resources\main;C:\Users\Michael\.gradle\caches\modules-2\files-2.1\org.lwjgl\lwjgl-assimp\3.3.1\312072f451794f25670aebb0160ce6ec88aff842\lwjgl-assimp-3.3.1.jar;C:\Users\Michael\.gradle\caches\modules-2\files-2.1\org.lwjgl\lwjgl-assimp\3.3.1\bfa2a0d57acbf952b716d0ad8a3acbd7ad9f5639\lwjgl-assimp-3.3.1-natives-windows.jar;C:\Users\Michael\.gradle\caches\modules-2\files-2.1\org.lwjgl\lwjgl-bgfx\3.3.1\4243b7d255d885980f10c36edfb678729493685e\lwjgl-bgfx-3.3.1.jar;C:\Users\Michael\.gradle\caches\modules-2\files-2.1\org.lwjgl\lwjgl-bgfx\3.3.1\12f22e13c99db9153124dbc17b84fe0233c6f3d5\lwjgl-bgfx-3.3.1-natives-windows.jar;C:\Users\Michael\.gradle\caches\modules-2\files-2.1\org.lwjgl\lwjgl-cuda\3.3.1\8b67bd7760450f890eade8f74bfaf0dca10821fe\lwjgl-cuda-3.3.1.jar;C:\Users\Michael\.gradle\caches\modules-2\files-2.1\org.lwjgl\lwjgl-egl\3.3.1\8399e6734ad7d97d2e1f865b2c6c5232d5126dca\lwjgl-egl-3.3.1.jar;C:\Users\Michael\.gradle\caches\modules-2\files-2.1\org.lwjgl\lwjgl-glfw\3.3.1\cbac1b8d30cb4795149c1ef540f912671a8616d0\lwjgl-glfw-3.3.1.jar;C:\Users\Michael\.gradle\caches\modules-2\files-2.1\org.lwjgl\lwjgl-glfw\3.3.1\ed892f945cf7e79c8756796f32d00fa4ceaf573b\lwjgl-glfw-3.3.1-natives-windows.jar;C:\Users\Michael\.gradle\caches\modules-2\files-2.1\org.lwjgl\lwjgl-jawt\3.3.1\30330b16b809655d42f4951ece57f425cce43ce2\lwjgl-jawt-3.3.1.jar;C:\Users\Michael\.gradle\caches\modules-2\files-2.1\org.lwjgl\lwjgl-jemalloc\3.3.1\a817bcf213db49f710603677457567c37d53e103\lwjgl-jemalloc-3.3.1.jar;C:\Users\Michael\.gradle\caches\modules-2\files-2.1\org.lwjgl\lwjgl-jemalloc\3.3.1\948a89b76a16aa324b046ae9308891216ffce5f9\lwjgl-jemalloc-3.3.1-natives-windows.jar;C:\Users\Michael\.gradle\caches\modules-2\files-2.1\org.lwjgl\lwjgl-libdivide\3.3.1\ed21d21e4f3d508908ef1a23d885e73983f244ea\lwjgl-libdivide-3.3.1.jar;C:\Users\Michael\.gradle\caches\modules-2\files-2.1\org.lwjgl\lwjgl-libdivide\3.3.1\7c53
Launcher Type: SUN_STANDARD

[Global flags]
     intx CICompilerCount                          = 4                                         {product} {ergonomic}
     uint ConcGCThreads                            = 2                                         {product} {ergonomic}
     uint G1ConcRefinementThreads                  = 8                                         {product} {ergonomic}
   size_t G1HeapRegionSize                         = 1048576                                   {product} {ergonomic}
    uintx GCDrainStackTargetSize                   = 64                                        {product} {ergonomic}
   size_t InitialHeapSize                          = 134217728                                 {product} {ergonomic}
   size_t MarkStackSize                            = 4194304                                   {product} {ergonomic}
   size_t MaxHeapSize                              = 2134900736                                {product} {ergonomic}
   size_t MaxNewSize                               = 1280311296                                {product} {ergonomic}
   size_t MinHeapDeltaBytes                        = 1048576                                   {product} {ergonomic}
   size_t MinHeapSize                              = 8388608                                   {product} {ergonomic}
    uintx NonNMethodCodeHeapSize                   = 5839372                                {pd product} {ergonomic}
    uintx NonProfiledCodeHeapSize                  = 122909434                              {pd product} {ergonomic}
    uintx ProfiledCodeHeapSize                     = 122909434                              {pd product} {ergonomic}
    uintx ReservedCodeCacheSize                    = 251658240                              {pd product} {ergonomic}
     bool SegmentedCodeCache                       = true                                      {product} {ergonomic}
   size_t SoftMaxHeapSize                          = 2134900736                             {manageable} {ergonomic}
     bool UseCompressedClassPointers               = true                           {product lp64_product} {ergonomic}
     bool UseCompressedOops                        = true                           {product lp64_product} {ergonomic}
     bool UseG1GC                                  = true                                      {product} {ergonomic}
     bool UseLargePagesIndividualAllocation        = false                                  {pd product} {ergonomic}

Logging:
Log output configuration:
 #0: stdout all=warning uptime,level,tags
 #1: stderr all=off uptime,level,tags

Environment Variables:
PATH=C:\Program Files\Common Files\Oracle\Java\javapath;C:\VulkanSDK\1.3.211.0\Bin;C:\Program Files\Microsoft\jdk-11.0.12.7-hotspot\bin;C:\Program Files (x86)\Common Files\Oracle\Java\javapath;C:\Program Files\Oculus\Support\oculus-runtime;C:\Program Files (x86)\VMware\VMware Player\bin\;C:\Program Files (x86)\Intel\iCLS Client\;C:\Program Files\Intel\iCLS Client\;C:\Windows\system32;C:\Windows;C:\Windows\System32\Wbem;C:\Windows\System32\WindowsPowerShell\v1.0\;C:\Windows\System32\OpenSSH\;C:\Program Files (x86)\NVIDIA Corporation\PhysX\Common;C:\Program Files (x86)\Intel\Intel(R) Management Engine Components\DAL;C:\Program Files\Intel\Intel(R) Management Engine Components\DAL;C:\Program Files (x86)\Intel\Intel(R) Management Engine Components\IPT;C:\Program Files\Intel\Intel(R) Management Engine Components\IPT;C:\Program Files\Git\cmd;C:\Program Files\nodejs\;C:\Program Files\dotnet\;C:\Program Files\Docker\Docker\resources\bin;C:\ProgramData\DockerDesktop\version-bin;C:\Program Files\NVIDIA Corporation\NVIDIA NvDLISR;C:\Users\Michael\AppData\Local\Microsoft\WindowsApps;C:\Users\Michael\AppData\Local\GitHubDesktop\bin;C:\Users\Michael\AppData\Local\Programs\oh-my-posh\bin;C:\Users\Michael\AppData\Local\Programs\oh-my-posh\themes;C:\Users\Michael\AppData\Local\Programs\Microsoft VS Code\bin;C:\Users\Michael\AppData\Roaming\npm;C:\Users\Michael\.dotnet\tools
USERNAME=Michael
OS=Windows_NT
PROCESSOR_IDENTIFIER=Intel64 Family 6 Model 58 Stepping 9, GenuineIntel



---------------  S Y S T E M  ---------------

OS:
 Windows 10 , 64 bit Build 19041 (10.0.19041.1466)
OS uptime: 1 days 1:54 hours
Hyper-V role detected

CPU: total 8 (initial active 8) (4 cores per cpu, 2 threads per core) family 6 model 58 stepping 9 microcode 0x21, cx8, cmov, fxsr, ht, mmx, sse, sse2, sse3, ssse3, sse4.1, sse4.2, popcnt, tsc, tscinvbit, avx, aes, erms, clmul, vzeroupper, clflush, hv

Memory: 4k page, system-wide physical 8141M (1116M free)
TotalPageFile size 16282M (AvailPageFile size 2615M)
current process WorkingSet (physical memory assigned to process): 155M, peak: 167M
current process commit charge ("private bytes"): 362M, peak: 362M

vm_info: OpenJDK 64-Bit Server VM (16.0.2+7) for windows-amd64 JRE (16.0.2+7), built on Jul 22 2021 01:11:46 by "Administrator" with MS VC++ 15.9 (VS2017)

END.
