#
# A fatal error has been detected by the Java Runtime Environment:
#
#  EXCEPTION_ACCESS_VIOLATION (0xc0000005) at pc=0x00007ff9551ccbcc, pid=20612, tid=8148
#
# JRE version: OpenJDK Runtime Environment Corretto-16.0.2.7.1 (16.0.2+7) (build 16.0.2+7)
# Java VM: OpenJDK 64-Bit Server VM Corretto-16.0.2.7.1 (16.0.2+7, mixed mode, sharing, tiered, compressed oops, compressed class ptrs, g1 gc, windows-amd64)
# Problematic frame:
# C  [ig9icd64.dll+0x6cbcc]
#
# No core dump will be written. Minidumps are not enabled by default on client versions of Windows
#
# If you would like to submit a bug report, please visit:
#   https://github.com/corretto/corretto-jdk/issues/
# The crash happened outside the Java Virtual Machine in native code.
# See problematic frame for where to report the bug.
#

---------------  S U M M A R Y ------------

Command Line: -Dfile.encoding=windows-1252 -Duser.country=US -Duser.language=en -Duser.variant app.Main

Host: Intel(R) Core(TM) i7-8565U CPU @ 1.80GHz, 8 cores, 15G,  Windows 10 , 64 bit Build 19041 (10.0.19041.1023)
Time: Wed May 18 16:03:01 2022 Central Daylight Time elapsed time: 1.759686 seconds (0d 0h 0m 1s)

---------------  T H R E A D  ---------------

Current thread (0x000001b98affa500):  JavaThread "main" [_thread_in_native, id=8148, stack(0x000000ab0ff00000,0x000000ab10000000)]

Stack: [0x000000ab0ff00000,0x000000ab10000000],  sp=0x000000ab0fffe1e0,  free space=1016k
Native frames: (J=compiled Java code, j=interpreted, Vv=VM code, C=native code)
C  [ig9icd64.dll+0x6cbcc]

Java frames: (J=compiled Java code, j=interpreted, Vv=VM code)
j  org.lwjgl.opengl.GL11C.nglTexImage2D(IIIIIIIIJ)V+0
j  org.lwjgl.opengl.GL11C.glTexImage2D(IIIIIIIILjava/nio/ByteBuffer;)V+17
j  org.lwjgl.opengl.GL11.glTexImage2D(IIIIIIIILjava/nio/ByteBuffer;)V+14
j  graphics.Texture.loadTexture()V+124
j  graphics.Texture.<init>(Ljava/lang/String;)V+15
j  ecs.components.TextureLayers.<init>(Ljava/lang/String;)V+10
j  ecs.entities.Sun.init()V+16
j  ecs.scenes.Scene.lowerInit()V+30
j  ecs.scenes.SolarSystem.init()V+17
j  io.Display.loop()V+34
j  io.Display.init()V+266
j  io.Display.<init>(IILjava/lang/String;Ljava/lang/String;)V+41
j  app.Main.main([Ljava/lang/String;)V+14
v  ~StubRoutines::call_stub

siginfo: EXCEPTION_ACCESS_VIOLATION (0xc0000005), reading address 0x000001b9b70a9000


Register to memory mapping:

RIP=0x00007ff9551ccbcc ig9icd64.dll
RAX=0x0000000000000001 is an unknown value
RBX=0x000001b9b2470200 points into unknown readable memory: 0x0000000000000000 | 00 00 00 00 00 00 00 00
RCX=0x0 is NULL
RDX=0x000001b9b70a8fe0 points into unknown readable memory: 0x0000000000000000 | 00 00 00 00 00 00 00 00
RSP=0x000000ab0fffe1e0 is pointing into the stack for thread: 0x000001b98affa500
RBP=0x000000ab0fffe310 is pointing into the stack for thread: 0x000001b98affa500
RSI=0x0000000000000028 is an unknown value
RDI=0x000001b9b2470280 points into unknown readable memory: 0x0000000000000000 | 00 00 00 00 00 00 00 00
R8 =0x0000000000000384 is an unknown value
R9 =0x0000000000000007 is an unknown value
R10=0x0000000000000002 is an unknown value
R11=0x0000000000000384 is an unknown value
R12=0x00007ff955160000 ig9icd64.dll
R13=0x00000000000001c1 is an unknown value
R14=0x0000000000000384 is an unknown value
R15=0x0 is NULL


Registers:
RAX=0x0000000000000001, RBX=0x000001b9b2470200, RCX=0x0000000000000000, RDX=0x000001b9b70a8fe0
RSP=0x000000ab0fffe1e0, RBP=0x000000ab0fffe310, RSI=0x0000000000000028, RDI=0x000001b9b2470280
R8 =0x0000000000000384, R9 =0x0000000000000007, R10=0x0000000000000002, R11=0x0000000000000384
R12=0x00007ff955160000, R13=0x00000000000001c1, R14=0x0000000000000384, R15=0x0000000000000000
RIP=0x00007ff9551ccbcc, EFLAGS=0x0000000000010203

Top of Stack: (sp=0x000000ab0fffe1e0)
0x000000ab0fffe1e0:   0000000000000000 0000000000000000
0x000000ab0fffe1f0:   0000000000000000 0000000000000000
0x000000ab0fffe200:   000001b9b70a8f60 00007ff955b23800
0x000000ab0fffe210:   0000000000000001 000000ab0fffe310
0x000000ab0fffe220:   000001b9b7080880 0000000000000000
0x000000ab0fffe230:   0000000000000049 0000000000000001
0x000000ab0fffe240:   000001b9b7080880 00007ff9556c1900
0x000000ab0fffe250:   800002c040000200 0000000000000000
0x000000ab0fffe260:   00007ff955e2f468 000001b9b02a04c0
0x000000ab0fffe270:   000000e1000000e1 0000004900000000
0x000000ab0fffe280:   0000038400000004 000001b9b7080880
0x000000ab0fffe290:   00000004b01b0049 00000000000003c0
0x000000ab0fffe2a0:   000001b9b2445000 0000000000000000
0x000000ab0fffe2b0:   000001b9b0344f50 000001b9b0344f30
0x000000ab0fffe2c0:   0000000000000002 0000000000000000
0x000000ab0fffe2d0:   000001b9b02a04c0 0000000000000002 

Instructions: (pc=0x00007ff9551ccbcc)
0x00007ff9551ccacc:   00 66 0f 64 c8 f3 0f 6f 02 49 03 d1 66 0f f7 c1
0x00007ff9551ccadc:   49 03 f9 41 8b c1 44 8b d1 4c 2b c0 0f 29 74 24
0x00007ff9551ccaec:   10 4d 8b c8 0f 29 3c 24 49 c1 e9 07 f6 c2 0f 0f
0x00007ff9551ccafc:   84 af 00 00 00 4d 85 c9 74 6b 66 66 0f 1f 84 00
0x00007ff9551ccb0c:   00 00 00 00 f3 0f 6f 02 41 ff c2 f3 0f 6f 4a 10
0x00007ff9551ccb1c:   41 8b c2 f3 0f 6f 52 20 f3 0f 6f 5a 30 f3 0f 6f
0x00007ff9551ccb2c:   62 40 f3 0f 6f 6a 50 f3 0f 6f 72 60 f3 0f 6f 7a
0x00007ff9551ccb3c:   70 66 0f e7 07 66 0f e7 4f 10 66 0f e7 57 20 66
0x00007ff9551ccb4c:   0f e7 5f 30 66 0f e7 67 40 66 0f e7 6f 50 66 0f
0x00007ff9551ccb5c:   e7 77 60 66 0f e7 7f 70 48 83 ef 80 48 83 ea 80
0x00007ff9551ccb6c:   49 3b c1 72 9f 41 83 e0 7f 0f 84 e0 00 00 00 45
0x00007ff9551ccb7c:   8b d0 44 8b c9 49 c1 ea 04 4d 85 d2 0f 84 cd 00
0x00007ff9551ccb8c:   00 00 66 90 f3 0f 6f 02 41 ff c1 48 83 c2 10 41
0x00007ff9551ccb9c:   8b c1 66 0f e7 07 48 83 c7 10 49 3b c2 72 e5 e9
0x00007ff9551ccbac:   ab 00 00 00 4d 85 c9 74 6c 66 66 66 0f 1f 84 00
0x00007ff9551ccbbc:   00 00 00 00 f3 0f 6f 02 41 ff c2 f3 0f 6f 4a 10
0x00007ff9551ccbcc:   f3 0f 6f 52 20 f3 0f 6f 5a 30 f3 0f 6f 62 40 f3
0x00007ff9551ccbdc:   0f 6f 6a 50 f3 0f 6f 72 60 f3 0f 6f 7a 70 48 83
0x00007ff9551ccbec:   ea 80 66 0f e7 07 66 0f e7 4f 10 66 0f e7 57 20
0x00007ff9551ccbfc:   66 0f e7 5f 30 66 0f e7 67 40 66 0f e7 6f 50 66
0x00007ff9551ccc0c:   0f e7 77 60 66 0f e7 7f 70 48 83 ef 80 41 8b c2
0x00007ff9551ccc1c:   49 3b c1 72 9f 41 83 e0 7f 74 34 45 8b d0 44 8b
0x00007ff9551ccc2c:   c9 49 c1 ea 04 4d 85 d2 74 25 66 66 0f 1f 84 00
0x00007ff9551ccc3c:   00 00 00 00 f3 0f 6f 02 41 ff c1 66 0f e7 07 48
0x00007ff9551ccc4c:   83 c7 10 41 8b c1 48 83 c2 10 49 3b c2 72 e5 0f
0x00007ff9551ccc5c:   28 74 24 10 0f 28 3c 24 41 83 e0 0f 74 49 45 8b
0x00007ff9551ccc6c:   d0 44 8b c9 49 c1 ea 02 4d 85 d2 74 1e 0f 1f 80
0x00007ff9551ccc7c:   00 00 00 00 8b 02 41 ff c1 89 07 48 83 c2 04 48
0x00007ff9551ccc8c:   83 c7 04 41 8b c1 49 3b c2 72 e9 41 83 e0 03 76
0x00007ff9551ccc9c:   16 48 2b d7 0f b6 04 3a ff c1 88 07 48 8d 7f 01
0x00007ff9551cccac:   8b c1 49 3b c0 72 ed 48 83 c4 20 5f c3 cc cc cc
0x00007ff9551cccbc:   cc cc cc cc 40 53 48 83 ec 20 48 8b da 48 8b d1 


Stack slot to memory mapping:
stack at sp + 0 slots: 0x0 is NULL
stack at sp + 1 slots: 0x0 is NULL
stack at sp + 2 slots: 0x0 is NULL
stack at sp + 3 slots: 0x0 is NULL
stack at sp + 4 slots: 0x000001b9b70a8f60 points into unknown readable memory: 0x0000000000000000 | 00 00 00 00 00 00 00 00
stack at sp + 5 slots: 0x00007ff955b23800 ig9icd64.dll
stack at sp + 6 slots: 0x0000000000000001 is an unknown value
stack at sp + 7 slots: 0x000000ab0fffe310 is pointing into the stack for thread: 0x000001b98affa500


---------------  P R O C E S S  ---------------

Threads class SMR info:
_java_thread_list=0x000001b9af7fda50, length=13, elements={
0x000001b98affa500, 0x000001b9ae8b66d0, 0x000001b9ae8b9660, 0x000001b9ae8c9c80,
0x000001b9ae8cb1b0, 0x000001b9ae8cbe70, 0x000001b9ae8d2b50, 0x000001b9ae8d9100,
0x000001b9ae8de130, 0x000001b9ae8e8690, 0x000001b9af5163c0, 0x000001b9af51b690,
0x000001b9b00078a0
}

Java Threads: ( => current thread )
=>0x000001b98affa500 JavaThread "main" [_thread_in_native, id=8148, stack(0x000000ab0ff00000,0x000000ab10000000)]
  0x000001b9ae8b66d0 JavaThread "Reference Handler" daemon [_thread_blocked, id=20980, stack(0x000000ab10600000,0x000000ab10700000)]
  0x000001b9ae8b9660 JavaThread "Finalizer" daemon [_thread_blocked, id=4012, stack(0x000000ab10700000,0x000000ab10800000)]
  0x000001b9ae8c9c80 JavaThread "Signal Dispatcher" daemon [_thread_blocked, id=20608, stack(0x000000ab10800000,0x000000ab10900000)]
  0x000001b9ae8cb1b0 JavaThread "Attach Listener" daemon [_thread_blocked, id=19924, stack(0x000000ab10900000,0x000000ab10a00000)]
  0x000001b9ae8cbe70 JavaThread "Service Thread" daemon [_thread_blocked, id=13696, stack(0x000000ab10a00000,0x000000ab10b00000)]
  0x000001b9ae8d2b50 JavaThread "Monitor Deflation Thread" daemon [_thread_blocked, id=5828, stack(0x000000ab10b00000,0x000000ab10c00000)]
  0x000001b9ae8d9100 JavaThread "C2 CompilerThread0" daemon [_thread_blocked, id=16120, stack(0x000000ab10c00000,0x000000ab10d00000)]
  0x000001b9ae8de130 JavaThread "C1 CompilerThread0" daemon [_thread_blocked, id=18240, stack(0x000000ab10d00000,0x000000ab10e00000)]
  0x000001b9ae8e8690 JavaThread "Sweeper thread" daemon [_thread_blocked, id=2400, stack(0x000000ab10e00000,0x000000ab10f00000)]
  0x000001b9af5163c0 JavaThread "Notification Thread" daemon [_thread_blocked, id=5108, stack(0x000000ab10f00000,0x000000ab11000000)]
  0x000001b9af51b690 JavaThread "Common-Cleaner" daemon [_thread_blocked, id=1732, stack(0x000000ab11100000,0x000000ab11200000)]
  0x000001b9b00078a0 JavaThread "C2 CompilerThread1" daemon [_thread_blocked, id=19116, stack(0x000000ab11200000,0x000000ab11300000)]

Other Threads:
  0x000001b9ae8b14d0 VMThread "VM Thread" [stack: 0x000000ab10500000,0x000000ab10600000] [id=9156]
  0x000001b9af5168e0 WatcherThread [stack: 0x000000ab11000000,0x000000ab11100000] [id=14316]
  0x000001b98b04b210 GCTaskThread "GC Thread#0" [stack: 0x000000ab10000000,0x000000ab10100000] [id=3860]
  0x000001b98b05b630 ConcurrentGCThread "G1 Main Marker" [stack: 0x000000ab10100000,0x000000ab10200000] [id=18216]
  0x000001b98b05c7f0 ConcurrentGCThread "G1 Conc#0" [stack: 0x000000ab10200000,0x000000ab10300000] [id=13604]
  0x000001b98b0ce5b0 ConcurrentGCThread "G1 Refine#0" [stack: 0x000000ab10300000,0x000000ab10400000] [id=10684]
  0x000001b98b0cea50 ConcurrentGCThread "G1 Service" [stack: 0x000000ab10400000,0x000000ab10500000] [id=4560]

Threads with active compile tasks:

VM state: not at safepoint (normal execution)

VM Mutex/Monitor currently owned by a thread: None

Heap address: 0x000000070b200000, size: 3918 MB, Compressed Oops mode: Zero based, Oop shift amount: 3

CDS archive(s) mapped at: [0x0000000800000000-0x0000000800be0000-0x0000000800be0000), size 12451840, SharedBaseAddress: 0x0000000800000000, ArchiveRelocationMode: 0.
Compressed class space mapped at: 0x0000000800c00000-0x0000000840c00000, reserved size: 1073741824
Narrow klass base: 0x0000000800000000, Narrow klass shift: 3, Narrow klass range: 0x100000000

GC Precious Log:
 CPUs: 8 total, 8 available
 Memory: 15668M
 Large Page Support: Disabled
 NUMA Support: Disabled
 Compressed Oops: Enabled (Zero based)
 Heap Region Size: 2M
 Heap Min Capacity: 8M
 Heap Initial Capacity: 246M
 Heap Max Capacity: 3918M
 Pre-touch: Disabled
 Parallel Workers: 8
 Concurrent Workers: 2
 Concurrent Refinement Workers: 8
 Periodic GC: Disabled

Heap:
 garbage-first heap   total 251904K, used 18432K [0x000000070b200000, 0x0000000800000000)
  region size 2048K, 11 young (22528K), 0 survivors (0K)
 Metaspace       used 5876K, committed 6080K, reserved 1056768K
  class space    used 269K, committed 384K, reserved 1048576K

Heap Regions: E=young(eden), S=young(survivor), O=old, HS=humongous(starts), HC=humongous(continues), CS=collection set, F=free, OA=open archive, CA=closed archive, TAMS=top-at-mark-start (previous, next)
|   0|0x000000070b200000, 0x000000070b200000, 0x000000070b400000|  0%| F|  |TAMS 0x000000070b200000, 0x000000070b200000| Untracked 
|   1|0x000000070b400000, 0x000000070b400000, 0x000000070b600000|  0%| F|  |TAMS 0x000000070b400000, 0x000000070b400000| Untracked 
|   2|0x000000070b600000, 0x000000070b600000, 0x000000070b800000|  0%| F|  |TAMS 0x000000070b600000, 0x000000070b600000| Untracked 
|   3|0x000000070b800000, 0x000000070b800000, 0x000000070ba00000|  0%| F|  |TAMS 0x000000070b800000, 0x000000070b800000| Untracked 
|   4|0x000000070ba00000, 0x000000070ba00000, 0x000000070bc00000|  0%| F|  |TAMS 0x000000070ba00000, 0x000000070ba00000| Untracked 
|   5|0x000000070bc00000, 0x000000070bc00000, 0x000000070be00000|  0%| F|  |TAMS 0x000000070bc00000, 0x000000070bc00000| Untracked 
|   6|0x000000070be00000, 0x000000070be00000, 0x000000070c000000|  0%| F|  |TAMS 0x000000070be00000, 0x000000070be00000| Untracked 
|   7|0x000000070c000000, 0x000000070c000000, 0x000000070c200000|  0%| F|  |TAMS 0x000000070c000000, 0x000000070c000000| Untracked 
|   8|0x000000070c200000, 0x000000070c200000, 0x000000070c400000|  0%| F|  |TAMS 0x000000070c200000, 0x000000070c200000| Untracked 
|   9|0x000000070c400000, 0x000000070c400000, 0x000000070c600000|  0%| F|  |TAMS 0x000000070c400000, 0x000000070c400000| Untracked 
|  10|0x000000070c600000, 0x000000070c600000, 0x000000070c800000|  0%| F|  |TAMS 0x000000070c600000, 0x000000070c600000| Untracked 
|  11|0x000000070c800000, 0x000000070c800000, 0x000000070ca00000|  0%| F|  |TAMS 0x000000070c800000, 0x000000070c800000| Untracked 
|  12|0x000000070ca00000, 0x000000070ca00000, 0x000000070cc00000|  0%| F|  |TAMS 0x000000070ca00000, 0x000000070ca00000| Untracked 
|  13|0x000000070cc00000, 0x000000070cc00000, 0x000000070ce00000|  0%| F|  |TAMS 0x000000070cc00000, 0x000000070cc00000| Untracked 
|  14|0x000000070ce00000, 0x000000070ce00000, 0x000000070d000000|  0%| F|  |TAMS 0x000000070ce00000, 0x000000070ce00000| Untracked 
|  15|0x000000070d000000, 0x000000070d000000, 0x000000070d200000|  0%| F|  |TAMS 0x000000070d000000, 0x000000070d000000| Untracked 
|  16|0x000000070d200000, 0x000000070d200000, 0x000000070d400000|  0%| F|  |TAMS 0x000000070d200000, 0x000000070d200000| Untracked 
|  17|0x000000070d400000, 0x000000070d400000, 0x000000070d600000|  0%| F|  |TAMS 0x000000070d400000, 0x000000070d400000| Untracked 
|  18|0x000000070d600000, 0x000000070d600000, 0x000000070d800000|  0%| F|  |TAMS 0x000000070d600000, 0x000000070d600000| Untracked 
|  19|0x000000070d800000, 0x000000070d800000, 0x000000070da00000|  0%| F|  |TAMS 0x000000070d800000, 0x000000070d800000| Untracked 
|  20|0x000000070da00000, 0x000000070da00000, 0x000000070dc00000|  0%| F|  |TAMS 0x000000070da00000, 0x000000070da00000| Untracked 
|  21|0x000000070dc00000, 0x000000070dc00000, 0x000000070de00000|  0%| F|  |TAMS 0x000000070dc00000, 0x000000070dc00000| Untracked 
|  22|0x000000070de00000, 0x000000070de00000, 0x000000070e000000|  0%| F|  |TAMS 0x000000070de00000, 0x000000070de00000| Untracked 
|  23|0x000000070e000000, 0x000000070e000000, 0x000000070e200000|  0%| F|  |TAMS 0x000000070e000000, 0x000000070e000000| Untracked 
|  24|0x000000070e200000, 0x000000070e200000, 0x000000070e400000|  0%| F|  |TAMS 0x000000070e200000, 0x000000070e200000| Untracked 
|  25|0x000000070e400000, 0x000000070e400000, 0x000000070e600000|  0%| F|  |TAMS 0x000000070e400000, 0x000000070e400000| Untracked 
|  26|0x000000070e600000, 0x000000070e600000, 0x000000070e800000|  0%| F|  |TAMS 0x000000070e600000, 0x000000070e600000| Untracked 
|  27|0x000000070e800000, 0x000000070e800000, 0x000000070ea00000|  0%| F|  |TAMS 0x000000070e800000, 0x000000070e800000| Untracked 
|  28|0x000000070ea00000, 0x000000070ea00000, 0x000000070ec00000|  0%| F|  |TAMS 0x000000070ea00000, 0x000000070ea00000| Untracked 
|  29|0x000000070ec00000, 0x000000070ec00000, 0x000000070ee00000|  0%| F|  |TAMS 0x000000070ec00000, 0x000000070ec00000| Untracked 
|  30|0x000000070ee00000, 0x000000070ee00000, 0x000000070f000000|  0%| F|  |TAMS 0x000000070ee00000, 0x000000070ee00000| Untracked 
|  31|0x000000070f000000, 0x000000070f000000, 0x000000070f200000|  0%| F|  |TAMS 0x000000070f000000, 0x000000070f000000| Untracked 
|  32|0x000000070f200000, 0x000000070f200000, 0x000000070f400000|  0%| F|  |TAMS 0x000000070f200000, 0x000000070f200000| Untracked 
|  33|0x000000070f400000, 0x000000070f400000, 0x000000070f600000|  0%| F|  |TAMS 0x000000070f400000, 0x000000070f400000| Untracked 
|  34|0x000000070f600000, 0x000000070f600000, 0x000000070f800000|  0%| F|  |TAMS 0x000000070f600000, 0x000000070f600000| Untracked 
|  35|0x000000070f800000, 0x000000070f800000, 0x000000070fa00000|  0%| F|  |TAMS 0x000000070f800000, 0x000000070f800000| Untracked 
|  36|0x000000070fa00000, 0x000000070fa00000, 0x000000070fc00000|  0%| F|  |TAMS 0x000000070fa00000, 0x000000070fa00000| Untracked 
|  37|0x000000070fc00000, 0x000000070fc00000, 0x000000070fe00000|  0%| F|  |TAMS 0x000000070fc00000, 0x000000070fc00000| Untracked 
|  38|0x000000070fe00000, 0x000000070fe00000, 0x0000000710000000|  0%| F|  |TAMS 0x000000070fe00000, 0x000000070fe00000| Untracked 
|  39|0x0000000710000000, 0x0000000710000000, 0x0000000710200000|  0%| F|  |TAMS 0x0000000710000000, 0x0000000710000000| Untracked 
|  40|0x0000000710200000, 0x0000000710200000, 0x0000000710400000|  0%| F|  |TAMS 0x0000000710200000, 0x0000000710200000| Untracked 
|  41|0x0000000710400000, 0x0000000710400000, 0x0000000710600000|  0%| F|  |TAMS 0x0000000710400000, 0x0000000710400000| Untracked 
|  42|0x0000000710600000, 0x0000000710600000, 0x0000000710800000|  0%| F|  |TAMS 0x0000000710600000, 0x0000000710600000| Untracked 
|  43|0x0000000710800000, 0x0000000710800000, 0x0000000710a00000|  0%| F|  |TAMS 0x0000000710800000, 0x0000000710800000| Untracked 
|  44|0x0000000710a00000, 0x0000000710a00000, 0x0000000710c00000|  0%| F|  |TAMS 0x0000000710a00000, 0x0000000710a00000| Untracked 
|  45|0x0000000710c00000, 0x0000000710c00000, 0x0000000710e00000|  0%| F|  |TAMS 0x0000000710c00000, 0x0000000710c00000| Untracked 
|  46|0x0000000710e00000, 0x0000000710e00000, 0x0000000711000000|  0%| F|  |TAMS 0x0000000710e00000, 0x0000000710e00000| Untracked 
|  47|0x0000000711000000, 0x0000000711000000, 0x0000000711200000|  0%| F|  |TAMS 0x0000000711000000, 0x0000000711000000| Untracked 
|  48|0x0000000711200000, 0x0000000711200000, 0x0000000711400000|  0%| F|  |TAMS 0x0000000711200000, 0x0000000711200000| Untracked 
|  49|0x0000000711400000, 0x0000000711400000, 0x0000000711600000|  0%| F|  |TAMS 0x0000000711400000, 0x0000000711400000| Untracked 
|  50|0x0000000711600000, 0x0000000711600000, 0x0000000711800000|  0%| F|  |TAMS 0x0000000711600000, 0x0000000711600000| Untracked 
|  51|0x0000000711800000, 0x0000000711800000, 0x0000000711a00000|  0%| F|  |TAMS 0x0000000711800000, 0x0000000711800000| Untracked 
|  52|0x0000000711a00000, 0x0000000711a00000, 0x0000000711c00000|  0%| F|  |TAMS 0x0000000711a00000, 0x0000000711a00000| Untracked 
|  53|0x0000000711c00000, 0x0000000711c00000, 0x0000000711e00000|  0%| F|  |TAMS 0x0000000711c00000, 0x0000000711c00000| Untracked 
|  54|0x0000000711e00000, 0x0000000711e00000, 0x0000000712000000|  0%| F|  |TAMS 0x0000000711e00000, 0x0000000711e00000| Untracked 
|  55|0x0000000712000000, 0x0000000712000000, 0x0000000712200000|  0%| F|  |TAMS 0x0000000712000000, 0x0000000712000000| Untracked 
|  56|0x0000000712200000, 0x0000000712200000, 0x0000000712400000|  0%| F|  |TAMS 0x0000000712200000, 0x0000000712200000| Untracked 
|  57|0x0000000712400000, 0x0000000712400000, 0x0000000712600000|  0%| F|  |TAMS 0x0000000712400000, 0x0000000712400000| Untracked 
|  58|0x0000000712600000, 0x0000000712600000, 0x0000000712800000|  0%| F|  |TAMS 0x0000000712600000, 0x0000000712600000| Untracked 
|  59|0x0000000712800000, 0x0000000712800000, 0x0000000712a00000|  0%| F|  |TAMS 0x0000000712800000, 0x0000000712800000| Untracked 
|  60|0x0000000712a00000, 0x0000000712a00000, 0x0000000712c00000|  0%| F|  |TAMS 0x0000000712a00000, 0x0000000712a00000| Untracked 
|  61|0x0000000712c00000, 0x0000000712c00000, 0x0000000712e00000|  0%| F|  |TAMS 0x0000000712c00000, 0x0000000712c00000| Untracked 
|  62|0x0000000712e00000, 0x0000000712e00000, 0x0000000713000000|  0%| F|  |TAMS 0x0000000712e00000, 0x0000000712e00000| Untracked 
|  63|0x0000000713000000, 0x0000000713000000, 0x0000000713200000|  0%| F|  |TAMS 0x0000000713000000, 0x0000000713000000| Untracked 
|  64|0x0000000713200000, 0x0000000713200000, 0x0000000713400000|  0%| F|  |TAMS 0x0000000713200000, 0x0000000713200000| Untracked 
|  65|0x0000000713400000, 0x0000000713400000, 0x0000000713600000|  0%| F|  |TAMS 0x0000000713400000, 0x0000000713400000| Untracked 
|  66|0x0000000713600000, 0x0000000713600000, 0x0000000713800000|  0%| F|  |TAMS 0x0000000713600000, 0x0000000713600000| Untracked 
|  67|0x0000000713800000, 0x0000000713800000, 0x0000000713a00000|  0%| F|  |TAMS 0x0000000713800000, 0x0000000713800000| Untracked 
|  68|0x0000000713a00000, 0x0000000713a00000, 0x0000000713c00000|  0%| F|  |TAMS 0x0000000713a00000, 0x0000000713a00000| Untracked 
|  69|0x0000000713c00000, 0x0000000713c00000, 0x0000000713e00000|  0%| F|  |TAMS 0x0000000713c00000, 0x0000000713c00000| Untracked 
|  70|0x0000000713e00000, 0x0000000713e00000, 0x0000000714000000|  0%| F|  |TAMS 0x0000000713e00000, 0x0000000713e00000| Untracked 
|  71|0x0000000714000000, 0x0000000714000000, 0x0000000714200000|  0%| F|  |TAMS 0x0000000714000000, 0x0000000714000000| Untracked 
|  72|0x0000000714200000, 0x0000000714200000, 0x0000000714400000|  0%| F|  |TAMS 0x0000000714200000, 0x0000000714200000| Untracked 
|  73|0x0000000714400000, 0x0000000714400000, 0x0000000714600000|  0%| F|  |TAMS 0x0000000714400000, 0x0000000714400000| Untracked 
|  74|0x0000000714600000, 0x0000000714600000, 0x0000000714800000|  0%| F|  |TAMS 0x0000000714600000, 0x0000000714600000| Untracked 
|  75|0x0000000714800000, 0x0000000714800000, 0x0000000714a00000|  0%| F|  |TAMS 0x0000000714800000, 0x0000000714800000| Untracked 
|  76|0x0000000714a00000, 0x0000000714a00000, 0x0000000714c00000|  0%| F|  |TAMS 0x0000000714a00000, 0x0000000714a00000| Untracked 
|  77|0x0000000714c00000, 0x0000000714c00000, 0x0000000714e00000|  0%| F|  |TAMS 0x0000000714c00000, 0x0000000714c00000| Untracked 
|  78|0x0000000714e00000, 0x0000000714e00000, 0x0000000715000000|  0%| F|  |TAMS 0x0000000714e00000, 0x0000000714e00000| Untracked 
|  79|0x0000000715000000, 0x0000000715000000, 0x0000000715200000|  0%| F|  |TAMS 0x0000000715000000, 0x0000000715000000| Untracked 
|  80|0x0000000715200000, 0x0000000715200000, 0x0000000715400000|  0%| F|  |TAMS 0x0000000715200000, 0x0000000715200000| Untracked 
|  81|0x0000000715400000, 0x0000000715400000, 0x0000000715600000|  0%| F|  |TAMS 0x0000000715400000, 0x0000000715400000| Untracked 
|  82|0x0000000715600000, 0x0000000715600000, 0x0000000715800000|  0%| F|  |TAMS 0x0000000715600000, 0x0000000715600000| Untracked 
|  83|0x0000000715800000, 0x0000000715800000, 0x0000000715a00000|  0%| F|  |TAMS 0x0000000715800000, 0x0000000715800000| Untracked 
|  84|0x0000000715a00000, 0x0000000715a00000, 0x0000000715c00000|  0%| F|  |TAMS 0x0000000715a00000, 0x0000000715a00000| Untracked 
|  85|0x0000000715c00000, 0x0000000715c00000, 0x0000000715e00000|  0%| F|  |TAMS 0x0000000715c00000, 0x0000000715c00000| Untracked 
|  86|0x0000000715e00000, 0x0000000715e00000, 0x0000000716000000|  0%| F|  |TAMS 0x0000000715e00000, 0x0000000715e00000| Untracked 
|  87|0x0000000716000000, 0x0000000716000000, 0x0000000716200000|  0%| F|  |TAMS 0x0000000716000000, 0x0000000716000000| Untracked 
|  88|0x0000000716200000, 0x0000000716200000, 0x0000000716400000|  0%| F|  |TAMS 0x0000000716200000, 0x0000000716200000| Untracked 
|  89|0x0000000716400000, 0x0000000716400000, 0x0000000716600000|  0%| F|  |TAMS 0x0000000716400000, 0x0000000716400000| Untracked 
|  90|0x0000000716600000, 0x0000000716600000, 0x0000000716800000|  0%| F|  |TAMS 0x0000000716600000, 0x0000000716600000| Untracked 
|  91|0x0000000716800000, 0x0000000716800000, 0x0000000716a00000|  0%| F|  |TAMS 0x0000000716800000, 0x0000000716800000| Untracked 
|  92|0x0000000716a00000, 0x0000000716a00000, 0x0000000716c00000|  0%| F|  |TAMS 0x0000000716a00000, 0x0000000716a00000| Untracked 
|  93|0x0000000716c00000, 0x0000000716c00000, 0x0000000716e00000|  0%| F|  |TAMS 0x0000000716c00000, 0x0000000716c00000| Untracked 
|  94|0x0000000716e00000, 0x0000000716e00000, 0x0000000717000000|  0%| F|  |TAMS 0x0000000716e00000, 0x0000000716e00000| Untracked 
|  95|0x0000000717000000, 0x0000000717000000, 0x0000000717200000|  0%| F|  |TAMS 0x0000000717000000, 0x0000000717000000| Untracked 
|  96|0x0000000717200000, 0x0000000717200000, 0x0000000717400000|  0%| F|  |TAMS 0x0000000717200000, 0x0000000717200000| Untracked 
|  97|0x0000000717400000, 0x0000000717400000, 0x0000000717600000|  0%| F|  |TAMS 0x0000000717400000, 0x0000000717400000| Untracked 
|  98|0x0000000717600000, 0x0000000717600000, 0x0000000717800000|  0%| F|  |TAMS 0x0000000717600000, 0x0000000717600000| Untracked 
|  99|0x0000000717800000, 0x0000000717800000, 0x0000000717a00000|  0%| F|  |TAMS 0x0000000717800000, 0x0000000717800000| Untracked 
| 100|0x0000000717a00000, 0x0000000717a00000, 0x0000000717c00000|  0%| F|  |TAMS 0x0000000717a00000, 0x0000000717a00000| Untracked 
| 101|0x0000000717c00000, 0x0000000717c00000, 0x0000000717e00000|  0%| F|  |TAMS 0x0000000717c00000, 0x0000000717c00000| Untracked 
| 102|0x0000000717e00000, 0x0000000717e00000, 0x0000000718000000|  0%| F|  |TAMS 0x0000000717e00000, 0x0000000717e00000| Untracked 
| 103|0x0000000718000000, 0x0000000718000000, 0x0000000718200000|  0%| F|  |TAMS 0x0000000718000000, 0x0000000718000000| Untracked 
| 104|0x0000000718200000, 0x0000000718200000, 0x0000000718400000|  0%| F|  |TAMS 0x0000000718200000, 0x0000000718200000| Untracked 
| 105|0x0000000718400000, 0x0000000718400000, 0x0000000718600000|  0%| F|  |TAMS 0x0000000718400000, 0x0000000718400000| Untracked 
| 106|0x0000000718600000, 0x0000000718600000, 0x0000000718800000|  0%| F|  |TAMS 0x0000000718600000, 0x0000000718600000| Untracked 
| 107|0x0000000718800000, 0x0000000718800000, 0x0000000718a00000|  0%| F|  |TAMS 0x0000000718800000, 0x0000000718800000| Untracked 
| 108|0x0000000718a00000, 0x0000000718a00000, 0x0000000718c00000|  0%| F|  |TAMS 0x0000000718a00000, 0x0000000718a00000| Untracked 
| 109|0x0000000718c00000, 0x0000000718c00000, 0x0000000718e00000|  0%| F|  |TAMS 0x0000000718c00000, 0x0000000718c00000| Untracked 
| 110|0x0000000718e00000, 0x0000000718e00000, 0x0000000719000000|  0%| F|  |TAMS 0x0000000718e00000, 0x0000000718e00000| Untracked 
| 111|0x0000000719000000, 0x0000000719000000, 0x0000000719200000|  0%| F|  |TAMS 0x0000000719000000, 0x0000000719000000| Untracked 
| 112|0x0000000719200000, 0x0000000719358888, 0x0000000719400000| 67%| E|  |TAMS 0x0000000719200000, 0x0000000719200000| Complete 
| 113|0x0000000719400000, 0x0000000719600000, 0x0000000719600000|100%| E|CS|TAMS 0x0000000719400000, 0x0000000719400000| Complete 
| 114|0x0000000719600000, 0x0000000719800000, 0x0000000719800000|100%| E|  |TAMS 0x0000000719600000, 0x0000000719600000| Complete 
| 115|0x0000000719800000, 0x0000000719a00000, 0x0000000719a00000|100%| E|CS|TAMS 0x0000000719800000, 0x0000000719800000| Complete 
| 116|0x0000000719a00000, 0x0000000719c00000, 0x0000000719c00000|100%| E|CS|TAMS 0x0000000719a00000, 0x0000000719a00000| Complete 
| 117|0x0000000719c00000, 0x0000000719e00000, 0x0000000719e00000|100%| E|CS|TAMS 0x0000000719c00000, 0x0000000719c00000| Complete 
| 118|0x0000000719e00000, 0x000000071a000000, 0x000000071a000000|100%| E|CS|TAMS 0x0000000719e00000, 0x0000000719e00000| Complete 
| 119|0x000000071a000000, 0x000000071a200000, 0x000000071a200000|100%| E|CS|TAMS 0x000000071a000000, 0x000000071a000000| Complete 
| 120|0x000000071a200000, 0x000000071a400000, 0x000000071a400000|100%| E|CS|TAMS 0x000000071a200000, 0x000000071a200000| Complete 
| 121|0x000000071a400000, 0x000000071a600000, 0x000000071a600000|100%| E|CS|TAMS 0x000000071a400000, 0x000000071a400000| Complete 
| 122|0x000000071a600000, 0x000000071a800000, 0x000000071a800000|100%| E|CS|TAMS 0x000000071a600000, 0x000000071a600000| Complete 

Card table byte_map: [0x000001b9a34a0000,0x000001b9a3c50000] _byte_map_base: 0x000001b99fc47000

Marking Bits (Prev, Next): (CMBitMap*) 0x000001b98b04b790, (CMBitMap*) 0x000001b98b04b7d0
 Prev Bits: [0x000001b9a4400000, 0x000001b9a8138000)
 Next Bits: [0x000001b9a8140000, 0x000001b9abe78000)

Polling page: 0x000001b988ea0000

Metaspace:

Usage:
  Non-class:      5.47 MB used.
      Class:    269.90 KB used.
       Both:      5.74 MB used.

Virtual space:
  Non-class space:        8.00 MB reserved,       5.56 MB ( 70%) committed,  1 nodes.
      Class space:        1.00 GB reserved,     384.00 KB ( <1%) committed,  1 nodes.
              Both:        1.01 GB reserved,       5.94 MB ( <1%) committed. 

Chunk freelists:
   Non-Class:  31.00 KB
       Class:  3.55 MB
        Both:  3.58 MB

MaxMetaspaceSize: 17179869184.00 GB
CompressedClassSpaceSize: 1.00 GB
 - commit_granule_bytes: 65536.
 - commit_granule_words: 8192.
 - virtual_space_node_default_size: 1048576.
 - enlarge_chunks_in_place: 1.
 - new_chunks_are_fully_committed: 0.
 - uncommit_free_chunks: 1.
 - use_allocation_guard: 0.
 - handle_deallocations: 1.


Internal statistics:

num_allocs_failed_limit: 0.
num_arena_births: 88.
num_arena_deaths: 0.
num_vsnodes_births: 2.
num_vsnodes_deaths: 0.
num_space_committed: 93.
num_space_uncommitted: 0.
num_chunks_returned_to_freelist: 0.
num_chunks_taken_from_freelist: 249.
num_chunk_merges: 0.
num_chunk_splits: 187.
num_chunks_enlarged: 140.
num_purges: 0.

CodeHeap 'non-profiled nmethods': size=120000Kb used=406Kb max_used=406Kb free=119593Kb
 bounds [0x000001b99b490000, 0x000001b99b700000, 0x000001b9a29c0000]
CodeHeap 'profiled nmethods': size=120000Kb used=1590Kb max_used=1590Kb free=118409Kb
 bounds [0x000001b993f60000, 0x000001b9941d0000, 0x000001b99b490000]
CodeHeap 'non-nmethods': size=5760Kb used=1631Kb max_used=1671Kb free=4128Kb
 bounds [0x000001b9939c0000, 0x000001b993c30000, 0x000001b993f60000]
 total_blobs=2007 nmethods=947 adapters=973
 compilation: enabled
              stopped_count=0, restarted_count=0
 full_count=0

Compilation events (20 events):
Event: 1.674 Thread 0x000001b9ae8d9100  940       4       java.util.ArrayList$Itr::hasNext (20 bytes)
Event: 1.675 Thread 0x000001b9ae8d9100 nmethod 940 0x000001b99b4edd90 code [0x000001b99b4edf20, 0x000001b99b4edfb8]
Event: 1.676 Thread 0x000001b9ae8d9100  935       4       org.lwjgl.assimp.AIVector3D::ny (14 bytes)
Event: 1.676 Thread 0x000001b9ae8d9100 nmethod 935 0x000001b99b4ee090 code [0x000001b99b4ee200, 0x000001b99b4ee258]
Event: 1.676 Thread 0x000001b9ae8d9100  933       4       org.lwjgl.assimp.AIVector3D::nx (14 bytes)
Event: 1.677 Thread 0x000001b9ae8d9100 nmethod 933 0x000001b99b4ee390 code [0x000001b99b4ee500, 0x000001b99b4ee558]
Event: 1.681 Thread 0x000001b9ae8de130  941       3       java.lang.invoke.LambdaForm::uncustomize (57 bytes)
Event: 1.682 Thread 0x000001b9ae8de130 nmethod 941 0x000001b9940eb490 code [0x000001b9940eb660, 0x000001b9940eb9a8]
Event: 1.685 Thread 0x000001b9ae8de130  942       1       sun.nio.fs.NativeBuffer::owner (5 bytes)
Event: 1.685 Thread 0x000001b9ae8de130 nmethod 942 0x000001b99b4ee690 code [0x000001b99b4ee820, 0x000001b99b4ee8f8]
Event: 1.697 Thread 0x000001b9ae8de130  943       3       jdk.internal.ref.PhantomCleanable::clean (16 bytes)
Event: 1.698 Thread 0x000001b9ae8de130 nmethod 943 0x000001b9940eba90 code [0x000001b9940ebc60, 0x000001b9940ebf48]
Event: 1.698 Thread 0x000001b9ae8de130  944       3       jdk.internal.ref.CleanerImpl$PhantomCleanableRef::performCleanup (10 bytes)
Event: 1.698 Thread 0x000001b9ae8de130 nmethod 944 0x000001b9940ec090 code [0x000001b9940ec240, 0x000001b9940ec428]
Event: 1.704 Thread 0x000001b9ae8de130  945       3       jdk.internal.jimage.BasicImageReader::getAttributes (49 bytes)
Event: 1.704 Thread 0x000001b9ae8d9100  947       4       java.nio.DirectIntBufferU::ix (10 bytes)
Event: 1.704 Thread 0x000001b9ae8de130 nmethod 945 0x000001b9940ec510 code [0x000001b9940ec6e0, 0x000001b9940ec9e8]
Event: 1.704 Thread 0x000001b9ae8de130  946       3       jdk.internal.jimage.ImageLocation::verify (50 bytes)
Event: 1.704 Thread 0x000001b9ae8d9100 nmethod 947 0x000001b99b4ee990 code [0x000001b99b4eeb00, 0x000001b99b4eeb78]
Event: 1.705 Thread 0x000001b9ae8de130 nmethod 946 0x000001b9940ecb10 code [0x000001b9940ecd40, 0x000001b9940ed4c8]

GC Heap History (0 events):
No events

Deoptimization events (20 events):
Event: 1.111 Thread 0x000001b98affa500 Uncommon trap: trap_request=0xffffffde fr.pc=0x000001b99b4acb68 relative=0x00000000000002a8
Event: 1.111 Thread 0x000001b98affa500 Uncommon trap: reason=class_check action=maybe_recompile pc=0x000001b99b4acb68 method=java.util.HashMap.getNode(Ljava/lang/Object;)Ljava/util/HashMap$Node; @ 63 c2
Event: 1.111 Thread 0x000001b98affa500 DEOPT PACKING pc=0x000001b99b4acb68 sp=0x000000ab0fffb9e0
Event: 1.111 Thread 0x000001b98affa500 DEOPT UNPACKING pc=0x000001b993a0d72e sp=0x000000ab0fffb8e8 mode 2
Event: 1.165 Thread 0x000001b98affa500 Uncommon trap: trap_request=0xffffffde fr.pc=0x000001b99b4acb68 relative=0x00000000000002a8
Event: 1.165 Thread 0x000001b98affa500 Uncommon trap: reason=class_check action=maybe_recompile pc=0x000001b99b4acb68 method=java.util.HashMap.getNode(Ljava/lang/Object;)Ljava/util/HashMap$Node; @ 63 c2
Event: 1.165 Thread 0x000001b98affa500 DEOPT PACKING pc=0x000001b99b4acb68 sp=0x000000ab0fffdd50
Event: 1.165 Thread 0x000001b98affa500 DEOPT UNPACKING pc=0x000001b993a0d72e sp=0x000000ab0fffdc58 mode 2
Event: 1.390 Thread 0x000001b98affa500 Uncommon trap: trap_request=0xffffffde fr.pc=0x000001b99b4acb68 relative=0x00000000000002a8
Event: 1.390 Thread 0x000001b98affa500 Uncommon trap: reason=class_check action=maybe_recompile pc=0x000001b99b4acb68 method=java.util.HashMap.getNode(Ljava/lang/Object;)Ljava/util/HashMap$Node; @ 63 c2
Event: 1.390 Thread 0x000001b98affa500 DEOPT PACKING pc=0x000001b99b4acb68 sp=0x000000ab0fffde40
Event: 1.390 Thread 0x000001b98affa500 DEOPT UNPACKING pc=0x000001b993a0d72e sp=0x000000ab0fffdd48 mode 2
Event: 1.415 Thread 0x000001b98affa500 Uncommon trap: trap_request=0xffffff54 fr.pc=0x000001b99b4e2080 relative=0x0000000000000060
Event: 1.416 Thread 0x000001b98affa500 Uncommon trap: reason=speculate_null_assert action=make_not_entrant pc=0x000001b99b4e2080 method=sun.misc.Unsafe.putLong(Ljava/lang/Object;JJ)V @ 7 c2
Event: 1.416 Thread 0x000001b98affa500 DEOPT PACKING pc=0x000001b99b4e2080 sp=0x000000ab0fffed90
Event: 1.416 Thread 0x000001b98affa500 DEOPT UNPACKING pc=0x000001b993a0d72e sp=0x000000ab0fffed08 mode 2
Event: 1.532 Thread 0x000001b98affa500 Uncommon trap: trap_request=0xffffffde fr.pc=0x000001b99b4ab4d4 relative=0x0000000000000294
Event: 1.532 Thread 0x000001b98affa500 Uncommon trap: reason=class_check action=maybe_recompile pc=0x000001b99b4ab4d4 method=java.util.HashMap.getNode(Ljava/lang/Object;)Ljava/util/HashMap$Node; @ 63 c2
Event: 1.532 Thread 0x000001b98affa500 DEOPT PACKING pc=0x000001b99b4ab4d4 sp=0x000000ab0fffdaa0
Event: 1.532 Thread 0x000001b98affa500 DEOPT UNPACKING pc=0x000001b993a0d72e sp=0x000000ab0fffda18 mode 2

Classes unloaded (0 events):
No events

Classes redefined (0 events):
No events

Internal exceptions (20 events):
Event: 1.023 Thread 0x000001b98affa500 Exception <a 'sun/nio/fs/WindowsException'{0x0000000719bbf2f8}> (0x0000000719bbf2f8) 
thrown [c:\wsjdk\correttojdksrc\installers\windows\zip\corretto-build\buildroot\src\hotspot\share\prims\jni.cpp, line 579]
Event: 1.056 Thread 0x000001b98affa500 Exception <a 'java/lang/NoSuchMethodError'{0x0000000719846228}: 'int java.lang.invoke.DirectMethodHandle$Holder.invokeStaticInit(java.lang.Object, java.lang.Object, int, long)'> (0x0000000719846228) 
thrown [c:\wsjdk\correttojdksrc\installers\windows\zip\corretto-build\buildroot\src\hotspot\share\interpreter\linkResolver.cpp, line 790]
Event: 1.058 Thread 0x000001b98affa500 Exception <a 'java/lang/NoSuchMethodError'{0x000000071984bcf8}: 'java.lang.Object java.lang.invoke.DirectMethodHandle$Holder.newInvokeSpecial(java.lang.Object, java.lang.Object, int)'> (0x000000071984bcf8) 
thrown [c:\wsjdk\correttojdksrc\installers\windows\zip\corretto-build\buildroot\src\hotspot\share\interpreter\linkResolver.cpp, line 790]
Event: 1.063 Thread 0x000001b98affa500 Exception <a 'java/lang/NoSuchMethodError'{0x0000000719866b20}: 'int java.lang.invoke.DirectMethodHandle$Holder.invokeStaticInit(java.lang.Object, java.lang.Object, long, long)'> (0x0000000719866b20) 
thrown [c:\wsjdk\correttojdksrc\installers\windows\zip\corretto-build\buildroot\src\hotspot\share\interpreter\linkResolver.cpp, line 790]
Event: 1.064 Thread 0x000001b98affa500 Exception <a 'java/lang/NoSuchMethodError'{0x000000071986cec8}: 'java.lang.Object java.lang.invoke.DirectMethodHandle$Holder.newInvokeSpecial(java.lang.Object, java.lang.Object, long)'> (0x000000071986cec8) 
thrown [c:\wsjdk\correttojdksrc\installers\windows\zip\corretto-build\buildroot\src\hotspot\share\interpreter\linkResolver.cpp, line 790]
Event: 1.065 Thread 0x000001b98affa500 Exception <a 'java/lang/NoSuchMethodError'{0x0000000719871020}: 'java.lang.Object java.lang.invoke.Invokers$Holder.linkToTargetMethod(java.lang.Object, long, java.lang.Object)'> (0x0000000719871020) 
thrown [c:\wsjdk\correttojdksrc\installers\windows\zip\corretto-build\buildroot\src\hotspot\share\interpreter\linkResolver.cpp, line 790]
Event: 1.066 Thread 0x000001b98affa500 Exception <a 'java/lang/NoSuchMethodError'{0x0000000719878dd0}: 'int java.lang.invoke.DirectMethodHandle$Holder.invokeStaticInit(java.lang.Object, java.lang.Object, java.lang.Object, long)'> (0x0000000719878dd0) 
thrown [c:\wsjdk\correttojdksrc\installers\windows\zip\corretto-build\buildroot\src\hotspot\share\interpreter\linkResolver.cpp, line 790]
Event: 1.117 Thread 0x000001b98affa500 Exception <a 'sun/nio/fs/WindowsException'{0x00000007199ad748}> (0x00000007199ad748) 
thrown [c:\wsjdk\correttojdksrc\installers\windows\zip\corretto-build\buildroot\src\hotspot\share\prims\jni.cpp, line 579]
Event: 1.117 Thread 0x000001b98affa500 Exception <a 'sun/nio/fs/WindowsException'{0x00000007199adb08}> (0x00000007199adb08) 
thrown [c:\wsjdk\correttojdksrc\installers\windows\zip\corretto-build\buildroot\src\hotspot\share\prims\jni.cpp, line 579]
Event: 1.171 Thread 0x000001b98affa500 Exception <a 'sun/nio/fs/WindowsException'{0x000000071969cc28}> (0x000000071969cc28) 
thrown [c:\wsjdk\correttojdksrc\installers\windows\zip\corretto-build\buildroot\src\hotspot\share\prims\jni.cpp, line 579]
Event: 1.171 Thread 0x000001b98affa500 Exception <a 'sun/nio/fs/WindowsException'{0x000000071969cfb8}> (0x000000071969cfb8) 
thrown [c:\wsjdk\correttojdksrc\installers\windows\zip\corretto-build\buildroot\src\hotspot\share\prims\jni.cpp, line 579]
Event: 1.335 Thread 0x000001b98affa500 Exception <a 'java/lang/NoSuchMethodError'{0x00000007197257e0}: 'void java.lang.invoke.DirectMethodHandle$Holder.invokeStatic(java.lang.Object, long, int, int)'> (0x00000007197257e0) 
thrown [c:\wsjdk\correttojdksrc\installers\windows\zip\corretto-build\buildroot\src\hotspot\share\interpreter\linkResolver.cpp, line 790]
Event: 1.396 Thread 0x000001b98affa500 Exception <a 'sun/nio/fs/WindowsException'{0x000000071976d328}> (0x000000071976d328) 
thrown [c:\wsjdk\correttojdksrc\installers\windows\zip\corretto-build\buildroot\src\hotspot\share\prims\jni.cpp, line 579]
Event: 1.396 Thread 0x000001b98affa500 Exception <a 'sun/nio/fs/WindowsException'{0x000000071976d6f8}> (0x000000071976d6f8) 
thrown [c:\wsjdk\correttojdksrc\installers\windows\zip\corretto-build\buildroot\src\hotspot\share\prims\jni.cpp, line 579]
Event: 1.405 Thread 0x000001b98affa500 Exception <a 'sun/nio/fs/WindowsException'{0x00000007197801f8}> (0x00000007197801f8) 
thrown [c:\wsjdk\correttojdksrc\installers\windows\zip\corretto-build\buildroot\src\hotspot\share\prims\jni.cpp, line 579]
Event: 1.405 Thread 0x000001b98affa500 Exception <a 'sun/nio/fs/WindowsException'{0x00000007197804f8}> (0x00000007197804f8) 
thrown [c:\wsjdk\correttojdksrc\installers\windows\zip\corretto-build\buildroot\src\hotspot\share\prims\jni.cpp, line 579]
Event: 1.613 Thread 0x000001b98affa500 Exception <a 'sun/nio/fs/WindowsException'{0x000000071953faa8}> (0x000000071953faa8) 
thrown [c:\wsjdk\correttojdksrc\installers\windows\zip\corretto-build\buildroot\src\hotspot\share\prims\jni.cpp, line 579]
Event: 1.613 Thread 0x000001b98affa500 Exception <a 'sun/nio/fs/WindowsException'{0x000000071953fe58}> (0x000000071953fe58) 
thrown [c:\wsjdk\correttojdksrc\installers\windows\zip\corretto-build\buildroot\src\hotspot\share\prims\jni.cpp, line 579]
Event: 1.697 Thread 0x000001b98affa500 Exception <a 'sun/nio/fs/WindowsException'{0x00000007192f2b88}> (0x00000007192f2b88) 
thrown [c:\wsjdk\correttojdksrc\installers\windows\zip\corretto-build\buildroot\src\hotspot\share\prims\jni.cpp, line 579]
Event: 1.697 Thread 0x000001b98affa500 Exception <a 'sun/nio/fs/WindowsException'{0x00000007192f2f38}> (0x00000007192f2f38) 
thrown [c:\wsjdk\correttojdksrc\installers\windows\zip\corretto-build\buildroot\src\hotspot\share\prims\jni.cpp, line 579]

Events (20 events):
Event: 1.035 loading class java/nio/DirectFloatBufferU
Event: 1.035 loading class java/nio/DirectFloatBufferU done
Event: 1.035 loading class java/nio/DirectDoubleBufferU
Event: 1.036 loading class java/nio/DirectDoubleBufferU done
Event: 1.054 loading class java/util/function/LongPredicate
Event: 1.054 loading class java/util/function/LongPredicate done
Event: 1.070 loading class java/nio/InvalidMarkException
Event: 1.070 loading class java/nio/InvalidMarkException done
Event: 1.120 loading class java/lang/NoSuchFieldError
Event: 1.120 loading class java/lang/NoSuchFieldError done
Event: 1.135 Thread 0x000001b9b000d8a0 Thread added: 0x000001b9b000d8a0
Event: 1.174 loading class jdk/internal/misc/ScopedMemoryAccess$Scope
Event: 1.174 loading class jdk/internal/misc/ScopedMemoryAccess$Scope done
Event: 1.175 loading class jdk/internal/reflect/UnsafeQualifiedStaticIntegerFieldAccessorImpl
Event: 1.175 loading class jdk/internal/reflect/UnsafeQualifiedStaticIntegerFieldAccessorImpl done
Event: 1.323 Thread 0x000001b9b000d8a0 Thread exited: 0x000001b9b000d8a0
Event: 1.324 Thread 0x000001b9af7fd7f0 Thread exited: 0x000001b9af7fd7f0
Event: 1.401 Loaded shared library C:\Users\teschnerm\AppData\Local\Temp\lwjglTeschnerM\3.3.1-build-7\lwjgl_opengl.dll
Event: 1.413 Thread 0x000001b9b00078a0 Thread added: 0x000001b9b00078a0
Event: 1.703 Loaded shared library C:\Users\teschnerm\AppData\Local\Temp\lwjglTeschnerM\3.3.1-build-7\lwjgl_stb.dll


Dynamic libraries:
0x00007ff74e7e0000 - 0x00007ff74e7ed000 	C:\Users\teschnerm\.jdks\corretto-16.0.2\bin\java.exe
0x00007ff9e5710000 - 0x00007ff9e5905000 	C:\WINDOWS\SYSTEM32\ntdll.dll
0x00007ff9e5470000 - 0x00007ff9e552d000 	C:\WINDOWS\System32\KERNEL32.DLL
0x00007ff9e51a0000 - 0x00007ff9e5468000 	C:\WINDOWS\System32\KERNELBASE.dll
0x00007ff9e3150000 - 0x00007ff9e3250000 	C:\WINDOWS\System32\ucrtbase.dll
0x00007ff9d6500000 - 0x00007ff9d6515000 	C:\Users\teschnerm\.jdks\corretto-16.0.2\bin\VCRUNTIME140.dll
0x00007ff9d7ad0000 - 0x00007ff9d7ae8000 	C:\Users\teschnerm\.jdks\corretto-16.0.2\bin\jli.dll
0x00007ff9e5530000 - 0x00007ff9e56d0000 	C:\WINDOWS\System32\USER32.dll
0x00007ff9e3440000 - 0x00007ff9e3462000 	C:\WINDOWS\System32\win32u.dll
0x00007ff9e4ca0000 - 0x00007ff9e4cca000 	C:\WINDOWS\System32\GDI32.dll
0x00007ff9cbe30000 - 0x00007ff9cc0ca000 	C:\WINDOWS\WinSxS\amd64_microsoft.windows.common-controls_6595b64144ccf1df_6.0.19041.1052_none_60b8f8fd71f5e8cb\COMCTL32.dll
0x00007ff9e3250000 - 0x00007ff9e335b000 	C:\WINDOWS\System32\gdi32full.dll
0x00007ff9e3e00000 - 0x00007ff9e3e9e000 	C:\WINDOWS\System32\msvcrt.dll
0x00007ff9e3060000 - 0x00007ff9e30fd000 	C:\WINDOWS\System32\msvcp_win.dll
0x00007ff9e4520000 - 0x00007ff9e4550000 	C:\WINDOWS\System32\IMM32.DLL
0x00007ff9cb760000 - 0x00007ff9cb7fb000 	C:\Users\teschnerm\.jdks\corretto-16.0.2\bin\msvcp140.dll
0x00007ff957150000 - 0x00007ff957d59000 	C:\Users\teschnerm\.jdks\corretto-16.0.2\bin\server\jvm.dll
0x00007ff9e41a0000 - 0x00007ff9e424c000 	C:\WINDOWS\System32\ADVAPI32.dll
0x00007ff9e34e0000 - 0x00007ff9e357b000 	C:\WINDOWS\System32\sechost.dll
0x00007ff9e5070000 - 0x00007ff9e519b000 	C:\WINDOWS\System32\RPCRT4.dll
0x00007ff9e3600000 - 0x00007ff9e3608000 	C:\WINDOWS\System32\PSAPI.DLL
0x00007ff9c7ca0000 - 0x00007ff9c7ca9000 	C:\WINDOWS\SYSTEM32\WSOCK32.dll
0x00007ff9cc0d0000 - 0x00007ff9cc0f7000 	C:\WINDOWS\SYSTEM32\WINMM.dll
0x00007ff9d6d50000 - 0x00007ff9d6d5a000 	C:\WINDOWS\SYSTEM32\VERSION.dll
0x00007ff9e3470000 - 0x00007ff9e34db000 	C:\WINDOWS\System32\WS2_32.dll
0x00007ff9e0cc0000 - 0x00007ff9e0cd2000 	C:\WINDOWS\SYSTEM32\kernel.appcore.dll
0x00007ff9d8c90000 - 0x00007ff9d8c9a000 	C:\Users\teschnerm\.jdks\corretto-16.0.2\bin\jimage.dll
0x00007ff9e05c0000 - 0x00007ff9e07a4000 	C:\WINDOWS\SYSTEM32\DBGHELP.DLL
0x00007ff9ced20000 - 0x00007ff9ced4c000 	C:\WINDOWS\SYSTEM32\dbgcore.DLL
0x00007ff9e2e10000 - 0x00007ff9e2e93000 	C:\WINDOWS\System32\bcryptPrimitives.dll
0x00007ff9cd5f0000 - 0x00007ff9cd615000 	C:\Users\teschnerm\.jdks\corretto-16.0.2\bin\java.dll
0x00007ff9e36c0000 - 0x00007ff9e3dff000 	C:\WINDOWS\System32\SHELL32.dll
0x00007ff9e0ec0000 - 0x00007ff9e1650000 	C:\WINDOWS\SYSTEM32\windows.storage.dll
0x00007ff9e4cd0000 - 0x00007ff9e5025000 	C:\WINDOWS\System32\combase.dll
0x00007ff9e2880000 - 0x00007ff9e28ac000 	C:\WINDOWS\SYSTEM32\Wldp.dll
0x00007ff9e3610000 - 0x00007ff9e36be000 	C:\WINDOWS\System32\SHCORE.dll
0x00007ff9e4c40000 - 0x00007ff9e4c95000 	C:\WINDOWS\System32\shlwapi.dll
0x00007ff9e2d50000 - 0x00007ff9e2d6f000 	C:\WINDOWS\SYSTEM32\profapi.dll
0x00007ff9cd440000 - 0x00007ff9cd459000 	C:\Users\teschnerm\.jdks\corretto-16.0.2\bin\net.dll
0x00007ff9cf080000 - 0x00007ff9cf18b000 	C:\WINDOWS\SYSTEM32\WINHTTP.dll
0x00007ff9e25f0000 - 0x00007ff9e265a000 	C:\WINDOWS\system32\mswsock.dll
0x00007ff9cb8f0000 - 0x00007ff9cb903000 	C:\Users\teschnerm\.jdks\corretto-16.0.2\bin\nio.dll
0x00007ff9cb8d0000 - 0x00007ff9cb8e8000 	C:\Users\teschnerm\.jdks\corretto-16.0.2\bin\zip.dll
0x00007ff9d7a90000 - 0x00007ff9d7aa0000 	C:\Users\teschnerm\.jdks\corretto-16.0.2\bin\verify.dll
0x00007ff9b6da0000 - 0x00007ff9b6e15000 	C:\Users\teschnerm\AppData\Local\Temp\lwjglTeschnerM\3.3.1-build-7\lwjgl.dll
0x00007ff964470000 - 0x00007ff9646c9000 	C:\Users\TESCHN~1\AppData\Local\Temp\lwjglTeschnerM\3.3.1-build-7\jemalloc.dll
0x00007ff9b50c0000 - 0x00007ff9b5121000 	C:\Users\TESCHN~1\AppData\Local\Temp\lwjglTeschnerM\3.3.1-build-7\glfw.dll
0x00007ff9cd460000 - 0x00007ff9cd4a5000 	C:\WINDOWS\SYSTEM32\dinput8.dll
0x00007ff9d7b60000 - 0x00007ff9d7b71000 	C:\WINDOWS\SYSTEM32\xinput1_4.dll
0x00007ff9e3100000 - 0x00007ff9e314e000 	C:\WINDOWS\System32\cfgmgr32.dll
0x00007ff9e2bc0000 - 0x00007ff9e2bec000 	C:\WINDOWS\SYSTEM32\DEVOBJ.dll
0x00007ff9e09d0000 - 0x00007ff9e09ff000 	C:\WINDOWS\SYSTEM32\dwmapi.dll
0x00007ff9c6aa0000 - 0x00007ff9c6bf2000 	C:\WINDOWS\SYSTEM32\inputhost.dll
0x00007ff9e4250000 - 0x00007ff9e431d000 	C:\WINDOWS\System32\OLEAUT32.dll
0x00007ff9db640000 - 0x00007ff9db732000 	C:\WINDOWS\SYSTEM32\CoreMessaging.dll
0x00007ff9e0320000 - 0x00007ff9e0416000 	C:\WINDOWS\SYSTEM32\PROPSYS.dll
0x00007ff9dbc30000 - 0x00007ff9dbd84000 	C:\WINDOWS\SYSTEM32\wintypes.dll
0x00007ff9db2e0000 - 0x00007ff9db63e000 	C:\WINDOWS\SYSTEM32\CoreUIComponents.dll
0x00007ff9e1ab0000 - 0x00007ff9e1ae3000 	C:\WINDOWS\SYSTEM32\ntmarta.dll
0x00007ff9dbdd0000 - 0x00007ff9dbe6e000 	C:\WINDOWS\system32\uxtheme.dll
0x00007ff9e4570000 - 0x00007ff9e4685000 	C:\WINDOWS\System32\MSCTF.dll
0x00007ff9aecd0000 - 0x00007ff9aedf6000 	C:\WINDOWS\SYSTEM32\opengl32.dll
0x00007ff9aeca0000 - 0x00007ff9aeccc000 	C:\WINDOWS\SYSTEM32\GLU32.dll
0x00007ff9e40f0000 - 0x00007ff9e4199000 	C:\WINDOWS\System32\clbcatq.dll
0x00007ff955160000 - 0x00007ff95612a000 	C:\WINDOWS\System32\DriverStore\FileRepository\iigd_dch.inf_amd64_0804967595b473cc\ig9icd64.dll
0x00007ff9e43f0000 - 0x00007ff9e451a000 	C:\WINDOWS\System32\ole32.dll
0x00007ff9e16b0000 - 0x00007ff9e17a4000 	C:\WINDOWS\system32\dxgi.dll
0x00007ff9d1fc0000 - 0x00007ff9d21ff000 	C:\WINDOWS\System32\DriverStore\FileRepository\iigd_dch.inf_amd64_0804967595b473cc\igdgmm64.dll
0x00007ff9cf3c0000 - 0x00007ff9d1f89000 	C:\WINDOWS\System32\DriverStore\FileRepository\iigd_dch.inf_amd64_0804967595b473cc\igc64.dll
0x00007ff9e23b0000 - 0x00007ff9e23fb000 	C:\WINDOWS\SYSTEM32\powrprof.dll
0x00007ff9e2270000 - 0x00007ff9e2282000 	C:\WINDOWS\SYSTEM32\UMPDC.dll
0x00007ff954d50000 - 0x00007ff95515c000 	C:\WINDOWS\System32\DriverStore\FileRepository\iigd_dch.inf_amd64_0804967595b473cc\igdml64.dll
0x00007ff9ca3b0000 - 0x00007ff9ca4a9000 	C:\WINDOWS\SYSTEM32\textinputframework.dll
0x00007ff9c71a0000 - 0x00007ff9c7206000 	C:\WINDOWS\system32\Oleacc.dll
0x00007ff9b4ab0000 - 0x00007ff9b4b0d000 	C:\Users\teschnerm\AppData\Local\Temp\lwjglTeschnerM\3.3.1-build-7\lwjgl_opengl.dll
0x00007ff9547a0000 - 0x00007ff954d49000 	C:\Users\TESCHN~1\AppData\Local\Temp\lwjglTeschnerM\3.3.1-build-7\assimp.dll
0x00007ff9a75f0000 - 0x00007ff9a7671000 	C:\Users\teschnerm\AppData\Local\Temp\lwjglTeschnerM\3.3.1-build-7\lwjgl_stb.dll

dbghelp: loaded successfully - version: 4.0.5 - missing functions: none
symbol engine: initialized successfully - sym options: 0x614 - pdb path: .;C:\Users\teschnerm\.jdks\corretto-16.0.2\bin;C:\WINDOWS\SYSTEM32;C:\WINDOWS\WinSxS\amd64_microsoft.windows.common-controls_6595b64144ccf1df_6.0.19041.1052_none_60b8f8fd71f5e8cb;C:\Users\teschnerm\.jdks\corretto-16.0.2\bin\server;C:\Users\teschnerm\AppData\Local\Temp\lwjglTeschnerM\3.3.1-build-7;C:\Users\TESCHN~1\AppData\Local\Temp\lwjglTeschnerM\3.3.1-build-7;C:\WINDOWS\System32\DriverStore\FileRepository\iigd_dch.inf_amd64_0804967595b473cc

VM Arguments:
jvm_args: -Dfile.encoding=windows-1252 -Duser.country=US -Duser.language=en -Duser.variant 
java_command: app.Main
java_class_path (initial): C:\Users\teschnerm\IdeaProjects\x16\build\classes\java\main;C:\Users\teschnerm\IdeaProjects\x16\build\resources\main;C:\Users\teschnerm\.gradle\caches\modules-2\files-2.1\org.lwjgl\lwjgl-assimp\3.3.1\312072f451794f25670aebb0160ce6ec88aff842\lwjgl-assimp-3.3.1.jar;C:\Users\teschnerm\.gradle\caches\modules-2\files-2.1\org.lwjgl\lwjgl-assimp\3.3.1\bfa2a0d57acbf952b716d0ad8a3acbd7ad9f5639\lwjgl-assimp-3.3.1-natives-windows.jar;C:\Users\teschnerm\.gradle\caches\modules-2\files-2.1\org.lwjgl\lwjgl-bgfx\3.3.1\4243b7d255d885980f10c36edfb678729493685e\lwjgl-bgfx-3.3.1.jar;C:\Users\teschnerm\.gradle\caches\modules-2\files-2.1\org.lwjgl\lwjgl-bgfx\3.3.1\12f22e13c99db9153124dbc17b84fe0233c6f3d5\lwjgl-bgfx-3.3.1-natives-windows.jar;C:\Users\teschnerm\.gradle\caches\modules-2\files-2.1\org.lwjgl\lwjgl-cuda\3.3.1\8b67bd7760450f890eade8f74bfaf0dca10821fe\lwjgl-cuda-3.3.1.jar;C:\Users\teschnerm\.gradle\caches\modules-2\files-2.1\org.lwjgl\lwjgl-egl\3.3.1\8399e6734ad7d97d2e1f865b2c6c5232d5126dca\lwjgl-egl-3.3.1.jar;C:\Users\teschnerm\.gradle\caches\modules-2\files-2.1\org.lwjgl\lwjgl-glfw\3.3.1\cbac1b8d30cb4795149c1ef540f912671a8616d0\lwjgl-glfw-3.3.1.jar;C:\Users\teschnerm\.gradle\caches\modules-2\files-2.1\org.lwjgl\lwjgl-glfw\3.3.1\ed892f945cf7e79c8756796f32d00fa4ceaf573b\lwjgl-glfw-3.3.1-natives-windows.jar;C:\Users\teschnerm\.gradle\caches\modules-2\files-2.1\org.lwjgl\lwjgl-jawt\3.3.1\30330b16b809655d42f4951ece57f425cce43ce2\lwjgl-jawt-3.3.1.jar;C:\Users\teschnerm\.gradle\caches\modules-2\files-2.1\org.lwjgl\lwjgl-jemalloc\3.3.1\a817bcf213db49f710603677457567c37d53e103\lwjgl-jemalloc-3.3.1.jar;C:\Users\teschnerm\.gradle\caches\modules-2\files-2.1\org.lwjgl\lwjgl-jemalloc\3.3.1\948a89b76a16aa324b046ae9308891216ffce5f9\lwjgl-jemalloc-3.3.1-natives-windows.jar;C:\Users\teschnerm\.gradle\caches\modules-2\files-2.1\org.lwjgl\lwjgl-libdivide\3.3.1\ed21d21e4f3d508908ef1a23d885e73983f244ea\lwjgl-libdivide-3.3.1.jar;C:\Users\teschnerm\.gradle\caches\modules-
Launcher Type: SUN_STANDARD

[Global flags]
     intx CICompilerCount                          = 4                                         {product} {ergonomic}
     uint ConcGCThreads                            = 2                                         {product} {ergonomic}
     uint G1ConcRefinementThreads                  = 8                                         {product} {ergonomic}
   size_t G1HeapRegionSize                         = 2097152                                   {product} {ergonomic}
    uintx GCDrainStackTargetSize                   = 64                                        {product} {ergonomic}
   size_t InitialHeapSize                          = 257949696                                 {product} {ergonomic}
   size_t MarkStackSize                            = 4194304                                   {product} {ergonomic}
   size_t MaxHeapSize                              = 4108320768                                {product} {ergonomic}
   size_t MaxNewSize                               = 2464153600                                {product} {ergonomic}
   size_t MinHeapDeltaBytes                        = 2097152                                   {product} {ergonomic}
   size_t MinHeapSize                              = 8388608                                   {product} {ergonomic}
    uintx NonNMethodCodeHeapSize                   = 5839372                                {pd product} {ergonomic}
    uintx NonProfiledCodeHeapSize                  = 122909434                              {pd product} {ergonomic}
    uintx ProfiledCodeHeapSize                     = 122909434                              {pd product} {ergonomic}
    uintx ReservedCodeCacheSize                    = 251658240                              {pd product} {ergonomic}
     bool SegmentedCodeCache                       = true                                      {product} {ergonomic}
   size_t SoftMaxHeapSize                          = 4108320768                             {manageable} {ergonomic}
     bool UseCompressedClassPointers               = true                           {product lp64_product} {ergonomic}
     bool UseCompressedOops                        = true                           {product lp64_product} {ergonomic}
     bool UseG1GC                                  = true                                      {product} {ergonomic}
     bool UseLargePagesIndividualAllocation        = false                                  {pd product} {ergonomic}

Logging:
Log output configuration:
 #0: stdout all=warning uptime,level,tags
 #1: stderr all=off uptime,level,tags

Environment Variables:
JAVA_HOME=C:\portapps\oracle-jdk-portable\app
CLASSPATH=.;C:\Program Files (x86)\QuickTime\QTSystem\QTJava.zip
PATH=C:\Program Files\Microsoft\jdk-11.0.12.7-hotspot\bin;C:\Program Files (x86)\Common Files\Intel\Shared Libraries\redist\intel64\compiler;C:\WINDOWS\system32;C:\WINDOWS;C:\WINDOWS\System32\Wbem;C:\WINDOWS\System32\WindowsPowerShell\v1.0\;C:\WINDOWS\System32\OpenSSH\;C:\Program Files\Intel\WiFi\bin\;C:\Program Files\Common Files\Intel\WirelessCommon\;C:\Program Files (x86)\IVI Foundation\VISA\WinNT\Bin;C:\Program Files (x86)\QuickTime\QTSystem\;C:\Program Files\Microsoft SQL Server\130\Tools\Binn\;C:\Program Files\Microsoft SQL Server\Client SDK\ODBC\170\Tools\Binn\;C:\Program Files\CMake\bin;C:\Program Files\Microsoft SQL Server\150\Tools\Binn\;C:\Program Files\dotnet\;C:\Users\teschnerm\AppData\Local\Microsoft\WindowsApps;C:\Users\teschnerm\AppData\Local\Programs\Microsoft VS Code\bin;C:\Users\teschnerm\AppData\Local\GitHubDesktop\bin;C:\Users\teschnerm\node;C:\Users\teschnerm\AppData\Local\Programs\Git\cmd;C:\Program Files\Microsoft SDKs\Windows\v6.1\Bin;C:\Program Files\Microsoft Visual Studio\2022\Community\VC\Tools\MSVC\14.31.31103\bin;C:\Program Files\Microsoft Visual Studio\2022\Community\Common7\IDE;C:\Program Files\Microsoft Visual Studio\2022\Community\VC\Tools\MSVC\14.31.31103\bin\Hostx64\x64;C:\Program Files (x86)\Windows Kits\10\bin\10.0.19041.0\x64;C:\Program Files\Microsoft Visual Studio\2022\Community\Common7\IDE\Remote Debugger\x64;C:\flutter\bin;
USERNAME=TeschnerM
OS=Windows_NT
PROCESSOR_IDENTIFIER=Intel64 Family 6 Model 142 Stepping 12, GenuineIntel



---------------  S Y S T E M  ---------------

OS:
 Windows 10 , 64 bit Build 19041 (10.0.19041.1023)
OS uptime: 0 days 5:10 hours

CPU: total 8 (initial active 8) (4 cores per cpu, 2 threads per core) family 6 model 142 stepping 12 microcode 0xb8, cx8, cmov, fxsr, ht, mmx, 3dnowpref, sse, sse2, sse3, ssse3, sse4.1, sse4.2, popcnt, lzcnt, tsc, tscinvbit, avx, avx2, aes, erms, clmul, bmi1, bmi2, adx, fma, vzeroupper, clflush, clflushopt

Memory: 4k page, system-wide physical 15668M (5354M free)
TotalPageFile size 18100M (AvailPageFile size 6317M)
current process WorkingSet (physical memory assigned to process): 108M, peak: 120M
current process commit charge ("private bytes"): 374M, peak: 389M

vm_info: OpenJDK 64-Bit Server VM (16.0.2+7) for windows-amd64 JRE (16.0.2+7), built on Jul 22 2021 01:11:46 by "Administrator" with MS VC++ 15.9 (VS2017)

END.
