#
# A fatal error has been detected by the Java Runtime Environment:
#
#  EXCEPTION_ACCESS_VIOLATION (0xc0000005) at pc=0x00007fff13858e19, pid=12772, tid=5848
#
# JRE version: OpenJDK Runtime Environment Corretto-16.0.2.7.1 (16.0.2+7) (build 16.0.2+7)
# Java VM: OpenJDK 64-Bit Server VM Corretto-16.0.2.7.1 (16.0.2+7, mixed mode, sharing, tiered, compressed oops, compressed class ptrs, g1 gc, windows-amd64)
# Problematic frame:
# C  [nvoglv64.dll+0xcb8e19]
#
# No core dump will be written. Minidumps are not enabled by default on client versions of Windows
#
# If you would like to submit a bug report, please visit:
#   https://github.com/corretto/corretto-jdk/issues/
# The crash happened outside the Java Virtual Machine in native code.
# See problematic frame for where to report the bug.
#

---------------  S U M M A R Y ------------

Command Line: -Dfile.encoding=windows-1252 -Duser.country=US -Duser.language=en -Duser.variant app.Main

Host: Intel(R) Core(TM) i7-3770 CPU @ 3.40GHz, 8 cores, 7G,  Windows 10 , 64 bit Build 19041 (10.0.19041.1466)
Time: Sat May 21 13:46:15 2022 Central Daylight Time elapsed time: 1.376448 seconds (0d 0h 0m 1s)

---------------  T H R E A D  ---------------

Current thread (0x00000245ac7c4dd0):  JavaThread "main" [_thread_in_native, id=5848, stack(0x0000009400f00000,0x0000009401000000)]

Stack: [0x0000009400f00000,0x0000009401000000],  sp=0x0000009400ffead0,  free space=1018k
Native frames: (J=compiled Java code, j=interpreted, Vv=VM code, C=native code)
C  [nvoglv64.dll+0xcb8e19]

Java frames: (J=compiled Java code, j=interpreted, Vv=VM code)
j  org.lwjgl.opengl.GL11C.nglDrawElements(IIIJ)V+0
j  org.lwjgl.opengl.GL11C.glDrawElements(IIIJ)V+4
j  org.lwjgl.opengl.GL11.glDrawElements(IIIJ)V+4
j  ecs.entities.Renderer.renderToSceen()V+55
j  ecs.entities.Renderer.loop()V+42
j  ecs.scenes.Scene.lowerLoop()V+30
j  ecs.scenes.TestScene.loop()V+1
j  io.Display.loop()V+91
j  io.Display.init()V+275
j  io.Display.<init>(IILjava/lang/String;Ljava/lang/String;)V+41
j  app.Main.main([Ljava/lang/String;)V+14
v  ~StubRoutines::call_stub

siginfo: EXCEPTION_ACCESS_VIOLATION (0xc0000005), reading address 0x0000000000000014


Register to memory mapping:

RIP=0x00007fff13858e19 nvoglv64.dll
RAX=0x00000026ada32890 is an unknown value
RBX=0x0000000000000001 is an unknown value
RCX=0x0 is NULL
RDX=0x00000182c85f95a7 is an unknown value
RSP=0x0000009400ffead0 is pointing into the stack for thread: 0x00000245ac7c4dd0
RBP=0x0000000000000006 is an unknown value
RSI=0x0000000000000006 is an unknown value
RDI=0x0000000000001405 is an unknown value
R8 =0x0000000000000098 is an unknown value
R9 =0x0 is NULL
R10=0x0000000000000001 is an unknown value
R11=0x000000e1156304bf is an unknown value
R12=0x0000000000000004 is an unknown value
R13=0x00000245ce70b080 points into unknown readable memory: 0x0000000000000000 | 00 00 00 00 00 00 00 00
R14=0x0 is NULL
R15=0x00000245ce70d3a8 points into unknown readable memory: 0x0000000100000004 | 04 00 00 00 01 00 00 00


Registers:
RAX=0x00000026ada32890, RBX=0x0000000000000001, RCX=0x0000000000000000, RDX=0x00000182c85f95a7
RSP=0x0000009400ffead0, RBP=0x0000000000000006, RSI=0x0000000000000006, RDI=0x0000000000001405
R8 =0x0000000000000098, R9 =0x0000000000000000, R10=0x0000000000000001, R11=0x000000e1156304bf
R12=0x0000000000000004, R13=0x00000245ce70b080, R14=0x0000000000000000, R15=0x00000245ce70d3a8
RIP=0x00007fff13858e19, EFLAGS=0x0000000000010246

Top of Stack: (sp=0x0000009400ffead0)
0x0000009400ffead0:   0000000000000001 00007fff40dcff9d
0x0000009400ffeae0:   00000245000000b8 00000245ac7c4dd0
0x0000009400ffeaf0:   00000245cc3b6928 00000245ac7c4dd0
0x0000009400ffeb00:   00000245cc3b6928 00000245ac7c4dd0
0x0000009400ffeb10:   00000245cc0047e0 00000245ac7c4dd0
0x0000009400ffeb20:   00000245ce70d3a8 0000009400ffedf0
0x0000009400ffeb30:   00000245b51ab066 00000245b5198e10
0x0000009400ffeb40:   0000024500000000 0000000000000000
0x0000009400ffeb50:   0000009400ffecf0 0000000000001405
0x0000009400ffeb60:   0000000000000004 00000245ce70b080
0x0000009400ffeb70:   0000000000000006 0000009400ffecb0
0x0000009400ffeb80:   0000000000000000 00007fff134b7806
0x0000009400ffeb90:   0000000800c34400 0000024500000004
0x0000009400ffeba0:   0000024500000000 0000024500000000
0x0000009400ffebb0:   0000024500000018 fffffffe00001405
0x0000009400ffebc0:   0000000000000000 0000000000000000 

Instructions: (pc=0x00007fff13858e19)
0x00007fff13858d19:   57 48 83 ec 78 4c 8b b9 f8 02 00 00 4c 8b e9 48
0x00007fff13858d29:   63 ac 24 e0 00 00 00 44 8b c2 8b bc 24 e8 00 00
0x00007fff13858d39:   00 8b d5 4c 8b b4 24 f0 00 00 00 8b cf 45 8b 57
0x00007fff13858d49:   14 41 8b 47 18 41 f7 d2 45 23 57 0c 41 0b c2 d1
0x00007fff13858d59:   e9 83 e1 03 4c 89 7c 24 50 d3 e2 f7 d0 41 23 47
0x00007fff13858d69:   10 41 80 7f 1e 00 89 94 24 e0 00 00 00 0f 85 64
0x00007fff13858d79:   08 00 00 41 80 bd 4c ec 55 00 00 0f 85 56 08 00
0x00007fff13858d89:   00 85 ed 0f 8e 4e 08 00 00 41 83 f8 0e 0f 87 44
0x00007fff13858d99:   08 00 00 41 3b 95 68 ee 55 00 0f 8f 37 08 00 00
0x00007fff13858da9:   41 83 7f 08 00 0f 85 2c 08 00 00 41 80 7f 1d 00
0x00007fff13858db9:   0f 85 21 08 00 00 41 80 7f 1c 00 0f 85 16 08 00
0x00007fff13858dc9:   00 41 80 bd 55 38 55 00 00 0f 85 08 08 00 00 41
0x00007fff13858dd9:   80 bd 5c 38 55 00 00 0f 85 fa 07 00 00 a9 00 00
0x00007fff13858de9:   03 00 0f 85 ef 07 00 00 44 0b d0 45 85 57 20 0f
0x00007fff13858df9:   85 e2 07 00 00 bb 01 00 00 00 49 8d 8d c0 ef 55
0x00007fff13858e09:   00 8b d3 e8 1f 46 e7 ff 81 ff 05 14 00 00 75 18
0x00007fff13858e19:   41 8b 44 ae fc 4c 8d 65 ff 41 8b 0e 8b f8 3b c8
0x00007fff13858e29:   0f 47 f9 0f 42 c1 eb 5b 81 ff 03 14 00 00 75 24
0x00007fff13858e39:   41 0f b7 4c 6e fe 4c 8d 65 ff 41 0f b7 16 0f b7
0x00007fff13858e49:   c1 66 3b d1 66 0f 47 c2 66 0f 42 ca 0f b7 f8 0f
0x00007fff13858e59:   b7 c1 eb 2f 81 ff 01 14 00 00 0f 85 77 07 00 00
0x00007fff13858e69:   42 0f b6 54 35 ff 4c 8d 65 ff 45 0f b6 06 8b ca
0x00007fff13858e79:   44 3a c2 41 0f 47 c8 0f b6 f9 8b ca 41 0f 42 c8
0x00007fff13858e89:   0f b6 c1 49 8b cf 8d 75 ff 2b f8 e8 47 0b 00 00
0x00007fff13858e99:   45 8b 57 78 41 8b c2 0f af c7 44 89 94 24 c0 00
0x00007fff13858ea9:   00 00 41 3b 85 6c ee 55 00 0f 8f 21 07 00 00 8b
0x00007fff13858eb9:   84 24 e8 00 00 00 0f 29 74 24 60 3d 05 14 00 00
0x00007fff13858ec9:   0f 85 f6 00 00 00 45 8b 3e 41 8b ff 49 8d 56 04
0x00007fff13858ed9:   3b eb 0f 8e 70 03 00 00 83 fe 08 0f 82 b1 00 00
0x00007fff13858ee9:   00 83 3d ff 36 07 02 02 0f 8c a4 00 00 00 81 e6
0x00007fff13858ef9:   07 00 00 80 7d 07 ff ce 83 ce f8 ff c6 66 41 0f
0x00007fff13858f09:   6e cf 8b c5 66 0f 70 c9 00 2b c6 66 0f 6f d9 66 


Stack slot to memory mapping:
stack at sp + 0 slots: 0x0000000000000001 is an unknown value
stack at sp + 1 slots: 0x00007fff40dcff9d jvm.dll
stack at sp + 2 slots: 0x00000245000000b8 is an unknown value
stack at sp + 3 slots: 0x00000245ac7c4dd0 is a thread
stack at sp + 4 slots: {method} {0x00000245cc3b6930} 'glEnableVertexAttribArray' '(I)V' in 'org/lwjgl/opengl/GL20'
stack at sp + 5 slots: 0x00000245ac7c4dd0 is a thread
stack at sp + 6 slots: {method} {0x00000245cc3b6930} 'glEnableVertexAttribArray' '(I)V' in 'org/lwjgl/opengl/GL20'
stack at sp + 7 slots: 0x00000245ac7c4dd0 is a thread


---------------  P R O C E S S  ---------------

Threads class SMR info:
_java_thread_list=0x00000245d45d9420, length=12, elements={
0x00000245ac7c4dd0, 0x00000245cba4ffa0, 0x00000245cba50e60, 0x00000245cba60930,
0x00000245cba62350, 0x00000245cba66e70, 0x00000245cba68880, 0x00000245cba6cb60,
0x00000245cba79680, 0x00000245cbaa68d0, 0x00000245cc4e3250, 0x00000245cc4e8380
}

Java Threads: ( => current thread )
=>0x00000245ac7c4dd0 JavaThread "main" [_thread_in_native, id=5848, stack(0x0000009400f00000,0x0000009401000000)]
  0x00000245cba4ffa0 JavaThread "Reference Handler" daemon [_thread_blocked, id=7604, stack(0x0000009401600000,0x0000009401700000)]
  0x00000245cba50e60 JavaThread "Finalizer" daemon [_thread_blocked, id=10972, stack(0x0000009401700000,0x0000009401800000)]
  0x00000245cba60930 JavaThread "Signal Dispatcher" daemon [_thread_blocked, id=13424, stack(0x0000009401800000,0x0000009401900000)]
  0x00000245cba62350 JavaThread "Attach Listener" daemon [_thread_blocked, id=19872, stack(0x0000009401900000,0x0000009401a00000)]
  0x00000245cba66e70 JavaThread "Service Thread" daemon [_thread_blocked, id=13108, stack(0x0000009401a00000,0x0000009401b00000)]
  0x00000245cba68880 JavaThread "Monitor Deflation Thread" daemon [_thread_blocked, id=18168, stack(0x0000009401b00000,0x0000009401c00000)]
  0x00000245cba6cb60 JavaThread "C2 CompilerThread0" daemon [_thread_blocked, id=2544, stack(0x0000009401c00000,0x0000009401d00000)]
  0x00000245cba79680 JavaThread "C1 CompilerThread0" daemon [_thread_blocked, id=4232, stack(0x0000009401d00000,0x0000009401e00000)]
  0x00000245cbaa68d0 JavaThread "Sweeper thread" daemon [_thread_blocked, id=17296, stack(0x0000009401e00000,0x0000009401f00000)]
  0x00000245cc4e3250 JavaThread "Notification Thread" daemon [_thread_blocked, id=15044, stack(0x0000009401f00000,0x0000009402000000)]
  0x00000245cc4e8380 JavaThread "Common-Cleaner" daemon [_thread_blocked, id=2896, stack(0x0000009402100000,0x0000009402200000)]

Other Threads:
  0x00000245cba46f20 VMThread "VM Thread" [stack: 0x0000009401500000,0x0000009401600000] [id=10060]
  0x00000245cc4e4780 WatcherThread [stack: 0x0000009402000000,0x0000009402100000] [id=5944]
  0x00000245ac808b70 GCTaskThread "GC Thread#0" [stack: 0x0000009401000000,0x0000009401100000] [id=4928]
  0x00000245ac81aa40 ConcurrentGCThread "G1 Main Marker" [stack: 0x0000009401100000,0x0000009401200000] [id=7424]
  0x00000245ac81b4b0 ConcurrentGCThread "G1 Conc#0" [stack: 0x0000009401200000,0x0000009401300000] [id=8048]
  0x00000245ac895860 ConcurrentGCThread "G1 Refine#0" [stack: 0x0000009401300000,0x0000009401400000] [id=1788]
  0x00000245cb9003e0 ConcurrentGCThread "G1 Service" [stack: 0x0000009401400000,0x0000009401500000] [id=13496]

Threads with active compile tasks:

VM state: not at safepoint (normal execution)

VM Mutex/Monitor currently owned by a thread: None

Heap address: 0x0000000080c00000, size: 2036 MB, Compressed Oops mode: 32-bit

CDS archive(s) mapped at: [0x0000000800000000-0x0000000800be0000-0x0000000800be0000), size 12451840, SharedBaseAddress: 0x0000000800000000, ArchiveRelocationMode: 0.
Compressed class space mapped at: 0x0000000800c00000-0x0000000840c00000, reserved size: 1073741824
Narrow klass base: 0x0000000800000000, Narrow klass shift: 3, Narrow klass range: 0x100000000

GC Precious Log:
 CPUs: 8 total, 8 available
 Memory: 8141M
 Large Page Support: Disabled
 NUMA Support: Disabled
 Compressed Oops: Enabled (32-bit)
 Heap Region Size: 1M
 Heap Min Capacity: 8M
 Heap Initial Capacity: 128M
 Heap Max Capacity: 2036M
 Pre-touch: Disabled
 Parallel Workers: 8
 Concurrent Workers: 2
 Concurrent Refinement Workers: 8
 Periodic GC: Disabled

Heap:
 garbage-first heap   total 131072K, used 20480K [0x0000000080c00000, 0x0000000100000000)
  region size 1024K, 22 young (22528K), 0 survivors (0K)
 Metaspace       used 6467K, committed 6656K, reserved 1064960K
  class space    used 289K, committed 384K, reserved 1048576K

Heap Regions: E=young(eden), S=young(survivor), O=old, HS=humongous(starts), HC=humongous(continues), CS=collection set, F=free, OA=open archive, CA=closed archive, TAMS=top-at-mark-start (previous, next)
|   0|0x0000000080c00000, 0x0000000080c00000, 0x0000000080d00000|  0%| F|  |TAMS 0x0000000080c00000, 0x0000000080c00000| Untracked 
|   1|0x0000000080d00000, 0x0000000080d00000, 0x0000000080e00000|  0%| F|  |TAMS 0x0000000080d00000, 0x0000000080d00000| Untracked 
|   2|0x0000000080e00000, 0x0000000080e00000, 0x0000000080f00000|  0%| F|  |TAMS 0x0000000080e00000, 0x0000000080e00000| Untracked 
|   3|0x0000000080f00000, 0x0000000080f00000, 0x0000000081000000|  0%| F|  |TAMS 0x0000000080f00000, 0x0000000080f00000| Untracked 
|   4|0x0000000081000000, 0x0000000081000000, 0x0000000081100000|  0%| F|  |TAMS 0x0000000081000000, 0x0000000081000000| Untracked 
|   5|0x0000000081100000, 0x0000000081100000, 0x0000000081200000|  0%| F|  |TAMS 0x0000000081100000, 0x0000000081100000| Untracked 
|   6|0x0000000081200000, 0x0000000081200000, 0x0000000081300000|  0%| F|  |TAMS 0x0000000081200000, 0x0000000081200000| Untracked 
|   7|0x0000000081300000, 0x0000000081300000, 0x0000000081400000|  0%| F|  |TAMS 0x0000000081300000, 0x0000000081300000| Untracked 
|   8|0x0000000081400000, 0x0000000081400000, 0x0000000081500000|  0%| F|  |TAMS 0x0000000081400000, 0x0000000081400000| Untracked 
|   9|0x0000000081500000, 0x0000000081500000, 0x0000000081600000|  0%| F|  |TAMS 0x0000000081500000, 0x0000000081500000| Untracked 
|  10|0x0000000081600000, 0x0000000081600000, 0x0000000081700000|  0%| F|  |TAMS 0x0000000081600000, 0x0000000081600000| Untracked 
|  11|0x0000000081700000, 0x0000000081700000, 0x0000000081800000|  0%| F|  |TAMS 0x0000000081700000, 0x0000000081700000| Untracked 
|  12|0x0000000081800000, 0x0000000081800000, 0x0000000081900000|  0%| F|  |TAMS 0x0000000081800000, 0x0000000081800000| Untracked 
|  13|0x0000000081900000, 0x0000000081900000, 0x0000000081a00000|  0%| F|  |TAMS 0x0000000081900000, 0x0000000081900000| Untracked 
|  14|0x0000000081a00000, 0x0000000081a00000, 0x0000000081b00000|  0%| F|  |TAMS 0x0000000081a00000, 0x0000000081a00000| Untracked 
|  15|0x0000000081b00000, 0x0000000081b00000, 0x0000000081c00000|  0%| F|  |TAMS 0x0000000081b00000, 0x0000000081b00000| Untracked 
|  16|0x0000000081c00000, 0x0000000081c00000, 0x0000000081d00000|  0%| F|  |TAMS 0x0000000081c00000, 0x0000000081c00000| Untracked 
|  17|0x0000000081d00000, 0x0000000081d00000, 0x0000000081e00000|  0%| F|  |TAMS 0x0000000081d00000, 0x0000000081d00000| Untracked 
|  18|0x0000000081e00000, 0x0000000081e00000, 0x0000000081f00000|  0%| F|  |TAMS 0x0000000081e00000, 0x0000000081e00000| Untracked 
|  19|0x0000000081f00000, 0x0000000081f00000, 0x0000000082000000|  0%| F|  |TAMS 0x0000000081f00000, 0x0000000081f00000| Untracked 
|  20|0x0000000082000000, 0x0000000082000000, 0x0000000082100000|  0%| F|  |TAMS 0x0000000082000000, 0x0000000082000000| Untracked 
|  21|0x0000000082100000, 0x0000000082100000, 0x0000000082200000|  0%| F|  |TAMS 0x0000000082100000, 0x0000000082100000| Untracked 
|  22|0x0000000082200000, 0x0000000082200000, 0x0000000082300000|  0%| F|  |TAMS 0x0000000082200000, 0x0000000082200000| Untracked 
|  23|0x0000000082300000, 0x0000000082300000, 0x0000000082400000|  0%| F|  |TAMS 0x0000000082300000, 0x0000000082300000| Untracked 
|  24|0x0000000082400000, 0x0000000082400000, 0x0000000082500000|  0%| F|  |TAMS 0x0000000082400000, 0x0000000082400000| Untracked 
|  25|0x0000000082500000, 0x0000000082500000, 0x0000000082600000|  0%| F|  |TAMS 0x0000000082500000, 0x0000000082500000| Untracked 
|  26|0x0000000082600000, 0x0000000082600000, 0x0000000082700000|  0%| F|  |TAMS 0x0000000082600000, 0x0000000082600000| Untracked 
|  27|0x0000000082700000, 0x0000000082700000, 0x0000000082800000|  0%| F|  |TAMS 0x0000000082700000, 0x0000000082700000| Untracked 
|  28|0x0000000082800000, 0x0000000082800000, 0x0000000082900000|  0%| F|  |TAMS 0x0000000082800000, 0x0000000082800000| Untracked 
|  29|0x0000000082900000, 0x0000000082900000, 0x0000000082a00000|  0%| F|  |TAMS 0x0000000082900000, 0x0000000082900000| Untracked 
|  30|0x0000000082a00000, 0x0000000082a00000, 0x0000000082b00000|  0%| F|  |TAMS 0x0000000082a00000, 0x0000000082a00000| Untracked 
|  31|0x0000000082b00000, 0x0000000082b00000, 0x0000000082c00000|  0%| F|  |TAMS 0x0000000082b00000, 0x0000000082b00000| Untracked 
|  32|0x0000000082c00000, 0x0000000082c00000, 0x0000000082d00000|  0%| F|  |TAMS 0x0000000082c00000, 0x0000000082c00000| Untracked 
|  33|0x0000000082d00000, 0x0000000082d00000, 0x0000000082e00000|  0%| F|  |TAMS 0x0000000082d00000, 0x0000000082d00000| Untracked 
|  34|0x0000000082e00000, 0x0000000082e00000, 0x0000000082f00000|  0%| F|  |TAMS 0x0000000082e00000, 0x0000000082e00000| Untracked 
|  35|0x0000000082f00000, 0x0000000082f00000, 0x0000000083000000|  0%| F|  |TAMS 0x0000000082f00000, 0x0000000082f00000| Untracked 
|  36|0x0000000083000000, 0x0000000083000000, 0x0000000083100000|  0%| F|  |TAMS 0x0000000083000000, 0x0000000083000000| Untracked 
|  37|0x0000000083100000, 0x0000000083100000, 0x0000000083200000|  0%| F|  |TAMS 0x0000000083100000, 0x0000000083100000| Untracked 
|  38|0x0000000083200000, 0x0000000083200000, 0x0000000083300000|  0%| F|  |TAMS 0x0000000083200000, 0x0000000083200000| Untracked 
|  39|0x0000000083300000, 0x0000000083300000, 0x0000000083400000|  0%| F|  |TAMS 0x0000000083300000, 0x0000000083300000| Untracked 
|  40|0x0000000083400000, 0x0000000083400000, 0x0000000083500000|  0%| F|  |TAMS 0x0000000083400000, 0x0000000083400000| Untracked 
|  41|0x0000000083500000, 0x0000000083500000, 0x0000000083600000|  0%| F|  |TAMS 0x0000000083500000, 0x0000000083500000| Untracked 
|  42|0x0000000083600000, 0x0000000083600000, 0x0000000083700000|  0%| F|  |TAMS 0x0000000083600000, 0x0000000083600000| Untracked 
|  43|0x0000000083700000, 0x0000000083700000, 0x0000000083800000|  0%| F|  |TAMS 0x0000000083700000, 0x0000000083700000| Untracked 
|  44|0x0000000083800000, 0x0000000083800000, 0x0000000083900000|  0%| F|  |TAMS 0x0000000083800000, 0x0000000083800000| Untracked 
|  45|0x0000000083900000, 0x0000000083900000, 0x0000000083a00000|  0%| F|  |TAMS 0x0000000083900000, 0x0000000083900000| Untracked 
|  46|0x0000000083a00000, 0x0000000083a00000, 0x0000000083b00000|  0%| F|  |TAMS 0x0000000083a00000, 0x0000000083a00000| Untracked 
|  47|0x0000000083b00000, 0x0000000083b00000, 0x0000000083c00000|  0%| F|  |TAMS 0x0000000083b00000, 0x0000000083b00000| Untracked 
|  48|0x0000000083c00000, 0x0000000083c00000, 0x0000000083d00000|  0%| F|  |TAMS 0x0000000083c00000, 0x0000000083c00000| Untracked 
|  49|0x0000000083d00000, 0x0000000083d00000, 0x0000000083e00000|  0%| F|  |TAMS 0x0000000083d00000, 0x0000000083d00000| Untracked 
|  50|0x0000000083e00000, 0x0000000083e00000, 0x0000000083f00000|  0%| F|  |TAMS 0x0000000083e00000, 0x0000000083e00000| Untracked 
|  51|0x0000000083f00000, 0x0000000083f00000, 0x0000000084000000|  0%| F|  |TAMS 0x0000000083f00000, 0x0000000083f00000| Untracked 
|  52|0x0000000084000000, 0x0000000084000000, 0x0000000084100000|  0%| F|  |TAMS 0x0000000084000000, 0x0000000084000000| Untracked 
|  53|0x0000000084100000, 0x0000000084100000, 0x0000000084200000|  0%| F|  |TAMS 0x0000000084100000, 0x0000000084100000| Untracked 
|  54|0x0000000084200000, 0x0000000084200000, 0x0000000084300000|  0%| F|  |TAMS 0x0000000084200000, 0x0000000084200000| Untracked 
|  55|0x0000000084300000, 0x0000000084300000, 0x0000000084400000|  0%| F|  |TAMS 0x0000000084300000, 0x0000000084300000| Untracked 
|  56|0x0000000084400000, 0x0000000084400000, 0x0000000084500000|  0%| F|  |TAMS 0x0000000084400000, 0x0000000084400000| Untracked 
|  57|0x0000000084500000, 0x0000000084500000, 0x0000000084600000|  0%| F|  |TAMS 0x0000000084500000, 0x0000000084500000| Untracked 
|  58|0x0000000084600000, 0x0000000084600000, 0x0000000084700000|  0%| F|  |TAMS 0x0000000084600000, 0x0000000084600000| Untracked 
|  59|0x0000000084700000, 0x0000000084700000, 0x0000000084800000|  0%| F|  |TAMS 0x0000000084700000, 0x0000000084700000| Untracked 
|  60|0x0000000084800000, 0x0000000084800000, 0x0000000084900000|  0%| F|  |TAMS 0x0000000084800000, 0x0000000084800000| Untracked 
|  61|0x0000000084900000, 0x0000000084900000, 0x0000000084a00000|  0%| F|  |TAMS 0x0000000084900000, 0x0000000084900000| Untracked 
|  62|0x0000000084a00000, 0x0000000084a00000, 0x0000000084b00000|  0%| F|  |TAMS 0x0000000084a00000, 0x0000000084a00000| Untracked 
|  63|0x0000000084b00000, 0x0000000084b00000, 0x0000000084c00000|  0%| F|  |TAMS 0x0000000084b00000, 0x0000000084b00000| Untracked 
|  64|0x0000000084c00000, 0x0000000084c00000, 0x0000000084d00000|  0%| F|  |TAMS 0x0000000084c00000, 0x0000000084c00000| Untracked 
|  65|0x0000000084d00000, 0x0000000084d00000, 0x0000000084e00000|  0%| F|  |TAMS 0x0000000084d00000, 0x0000000084d00000| Untracked 
|  66|0x0000000084e00000, 0x0000000084e00000, 0x0000000084f00000|  0%| F|  |TAMS 0x0000000084e00000, 0x0000000084e00000| Untracked 
|  67|0x0000000084f00000, 0x0000000084f00000, 0x0000000085000000|  0%| F|  |TAMS 0x0000000084f00000, 0x0000000084f00000| Untracked 
|  68|0x0000000085000000, 0x0000000085000000, 0x0000000085100000|  0%| F|  |TAMS 0x0000000085000000, 0x0000000085000000| Untracked 
|  69|0x0000000085100000, 0x0000000085100000, 0x0000000085200000|  0%| F|  |TAMS 0x0000000085100000, 0x0000000085100000| Untracked 
|  70|0x0000000085200000, 0x0000000085200000, 0x0000000085300000|  0%| F|  |TAMS 0x0000000085200000, 0x0000000085200000| Untracked 
|  71|0x0000000085300000, 0x0000000085300000, 0x0000000085400000|  0%| F|  |TAMS 0x0000000085300000, 0x0000000085300000| Untracked 
|  72|0x0000000085400000, 0x0000000085400000, 0x0000000085500000|  0%| F|  |TAMS 0x0000000085400000, 0x0000000085400000| Untracked 
|  73|0x0000000085500000, 0x0000000085500000, 0x0000000085600000|  0%| F|  |TAMS 0x0000000085500000, 0x0000000085500000| Untracked 
|  74|0x0000000085600000, 0x0000000085600000, 0x0000000085700000|  0%| F|  |TAMS 0x0000000085600000, 0x0000000085600000| Untracked 
|  75|0x0000000085700000, 0x0000000085700000, 0x0000000085800000|  0%| F|  |TAMS 0x0000000085700000, 0x0000000085700000| Untracked 
|  76|0x0000000085800000, 0x0000000085800000, 0x0000000085900000|  0%| F|  |TAMS 0x0000000085800000, 0x0000000085800000| Untracked 
|  77|0x0000000085900000, 0x0000000085900000, 0x0000000085a00000|  0%| F|  |TAMS 0x0000000085900000, 0x0000000085900000| Untracked 
|  78|0x0000000085a00000, 0x0000000085a00000, 0x0000000085b00000|  0%| F|  |TAMS 0x0000000085a00000, 0x0000000085a00000| Untracked 
|  79|0x0000000085b00000, 0x0000000085b00000, 0x0000000085c00000|  0%| F|  |TAMS 0x0000000085b00000, 0x0000000085b00000| Untracked 
|  80|0x0000000085c00000, 0x0000000085c00000, 0x0000000085d00000|  0%| F|  |TAMS 0x0000000085c00000, 0x0000000085c00000| Untracked 
|  81|0x0000000085d00000, 0x0000000085d00000, 0x0000000085e00000|  0%| F|  |TAMS 0x0000000085d00000, 0x0000000085d00000| Untracked 
|  82|0x0000000085e00000, 0x0000000085e00000, 0x0000000085f00000|  0%| F|  |TAMS 0x0000000085e00000, 0x0000000085e00000| Untracked 
|  83|0x0000000085f00000, 0x0000000085f00000, 0x0000000086000000|  0%| F|  |TAMS 0x0000000085f00000, 0x0000000085f00000| Untracked 
|  84|0x0000000086000000, 0x0000000086000000, 0x0000000086100000|  0%| F|  |TAMS 0x0000000086000000, 0x0000000086000000| Untracked 
|  85|0x0000000086100000, 0x0000000086100000, 0x0000000086200000|  0%| F|  |TAMS 0x0000000086100000, 0x0000000086100000| Untracked 
|  86|0x0000000086200000, 0x0000000086200000, 0x0000000086300000|  0%| F|  |TAMS 0x0000000086200000, 0x0000000086200000| Untracked 
|  87|0x0000000086300000, 0x0000000086300000, 0x0000000086400000|  0%| F|  |TAMS 0x0000000086300000, 0x0000000086300000| Untracked 
|  88|0x0000000086400000, 0x0000000086400000, 0x0000000086500000|  0%| F|  |TAMS 0x0000000086400000, 0x0000000086400000| Untracked 
|  89|0x0000000086500000, 0x0000000086500000, 0x0000000086600000|  0%| F|  |TAMS 0x0000000086500000, 0x0000000086500000| Untracked 
|  90|0x0000000086600000, 0x0000000086600000, 0x0000000086700000|  0%| F|  |TAMS 0x0000000086600000, 0x0000000086600000| Untracked 
|  91|0x0000000086700000, 0x0000000086700000, 0x0000000086800000|  0%| F|  |TAMS 0x0000000086700000, 0x0000000086700000| Untracked 
|  92|0x0000000086800000, 0x0000000086800000, 0x0000000086900000|  0%| F|  |TAMS 0x0000000086800000, 0x0000000086800000| Untracked 
|  93|0x0000000086900000, 0x0000000086900000, 0x0000000086a00000|  0%| F|  |TAMS 0x0000000086900000, 0x0000000086900000| Untracked 
|  94|0x0000000086a00000, 0x0000000086a00000, 0x0000000086b00000|  0%| F|  |TAMS 0x0000000086a00000, 0x0000000086a00000| Untracked 
|  95|0x0000000086b00000, 0x0000000086b00000, 0x0000000086c00000|  0%| F|  |TAMS 0x0000000086b00000, 0x0000000086b00000| Untracked 
|  96|0x0000000086c00000, 0x0000000086c00000, 0x0000000086d00000|  0%| F|  |TAMS 0x0000000086c00000, 0x0000000086c00000| Untracked 
|  97|0x0000000086d00000, 0x0000000086d00000, 0x0000000086e00000|  0%| F|  |TAMS 0x0000000086d00000, 0x0000000086d00000| Untracked 
|  98|0x0000000086e00000, 0x0000000086e00000, 0x0000000086f00000|  0%| F|  |TAMS 0x0000000086e00000, 0x0000000086e00000| Untracked 
|  99|0x0000000086f00000, 0x0000000086f00000, 0x0000000087000000|  0%| F|  |TAMS 0x0000000086f00000, 0x0000000086f00000| Untracked 
| 100|0x0000000087000000, 0x0000000087000000, 0x0000000087100000|  0%| F|  |TAMS 0x0000000087000000, 0x0000000087000000| Untracked 
| 101|0x0000000087100000, 0x0000000087100000, 0x0000000087200000|  0%| F|  |TAMS 0x0000000087100000, 0x0000000087100000| Untracked 
| 102|0x0000000087200000, 0x0000000087200000, 0x0000000087300000|  0%| F|  |TAMS 0x0000000087200000, 0x0000000087200000| Untracked 
| 103|0x0000000087300000, 0x0000000087300000, 0x0000000087400000|  0%| F|  |TAMS 0x0000000087300000, 0x0000000087300000| Untracked 
| 104|0x0000000087400000, 0x0000000087400000, 0x0000000087500000|  0%| F|  |TAMS 0x0000000087400000, 0x0000000087400000| Untracked 
| 105|0x0000000087500000, 0x0000000087500000, 0x0000000087600000|  0%| F|  |TAMS 0x0000000087500000, 0x0000000087500000| Untracked 
| 106|0x0000000087600000, 0x0000000087700000, 0x0000000087700000|100%| E|  |TAMS 0x0000000087600000, 0x0000000087600000| Complete 
| 107|0x0000000087700000, 0x0000000087800000, 0x0000000087800000|100%| E|CS|TAMS 0x0000000087700000, 0x0000000087700000| Complete 
| 108|0x0000000087800000, 0x0000000087900000, 0x0000000087900000|100%| E|CS|TAMS 0x0000000087800000, 0x0000000087800000| Complete 
| 109|0x0000000087900000, 0x0000000087a00000, 0x0000000087a00000|100%| E|CS|TAMS 0x0000000087900000, 0x0000000087900000| Complete 
| 110|0x0000000087a00000, 0x0000000087b00000, 0x0000000087b00000|100%| E|CS|TAMS 0x0000000087a00000, 0x0000000087a00000| Complete 
| 111|0x0000000087b00000, 0x0000000087c00000, 0x0000000087c00000|100%| E|  |TAMS 0x0000000087b00000, 0x0000000087b00000| Complete 
| 112|0x0000000087c00000, 0x0000000087d00000, 0x0000000087d00000|100%| E|CS|TAMS 0x0000000087c00000, 0x0000000087c00000| Complete 
| 113|0x0000000087d00000, 0x0000000087e00000, 0x0000000087e00000|100%| E|CS|TAMS 0x0000000087d00000, 0x0000000087d00000| Complete 
| 114|0x0000000087e00000, 0x0000000087f00000, 0x0000000087f00000|100%| E|CS|TAMS 0x0000000087e00000, 0x0000000087e00000| Complete 
| 115|0x0000000087f00000, 0x0000000088000000, 0x0000000088000000|100%| E|CS|TAMS 0x0000000087f00000, 0x0000000087f00000| Complete 
| 116|0x0000000088000000, 0x0000000088100000, 0x0000000088100000|100%| E|CS|TAMS 0x0000000088000000, 0x0000000088000000| Complete 
| 117|0x0000000088100000, 0x0000000088200000, 0x0000000088200000|100%| E|CS|TAMS 0x0000000088100000, 0x0000000088100000| Complete 
| 118|0x0000000088200000, 0x0000000088300000, 0x0000000088300000|100%| E|CS|TAMS 0x0000000088200000, 0x0000000088200000| Complete 
| 119|0x0000000088300000, 0x0000000088400000, 0x0000000088400000|100%| E|CS|TAMS 0x0000000088300000, 0x0000000088300000| Complete 
| 120|0x0000000088400000, 0x0000000088500000, 0x0000000088500000|100%| E|CS|TAMS 0x0000000088400000, 0x0000000088400000| Complete 
| 121|0x0000000088500000, 0x0000000088600000, 0x0000000088600000|100%| E|CS|TAMS 0x0000000088500000, 0x0000000088500000| Complete 
| 122|0x0000000088600000, 0x0000000088700000, 0x0000000088700000|100%| E|CS|TAMS 0x0000000088600000, 0x0000000088600000| Complete 
| 123|0x0000000088700000, 0x0000000088800000, 0x0000000088800000|100%| E|CS|TAMS 0x0000000088700000, 0x0000000088700000| Complete 
| 124|0x0000000088800000, 0x0000000088900000, 0x0000000088900000|100%| E|CS|TAMS 0x0000000088800000, 0x0000000088800000| Complete 
| 125|0x0000000088900000, 0x0000000088a00000, 0x0000000088a00000|100%| E|CS|TAMS 0x0000000088900000, 0x0000000088900000| Complete 
| 126|0x0000000088a00000, 0x0000000088b00000, 0x0000000088b00000|100%| E|CS|TAMS 0x0000000088a00000, 0x0000000088a00000| Complete 
| 127|0x0000000088b00000, 0x0000000088c00000, 0x0000000088c00000|100%| E|CS|TAMS 0x0000000088b00000, 0x0000000088b00000| Complete 

Card table byte_map: [0x00000245c48c0000,0x00000245c4cc0000] _byte_map_base: 0x00000245c44ba000

Marking Bits (Prev, Next): (CMBitMap*) 0x00000245ac80a1f0, (CMBitMap*) 0x00000245ac80a230
 Prev Bits: [0x00000245c50c0000, 0x00000245c7090000)
 Next Bits: [0x00000245c7090000, 0x00000245c9060000)

Polling page: 0x00000245aa6d0000

Metaspace:

Usage:
  Non-class:      6.03 MB used.
      Class:    289.92 KB used.
       Both:      6.32 MB used.

Virtual space:
  Non-class space:       16.00 MB reserved,       6.13 MB ( 38%) committed,  2 nodes.
      Class space:        1.00 GB reserved,     384.00 KB ( <1%) committed,  1 nodes.
              Both:        1.02 GB reserved,       6.50 MB ( <1%) committed. 

Chunk freelists:
   Non-Class:  3.52 MB
       Class:  3.54 MB
        Both:  7.05 MB

MaxMetaspaceSize: 17179869184.00 GB
CompressedClassSpaceSize: 1.00 GB
 - commit_granule_bytes: 65536.
 - commit_granule_words: 8192.
 - virtual_space_node_default_size: 1048576.
 - enlarge_chunks_in_place: 1.
 - new_chunks_are_fully_committed: 0.
 - uncommit_free_chunks: 1.
 - use_allocation_guard: 0.
 - handle_deallocations: 1.


Internal statistics:

num_allocs_failed_limit: 0.
num_arena_births: 96.
num_arena_deaths: 0.
num_vsnodes_births: 3.
num_vsnodes_deaths: 0.
num_space_committed: 102.
num_space_uncommitted: 0.
num_chunks_returned_to_freelist: 0.
num_chunks_taken_from_freelist: 283.
num_chunk_merges: 0.
num_chunk_splits: 202.
num_chunks_enlarged: 157.
num_purges: 0.

CodeHeap 'non-profiled nmethods': size=120000Kb used=418Kb max_used=418Kb free=119581Kb
 bounds [0x00000245bcc60000, 0x00000245bced0000, 0x00000245c4190000]
CodeHeap 'profiled nmethods': size=120000Kb used=1645Kb max_used=1645Kb free=118354Kb
 bounds [0x00000245b5730000, 0x00000245b59a0000, 0x00000245bcc60000]
CodeHeap 'non-nmethods': size=5760Kb used=1641Kb max_used=1668Kb free=4118Kb
 bounds [0x00000245b5190000, 0x00000245b5400000, 0x00000245b5730000]
 total_blobs=2055 nmethods=975 adapters=993
 compilation: enabled
              stopped_count=0, restarted_count=0
 full_count=0

Compilation events (20 events):
Event: 1.218 Thread 0x00000245cba79680 nmethod 965 0x00000245b58c2c90 code [0x00000245b58c2ea0, 0x00000245b58c3688]
Event: 1.218 Thread 0x00000245cba6cb60 nmethod 968 0x00000245bccc8310 code [0x00000245bccc84a0, 0x00000245bccc8538]
Event: 1.218 Thread 0x00000245cba79680  966       3       org.lwjgl.assimp.AIVector3D::y (8 bytes)
Event: 1.218 Thread 0x00000245cba79680 nmethod 966 0x00000245b58c3990 code [0x00000245b58c3b40, 0x00000245b58c3d28]
Event: 1.218 Thread 0x00000245cba79680  967       3       org.lwjgl.assimp.AIVector3D::ny (14 bytes)
Event: 1.218 Thread 0x00000245cba79680 nmethod 967 0x00000245b58c3e10 code [0x00000245b58c3fc0, 0x00000245b58c4198]
Event: 1.218 Thread 0x00000245cba79680  969       3       org.lwjgl.assimp.AIVector3D::nx (14 bytes)
Event: 1.218 Thread 0x00000245cba79680 nmethod 969 0x00000245b58c4290 code [0x00000245b58c4440, 0x00000245b58c4618]
Event: 1.218 Thread 0x00000245cba79680  970       3       java.lang.String::concat (15 bytes)
Event: 1.219 Thread 0x00000245cba79680 nmethod 970 0x00000245b58c4710 code [0x00000245b58c4a40, 0x00000245b58c5ed8]
Event: 1.343 Thread 0x00000245cba79680  971       3       java.nio.CharBuffer::array (35 bytes)
Event: 1.343 Thread 0x00000245cba6cb60  972       4       sun.nio.cs.SingleByte$Decoder::decode (11 bytes)
Event: 1.344 Thread 0x00000245cba79680 nmethod 971 0x00000245b58c6610 code [0x00000245b58c67e0, 0x00000245b58c6ab8]
Event: 1.344 Thread 0x00000245cba6cb60 nmethod 972 0x00000245bccc8610 code [0x00000245bccc87a0, 0x00000245bccc8858]
Event: 1.357 Thread 0x00000245cba79680  973       3       java.lang.invoke.DirectMethodHandle::internalMemberName (8 bytes)
Event: 1.358 Thread 0x00000245cba79680 nmethod 973 0x00000245b58c6c10 code [0x00000245b58c6dc0, 0x00000245b58c6fb8]
Event: 1.358 Thread 0x00000245cba79680  974       3       java.lang.String::checkIndex (48 bytes)
Event: 1.358 Thread 0x00000245cba79680 nmethod 974 0x00000245b58c7090 code [0x00000245b58c7300, 0x00000245b58c7a78]
Event: 1.360 Thread 0x00000245cba79680  975   !   3       java.util.concurrent.ConcurrentHashMap::computeIfAbsent (576 bytes)
Event: 1.362 Thread 0x00000245cba79680 nmethod 975 0x00000245b58c7d90 code [0x00000245b58c81c0, 0x00000245b58ca5f8]

GC Heap History (0 events):
No events

Deoptimization events (20 events):
Event: 0.425 Thread 0x00000245ac7c4dd0 Uncommon trap: trap_request=0xffffffde fr.pc=0x00000245bcc8a4e8 relative=0x0000000000000388
Event: 0.425 Thread 0x00000245ac7c4dd0 Uncommon trap: reason=class_check action=maybe_recompile pc=0x00000245bcc8a4e8 method=java.util.HashMap.getNode(Ljava/lang/Object;)Ljava/util/HashMap$Node; @ 63 c2
Event: 0.425 Thread 0x00000245ac7c4dd0 DEOPT PACKING pc=0x00000245bcc8a4e8 sp=0x0000009400ffdb30
Event: 0.425 Thread 0x00000245ac7c4dd0 DEOPT UNPACKING pc=0x00000245b51dd72e sp=0x0000009400ffda48 mode 2
Event: 0.776 Thread 0x00000245ac7c4dd0 Uncommon trap: trap_request=0xffffff54 fr.pc=0x00000245bcca5180 relative=0x0000000000000060
Event: 0.776 Thread 0x00000245ac7c4dd0 Uncommon trap: reason=speculate_null_assert action=make_not_entrant pc=0x00000245bcca5180 method=sun.misc.Unsafe.putLong(Ljava/lang/Object;JJ)V @ 7 c2
Event: 0.776 Thread 0x00000245ac7c4dd0 DEOPT PACKING pc=0x00000245bcca5180 sp=0x0000009400ffec10
Event: 0.776 Thread 0x00000245ac7c4dd0 DEOPT UNPACKING pc=0x00000245b51dd72e sp=0x0000009400ffeb88 mode 2
Event: 0.785 Thread 0x00000245ac7c4dd0 Uncommon trap: trap_request=0xffffff54 fr.pc=0x00000245bcca677c relative=0x000000000000005c
Event: 0.785 Thread 0x00000245ac7c4dd0 Uncommon trap: reason=speculate_null_assert action=make_not_entrant pc=0x00000245bcca677c method=sun.misc.Unsafe.getLong(Ljava/lang/Object;J)J @ 5 c2
Event: 0.785 Thread 0x00000245ac7c4dd0 DEOPT PACKING pc=0x00000245bcca677c sp=0x0000009400ffeca0
Event: 0.785 Thread 0x00000245ac7c4dd0 DEOPT UNPACKING pc=0x00000245b51dd72e sp=0x0000009400ffec28 mode 2
Event: 0.914 Thread 0x00000245ac7c4dd0 Uncommon trap: trap_request=0xffffff45 fr.pc=0x00000245bcc81d5c relative=0x000000000000033c
Event: 0.914 Thread 0x00000245ac7c4dd0 Uncommon trap: reason=unstable_if action=reinterpret pc=0x00000245bcc81d5c method=java.lang.StringLatin1.newString([BII)Ljava/lang/String; @ 1 c2
Event: 0.914 Thread 0x00000245ac7c4dd0 DEOPT PACKING pc=0x00000245bcc81d5c sp=0x0000009400ffd140
Event: 0.914 Thread 0x00000245ac7c4dd0 DEOPT UNPACKING pc=0x00000245b51dd72e sp=0x0000009400ffd120 mode 2
Event: 1.042 Thread 0x00000245ac7c4dd0 Uncommon trap: trap_request=0xffffff45 fr.pc=0x00000245bcc91c58 relative=0x0000000000000418
Event: 1.042 Thread 0x00000245ac7c4dd0 Uncommon trap: reason=unstable_if action=reinterpret pc=0x00000245bcc91c58 method=java.lang.StringLatin1.newString([BII)Ljava/lang/String; @ 1 c2
Event: 1.042 Thread 0x00000245ac7c4dd0 DEOPT PACKING pc=0x00000245bcc91c58 sp=0x0000009400ffeb80
Event: 1.042 Thread 0x00000245ac7c4dd0 DEOPT UNPACKING pc=0x00000245b51dd72e sp=0x0000009400ffeae0 mode 2

Classes unloaded (0 events):
No events

Classes redefined (0 events):
No events

Internal exceptions (20 events):
Event: 0.367 Thread 0x00000245ac7c4dd0 Exception <a 'java/lang/NoSuchMethodError'{0x00000000882dae10}: 'int java.lang.invoke.DirectMethodHandle$Holder.invokeStaticInit(java.lang.Object, java.lang.Object, long, long)'> (0x00000000882dae10) 
thrown [c:\wsjdk\correttojdksrc\installers\windows\zip\corretto-build\buildroot\src\hotspot\share\interpreter\linkResolver.cpp, line 790]
Event: 0.368 Thread 0x00000245ac7c4dd0 Exception <a 'java/lang/NoSuchMethodError'{0x00000000882e11b8}: 'java.lang.Object java.lang.invoke.DirectMethodHandle$Holder.newInvokeSpecial(java.lang.Object, java.lang.Object, long)'> (0x00000000882e11b8) 
thrown [c:\wsjdk\correttojdksrc\installers\windows\zip\corretto-build\buildroot\src\hotspot\share\interpreter\linkResolver.cpp, line 790]
Event: 0.369 Thread 0x00000245ac7c4dd0 Exception <a 'java/lang/NoSuchMethodError'{0x00000000882e5310}: 'java.lang.Object java.lang.invoke.Invokers$Holder.linkToTargetMethod(java.lang.Object, long, java.lang.Object)'> (0x00000000882e5310) 
thrown [c:\wsjdk\correttojdksrc\installers\windows\zip\corretto-build\buildroot\src\hotspot\share\interpreter\linkResolver.cpp, line 790]
Event: 0.369 Thread 0x00000245ac7c4dd0 Exception <a 'java/lang/NoSuchMethodError'{0x00000000882ed018}: 'int java.lang.invoke.DirectMethodHandle$Holder.invokeStaticInit(java.lang.Object, java.lang.Object, java.lang.Object, long)'> (0x00000000882ed018) 
thrown [c:\wsjdk\correttojdksrc\installers\windows\zip\corretto-build\buildroot\src\hotspot\share\interpreter\linkResolver.cpp, line 790]
Event: 0.402 Thread 0x00000245ac7c4dd0 Exception <a 'sun/nio/fs/WindowsException'{0x00000000880232d0}> (0x00000000880232d0) 
thrown [c:\wsjdk\correttojdksrc\installers\windows\zip\corretto-build\buildroot\src\hotspot\share\prims\jni.cpp, line 579]
Event: 0.402 Thread 0x00000245ac7c4dd0 Exception <a 'sun/nio/fs/WindowsException'{0x0000000088023680}> (0x0000000088023680) 
thrown [c:\wsjdk\correttojdksrc\installers\windows\zip\corretto-build\buildroot\src\hotspot\share\prims\jni.cpp, line 579]
Event: 0.429 Thread 0x00000245ac7c4dd0 Exception <a 'sun/nio/fs/WindowsException'{0x0000000087f15c28}> (0x0000000087f15c28) 
thrown [c:\wsjdk\correttojdksrc\installers\windows\zip\corretto-build\buildroot\src\hotspot\share\prims\jni.cpp, line 579]
Event: 0.429 Thread 0x00000245ac7c4dd0 Exception <a 'sun/nio/fs/WindowsException'{0x0000000087f15fa8}> (0x0000000087f15fa8) 
thrown [c:\wsjdk\correttojdksrc\installers\windows\zip\corretto-build\buildroot\src\hotspot\share\prims\jni.cpp, line 579]
Event: 0.717 Thread 0x00000245ac7c4dd0 Exception <a 'java/lang/NoSuchMethodError'{0x0000000087f77cf8}: 'void java.lang.invoke.DirectMethodHandle$Holder.invokeStaticInit(java.lang.Object, long, int, int, int)'> (0x0000000087f77cf8) 
thrown [c:\wsjdk\correttojdksrc\installers\windows\zip\corretto-build\buildroot\src\hotspot\share\interpreter\linkResolver.cpp, line 790]
Event: 0.719 Thread 0x00000245ac7c4dd0 Exception <a 'java/lang/NoSuchMethodError'{0x0000000087f8b200}: 'void java.lang.invoke.DirectMethodHandle$Holder.invokeStaticInit(java.lang.Object, long, double, double)'> (0x0000000087f8b200) 
thrown [c:\wsjdk\correttojdksrc\installers\windows\zip\corretto-build\buildroot\src\hotspot\share\interpreter\linkResolver.cpp, line 790]
Event: 0.723 Thread 0x00000245ac7c4dd0 Exception <a 'java/lang/NoSuchMethodError'{0x0000000087faa418}: 'void java.lang.invoke.DirectMethodHandle$Holder.invokeStaticInit(java.lang.Object, long, int, int, int, int)'> (0x0000000087faa418) 
thrown [c:\wsjdk\correttojdksrc\installers\windows\zip\corretto-build\buildroot\src\hotspot\share\interpreter\linkResolver.cpp, line 790]
Event: 0.725 Thread 0x00000245ac7c4dd0 Exception <a 'java/lang/NoSuchMethodError'{0x0000000087fb9f40}: 'void java.lang.invoke.DirectMethodHandle$Holder.invokeStatic(java.lang.Object, long, int, int)'> (0x0000000087fb9f40) 
thrown [c:\wsjdk\correttojdksrc\installers\windows\zip\corretto-build\buildroot\src\hotspot\share\interpreter\linkResolver.cpp, line 790]
Event: 0.765 Thread 0x00000245ac7c4dd0 Exception <a 'sun/nio/fs/WindowsException'{0x0000000087e09938}> (0x0000000087e09938) 
thrown [c:\wsjdk\correttojdksrc\installers\windows\zip\corretto-build\buildroot\src\hotspot\share\prims\jni.cpp, line 579]
Event: 0.765 Thread 0x00000245ac7c4dd0 Exception <a 'sun/nio/fs/WindowsException'{0x0000000087e09cf8}> (0x0000000087e09cf8) 
thrown [c:\wsjdk\correttojdksrc\installers\windows\zip\corretto-build\buildroot\src\hotspot\share\prims\jni.cpp, line 579]
Event: 0.770 Thread 0x00000245ac7c4dd0 Exception <a 'sun/nio/fs/WindowsException'{0x0000000087e23b90}> (0x0000000087e23b90) 
thrown [c:\wsjdk\correttojdksrc\installers\windows\zip\corretto-build\buildroot\src\hotspot\share\prims\jni.cpp, line 579]
Event: 0.770 Thread 0x00000245ac7c4dd0 Exception <a 'sun/nio/fs/WindowsException'{0x0000000087e23e88}> (0x0000000087e23e88) 
thrown [c:\wsjdk\correttojdksrc\installers\windows\zip\corretto-build\buildroot\src\hotspot\share\prims\jni.cpp, line 579]
Event: 1.140 Thread 0x00000245ac7c4dd0 Exception <a 'sun/nio/fs/WindowsException'{0x000000008776ce38}> (0x000000008776ce38) 
thrown [c:\wsjdk\correttojdksrc\installers\windows\zip\corretto-build\buildroot\src\hotspot\share\prims\jni.cpp, line 579]
Event: 1.140 Thread 0x00000245ac7c4dd0 Exception <a 'sun/nio/fs/WindowsException'{0x000000008776d1c8}> (0x000000008776d1c8) 
thrown [c:\wsjdk\correttojdksrc\installers\windows\zip\corretto-build\buildroot\src\hotspot\share\prims\jni.cpp, line 579]
Event: 1.183 Thread 0x00000245ac7c4dd0 Exception <a 'sun/nio/fs/WindowsException'{0x00000000876200e0}> (0x00000000876200e0) 
thrown [c:\wsjdk\correttojdksrc\installers\windows\zip\corretto-build\buildroot\src\hotspot\share\prims\jni.cpp, line 579]
Event: 1.183 Thread 0x00000245ac7c4dd0 Exception <a 'sun/nio/fs/WindowsException'{0x0000000087620470}> (0x0000000087620470) 
thrown [c:\wsjdk\correttojdksrc\installers\windows\zip\corretto-build\buildroot\src\hotspot\share\prims\jni.cpp, line 579]

Events (20 events):
Event: 1.036 loading class java/lang/NumberFormatException
Event: 1.036 loading class java/lang/NumberFormatException done
Event: 1.036 Executing  VM operation: HandshakeAllThreads
Event: 1.036 Executing  VM operation: HandshakeAllThreads done
Event: 1.036 Executing  VM operation: Cleanup
Event: 1.036 Executing  VM operation: Cleanup done
Event: 1.040 loading class sun/net/ProgressMonitor
Event: 1.040 loading class sun/net/ProgressMonitor done
Event: 1.040 loading class sun/net/DefaultProgressMeteringPolicy
Event: 1.040 loading class sun/net/ProgressMeteringPolicy
Event: 1.040 loading class sun/net/ProgressMeteringPolicy done
Event: 1.040 loading class sun/net/DefaultProgressMeteringPolicy done
Event: 1.041 loading class java/util/regex/Pattern$BnM
Event: 1.042 loading class java/util/regex/Pattern$BnM done
Event: 1.042 loading class java/util/regex/Pattern$SliceS
Event: 1.042 loading class java/util/regex/Pattern$SliceS done
Event: 1.060 Thread 0x00000245d45f0af0 Thread added: 0x00000245d45f0af0
Event: 1.186 Loaded shared library C:\Users\Michael\AppData\Local\Temp\lwjglMichael\3.3.1-build-7\lwjgl_stb.dll
Event: 1.343 Thread 0x00000245cfb0c770 Thread exited: 0x00000245cfb0c770
Event: 1.343 Thread 0x00000245d45f0af0 Thread exited: 0x00000245d45f0af0


Dynamic libraries:
0x00007ff69f850000 - 0x00007ff69f85d000 	C:\Users\Michael\.jdks\corretto-16.0.2\bin\java.exe
0x00007fffaa750000 - 0x00007fffaa945000 	C:\Windows\SYSTEM32\ntdll.dll
0x00007fffaa4f0000 - 0x00007fffaa5ae000 	C:\Windows\System32\KERNEL32.DLL
0x00007fffa7fc0000 - 0x00007fffa8288000 	C:\Windows\System32\KERNELBASE.dll
0x00007fffa84c0000 - 0x00007fffa85c0000 	C:\Windows\System32\ucrtbase.dll
0x00007fff81e00000 - 0x00007fff81e15000 	C:\Users\Michael\.jdks\corretto-16.0.2\bin\VCRUNTIME140.dll
0x00007fff81870000 - 0x00007fff81888000 	C:\Users\Michael\.jdks\corretto-16.0.2\bin\jli.dll
0x00007fffa9800000 - 0x00007fffa99a1000 	C:\Windows\System32\USER32.dll
0x00007fff92d10000 - 0x00007fff92faa000 	C:\Windows\WinSxS\amd64_microsoft.windows.common-controls_6595b64144ccf1df_6.0.19041.1110_none_60b5254171f9507e\COMCTL32.dll
0x00007fffa85c0000 - 0x00007fffa85e2000 	C:\Windows\System32\win32u.dll
0x00007fffaa610000 - 0x00007fffaa6ae000 	C:\Windows\System32\msvcrt.dll
0x00007fffaa410000 - 0x00007fffaa43b000 	C:\Windows\System32\GDI32.dll
0x00007fffa8680000 - 0x00007fffa878d000 	C:\Windows\System32\gdi32full.dll
0x00007fffa8420000 - 0x00007fffa84bd000 	C:\Windows\System32\msvcp_win.dll
0x00007fffa9e20000 - 0x00007fffa9e50000 	C:\Windows\System32\IMM32.DLL
0x00007fff59250000 - 0x00007fff592eb000 	C:\Users\Michael\.jdks\corretto-16.0.2\bin\msvcp140.dll
0x00007fff40a60000 - 0x00007fff41669000 	C:\Users\Michael\.jdks\corretto-16.0.2\bin\server\jvm.dll
0x00007fffa8ec0000 - 0x00007fffa8f6e000 	C:\Windows\System32\ADVAPI32.dll
0x00007fffa99b0000 - 0x00007fffa9a4c000 	C:\Windows\System32\sechost.dll
0x00007fffa9c60000 - 0x00007fffa9d85000 	C:\Windows\System32\RPCRT4.dll
0x00007fffa8df0000 - 0x00007fffa8df8000 	C:\Windows\System32\PSAPI.DLL
0x00007fff97cd0000 - 0x00007fff97cf7000 	C:\Windows\SYSTEM32\WINMM.dll
0x00007fff9fe80000 - 0x00007fff9fe8a000 	C:\Windows\SYSTEM32\VERSION.dll
0x00007fff94ed0000 - 0x00007fff94ed9000 	C:\Windows\SYSTEM32\WSOCK32.dll
0x00007fffa9db0000 - 0x00007fffa9e1b000 	C:\Windows\System32\WS2_32.dll
0x00007fffa5d30000 - 0x00007fffa5d42000 	C:\Windows\SYSTEM32\kernel.appcore.dll
0x00007fff97b00000 - 0x00007fff97b0a000 	C:\Users\Michael\.jdks\corretto-16.0.2\bin\jimage.dll
0x00007fff94b90000 - 0x00007fff94d74000 	C:\Windows\SYSTEM32\DBGHELP.DLL
0x00007fff8c260000 - 0x00007fff8c28c000 	C:\Windows\SYSTEM32\dbgcore.DLL
0x00007fffa8390000 - 0x00007fffa8412000 	C:\Windows\System32\bcryptPrimitives.dll
0x00007fff7fab0000 - 0x00007fff7fad5000 	C:\Users\Michael\.jdks\corretto-16.0.2\bin\java.dll
0x00007fffa90b0000 - 0x00007fffa97f4000 	C:\Windows\System32\SHELL32.dll
0x00007fffa5f30000 - 0x00007fffa66c5000 	C:\Windows\SYSTEM32\windows.storage.dll
0x00007fffa88b0000 - 0x00007fffa8c05000 	C:\Windows\System32\combase.dll
0x00007fffa7700000 - 0x00007fffa772e000 	C:\Windows\SYSTEM32\Wldp.dll
0x00007fffaa440000 - 0x00007fffaa4ed000 	C:\Windows\System32\SHCORE.dll
0x00007fffaa5b0000 - 0x00007fffaa605000 	C:\Windows\System32\shlwapi.dll
0x00007fffa7da0000 - 0x00007fffa7dbf000 	C:\Windows\SYSTEM32\profapi.dll
0x00007fff80e10000 - 0x00007fff80e29000 	C:\Users\Michael\.jdks\corretto-16.0.2\bin\net.dll
0x00007fffa1bc0000 - 0x00007fffa1ccc000 	C:\Windows\SYSTEM32\WINHTTP.dll
0x00007fffa74e0000 - 0x00007fffa754a000 	C:\Windows\system32\mswsock.dll
0x00007fff7fb30000 - 0x00007fff7fb43000 	C:\Users\Michael\.jdks\corretto-16.0.2\bin\nio.dll
0x00007fff7d850000 - 0x00007fff7d868000 	C:\Users\Michael\.jdks\corretto-16.0.2\bin\zip.dll
0x00007fff79620000 - 0x00007fff79695000 	C:\Users\Michael\AppData\Local\Temp\lwjglMichael\3.3.1-build-7\lwjgl.dll
0x00007fff42080000 - 0x00007fff422d9000 	C:\Users\Michael\AppData\Local\Temp\lwjglMichael\3.3.1-build-7\jemalloc.dll
0x00007fff773c0000 - 0x00007fff77421000 	C:\Users\Michael\AppData\Local\Temp\lwjglMichael\3.3.1-build-7\glfw.dll
0x00007fff795d0000 - 0x00007fff79615000 	C:\Windows\SYSTEM32\dinput8.dll
0x00007fff7ed30000 - 0x00007fff7ed41000 	C:\Windows\SYSTEM32\xinput1_4.dll
0x00007fffa8290000 - 0x00007fffa82de000 	C:\Windows\System32\cfgmgr32.dll
0x00007fffa7b30000 - 0x00007fffa7b64000 	C:\Windows\SYSTEM32\DEVOBJ.dll
0x00007fffa5a40000 - 0x00007fffa5a6f000 	C:\Windows\SYSTEM32\dwmapi.dll
0x00007fff94f20000 - 0x00007fff95072000 	C:\Windows\SYSTEM32\inputhost.dll
0x00007fffa8d20000 - 0x00007fffa8ded000 	C:\Windows\System32\OLEAUT32.dll
0x00007fffa4b10000 - 0x00007fffa4c64000 	C:\Windows\SYSTEM32\wintypes.dll
0x00007fffa5430000 - 0x00007fffa5522000 	C:\Windows\SYSTEM32\CoreMessaging.dll
0x00007fffa1e40000 - 0x00007fffa1f36000 	C:\Windows\SYSTEM32\PROPSYS.dll
0x00007fffa4ff0000 - 0x00007fffa534e000 	C:\Windows\SYSTEM32\CoreUIComponents.dll
0x00007fffa6b10000 - 0x00007fffa6b43000 	C:\Windows\SYSTEM32\ntmarta.dll
0x00007fffa5800000 - 0x00007fffa589e000 	C:\Windows\system32\uxtheme.dll
0x00007fffa8790000 - 0x00007fffa88a5000 	C:\Windows\System32\MSCTF.dll
0x00007fff63b50000 - 0x00007fff63c75000 	C:\Windows\SYSTEM32\opengl32.dll
0x00007fff81580000 - 0x00007fff815ac000 	C:\Windows\SYSTEM32\GLU32.dll
0x00007fffa8e00000 - 0x00007fffa8ea9000 	C:\Windows\System32\clbcatq.dll
0x00007fff12ba0000 - 0x00007fff15bc8000 	C:\Windows\System32\DriverStore\FileRepository\nv_dispig.inf_amd64_4d7400884d0d52e3\nvoglv64.dll
0x00007fffa9e50000 - 0x00007fffaa2c2000 	C:\Windows\System32\SETUPAPI.dll
0x00007fffa85f0000 - 0x00007fffa8617000 	C:\Windows\System32\bcrypt.dll
0x00007fffa8f80000 - 0x00007fffa90aa000 	C:\Windows\System32\ole32.dll
0x00007fffa3070000 - 0x00007fffa3084000 	C:\Windows\SYSTEM32\WTSAPI32.dll
0x00007fffa7670000 - 0x00007fffa767c000 	C:\Windows\SYSTEM32\CRYPTBASE.DLL
0x00007fffa7970000 - 0x00007fffa7982000 	C:\Windows\SYSTEM32\msasn1.dll
0x00007fff9fe40000 - 0x00007fff9fe71000 	C:\Windows\SYSTEM32\cryptnet.dll
0x00007fffa7e60000 - 0x00007fffa7fb6000 	C:\Windows\System32\CRYPT32.dll
0x00007fffa1390000 - 0x00007fffa14da000 	C:\Windows\SYSTEM32\drvstore.dll
0x00007fffa8620000 - 0x00007fffa8680000 	C:\Windows\System32\WINTRUST.dll
0x00007fffa3350000 - 0x00007fffa338b000 	C:\Windows\SYSTEM32\dxcore.dll
0x00007fff555f0000 - 0x00007fff558b7000 	C:\Windows\system32\nvspcap64.dll
0x00007fffa7cd0000 - 0x00007fffa7d1b000 	C:\Windows\SYSTEM32\powrprof.dll
0x00007fffa7cb0000 - 0x00007fffa7cc2000 	C:\Windows\SYSTEM32\UMPDC.dll
0x00007fffa7ba0000 - 0x00007fffa7bfa000 	C:\Windows\SYSTEM32\WINSTA.dll
0x00007fff943b0000 - 0x00007fff944a9000 	C:\Windows\SYSTEM32\textinputframework.dll
0x00007fff9b640000 - 0x00007fff9b6a6000 	C:\Windows\system32\Oleacc.dll
0x00007fff77a90000 - 0x00007fff77aed000 	C:\Users\Michael\AppData\Local\Temp\lwjglMichael\3.3.1-build-7\lwjgl_opengl.dll
0x00007fff978e0000 - 0x00007fff978f0000 	C:\Users\Michael\.jdks\corretto-16.0.2\bin\verify.dll
0x00007fff404b0000 - 0x00007fff40a59000 	C:\Users\Michael\AppData\Local\Temp\lwjglMichael\3.3.1-build-7\assimp.dll
0x00007fff644c0000 - 0x00007fff64541000 	C:\Users\Michael\AppData\Local\Temp\lwjglMichael\3.3.1-build-7\lwjgl_stb.dll

dbghelp: loaded successfully - version: 4.0.5 - missing functions: none
symbol engine: initialized successfully - sym options: 0x614 - pdb path: .;C:\Users\Michael\.jdks\corretto-16.0.2\bin;C:\Windows\SYSTEM32;C:\Windows\WinSxS\amd64_microsoft.windows.common-controls_6595b64144ccf1df_6.0.19041.1110_none_60b5254171f9507e;C:\Users\Michael\.jdks\corretto-16.0.2\bin\server;C:\Users\Michael\AppData\Local\Temp\lwjglMichael\3.3.1-build-7;C:\Windows\System32\DriverStore\FileRepository\nv_dispig.inf_amd64_4d7400884d0d52e3

VM Arguments:
jvm_args: -Dfile.encoding=windows-1252 -Duser.country=US -Duser.language=en -Duser.variant 
java_command: app.Main
java_class_path (initial): D:\Michael\Documents\x16\build\classes\java\main;D:\Michael\Documents\x16\build\resources\main;C:\Users\Michael\.gradle\caches\modules-2\files-2.1\org.lwjgl\lwjgl-assimp\3.3.1\312072f451794f25670aebb0160ce6ec88aff842\lwjgl-assimp-3.3.1.jar;C:\Users\Michael\.gradle\caches\modules-2\files-2.1\org.lwjgl\lwjgl-assimp\3.3.1\bfa2a0d57acbf952b716d0ad8a3acbd7ad9f5639\lwjgl-assimp-3.3.1-natives-windows.jar;C:\Users\Michael\.gradle\caches\modules-2\files-2.1\org.lwjgl\lwjgl-bgfx\3.3.1\4243b7d255d885980f10c36edfb678729493685e\lwjgl-bgfx-3.3.1.jar;C:\Users\Michael\.gradle\caches\modules-2\files-2.1\org.lwjgl\lwjgl-bgfx\3.3.1\12f22e13c99db9153124dbc17b84fe0233c6f3d5\lwjgl-bgfx-3.3.1-natives-windows.jar;C:\Users\Michael\.gradle\caches\modules-2\files-2.1\org.lwjgl\lwjgl-cuda\3.3.1\8b67bd7760450f890eade8f74bfaf0dca10821fe\lwjgl-cuda-3.3.1.jar;C:\Users\Michael\.gradle\caches\modules-2\files-2.1\org.lwjgl\lwjgl-egl\3.3.1\8399e6734ad7d97d2e1f865b2c6c5232d5126dca\lwjgl-egl-3.3.1.jar;C:\Users\Michael\.gradle\caches\modules-2\files-2.1\org.lwjgl\lwjgl-glfw\3.3.1\cbac1b8d30cb4795149c1ef540f912671a8616d0\lwjgl-glfw-3.3.1.jar;C:\Users\Michael\.gradle\caches\modules-2\files-2.1\org.lwjgl\lwjgl-glfw\3.3.1\ed892f945cf7e79c8756796f32d00fa4ceaf573b\lwjgl-glfw-3.3.1-natives-windows.jar;C:\Users\Michael\.gradle\caches\modules-2\files-2.1\org.lwjgl\lwjgl-jawt\3.3.1\30330b16b809655d42f4951ece57f425cce43ce2\lwjgl-jawt-3.3.1.jar;C:\Users\Michael\.gradle\caches\modules-2\files-2.1\org.lwjgl\lwjgl-jemalloc\3.3.1\a817bcf213db49f710603677457567c37d53e103\lwjgl-jemalloc-3.3.1.jar;C:\Users\Michael\.gradle\caches\modules-2\files-2.1\org.lwjgl\lwjgl-jemalloc\3.3.1\948a89b76a16aa324b046ae9308891216ffce5f9\lwjgl-jemalloc-3.3.1-natives-windows.jar;C:\Users\Michael\.gradle\caches\modules-2\files-2.1\org.lwjgl\lwjgl-libdivide\3.3.1\ed21d21e4f3d508908ef1a23d885e73983f244ea\lwjgl-libdivide-3.3.1.jar;C:\Users\Michael\.gradle\caches\modules-2\files-2.1\org.lwjgl\lwjgl-libdivide\3.3.1\7c53
Launcher Type: SUN_STANDARD

[Global flags]
     intx CICompilerCount                          = 4                                         {product} {ergonomic}
     uint ConcGCThreads                            = 2                                         {product} {ergonomic}
     uint G1ConcRefinementThreads                  = 8                                         {product} {ergonomic}
   size_t G1HeapRegionSize                         = 1048576                                   {product} {ergonomic}
    uintx GCDrainStackTargetSize                   = 64                                        {product} {ergonomic}
   size_t InitialHeapSize                          = 134217728                                 {product} {ergonomic}
   size_t MarkStackSize                            = 4194304                                   {product} {ergonomic}
   size_t MaxHeapSize                              = 2134900736                                {product} {ergonomic}
   size_t MaxNewSize                               = 1280311296                                {product} {ergonomic}
   size_t MinHeapDeltaBytes                        = 1048576                                   {product} {ergonomic}
   size_t MinHeapSize                              = 8388608                                   {product} {ergonomic}
    uintx NonNMethodCodeHeapSize                   = 5839372                                {pd product} {ergonomic}
    uintx NonProfiledCodeHeapSize                  = 122909434                              {pd product} {ergonomic}
    uintx ProfiledCodeHeapSize                     = 122909434                              {pd product} {ergonomic}
    uintx ReservedCodeCacheSize                    = 251658240                              {pd product} {ergonomic}
     bool SegmentedCodeCache                       = true                                      {product} {ergonomic}
   size_t SoftMaxHeapSize                          = 2134900736                             {manageable} {ergonomic}
     bool UseCompressedClassPointers               = true                           {product lp64_product} {ergonomic}
     bool UseCompressedOops                        = true                           {product lp64_product} {ergonomic}
     bool UseG1GC                                  = true                                      {product} {ergonomic}
     bool UseLargePagesIndividualAllocation        = false                                  {pd product} {ergonomic}

Logging:
Log output configuration:
 #0: stdout all=warning uptime,level,tags
 #1: stderr all=off uptime,level,tags

Environment Variables:
PATH=C:\Program Files\Common Files\Oracle\Java\javapath;C:\VulkanSDK\1.3.211.0\Bin;C:\Program Files\Microsoft\jdk-11.0.12.7-hotspot\bin;C:\Program Files (x86)\Common Files\Oracle\Java\javapath;C:\Program Files\Oculus\Support\oculus-runtime;C:\Program Files (x86)\VMware\VMware Player\bin\;C:\Program Files (x86)\Intel\iCLS Client\;C:\Program Files\Intel\iCLS Client\;C:\Windows\system32;C:\Windows;C:\Windows\System32\Wbem;C:\Windows\System32\WindowsPowerShell\v1.0\;C:\Windows\System32\OpenSSH\;C:\Program Files (x86)\NVIDIA Corporation\PhysX\Common;C:\Program Files (x86)\Intel\Intel(R) Management Engine Components\DAL;C:\Program Files\Intel\Intel(R) Management Engine Components\DAL;C:\Program Files (x86)\Intel\Intel(R) Management Engine Components\IPT;C:\Program Files\Intel\Intel(R) Management Engine Components\IPT;C:\Program Files\Git\cmd;C:\Program Files\nodejs\;C:\Program Files\dotnet\;C:\Program Files\Docker\Docker\resources\bin;C:\ProgramData\DockerDesktop\version-bin;C:\Program Files\NVIDIA Corporation\NVIDIA NvDLISR;C:\Users\Michael\AppData\Local\Microsoft\WindowsApps;C:\Users\Michael\AppData\Local\GitHubDesktop\bin;C:\Users\Michael\AppData\Local\Programs\oh-my-posh\bin;C:\Users\Michael\AppData\Local\Programs\oh-my-posh\themes;C:\Users\Michael\AppData\Local\Programs\Microsoft VS Code\bin;C:\Users\Michael\AppData\Roaming\npm;C:\Users\Michael\.dotnet\tools
USERNAME=Michael
OS=Windows_NT
PROCESSOR_IDENTIFIER=Intel64 Family 6 Model 58 Stepping 9, GenuineIntel



---------------  S Y S T E M  ---------------

OS:
 Windows 10 , 64 bit Build 19041 (10.0.19041.1466)
OS uptime: 1 days 22:08 hours
Hyper-V role detected

CPU: total 8 (initial active 8) (4 cores per cpu, 2 threads per core) family 6 model 58 stepping 9 microcode 0x21, cx8, cmov, fxsr, ht, mmx, sse, sse2, sse3, ssse3, sse4.1, sse4.2, popcnt, tsc, tscinvbit, avx, aes, erms, clmul, vzeroupper, clflush, hv

Memory: 4k page, system-wide physical 8141M (1038M free)
TotalPageFile size 19397M (AvailPageFile size 2508M)
current process WorkingSet (physical memory assigned to process): 152M, peak: 163M
current process commit charge ("private bytes"): 359M, peak: 359M

vm_info: OpenJDK 64-Bit Server VM (16.0.2+7) for windows-amd64 JRE (16.0.2+7), built on Jul 22 2021 01:11:46 by "Administrator" with MS VC++ 15.9 (VS2017)

END.
