#
# A fatal error has been detected by the Java Runtime Environment:
#
#  EXCEPTION_ACCESS_VIOLATION (0xc0000005) at pc=0x00007ff9cb70c64d, pid=9724, tid=10608
#
# JRE version: OpenJDK Runtime Environment Corretto-16.0.2.7.1 (16.0.2+7) (build 16.0.2+7)
# Java VM: OpenJDK 64-Bit Server VM Corretto-16.0.2.7.1 (16.0.2+7, mixed mode, sharing, tiered, compressed oops, compressed class ptrs, g1 gc, windows-amd64)
# Problematic frame:
# C  [lwjgl_opengl.dll+0xc64d]
#
# No core dump will be written. Minidumps are not enabled by default on client versions of Windows
#
# If you would like to submit a bug report, please visit:
#   https://github.com/corretto/corretto-jdk/issues/
# The crash happened outside the Java Virtual Machine in native code.
# See problematic frame for where to report the bug.
#

---------------  S U M M A R Y ------------

Command Line: -Dfile.encoding=windows-1252 -Duser.country=US -Duser.language=en -Duser.variant app.Main

Host: Intel(R) Core(TM) i7-8565U CPU @ 1.80GHz, 8 cores, 15G,  Windows 10 , 64 bit Build 19041 (10.0.19041.1023)
Time: Wed May 18 15:37:10 2022 Central Daylight Time elapsed time: 0.627139 seconds (0d 0h 0m 0s)

---------------  T H R E A D  ---------------

Current thread (0x0000027201eaa5d0):  JavaThread "main" [_thread_in_native, id=10608, stack(0x000000f06b200000,0x000000f06b300000)]

Stack: [0x000000f06b200000,0x000000f06b300000],  sp=0x000000f06b2ff228,  free space=1020k
Native frames: (J=compiled Java code, j=interpreted, Vv=VM code, C=native code)
C  [lwjgl_opengl.dll+0xc64d]

Java frames: (J=compiled Java code, j=interpreted, Vv=VM code)
j  org.lwjgl.opengl.GL11C.nglGenTextures(IJ)V+0
j  org.lwjgl.opengl.GL11C.glGenTextures()I+20
j  org.lwjgl.opengl.GL11.glGenTextures()I+0
j  graphics.Texture.loadTexture()V+1
j  graphics.Texture.<init>(Ljava/lang/String;)V+15
j  ecs.components.TextureLayers.<init>(Ljava/lang/String;)V+10
j  ecs.entities.Sun.<init>()V+22
j  ecs.scenes.SolarSystem.<init>()V+9
j  io.Display.<init>(IILjava/lang/String;Ljava/lang/String;)V+9
j  app.Main.main([Ljava/lang/String;)V+14
v  ~StubRoutines::call_stub

siginfo: EXCEPTION_ACCESS_VIOLATION (0xc0000005), reading address 0x00000000000002d8


Register to memory mapping:

RIP=0x00007ff9cb70c64d lwjgl_opengl.dll
RAX=0x00000272288b8de0 points into unknown readable memory: 0x0000000000000000 | 00 00 00 00 00 00 00 00
RBX={method} {0x0000027227f3a908} 'nglGenTextures' '(IJ)V' in 'org/lwjgl/opengl/GL11C'
RCX=0x0000000000000001 is an unknown value
RDX=0x0000027228d6e00c points into unknown readable memory: 00 00 00 00
RSP=0x000000f06b2ff228 is pointing into the stack for thread: 0x0000027201eaa5d0
RBP=0x000000f06b2ff2b8 is pointing into the stack for thread: 0x0000027201eaa5d0
RSI=0x0000027227964070 is pointing into metadata
RDI=0x0000000000000001 is an unknown value
R8 =0x0000000000000001 is an unknown value
R9 =0x0000027228d6e00c points into unknown readable memory: 00 00 00 00
R10=0x0 is NULL
R11=0x0000000719485b88 is an oop: java.lang.Class 
{0x0000000719485b88} - klass: 'java/lang/Class'
R12=0x0 is NULL
R13={method} {0x0000027227f3a908} 'nglGenTextures' '(IJ)V' in 'org/lwjgl/opengl/GL11C'
R14=0x000000f06b2ff2e8 is pointing into the stack for thread: 0x0000027201eaa5d0
R15=0x0000027201eaa5d0 is a thread


Registers:
RAX=0x00000272288b8de0, RBX=0x0000027227f3a900, RCX=0x0000000000000001, RDX=0x0000027228d6e00c
RSP=0x000000f06b2ff228, RBP=0x000000f06b2ff2b8, RSI=0x0000027227964070, RDI=0x0000000000000001
R8 =0x0000000000000001, R9 =0x0000027228d6e00c, R10=0x0000000000000000, R11=0x0000000719485b88
R12=0x0000000000000000, R13=0x0000027227f3a900, R14=0x000000f06b2ff2e8, R15=0x0000027201eaa5d0
RIP=0x00007ff9cb70c64d, EFLAGS=0x0000000000010202

Top of Stack: (sp=0x000000f06b2ff228)
0x000000f06b2ff228:   000002720c04dd22 0000000000000001
0x000000f06b2ff238:   000002720c04da1c 0000027227f3a900
0x000000f06b2ff248:   0000027227964070 000000f06b2ff268
0x000000f06b2ff258:   000000f06b2ff2d0 000002720c0495e1
0x000000f06b2ff268:   000002720c04d9d6 000000f06b2ff270
0x000000f06b2ff278:   0000027227f3a900 000000f06b2ff2e8
0x000000f06b2ff288:   0000027227f470b0 0000000000000000
0x000000f06b2ff298:   0000000719485b88 0000027227f3a900
0x000000f06b2ff2a8:   0000000000000000 000000f06b2ff2d8
0x000000f06b2ff2b8:   000000f06b2ff338 000002720c049512
0x000000f06b2ff2c8:   0000000719485b88 000002720c04b2d8
0x000000f06b2ff2d8:   0000027228d6e00c 0000000000000000
0x000000f06b2ff2e8:   0000000000000001 000000f06b2ff2f0
0x000000f06b2ff2f8:   0000027227f3aa84 000000f06b2ff368
0x000000f06b2ff308:   0000027227f470b0 0000000000000000
0x000000f06b2ff318:   0000000719485b88 0000027227f3aaf0 

Instructions: (pc=0x00007ff9cb70c64d)
0x00007ff9cb70c54d:   cc cc cc 48 8b 01 41 0f b6 c8 48 8b 50 18 48 ff
0x00007ff9cb70c55d:   a2 d0 01 00 00 cc cc cc cc cc cc cc cc cc cc cc
0x00007ff9cb70c56d:   cc cc cc 48 8b 01 0f 28 cb 0f 28 c2 48 8b 48 18
0x00007ff9cb70c57d:   48 ff a1 d8 01 00 00 cc cc cc cc cc cc cc cc cc
0x00007ff9cb70c58d:   cc cc cc 48 8b 01 45 8b d8 44 8b 44 24 28 41 8b
0x00007ff9cb70c59d:   d1 41 8b cb 4c 8b 50 18 49 ff a2 e8 01 00 00 cc
0x00007ff9cb70c5ad:   cc cc cc 48 8b 01 41 8b c8 48 8b 50 18 48 ff a2
0x00007ff9cb70c5bd:   f0 01 00 00 cc cc cc cc cc cc cc cc cc cc cc cc
0x00007ff9cb70c5cd:   cc cc cc 40 53 48 8b 01 41 8b d8 44 8b 44 24 30
0x00007ff9cb70c5dd:   41 8b d1 4c 8b 4c 24 38 8b cb 4c 8b 50 18 5b 49
0x00007ff9cb70c5ed:   ff a2 f8 01 00 00 cc cc cc cc cc cc cc cc cc cc
0x00007ff9cb70c5fd:   cc cc cc 48 8b 01 48 8b 48 18 48 ff a1 98 02 00
0x00007ff9cb70c60d:   00 cc cc 48 8b 01 48 8b 48 18 48 ff a1 a0 02 00
0x00007ff9cb70c61d:   00 cc cc 48 8b 01 41 8b c8 48 8b 50 18 48 ff a2
0x00007ff9cb70c62d:   c8 02 00 00 cc cc cc cc cc cc cc cc cc cc cc cc
0x00007ff9cb70c63d:   cc cc cc 48 8b 01 49 8b d1 41 8b c8 4c 8b 50 18
0x00007ff9cb70c64d:   49 ff a2 d8 02 00 00 cc cc cc cc cc cc cc cc cc
0x00007ff9cb70c65d:   cc cc cc 48 8b 01 49 8b d1 41 8b c8 4c 8b 50 18
0x00007ff9cb70c66d:   49 ff a2 e0 02 00 00 cc cc cc cc cc cc cc cc cc
0x00007ff9cb70c67d:   cc cc cc 48 8b 01 49 8b d1 41 8b c8 4c 8b 50 18
0x00007ff9cb70c68d:   49 ff a2 f0 02 00 00 cc cc cc cc cc cc cc cc cc
0x00007ff9cb70c69d:   cc cc cc 48 8b 01 49 8b d1 41 8b c8 4c 8b 50 18
0x00007ff9cb70c6ad:   49 ff a2 f8 02 00 00 cc cc cc cc cc cc cc cc cc
0x00007ff9cb70c6bd:   cc cc cc 48 8b 01 49 8b d1 41 8b c8 4c 8b 50 18
0x00007ff9cb70c6cd:   49 ff a2 00 03 00 00 cc cc cc cc cc cc cc cc cc
0x00007ff9cb70c6dd:   cc cc cc 48 8b 01 49 8b d1 41 8b c8 4c 8b 50 18
0x00007ff9cb70c6ed:   49 ff a2 08 03 00 00 cc cc cc cc cc cc cc cc cc
0x00007ff9cb70c6fd:   cc cc cc 48 8b 01 48 8b 48 18 48 8b 81 10 03 00
0x00007ff9cb70c70d:   00 48 ff e0 cc cc cc cc cc cc cc cc cc cc cc cc
0x00007ff9cb70c71d:   cc cc cc 48 8b 01 49 8b d1 41 8b c8 4c 8b 50 18
0x00007ff9cb70c72d:   49 ff a2 68 03 00 00 cc cc cc cc cc cc cc cc cc
0x00007ff9cb70c73d:   cc cc cc 48 8b 01 48 8b 48 18 48 8b 81 78 03 00 


Stack slot to memory mapping:
stack at sp + 0 slots: 0x000002720c04dd22 is at code_begin+1026 in an Interpreter codelet
method entry point (kind = native)  [0x000002720c04d920, 0x000002720c04e300]  2528 bytes
stack at sp + 1 slots: 0x0000000000000001 is an unknown value
stack at sp + 2 slots: 0x000002720c04da1c is at code_begin+252 in an Interpreter codelet
method entry point (kind = native)  [0x000002720c04d920, 0x000002720c04e300]  2528 bytes
stack at sp + 3 slots: {method} {0x0000027227f3a908} 'nglGenTextures' '(IJ)V' in 'org/lwjgl/opengl/GL11C'
stack at sp + 4 slots: 0x0000027227964070 is pointing into metadata
stack at sp + 5 slots: 0x000000f06b2ff268 is pointing into the stack for thread: 0x0000027201eaa5d0
stack at sp + 6 slots: 0x000000f06b2ff2d0 is pointing into the stack for thread: 0x0000027201eaa5d0
stack at sp + 7 slots: 0x000002720c0495e1 is at code_begin+1345 in an Interpreter codelet
return entry points  [0x000002720c0490a0, 0x000002720c049be0]  2880 bytes


---------------  P R O C E S S  ---------------

Threads class SMR info:
_java_thread_list=0x0000027228bdd360, length=14, elements={
0x0000027201eaa5d0, 0x000002722770c400, 0x000002722770cd10, 0x000002722771f5d0,
0x000002722771fee0, 0x0000027227722800, 0x0000027227727130, 0x000002722772b270,
0x00000272277358a0, 0x000002722773ddf0, 0x000002722821d900, 0x0000027228241a30,
0x000002722838fac0, 0x0000027228f53a40
}

Java Threads: ( => current thread )
=>0x0000027201eaa5d0 JavaThread "main" [_thread_in_native, id=10608, stack(0x000000f06b200000,0x000000f06b300000)]
  0x000002722770c400 JavaThread "Reference Handler" daemon [_thread_blocked, id=20944, stack(0x000000f06b900000,0x000000f06ba00000)]
  0x000002722770cd10 JavaThread "Finalizer" daemon [_thread_blocked, id=15912, stack(0x000000f06ba00000,0x000000f06bb00000)]
  0x000002722771f5d0 JavaThread "Signal Dispatcher" daemon [_thread_blocked, id=3504, stack(0x000000f06bb00000,0x000000f06bc00000)]
  0x000002722771fee0 JavaThread "Attach Listener" daemon [_thread_blocked, id=15184, stack(0x000000f06bc00000,0x000000f06bd00000)]
  0x0000027227722800 JavaThread "Service Thread" daemon [_thread_blocked, id=14292, stack(0x000000f06bd00000,0x000000f06be00000)]
  0x0000027227727130 JavaThread "Monitor Deflation Thread" daemon [_thread_blocked, id=7524, stack(0x000000f06be00000,0x000000f06bf00000)]
  0x000002722772b270 JavaThread "C2 CompilerThread0" daemon [_thread_blocked, id=8656, stack(0x000000f06bf00000,0x000000f06c000000)]
  0x00000272277358a0 JavaThread "C1 CompilerThread0" daemon [_thread_blocked, id=17364, stack(0x000000f06c000000,0x000000f06c100000)]
  0x000002722773ddf0 JavaThread "Sweeper thread" daemon [_thread_blocked, id=10324, stack(0x000000f06c100000,0x000000f06c200000)]
  0x000002722821d900 JavaThread "Notification Thread" daemon [_thread_blocked, id=19716, stack(0x000000f06c200000,0x000000f06c300000)]
  0x0000027228241a30 JavaThread "Common-Cleaner" daemon [_thread_blocked, id=8764, stack(0x000000f06c400000,0x000000f06c500000)]
  0x000002722838fac0 JavaThread "C2 CompilerThread1" daemon [_thread_blocked, id=1908, stack(0x000000f06c500000,0x000000f06c600000)]
  0x0000027228f53a40 JavaThread "C2 CompilerThread2" daemon [_thread_in_native, id=19732, stack(0x000000f06c600000,0x000000f06c700000)]

Other Threads:
  0x0000027227709b10 VMThread "VM Thread" [stack: 0x000000f06b800000,0x000000f06b900000] [id=15744]
  0x000002722823de30 WatcherThread [stack: 0x000000f06c300000,0x000000f06c400000] [id=19924]
  0x0000027201efc200 GCTaskThread "GC Thread#0" [stack: 0x000000f06b300000,0x000000f06b400000] [id=19340]
  0x0000027201f0c620 ConcurrentGCThread "G1 Main Marker" [stack: 0x000000f06b400000,0x000000f06b500000] [id=12556]
  0x0000027201f0d7e0 ConcurrentGCThread "G1 Conc#0" [stack: 0x000000f06b500000,0x000000f06b600000] [id=7300]
  0x0000027201f7e5c0 ConcurrentGCThread "G1 Refine#0" [stack: 0x000000f06b600000,0x000000f06b700000] [id=14316]
  0x00000272275b9100 ConcurrentGCThread "G1 Service" [stack: 0x000000f06b700000,0x000000f06b800000] [id=19060]

Threads with active compile tasks:
C2 CompilerThread2      728  747   !   4       jdk.internal.loader.URLClassPath$JarLoader::getResource (354 bytes)

VM state: not at safepoint (normal execution)

VM Mutex/Monitor currently owned by a thread: None

Heap address: 0x000000070b200000, size: 3918 MB, Compressed Oops mode: Zero based, Oop shift amount: 3

CDS archive(s) mapped at: [0x0000000800000000-0x0000000800be0000-0x0000000800be0000), size 12451840, SharedBaseAddress: 0x0000000800000000, ArchiveRelocationMode: 0.
Compressed class space mapped at: 0x0000000800c00000-0x0000000840c00000, reserved size: 1073741824
Narrow klass base: 0x0000000800000000, Narrow klass shift: 3, Narrow klass range: 0x100000000

GC Precious Log:
 CPUs: 8 total, 8 available
 Memory: 15668M
 Large Page Support: Disabled
 NUMA Support: Disabled
 Compressed Oops: Enabled (Zero based)
 Heap Region Size: 2M
 Heap Min Capacity: 8M
 Heap Initial Capacity: 246M
 Heap Max Capacity: 3918M
 Pre-touch: Disabled
 Parallel Workers: 8
 Concurrent Workers: 2
 Concurrent Refinement Workers: 8
 Periodic GC: Disabled

Heap:
 garbage-first heap   total 251904K, used 16384K [0x000000070b200000, 0x0000000800000000)
  region size 2048K, 10 young (20480K), 0 survivors (0K)
 Metaspace       used 5058K, committed 5184K, reserved 1056768K
  class space    used 236K, committed 320K, reserved 1048576K

Heap Regions: E=young(eden), S=young(survivor), O=old, HS=humongous(starts), HC=humongous(continues), CS=collection set, F=free, OA=open archive, CA=closed archive, TAMS=top-at-mark-start (previous, next)
|   0|0x000000070b200000, 0x000000070b200000, 0x000000070b400000|  0%| F|  |TAMS 0x000000070b200000, 0x000000070b200000| Untracked 
|   1|0x000000070b400000, 0x000000070b400000, 0x000000070b600000|  0%| F|  |TAMS 0x000000070b400000, 0x000000070b400000| Untracked 
|   2|0x000000070b600000, 0x000000070b600000, 0x000000070b800000|  0%| F|  |TAMS 0x000000070b600000, 0x000000070b600000| Untracked 
|   3|0x000000070b800000, 0x000000070b800000, 0x000000070ba00000|  0%| F|  |TAMS 0x000000070b800000, 0x000000070b800000| Untracked 
|   4|0x000000070ba00000, 0x000000070ba00000, 0x000000070bc00000|  0%| F|  |TAMS 0x000000070ba00000, 0x000000070ba00000| Untracked 
|   5|0x000000070bc00000, 0x000000070bc00000, 0x000000070be00000|  0%| F|  |TAMS 0x000000070bc00000, 0x000000070bc00000| Untracked 
|   6|0x000000070be00000, 0x000000070be00000, 0x000000070c000000|  0%| F|  |TAMS 0x000000070be00000, 0x000000070be00000| Untracked 
|   7|0x000000070c000000, 0x000000070c000000, 0x000000070c200000|  0%| F|  |TAMS 0x000000070c000000, 0x000000070c000000| Untracked 
|   8|0x000000070c200000, 0x000000070c200000, 0x000000070c400000|  0%| F|  |TAMS 0x000000070c200000, 0x000000070c200000| Untracked 
|   9|0x000000070c400000, 0x000000070c400000, 0x000000070c600000|  0%| F|  |TAMS 0x000000070c400000, 0x000000070c400000| Untracked 
|  10|0x000000070c600000, 0x000000070c600000, 0x000000070c800000|  0%| F|  |TAMS 0x000000070c600000, 0x000000070c600000| Untracked 
|  11|0x000000070c800000, 0x000000070c800000, 0x000000070ca00000|  0%| F|  |TAMS 0x000000070c800000, 0x000000070c800000| Untracked 
|  12|0x000000070ca00000, 0x000000070ca00000, 0x000000070cc00000|  0%| F|  |TAMS 0x000000070ca00000, 0x000000070ca00000| Untracked 
|  13|0x000000070cc00000, 0x000000070cc00000, 0x000000070ce00000|  0%| F|  |TAMS 0x000000070cc00000, 0x000000070cc00000| Untracked 
|  14|0x000000070ce00000, 0x000000070ce00000, 0x000000070d000000|  0%| F|  |TAMS 0x000000070ce00000, 0x000000070ce00000| Untracked 
|  15|0x000000070d000000, 0x000000070d000000, 0x000000070d200000|  0%| F|  |TAMS 0x000000070d000000, 0x000000070d000000| Untracked 
|  16|0x000000070d200000, 0x000000070d200000, 0x000000070d400000|  0%| F|  |TAMS 0x000000070d200000, 0x000000070d200000| Untracked 
|  17|0x000000070d400000, 0x000000070d400000, 0x000000070d600000|  0%| F|  |TAMS 0x000000070d400000, 0x000000070d400000| Untracked 
|  18|0x000000070d600000, 0x000000070d600000, 0x000000070d800000|  0%| F|  |TAMS 0x000000070d600000, 0x000000070d600000| Untracked 
|  19|0x000000070d800000, 0x000000070d800000, 0x000000070da00000|  0%| F|  |TAMS 0x000000070d800000, 0x000000070d800000| Untracked 
|  20|0x000000070da00000, 0x000000070da00000, 0x000000070dc00000|  0%| F|  |TAMS 0x000000070da00000, 0x000000070da00000| Untracked 
|  21|0x000000070dc00000, 0x000000070dc00000, 0x000000070de00000|  0%| F|  |TAMS 0x000000070dc00000, 0x000000070dc00000| Untracked 
|  22|0x000000070de00000, 0x000000070de00000, 0x000000070e000000|  0%| F|  |TAMS 0x000000070de00000, 0x000000070de00000| Untracked 
|  23|0x000000070e000000, 0x000000070e000000, 0x000000070e200000|  0%| F|  |TAMS 0x000000070e000000, 0x000000070e000000| Untracked 
|  24|0x000000070e200000, 0x000000070e200000, 0x000000070e400000|  0%| F|  |TAMS 0x000000070e200000, 0x000000070e200000| Untracked 
|  25|0x000000070e400000, 0x000000070e400000, 0x000000070e600000|  0%| F|  |TAMS 0x000000070e400000, 0x000000070e400000| Untracked 
|  26|0x000000070e600000, 0x000000070e600000, 0x000000070e800000|  0%| F|  |TAMS 0x000000070e600000, 0x000000070e600000| Untracked 
|  27|0x000000070e800000, 0x000000070e800000, 0x000000070ea00000|  0%| F|  |TAMS 0x000000070e800000, 0x000000070e800000| Untracked 
|  28|0x000000070ea00000, 0x000000070ea00000, 0x000000070ec00000|  0%| F|  |TAMS 0x000000070ea00000, 0x000000070ea00000| Untracked 
|  29|0x000000070ec00000, 0x000000070ec00000, 0x000000070ee00000|  0%| F|  |TAMS 0x000000070ec00000, 0x000000070ec00000| Untracked 
|  30|0x000000070ee00000, 0x000000070ee00000, 0x000000070f000000|  0%| F|  |TAMS 0x000000070ee00000, 0x000000070ee00000| Untracked 
|  31|0x000000070f000000, 0x000000070f000000, 0x000000070f200000|  0%| F|  |TAMS 0x000000070f000000, 0x000000070f000000| Untracked 
|  32|0x000000070f200000, 0x000000070f200000, 0x000000070f400000|  0%| F|  |TAMS 0x000000070f200000, 0x000000070f200000| Untracked 
|  33|0x000000070f400000, 0x000000070f400000, 0x000000070f600000|  0%| F|  |TAMS 0x000000070f400000, 0x000000070f400000| Untracked 
|  34|0x000000070f600000, 0x000000070f600000, 0x000000070f800000|  0%| F|  |TAMS 0x000000070f600000, 0x000000070f600000| Untracked 
|  35|0x000000070f800000, 0x000000070f800000, 0x000000070fa00000|  0%| F|  |TAMS 0x000000070f800000, 0x000000070f800000| Untracked 
|  36|0x000000070fa00000, 0x000000070fa00000, 0x000000070fc00000|  0%| F|  |TAMS 0x000000070fa00000, 0x000000070fa00000| Untracked 
|  37|0x000000070fc00000, 0x000000070fc00000, 0x000000070fe00000|  0%| F|  |TAMS 0x000000070fc00000, 0x000000070fc00000| Untracked 
|  38|0x000000070fe00000, 0x000000070fe00000, 0x0000000710000000|  0%| F|  |TAMS 0x000000070fe00000, 0x000000070fe00000| Untracked 
|  39|0x0000000710000000, 0x0000000710000000, 0x0000000710200000|  0%| F|  |TAMS 0x0000000710000000, 0x0000000710000000| Untracked 
|  40|0x0000000710200000, 0x0000000710200000, 0x0000000710400000|  0%| F|  |TAMS 0x0000000710200000, 0x0000000710200000| Untracked 
|  41|0x0000000710400000, 0x0000000710400000, 0x0000000710600000|  0%| F|  |TAMS 0x0000000710400000, 0x0000000710400000| Untracked 
|  42|0x0000000710600000, 0x0000000710600000, 0x0000000710800000|  0%| F|  |TAMS 0x0000000710600000, 0x0000000710600000| Untracked 
|  43|0x0000000710800000, 0x0000000710800000, 0x0000000710a00000|  0%| F|  |TAMS 0x0000000710800000, 0x0000000710800000| Untracked 
|  44|0x0000000710a00000, 0x0000000710a00000, 0x0000000710c00000|  0%| F|  |TAMS 0x0000000710a00000, 0x0000000710a00000| Untracked 
|  45|0x0000000710c00000, 0x0000000710c00000, 0x0000000710e00000|  0%| F|  |TAMS 0x0000000710c00000, 0x0000000710c00000| Untracked 
|  46|0x0000000710e00000, 0x0000000710e00000, 0x0000000711000000|  0%| F|  |TAMS 0x0000000710e00000, 0x0000000710e00000| Untracked 
|  47|0x0000000711000000, 0x0000000711000000, 0x0000000711200000|  0%| F|  |TAMS 0x0000000711000000, 0x0000000711000000| Untracked 
|  48|0x0000000711200000, 0x0000000711200000, 0x0000000711400000|  0%| F|  |TAMS 0x0000000711200000, 0x0000000711200000| Untracked 
|  49|0x0000000711400000, 0x0000000711400000, 0x0000000711600000|  0%| F|  |TAMS 0x0000000711400000, 0x0000000711400000| Untracked 
|  50|0x0000000711600000, 0x0000000711600000, 0x0000000711800000|  0%| F|  |TAMS 0x0000000711600000, 0x0000000711600000| Untracked 
|  51|0x0000000711800000, 0x0000000711800000, 0x0000000711a00000|  0%| F|  |TAMS 0x0000000711800000, 0x0000000711800000| Untracked 
|  52|0x0000000711a00000, 0x0000000711a00000, 0x0000000711c00000|  0%| F|  |TAMS 0x0000000711a00000, 0x0000000711a00000| Untracked 
|  53|0x0000000711c00000, 0x0000000711c00000, 0x0000000711e00000|  0%| F|  |TAMS 0x0000000711c00000, 0x0000000711c00000| Untracked 
|  54|0x0000000711e00000, 0x0000000711e00000, 0x0000000712000000|  0%| F|  |TAMS 0x0000000711e00000, 0x0000000711e00000| Untracked 
|  55|0x0000000712000000, 0x0000000712000000, 0x0000000712200000|  0%| F|  |TAMS 0x0000000712000000, 0x0000000712000000| Untracked 
|  56|0x0000000712200000, 0x0000000712200000, 0x0000000712400000|  0%| F|  |TAMS 0x0000000712200000, 0x0000000712200000| Untracked 
|  57|0x0000000712400000, 0x0000000712400000, 0x0000000712600000|  0%| F|  |TAMS 0x0000000712400000, 0x0000000712400000| Untracked 
|  58|0x0000000712600000, 0x0000000712600000, 0x0000000712800000|  0%| F|  |TAMS 0x0000000712600000, 0x0000000712600000| Untracked 
|  59|0x0000000712800000, 0x0000000712800000, 0x0000000712a00000|  0%| F|  |TAMS 0x0000000712800000, 0x0000000712800000| Untracked 
|  60|0x0000000712a00000, 0x0000000712a00000, 0x0000000712c00000|  0%| F|  |TAMS 0x0000000712a00000, 0x0000000712a00000| Untracked 
|  61|0x0000000712c00000, 0x0000000712c00000, 0x0000000712e00000|  0%| F|  |TAMS 0x0000000712c00000, 0x0000000712c00000| Untracked 
|  62|0x0000000712e00000, 0x0000000712e00000, 0x0000000713000000|  0%| F|  |TAMS 0x0000000712e00000, 0x0000000712e00000| Untracked 
|  63|0x0000000713000000, 0x0000000713000000, 0x0000000713200000|  0%| F|  |TAMS 0x0000000713000000, 0x0000000713000000| Untracked 
|  64|0x0000000713200000, 0x0000000713200000, 0x0000000713400000|  0%| F|  |TAMS 0x0000000713200000, 0x0000000713200000| Untracked 
|  65|0x0000000713400000, 0x0000000713400000, 0x0000000713600000|  0%| F|  |TAMS 0x0000000713400000, 0x0000000713400000| Untracked 
|  66|0x0000000713600000, 0x0000000713600000, 0x0000000713800000|  0%| F|  |TAMS 0x0000000713600000, 0x0000000713600000| Untracked 
|  67|0x0000000713800000, 0x0000000713800000, 0x0000000713a00000|  0%| F|  |TAMS 0x0000000713800000, 0x0000000713800000| Untracked 
|  68|0x0000000713a00000, 0x0000000713a00000, 0x0000000713c00000|  0%| F|  |TAMS 0x0000000713a00000, 0x0000000713a00000| Untracked 
|  69|0x0000000713c00000, 0x0000000713c00000, 0x0000000713e00000|  0%| F|  |TAMS 0x0000000713c00000, 0x0000000713c00000| Untracked 
|  70|0x0000000713e00000, 0x0000000713e00000, 0x0000000714000000|  0%| F|  |TAMS 0x0000000713e00000, 0x0000000713e00000| Untracked 
|  71|0x0000000714000000, 0x0000000714000000, 0x0000000714200000|  0%| F|  |TAMS 0x0000000714000000, 0x0000000714000000| Untracked 
|  72|0x0000000714200000, 0x0000000714200000, 0x0000000714400000|  0%| F|  |TAMS 0x0000000714200000, 0x0000000714200000| Untracked 
|  73|0x0000000714400000, 0x0000000714400000, 0x0000000714600000|  0%| F|  |TAMS 0x0000000714400000, 0x0000000714400000| Untracked 
|  74|0x0000000714600000, 0x0000000714600000, 0x0000000714800000|  0%| F|  |TAMS 0x0000000714600000, 0x0000000714600000| Untracked 
|  75|0x0000000714800000, 0x0000000714800000, 0x0000000714a00000|  0%| F|  |TAMS 0x0000000714800000, 0x0000000714800000| Untracked 
|  76|0x0000000714a00000, 0x0000000714a00000, 0x0000000714c00000|  0%| F|  |TAMS 0x0000000714a00000, 0x0000000714a00000| Untracked 
|  77|0x0000000714c00000, 0x0000000714c00000, 0x0000000714e00000|  0%| F|  |TAMS 0x0000000714c00000, 0x0000000714c00000| Untracked 
|  78|0x0000000714e00000, 0x0000000714e00000, 0x0000000715000000|  0%| F|  |TAMS 0x0000000714e00000, 0x0000000714e00000| Untracked 
|  79|0x0000000715000000, 0x0000000715000000, 0x0000000715200000|  0%| F|  |TAMS 0x0000000715000000, 0x0000000715000000| Untracked 
|  80|0x0000000715200000, 0x0000000715200000, 0x0000000715400000|  0%| F|  |TAMS 0x0000000715200000, 0x0000000715200000| Untracked 
|  81|0x0000000715400000, 0x0000000715400000, 0x0000000715600000|  0%| F|  |TAMS 0x0000000715400000, 0x0000000715400000| Untracked 
|  82|0x0000000715600000, 0x0000000715600000, 0x0000000715800000|  0%| F|  |TAMS 0x0000000715600000, 0x0000000715600000| Untracked 
|  83|0x0000000715800000, 0x0000000715800000, 0x0000000715a00000|  0%| F|  |TAMS 0x0000000715800000, 0x0000000715800000| Untracked 
|  84|0x0000000715a00000, 0x0000000715a00000, 0x0000000715c00000|  0%| F|  |TAMS 0x0000000715a00000, 0x0000000715a00000| Untracked 
|  85|0x0000000715c00000, 0x0000000715c00000, 0x0000000715e00000|  0%| F|  |TAMS 0x0000000715c00000, 0x0000000715c00000| Untracked 
|  86|0x0000000715e00000, 0x0000000715e00000, 0x0000000716000000|  0%| F|  |TAMS 0x0000000715e00000, 0x0000000715e00000| Untracked 
|  87|0x0000000716000000, 0x0000000716000000, 0x0000000716200000|  0%| F|  |TAMS 0x0000000716000000, 0x0000000716000000| Untracked 
|  88|0x0000000716200000, 0x0000000716200000, 0x0000000716400000|  0%| F|  |TAMS 0x0000000716200000, 0x0000000716200000| Untracked 
|  89|0x0000000716400000, 0x0000000716400000, 0x0000000716600000|  0%| F|  |TAMS 0x0000000716400000, 0x0000000716400000| Untracked 
|  90|0x0000000716600000, 0x0000000716600000, 0x0000000716800000|  0%| F|  |TAMS 0x0000000716600000, 0x0000000716600000| Untracked 
|  91|0x0000000716800000, 0x0000000716800000, 0x0000000716a00000|  0%| F|  |TAMS 0x0000000716800000, 0x0000000716800000| Untracked 
|  92|0x0000000716a00000, 0x0000000716a00000, 0x0000000716c00000|  0%| F|  |TAMS 0x0000000716a00000, 0x0000000716a00000| Untracked 
|  93|0x0000000716c00000, 0x0000000716c00000, 0x0000000716e00000|  0%| F|  |TAMS 0x0000000716c00000, 0x0000000716c00000| Untracked 
|  94|0x0000000716e00000, 0x0000000716e00000, 0x0000000717000000|  0%| F|  |TAMS 0x0000000716e00000, 0x0000000716e00000| Untracked 
|  95|0x0000000717000000, 0x0000000717000000, 0x0000000717200000|  0%| F|  |TAMS 0x0000000717000000, 0x0000000717000000| Untracked 
|  96|0x0000000717200000, 0x0000000717200000, 0x0000000717400000|  0%| F|  |TAMS 0x0000000717200000, 0x0000000717200000| Untracked 
|  97|0x0000000717400000, 0x0000000717400000, 0x0000000717600000|  0%| F|  |TAMS 0x0000000717400000, 0x0000000717400000| Untracked 
|  98|0x0000000717600000, 0x0000000717600000, 0x0000000717800000|  0%| F|  |TAMS 0x0000000717600000, 0x0000000717600000| Untracked 
|  99|0x0000000717800000, 0x0000000717800000, 0x0000000717a00000|  0%| F|  |TAMS 0x0000000717800000, 0x0000000717800000| Untracked 
| 100|0x0000000717a00000, 0x0000000717a00000, 0x0000000717c00000|  0%| F|  |TAMS 0x0000000717a00000, 0x0000000717a00000| Untracked 
| 101|0x0000000717c00000, 0x0000000717c00000, 0x0000000717e00000|  0%| F|  |TAMS 0x0000000717c00000, 0x0000000717c00000| Untracked 
| 102|0x0000000717e00000, 0x0000000717e00000, 0x0000000718000000|  0%| F|  |TAMS 0x0000000717e00000, 0x0000000717e00000| Untracked 
| 103|0x0000000718000000, 0x0000000718000000, 0x0000000718200000|  0%| F|  |TAMS 0x0000000718000000, 0x0000000718000000| Untracked 
| 104|0x0000000718200000, 0x0000000718200000, 0x0000000718400000|  0%| F|  |TAMS 0x0000000718200000, 0x0000000718200000| Untracked 
| 105|0x0000000718400000, 0x0000000718400000, 0x0000000718600000|  0%| F|  |TAMS 0x0000000718400000, 0x0000000718400000| Untracked 
| 106|0x0000000718600000, 0x0000000718600000, 0x0000000718800000|  0%| F|  |TAMS 0x0000000718600000, 0x0000000718600000| Untracked 
| 107|0x0000000718800000, 0x0000000718800000, 0x0000000718a00000|  0%| F|  |TAMS 0x0000000718800000, 0x0000000718800000| Untracked 
| 108|0x0000000718a00000, 0x0000000718a00000, 0x0000000718c00000|  0%| F|  |TAMS 0x0000000718a00000, 0x0000000718a00000| Untracked 
| 109|0x0000000718c00000, 0x0000000718c00000, 0x0000000718e00000|  0%| F|  |TAMS 0x0000000718c00000, 0x0000000718c00000| Untracked 
| 110|0x0000000718e00000, 0x0000000718e00000, 0x0000000719000000|  0%| F|  |TAMS 0x0000000718e00000, 0x0000000718e00000| Untracked 
| 111|0x0000000719000000, 0x0000000719000000, 0x0000000719200000|  0%| F|  |TAMS 0x0000000719000000, 0x0000000719000000| Untracked 
| 112|0x0000000719200000, 0x0000000719200000, 0x0000000719400000|  0%| F|  |TAMS 0x0000000719200000, 0x0000000719200000| Untracked 
| 113|0x0000000719400000, 0x000000071950ee80, 0x0000000719600000| 52%| E|  |TAMS 0x0000000719400000, 0x0000000719400000| Complete 
| 114|0x0000000719600000, 0x0000000719800000, 0x0000000719800000|100%| E|  |TAMS 0x0000000719600000, 0x0000000719600000| Complete 
| 115|0x0000000719800000, 0x0000000719a00000, 0x0000000719a00000|100%| E|CS|TAMS 0x0000000719800000, 0x0000000719800000| Complete 
| 116|0x0000000719a00000, 0x0000000719c00000, 0x0000000719c00000|100%| E|CS|TAMS 0x0000000719a00000, 0x0000000719a00000| Complete 
| 117|0x0000000719c00000, 0x0000000719e00000, 0x0000000719e00000|100%| E|CS|TAMS 0x0000000719c00000, 0x0000000719c00000| Complete 
| 118|0x0000000719e00000, 0x000000071a000000, 0x000000071a000000|100%| E|CS|TAMS 0x0000000719e00000, 0x0000000719e00000| Complete 
| 119|0x000000071a000000, 0x000000071a200000, 0x000000071a200000|100%| E|CS|TAMS 0x000000071a000000, 0x000000071a000000| Complete 
| 120|0x000000071a200000, 0x000000071a400000, 0x000000071a400000|100%| E|CS|TAMS 0x000000071a200000, 0x000000071a200000| Complete 
| 121|0x000000071a400000, 0x000000071a600000, 0x000000071a600000|100%| E|CS|TAMS 0x000000071a400000, 0x000000071a400000| Complete 
| 122|0x000000071a600000, 0x000000071a800000, 0x000000071a800000|100%| E|CS|TAMS 0x000000071a600000, 0x000000071a600000| Complete 

Card table byte_map: [0x000002721c260000,0x000002721ca10000] _byte_map_base: 0x0000027218a07000

Marking Bits (Prev, Next): (CMBitMap*) 0x0000027201efc780, (CMBitMap*) 0x0000027201efc7c0
 Prev Bits: [0x000002721d1c0000, 0x0000027220ef8000)
 Next Bits: [0x0000027220f00000, 0x0000027224c38000)

Polling page: 0x000002720c020000

Metaspace:

Usage:
  Non-class:      4.71 MB used.
      Class:    236.22 KB used.
       Both:      4.94 MB used.

Virtual space:
  Non-class space:        8.00 MB reserved,       4.75 MB ( 59%) committed,  1 nodes.
      Class space:        1.00 GB reserved,     320.00 KB ( <1%) committed,  1 nodes.
              Both:        1.01 GB reserved,       5.06 MB ( <1%) committed. 

Chunk freelists:
   Non-Class:  704.00 KB
       Class:  3.59 MB
        Both:  4.28 MB

MaxMetaspaceSize: 17179869184.00 GB
CompressedClassSpaceSize: 1.00 GB
 - commit_granule_bytes: 65536.
 - commit_granule_words: 8192.
 - virtual_space_node_default_size: 1048576.
 - enlarge_chunks_in_place: 1.
 - new_chunks_are_fully_committed: 0.
 - uncommit_free_chunks: 1.
 - use_allocation_guard: 0.
 - handle_deallocations: 1.


Internal statistics:

num_allocs_failed_limit: 0.
num_arena_births: 60.
num_arena_deaths: 0.
num_vsnodes_births: 2.
num_vsnodes_deaths: 0.
num_space_committed: 81.
num_space_uncommitted: 0.
num_chunks_returned_to_freelist: 0.
num_chunks_taken_from_freelist: 194.
num_chunk_merges: 0.
num_chunk_splits: 146.
num_chunks_enlarged: 125.
num_purges: 0.

CodeHeap 'non-profiled nmethods': size=120000Kb used=311Kb max_used=311Kb free=119689Kb
 bounds [0x0000027213b10000, 0x0000027213d80000, 0x000002721b040000]
CodeHeap 'profiled nmethods': size=120000Kb used=1303Kb max_used=1303Kb free=118696Kb
 bounds [0x000002720c5e0000, 0x000002720c850000, 0x0000027213b10000]
CodeHeap 'non-nmethods': size=5760Kb used=1612Kb max_used=1653Kb free=4147Kb
 bounds [0x000002720c040000, 0x000002720c2b0000, 0x000002720c5e0000]
 total_blobs=1806 nmethods=766 adapters=953
 compilation: enabled
              stopped_count=0, restarted_count=0
 full_count=0

Compilation events (20 events):
Event: 0.587 Thread 0x00000272277358a0  760       3       java.nio.DirectByteBufferR::slice (66 bytes)
Event: 0.587 Thread 0x00000272277358a0 nmethod 760 0x000002720c723890 code [0x000002720c723a40, 0x000002720c723cc8]
Event: 0.587 Thread 0x00000272277358a0  757       3       jdk.internal.module.SystemModuleFinders$SystemModuleReader::find (54 bytes)
Event: 0.587 Thread 0x00000272277358a0 nmethod 757 0x000002720c723d90 code [0x000002720c724040, 0x000002720c724b78]
Event: 0.592 Thread 0x00000272277358a0  762       1       java.util.Formatter$Flags::valueOf (5 bytes)
Event: 0.592 Thread 0x00000272277358a0 nmethod 762 0x0000027213b54c10 code [0x0000027213b54da0, 0x0000027213b54e78]
Event: 0.592 Thread 0x000002722772b270  763       4       jdk.internal.jimage.ImageStringsReader::unmaskedHashCode (173 bytes)
Event: 0.594 Thread 0x00000272277358a0  765       1       sun.nio.fs.WindowsPath::getFileSystem (5 bytes)
Event: 0.594 Thread 0x00000272277358a0 nmethod 765 0x0000027213b54f10 code [0x0000027213b550a0, 0x0000027213b55178]
Event: 0.594 Thread 0x000002722772b270 nmethod 763 0x0000027213b55210 code [0x0000027213b553a0, 0x0000027213b55568]
Event: 0.594 Thread 0x000002722772b270  764       4       java.util.HashMap::get (19 bytes)
Event: 0.598 Thread 0x000002722772b270 nmethod 764 0x0000027213b55710 code [0x0000027213b558e0, 0x0000027213b55c88]
Event: 0.598 Thread 0x00000272277358a0  767       3       org.lwjgl.system.MemoryUtil::memPutAddress (29 bytes)
Event: 0.598 Thread 0x000002722772b270  766       4       sun.misc.Unsafe::putLong (11 bytes)
Event: 0.598 Thread 0x00000272277358a0 nmethod 767 0x000002720c724f90 code [0x000002720c725140, 0x000002720c725338]
Event: 0.599 Thread 0x000002722772b270 nmethod 766 0x0000027213b55f90 code [0x0000027213b56100, 0x0000027213b56178]
Event: 0.599 Thread 0x00000272277358a0  768       3       jdk.internal.loader.BuiltinClassLoader::hasClassPath (13 bytes)
Event: 0.599 Thread 0x00000272277358a0 nmethod 768 0x000002720c725410 code [0x000002720c7255a0, 0x000002720c725718]
Event: 0.601 Thread 0x00000272277358a0  769       3       java.util.jar.JarFile::maybeInstantiateVerifier (42 bytes)
Event: 0.601 Thread 0x00000272277358a0 nmethod 769 0x000002720c725790 code [0x000002720c725960, 0x000002720c725cf8]

GC Heap History (0 events):
No events

Deoptimization events (20 events):
Event: 0.421 Thread 0x0000027201eaa5d0 DEOPT PACKING pc=0x0000027213b1cbc0 sp=0x000000f06b2fd5c0
Event: 0.421 Thread 0x0000027201eaa5d0 DEOPT UNPACKING pc=0x000002720c08d72e sp=0x000000f06b2fd548 mode 2
Event: 0.429 Thread 0x0000027201eaa5d0 Uncommon trap: trap_request=0xffffffde fr.pc=0x0000027213b2c168 relative=0x00000000000002a8
Event: 0.429 Thread 0x0000027201eaa5d0 Uncommon trap: reason=class_check action=maybe_recompile pc=0x0000027213b2c168 method=java.util.HashMap.getNode(Ljava/lang/Object;)Ljava/util/HashMap$Node; @ 63 c2
Event: 0.429 Thread 0x0000027201eaa5d0 DEOPT PACKING pc=0x0000027213b2c168 sp=0x000000f06b2fdfd0
Event: 0.429 Thread 0x0000027201eaa5d0 DEOPT UNPACKING pc=0x000002720c08d72e sp=0x000000f06b2fded8 mode 2
Event: 0.499 Thread 0x0000027201eaa5d0 DEOPT PACKING pc=0x000002720c63e9db sp=0x000000f06b2fc1e0
Event: 0.499 Thread 0x0000027201eaa5d0 DEOPT UNPACKING pc=0x000002720c08dece sp=0x000000f06b2fb700 mode 0
Event: 0.519 Thread 0x0000027201eaa5d0 Uncommon trap: trap_request=0xffffffde fr.pc=0x0000027213b2c168 relative=0x00000000000002a8
Event: 0.519 Thread 0x0000027201eaa5d0 Uncommon trap: reason=class_check action=maybe_recompile pc=0x0000027213b2c168 method=java.util.HashMap.getNode(Ljava/lang/Object;)Ljava/util/HashMap$Node; @ 63 c2
Event: 0.519 Thread 0x0000027201eaa5d0 DEOPT PACKING pc=0x0000027213b2c168 sp=0x000000f06b2fbce0
Event: 0.519 Thread 0x0000027201eaa5d0 DEOPT UNPACKING pc=0x000002720c08d72e sp=0x000000f06b2fbbe8 mode 2
Event: 0.586 Thread 0x0000027201eaa5d0 Uncommon trap: trap_request=0xffffffde fr.pc=0x0000027213b2c168 relative=0x00000000000002a8
Event: 0.586 Thread 0x0000027201eaa5d0 Uncommon trap: reason=class_check action=maybe_recompile pc=0x0000027213b2c168 method=java.util.HashMap.getNode(Ljava/lang/Object;)Ljava/util/HashMap$Node; @ 63 c2
Event: 0.586 Thread 0x0000027201eaa5d0 DEOPT PACKING pc=0x0000027213b2c168 sp=0x000000f06b2fd510
Event: 0.586 Thread 0x0000027201eaa5d0 DEOPT UNPACKING pc=0x000002720c08d72e sp=0x000000f06b2fd418 mode 2
Event: 0.598 Thread 0x0000027201eaa5d0 Uncommon trap: trap_request=0xffffff5c fr.pc=0x0000027213b507fc relative=0x000000000000005c
Event: 0.598 Thread 0x0000027201eaa5d0 Uncommon trap: reason=speculate_null_check action=make_not_entrant pc=0x0000027213b507fc method=sun.misc.Unsafe.putLong(Ljava/lang/Object;JJ)V @ 7 c2
Event: 0.598 Thread 0x0000027201eaa5d0 DEOPT PACKING pc=0x0000027213b507fc sp=0x000000f06b2fda90
Event: 0.598 Thread 0x0000027201eaa5d0 DEOPT UNPACKING pc=0x000002720c08d72e sp=0x000000f06b2fda08 mode 2

Classes unloaded (0 events):
No events

Classes redefined (0 events):
No events

Internal exceptions (20 events):
Event: 0.377 Thread 0x0000027201eaa5d0 Exception <a 'java/lang/NoSuchMethodError'{0x0000000719a39870}: 'void java.lang.invoke.DelegatingMethodHandle$Holder.delegate(java.lang.Object, java.lang.Object, int, java.lang.Object)'> (0x0000000719a39870) 
thrown [c:\wsjdk\correttojdksrc\installers\windows\zip\corretto-build\buildroot\src\hotspot\share\interpreter\linkResolver.cpp, line 790]
Event: 0.378 Thread 0x0000027201eaa5d0 Exception <a 'java/lang/NoSuchMethodError'{0x0000000719a3dbc8}: 'int java.lang.invoke.DirectMethodHandle$Holder.invokeSpecial(java.lang.Object, java.lang.Object, java.lang.Object)'> (0x0000000719a3dbc8) 
thrown [c:\wsjdk\correttojdksrc\installers\windows\zip\corretto-build\buildroot\src\hotspot\share\interpreter\linkResolver.cpp, line 790]
Event: 0.421 Thread 0x0000027201eaa5d0 Exception <a 'sun/nio/fs/WindowsException'{0x0000000719b94908}> (0x0000000719b94908) 
thrown [c:\wsjdk\correttojdksrc\installers\windows\zip\corretto-build\buildroot\src\hotspot\share\prims\jni.cpp, line 579]
Event: 0.422 Thread 0x0000027201eaa5d0 Exception <a 'sun/nio/fs/WindowsException'{0x0000000719b94e88}> (0x0000000719b94e88) 
thrown [c:\wsjdk\correttojdksrc\installers\windows\zip\corretto-build\buildroot\src\hotspot\share\prims\jni.cpp, line 579]
Event: 0.468 Thread 0x0000027201eaa5d0 Exception <a 'sun/nio/fs/WindowsException'{0x0000000719bbaf30}> (0x0000000719bbaf30) 
thrown [c:\wsjdk\correttojdksrc\installers\windows\zip\corretto-build\buildroot\src\hotspot\share\prims\jni.cpp, line 579]
Event: 0.468 Thread 0x0000027201eaa5d0 Exception <a 'sun/nio/fs/WindowsException'{0x0000000719bbb2e0}> (0x0000000719bbb2e0) 
thrown [c:\wsjdk\correttojdksrc\installers\windows\zip\corretto-build\buildroot\src\hotspot\share\prims\jni.cpp, line 579]
Event: 0.480 Thread 0x0000027201eaa5d0 Exception <a 'java/lang/NoSuchMethodError'{0x0000000719829548}: 'java.lang.Object java.lang.invoke.DirectMethodHandle$Holder.invokeStatic(java.lang.Object)'> (0x0000000719829548) 
thrown [c:\wsjdk\correttojdksrc\installers\windows\zip\corretto-build\buildroot\src\hotspot\share\interpreter\linkResolver.cpp, line 790]
Event: 0.480 Thread 0x0000027201eaa5d0 Exception <a 'java/lang/NoSuchMethodError'{0x000000071982cbb8}: 'java.lang.Object java.lang.invoke.DirectMethodHandle$Holder.invokeStaticInit(java.lang.Object)'> (0x000000071982cbb8) 
thrown [c:\wsjdk\correttojdksrc\installers\windows\zip\corretto-build\buildroot\src\hotspot\share\interpreter\linkResolver.cpp, line 790]
Event: 0.485 Thread 0x0000027201eaa5d0 Exception <a 'java/lang/NoSuchMethodError'{0x000000071984daf0}: 'int java.lang.invoke.DirectMethodHandle$Holder.invokeStaticInit(java.lang.Object, java.lang.Object, int, long)'> (0x000000071984daf0) 
thrown [c:\wsjdk\correttojdksrc\installers\windows\zip\corretto-build\buildroot\src\hotspot\share\interpreter\linkResolver.cpp, line 790]
Event: 0.486 Thread 0x0000027201eaa5d0 Exception <a 'java/lang/NoSuchMethodError'{0x0000000719853868}: 'java.lang.Object java.lang.invoke.DirectMethodHandle$Holder.newInvokeSpecial(java.lang.Object, java.lang.Object, int)'> (0x0000000719853868) 
thrown [c:\wsjdk\correttojdksrc\installers\windows\zip\corretto-build\buildroot\src\hotspot\share\interpreter\linkResolver.cpp, line 790]
Event: 0.488 Thread 0x0000027201eaa5d0 Exception <a 'java/lang/NoSuchMethodError'{0x000000071986f130}: 'int java.lang.invoke.DirectMethodHandle$Holder.invokeStaticInit(java.lang.Object, java.lang.Object, long, long)'> (0x000000071986f130) 
thrown [c:\wsjdk\correttojdksrc\installers\windows\zip\corretto-build\buildroot\src\hotspot\share\interpreter\linkResolver.cpp, line 790]
Event: 0.488 Thread 0x0000027201eaa5d0 Exception <a 'java/lang/NoSuchMethodError'{0x0000000719875718}: 'java.lang.Object java.lang.invoke.DirectMethodHandle$Holder.newInvokeSpecial(java.lang.Object, java.lang.Object, long)'> (0x0000000719875718) 
thrown [c:\wsjdk\correttojdksrc\installers\windows\zip\corretto-build\buildroot\src\hotspot\share\interpreter\linkResolver.cpp, line 790]
Event: 0.489 Thread 0x0000027201eaa5d0 Exception <a 'java/lang/NoSuchMethodError'{0x0000000719879b18}: 'java.lang.Object java.lang.invoke.Invokers$Holder.linkToTargetMethod(java.lang.Object, long, java.lang.Object)'> (0x0000000719879b18) 
thrown [c:\wsjdk\correttojdksrc\installers\windows\zip\corretto-build\buildroot\src\hotspot\share\interpreter\linkResolver.cpp, line 790]
Event: 0.490 Thread 0x0000027201eaa5d0 Exception <a 'java/lang/NoSuchMethodError'{0x00000007198815c0}: 'int java.lang.invoke.DirectMethodHandle$Holder.invokeStaticInit(java.lang.Object, java.lang.Object, java.lang.Object, long)'> (0x00000007198815c0) 
thrown [c:\wsjdk\correttojdksrc\installers\windows\zip\corretto-build\buildroot\src\hotspot\share\interpreter\linkResolver.cpp, line 790]
Event: 0.521 Thread 0x0000027201eaa5d0 Exception <a 'sun/nio/fs/WindowsException'{0x00000007199e5250}> (0x00000007199e5250) 
thrown [c:\wsjdk\correttojdksrc\installers\windows\zip\corretto-build\buildroot\src\hotspot\share\prims\jni.cpp, line 579]
Event: 0.521 Thread 0x0000027201eaa5d0 Exception <a 'sun/nio/fs/WindowsException'{0x00000007199e5610}> (0x00000007199e5610) 
thrown [c:\wsjdk\correttojdksrc\installers\windows\zip\corretto-build\buildroot\src\hotspot\share\prims\jni.cpp, line 579]
Event: 0.589 Thread 0x0000027201eaa5d0 Exception <a 'sun/nio/fs/WindowsException'{0x000000071943b1b0}> (0x000000071943b1b0) 
thrown [c:\wsjdk\correttojdksrc\installers\windows\zip\corretto-build\buildroot\src\hotspot\share\prims\jni.cpp, line 579]
Event: 0.589 Thread 0x0000027201eaa5d0 Exception <a 'sun/nio/fs/WindowsException'{0x000000071943b580}> (0x000000071943b580) 
thrown [c:\wsjdk\correttojdksrc\installers\windows\zip\corretto-build\buildroot\src\hotspot\share\prims\jni.cpp, line 579]
Event: 0.594 Thread 0x0000027201eaa5d0 Exception <a 'sun/nio/fs/WindowsException'{0x0000000719455900}> (0x0000000719455900) 
thrown [c:\wsjdk\correttojdksrc\installers\windows\zip\corretto-build\buildroot\src\hotspot\share\prims\jni.cpp, line 579]
Event: 0.594 Thread 0x0000027201eaa5d0 Exception <a 'sun/nio/fs/WindowsException'{0x0000000719455c00}> (0x0000000719455c00) 
thrown [c:\wsjdk\correttojdksrc\installers\windows\zip\corretto-build\buildroot\src\hotspot\share\prims\jni.cpp, line 579]

Events (20 events):
Event: 0.478 loading class java/nio/ShortBuffer
Event: 0.478 loading class java/nio/ShortBuffer done
Event: 0.478 loading class java/nio/DoubleBuffer
Event: 0.479 loading class java/nio/DoubleBuffer done
Event: 0.481 loading class java/lang/ThreadLocal$SuppliedThreadLocal
Event: 0.481 loading class java/lang/ThreadLocal$SuppliedThreadLocal done
Event: 0.482 loading class java/nio/DirectShortBufferU
Event: 0.482 loading class java/nio/DirectShortBufferU done
Event: 0.482 loading class java/nio/DirectCharBufferU
Event: 0.482 loading class java/nio/DirectCharBufferU done
Event: 0.482 loading class java/nio/DirectFloatBufferU
Event: 0.482 loading class java/nio/DirectFloatBufferU done
Event: 0.482 loading class java/nio/DirectDoubleBufferU
Event: 0.482 loading class java/nio/DirectDoubleBufferU done
Event: 0.485 loading class java/util/function/LongPredicate
Event: 0.485 loading class java/util/function/LongPredicate done
Event: 0.491 loading class java/nio/InvalidMarkException
Event: 0.491 loading class java/nio/InvalidMarkException done
Event: 0.556 Thread 0x0000027228f53a40 Thread added: 0x0000027228f53a40
Event: 0.592 Loaded shared library C:\Users\teschnerm\AppData\Local\Temp\lwjglTeschnerM\3.3.1-build-7\lwjgl_opengl.dll


Dynamic libraries:
0x00007ff74e7e0000 - 0x00007ff74e7ed000 	C:\Users\teschnerm\.jdks\corretto-16.0.2\bin\java.exe
0x00007ff9e5710000 - 0x00007ff9e5905000 	C:\WINDOWS\SYSTEM32\ntdll.dll
0x00007ff9e5470000 - 0x00007ff9e552d000 	C:\WINDOWS\System32\KERNEL32.DLL
0x00007ff9e51a0000 - 0x00007ff9e5468000 	C:\WINDOWS\System32\KERNELBASE.dll
0x00007ff9e3150000 - 0x00007ff9e3250000 	C:\WINDOWS\System32\ucrtbase.dll
0x00007ff9d7ad0000 - 0x00007ff9d7ae8000 	C:\Users\teschnerm\.jdks\corretto-16.0.2\bin\jli.dll
0x00007ff9d6500000 - 0x00007ff9d6515000 	C:\Users\teschnerm\.jdks\corretto-16.0.2\bin\VCRUNTIME140.dll
0x00007ff9e5530000 - 0x00007ff9e56d0000 	C:\WINDOWS\System32\USER32.dll
0x00007ff9e3440000 - 0x00007ff9e3462000 	C:\WINDOWS\System32\win32u.dll
0x00007ff9cbe30000 - 0x00007ff9cc0ca000 	C:\WINDOWS\WinSxS\amd64_microsoft.windows.common-controls_6595b64144ccf1df_6.0.19041.1052_none_60b8f8fd71f5e8cb\COMCTL32.dll
0x00007ff9e4ca0000 - 0x00007ff9e4cca000 	C:\WINDOWS\System32\GDI32.dll
0x00007ff9e3e00000 - 0x00007ff9e3e9e000 	C:\WINDOWS\System32\msvcrt.dll
0x00007ff9e3250000 - 0x00007ff9e335b000 	C:\WINDOWS\System32\gdi32full.dll
0x00007ff9e3060000 - 0x00007ff9e30fd000 	C:\WINDOWS\System32\msvcp_win.dll
0x00007ff9e4520000 - 0x00007ff9e4550000 	C:\WINDOWS\System32\IMM32.DLL
0x00007ff9cb760000 - 0x00007ff9cb7fb000 	C:\Users\teschnerm\.jdks\corretto-16.0.2\bin\msvcp140.dll
0x00007ff957150000 - 0x00007ff957d59000 	C:\Users\teschnerm\.jdks\corretto-16.0.2\bin\server\jvm.dll
0x00007ff9e41a0000 - 0x00007ff9e424c000 	C:\WINDOWS\System32\ADVAPI32.dll
0x00007ff9e34e0000 - 0x00007ff9e357b000 	C:\WINDOWS\System32\sechost.dll
0x00007ff9e5070000 - 0x00007ff9e519b000 	C:\WINDOWS\System32\RPCRT4.dll
0x00007ff9e3600000 - 0x00007ff9e3608000 	C:\WINDOWS\System32\PSAPI.DLL
0x00007ff9cc0d0000 - 0x00007ff9cc0f7000 	C:\WINDOWS\SYSTEM32\WINMM.dll
0x00007ff9d6d50000 - 0x00007ff9d6d5a000 	C:\WINDOWS\SYSTEM32\VERSION.dll
0x00007ff9c7ca0000 - 0x00007ff9c7ca9000 	C:\WINDOWS\SYSTEM32\WSOCK32.dll
0x00007ff9e3470000 - 0x00007ff9e34db000 	C:\WINDOWS\System32\WS2_32.dll
0x00007ff9e0cc0000 - 0x00007ff9e0cd2000 	C:\WINDOWS\SYSTEM32\kernel.appcore.dll
0x00007ff9d8c90000 - 0x00007ff9d8c9a000 	C:\Users\teschnerm\.jdks\corretto-16.0.2\bin\jimage.dll
0x00007ff9e05c0000 - 0x00007ff9e07a4000 	C:\WINDOWS\SYSTEM32\DBGHELP.DLL
0x00007ff9ced20000 - 0x00007ff9ced4c000 	C:\WINDOWS\SYSTEM32\dbgcore.DLL
0x00007ff9e2e10000 - 0x00007ff9e2e93000 	C:\WINDOWS\System32\bcryptPrimitives.dll
0x00007ff9cd5f0000 - 0x00007ff9cd615000 	C:\Users\teschnerm\.jdks\corretto-16.0.2\bin\java.dll
0x00007ff9e36c0000 - 0x00007ff9e3dff000 	C:\WINDOWS\System32\SHELL32.dll
0x00007ff9e0ec0000 - 0x00007ff9e1650000 	C:\WINDOWS\SYSTEM32\windows.storage.dll
0x00007ff9e4cd0000 - 0x00007ff9e5025000 	C:\WINDOWS\System32\combase.dll
0x00007ff9e2880000 - 0x00007ff9e28ac000 	C:\WINDOWS\SYSTEM32\Wldp.dll
0x00007ff9e3610000 - 0x00007ff9e36be000 	C:\WINDOWS\System32\SHCORE.dll
0x00007ff9e4c40000 - 0x00007ff9e4c95000 	C:\WINDOWS\System32\shlwapi.dll
0x00007ff9e2d50000 - 0x00007ff9e2d6f000 	C:\WINDOWS\SYSTEM32\profapi.dll
0x00007ff9cd440000 - 0x00007ff9cd459000 	C:\Users\teschnerm\.jdks\corretto-16.0.2\bin\net.dll
0x00007ff9cf080000 - 0x00007ff9cf18b000 	C:\WINDOWS\SYSTEM32\WINHTTP.dll
0x00007ff9e25f0000 - 0x00007ff9e265a000 	C:\WINDOWS\system32\mswsock.dll
0x00007ff9cb8f0000 - 0x00007ff9cb903000 	C:\Users\teschnerm\.jdks\corretto-16.0.2\bin\nio.dll
0x00007ff9cb8d0000 - 0x00007ff9cb8e8000 	C:\Users\teschnerm\.jdks\corretto-16.0.2\bin\zip.dll
0x00007ff9d7a90000 - 0x00007ff9d7aa0000 	C:\Users\teschnerm\.jdks\corretto-16.0.2\bin\verify.dll
0x00007ff9bf6e0000 - 0x00007ff9bf755000 	C:\Users\teschnerm\AppData\Local\Temp\lwjglTeschnerM\3.3.1-build-7\lwjgl.dll
0x00007ff956ba0000 - 0x00007ff957149000 	C:\Users\TESCHN~1\AppData\Local\Temp\lwjglTeschnerM\3.3.1-build-7\assimp.dll
0x00007ff973490000 - 0x00007ff9736e9000 	C:\Users\TESCHN~1\AppData\Local\Temp\lwjglTeschnerM\3.3.1-build-7\jemalloc.dll
0x00007ff9cb700000 - 0x00007ff9cb75d000 	C:\Users\teschnerm\AppData\Local\Temp\lwjglTeschnerM\3.3.1-build-7\lwjgl_opengl.dll
0x00007ff9aecd0000 - 0x00007ff9aedf6000 	C:\WINDOWS\SYSTEM32\opengl32.dll
0x00007ff9aeca0000 - 0x00007ff9aeccc000 	C:\WINDOWS\SYSTEM32\GLU32.dll

dbghelp: loaded successfully - version: 4.0.5 - missing functions: none
symbol engine: initialized successfully - sym options: 0x614 - pdb path: .;C:\Users\teschnerm\.jdks\corretto-16.0.2\bin;C:\WINDOWS\SYSTEM32;C:\WINDOWS\WinSxS\amd64_microsoft.windows.common-controls_6595b64144ccf1df_6.0.19041.1052_none_60b8f8fd71f5e8cb;C:\Users\teschnerm\.jdks\corretto-16.0.2\bin\server;C:\Users\teschnerm\AppData\Local\Temp\lwjglTeschnerM\3.3.1-build-7;C:\Users\TESCHN~1\AppData\Local\Temp\lwjglTeschnerM\3.3.1-build-7

VM Arguments:
jvm_args: -Dfile.encoding=windows-1252 -Duser.country=US -Duser.language=en -Duser.variant 
java_command: app.Main
java_class_path (initial): C:\Users\teschnerm\IdeaProjects\x16\build\classes\java\main;C:\Users\teschnerm\IdeaProjects\x16\build\resources\main;C:\Users\teschnerm\.gradle\caches\modules-2\files-2.1\org.lwjgl\lwjgl-assimp\3.3.1\312072f451794f25670aebb0160ce6ec88aff842\lwjgl-assimp-3.3.1.jar;C:\Users\teschnerm\.gradle\caches\modules-2\files-2.1\org.lwjgl\lwjgl-assimp\3.3.1\bfa2a0d57acbf952b716d0ad8a3acbd7ad9f5639\lwjgl-assimp-3.3.1-natives-windows.jar;C:\Users\teschnerm\.gradle\caches\modules-2\files-2.1\org.lwjgl\lwjgl-bgfx\3.3.1\4243b7d255d885980f10c36edfb678729493685e\lwjgl-bgfx-3.3.1.jar;C:\Users\teschnerm\.gradle\caches\modules-2\files-2.1\org.lwjgl\lwjgl-bgfx\3.3.1\12f22e13c99db9153124dbc17b84fe0233c6f3d5\lwjgl-bgfx-3.3.1-natives-windows.jar;C:\Users\teschnerm\.gradle\caches\modules-2\files-2.1\org.lwjgl\lwjgl-cuda\3.3.1\8b67bd7760450f890eade8f74bfaf0dca10821fe\lwjgl-cuda-3.3.1.jar;C:\Users\teschnerm\.gradle\caches\modules-2\files-2.1\org.lwjgl\lwjgl-egl\3.3.1\8399e6734ad7d97d2e1f865b2c6c5232d5126dca\lwjgl-egl-3.3.1.jar;C:\Users\teschnerm\.gradle\caches\modules-2\files-2.1\org.lwjgl\lwjgl-glfw\3.3.1\cbac1b8d30cb4795149c1ef540f912671a8616d0\lwjgl-glfw-3.3.1.jar;C:\Users\teschnerm\.gradle\caches\modules-2\files-2.1\org.lwjgl\lwjgl-glfw\3.3.1\ed892f945cf7e79c8756796f32d00fa4ceaf573b\lwjgl-glfw-3.3.1-natives-windows.jar;C:\Users\teschnerm\.gradle\caches\modules-2\files-2.1\org.lwjgl\lwjgl-jawt\3.3.1\30330b16b809655d42f4951ece57f425cce43ce2\lwjgl-jawt-3.3.1.jar;C:\Users\teschnerm\.gradle\caches\modules-2\files-2.1\org.lwjgl\lwjgl-jemalloc\3.3.1\a817bcf213db49f710603677457567c37d53e103\lwjgl-jemalloc-3.3.1.jar;C:\Users\teschnerm\.gradle\caches\modules-2\files-2.1\org.lwjgl\lwjgl-jemalloc\3.3.1\948a89b76a16aa324b046ae9308891216ffce5f9\lwjgl-jemalloc-3.3.1-natives-windows.jar;C:\Users\teschnerm\.gradle\caches\modules-2\files-2.1\org.lwjgl\lwjgl-libdivide\3.3.1\ed21d21e4f3d508908ef1a23d885e73983f244ea\lwjgl-libdivide-3.3.1.jar;C:\Users\teschnerm\.gradle\caches\modules-
Launcher Type: SUN_STANDARD

[Global flags]
     intx CICompilerCount                          = 4                                         {product} {ergonomic}
     uint ConcGCThreads                            = 2                                         {product} {ergonomic}
     uint G1ConcRefinementThreads                  = 8                                         {product} {ergonomic}
   size_t G1HeapRegionSize                         = 2097152                                   {product} {ergonomic}
    uintx GCDrainStackTargetSize                   = 64                                        {product} {ergonomic}
   size_t InitialHeapSize                          = 257949696                                 {product} {ergonomic}
   size_t MarkStackSize                            = 4194304                                   {product} {ergonomic}
   size_t MaxHeapSize                              = 4108320768                                {product} {ergonomic}
   size_t MaxNewSize                               = 2464153600                                {product} {ergonomic}
   size_t MinHeapDeltaBytes                        = 2097152                                   {product} {ergonomic}
   size_t MinHeapSize                              = 8388608                                   {product} {ergonomic}
    uintx NonNMethodCodeHeapSize                   = 5839372                                {pd product} {ergonomic}
    uintx NonProfiledCodeHeapSize                  = 122909434                              {pd product} {ergonomic}
    uintx ProfiledCodeHeapSize                     = 122909434                              {pd product} {ergonomic}
    uintx ReservedCodeCacheSize                    = 251658240                              {pd product} {ergonomic}
     bool SegmentedCodeCache                       = true                                      {product} {ergonomic}
   size_t SoftMaxHeapSize                          = 4108320768                             {manageable} {ergonomic}
     bool UseCompressedClassPointers               = true                           {product lp64_product} {ergonomic}
     bool UseCompressedOops                        = true                           {product lp64_product} {ergonomic}
     bool UseG1GC                                  = true                                      {product} {ergonomic}
     bool UseLargePagesIndividualAllocation        = false                                  {pd product} {ergonomic}

Logging:
Log output configuration:
 #0: stdout all=warning uptime,level,tags
 #1: stderr all=off uptime,level,tags

Environment Variables:
JAVA_HOME=C:\portapps\oracle-jdk-portable\app
CLASSPATH=.;C:\Program Files (x86)\QuickTime\QTSystem\QTJava.zip
PATH=C:\Program Files\Microsoft\jdk-11.0.12.7-hotspot\bin;C:\Program Files (x86)\Common Files\Intel\Shared Libraries\redist\intel64\compiler;C:\WINDOWS\system32;C:\WINDOWS;C:\WINDOWS\System32\Wbem;C:\WINDOWS\System32\WindowsPowerShell\v1.0\;C:\WINDOWS\System32\OpenSSH\;C:\Program Files\Intel\WiFi\bin\;C:\Program Files\Common Files\Intel\WirelessCommon\;C:\Program Files (x86)\IVI Foundation\VISA\WinNT\Bin;C:\Program Files (x86)\QuickTime\QTSystem\;C:\Program Files\Microsoft SQL Server\130\Tools\Binn\;C:\Program Files\Microsoft SQL Server\Client SDK\ODBC\170\Tools\Binn\;C:\Program Files\CMake\bin;C:\Program Files\Microsoft SQL Server\150\Tools\Binn\;C:\Program Files\dotnet\;C:\Users\teschnerm\AppData\Local\Microsoft\WindowsApps;C:\Users\teschnerm\AppData\Local\Programs\Microsoft VS Code\bin;C:\Users\teschnerm\AppData\Local\GitHubDesktop\bin;C:\Users\teschnerm\node;C:\Users\teschnerm\AppData\Local\Programs\Git\cmd;C:\Program Files\Microsoft SDKs\Windows\v6.1\Bin;C:\Program Files\Microsoft Visual Studio\2022\Community\VC\Tools\MSVC\14.31.31103\bin;C:\Program Files\Microsoft Visual Studio\2022\Community\Common7\IDE;C:\Program Files\Microsoft Visual Studio\2022\Community\VC\Tools\MSVC\14.31.31103\bin\Hostx64\x64;C:\Program Files (x86)\Windows Kits\10\bin\10.0.19041.0\x64;C:\Program Files\Microsoft Visual Studio\2022\Community\Common7\IDE\Remote Debugger\x64;C:\flutter\bin;
USERNAME=TeschnerM
OS=Windows_NT
PROCESSOR_IDENTIFIER=Intel64 Family 6 Model 142 Stepping 12, GenuineIntel



---------------  S Y S T E M  ---------------

OS:
 Windows 10 , 64 bit Build 19041 (10.0.19041.1023)
OS uptime: 0 days 4:45 hours

CPU: total 8 (initial active 8) (4 cores per cpu, 2 threads per core) family 6 model 142 stepping 12 microcode 0xb8, cx8, cmov, fxsr, ht, mmx, 3dnowpref, sse, sse2, sse3, ssse3, sse4.1, sse4.2, popcnt, lzcnt, tsc, tscinvbit, avx, avx2, aes, erms, clmul, bmi1, bmi2, adx, fma, vzeroupper, clflush, clflushopt

Memory: 4k page, system-wide physical 15668M (6165M free)
TotalPageFile size 18100M (AvailPageFile size 7442M)
current process WorkingSet (physical memory assigned to process): 92M, peak: 92M
current process commit charge ("private bytes"): 382M, peak: 382M

vm_info: OpenJDK 64-Bit Server VM (16.0.2+7) for windows-amd64 JRE (16.0.2+7), built on Jul 22 2021 01:11:46 by "Administrator" with MS VC++ 15.9 (VS2017)

END.
