#
# A fatal error has been detected by the Java Runtime Environment:
#
#  EXCEPTION_ACCESS_VIOLATION (0xc0000005) at pc=0x00007ffff92fe047, pid=22336, tid=9848
#
# JRE version: OpenJDK Runtime Environment Corretto-16.0.2.7.1 (16.0.2+7) (build 16.0.2+7)
# Java VM: OpenJDK 64-Bit Server VM Corretto-16.0.2.7.1 (16.0.2+7, mixed mode, sharing, tiered, compressed oops, compressed class ptrs, g1 gc, windows-amd64)
# Problematic frame:
# C  [lwjgl_opengl.dll+0xe047]
#
# No core dump will be written. Minidumps are not enabled by default on client versions of Windows
#
# If you would like to submit a bug report, please visit:
#   https://github.com/corretto/corretto-jdk/issues/
# The crash happened outside the Java Virtual Machine in native code.
# See problematic frame for where to report the bug.
#

---------------  S U M M A R Y ------------

Command Line: -Dfile.encoding=windows-1252 -Duser.country=US -Duser.language=en -Duser.variant app.Main

Host: Intel(R) Core(TM) i7-8565U CPU @ 1.80GHz, 8 cores, 15G,  Windows 10 , 64 bit Build 19041 (10.0.19041.1023)
Time: Tue May 17 13:48:44 2022 Central Daylight Time elapsed time: 0.617951 seconds (0d 0h 0m 0s)

---------------  T H R E A D  ---------------

Current thread (0x00000236a2389490):  JavaThread "main" [_thread_in_native, id=9848, stack(0x0000008a97600000,0x0000008a97700000)]

Stack: [0x0000008a97600000,0x0000008a97700000],  sp=0x0000008a976ff418,  free space=1021k
Native frames: (J=compiled Java code, j=interpreted, Vv=VM code, C=native code)
C  [lwjgl_opengl.dll+0xe047]

Java frames: (J=compiled Java code, j=interpreted, Vv=VM code)
j  org.lwjgl.opengl.GL20C.glCreateProgram()I+0
j  org.lwjgl.opengl.GL20.glCreateProgram()I+0
j  graphics.Shader.compileShader()V+1
j  graphics.Shader.<init>(Ljava/lang/String;)V+22
j  ecs.components.Vao.<init>()V+11
j  ecs.entities.Triangle.<init>()V+110
j  ecs.scenes.TestScene.<init>()V+9
j  io.Display.<init>(IILjava/lang/String;Ljava/lang/String;)V+9
j  app.Main.main([Ljava/lang/String;)V+14
v  ~StubRoutines::call_stub

siginfo: EXCEPTION_ACCESS_VIOLATION (0xc0000005), reading address 0x0000000000000e20


Register to memory mapping:

RIP=0x00007ffff92fe047 lwjgl_opengl.dll
RAX=0x00000236c91680b0 points into unknown readable memory: 0x0000000000000000 | 00 00 00 00 00 00 00 00
RBX={method} {0x00000236c852e2a0} 'glCreateProgram' '()I' in 'org/lwjgl/opengl/GL20C'
RCX=0x0 is NULL
RDX=0x0000008a976ff498 is pointing into the stack for thread: 0x00000236a2389490
RSP=0x0000008a976ff418 is pointing into the stack for thread: 0x00000236a2389490
RBP=0x0000008a976ff488 is pointing into the stack for thread: 0x00000236a2389490
RSI=0x0000000000000056 is an unknown value
RDI=0x00000236ac529512 is at code_begin+1138 in an Interpreter codelet
return entry points  [0x00000236ac5290a0, 0x00000236ac529be0]  2880 bytes
R8 =0x0000000000000002 is an unknown value
R9 =0x0000000000000002 is an unknown value
R10=0x00000236ac52dcf3 is at code_begin+979 in an Interpreter codelet
method entry point (kind = native)  [0x00000236ac52d920, 0x00000236ac52e300]  2528 bytes
R11=0x0000000719aabba0 is an oop: java.lang.Class 
{0x0000000719aabba0} - klass: 'java/lang/Class'
R12=0x0 is NULL
R13=0x00000236c852e290 is pointing into metadata
R14=0x0000008a976ff4a0 is pointing into the stack for thread: 0x00000236a2389490
R15=0x00000236a2389490 is a thread


Registers:
RAX=0x00000236c91680b0, RBX=0x00000236c852e298, RCX=0x0000000000000000, RDX=0x0000008a976ff498
RSP=0x0000008a976ff418, RBP=0x0000008a976ff488, RSI=0x0000000000000056, RDI=0x00000236ac529512
R8 =0x0000000000000002, R9 =0x0000000000000002, R10=0x00000236ac52dcf3, R11=0x0000000719aabba0
R12=0x0000000000000000, R13=0x00000236c852e290, R14=0x0000008a976ff4a0, R15=0x00000236a2389490
RIP=0x00007ffff92fe047, EFLAGS=0x0000000000010202

Top of Stack: (sp=0x0000008a976ff418)
0x0000008a976ff418:   00000236ac52dd22 0000000000000056
0x0000008a976ff428:   00007fff7f7401f9 00000236c840df38
0x0000008a976ff438:   00000236ac52d9d6 0000008a976ff440
0x0000008a976ff448:   00000236c852e290 0000008a976ff4a0
0x0000008a976ff458:   00000236c855abe8 0000000000000000
0x0000008a976ff468:   0000000719aabba0 00000236c852e298
0x0000008a976ff478:   0000000000000000 0000008a976ff4a8
0x0000008a976ff488:   0000008a976ff4f0 00000236ac529626
0x0000008a976ff498:   0000000719aabba0 00000236ac52b2d6
0x0000008a976ff4a8:   0000008a976ff4a8 00000236c840df20
0x0000008a976ff4b8:   0000008a976ff4f8 00000236c846ba60
0x0000008a976ff4c8:   0000000000000000 000000071a2592a8
0x0000008a976ff4d8:   00000236c840df38 0000008a976ff4a8
0x0000008a976ff4e8:   0000008a976ff500 0000008a976ff550
0x0000008a976ff4f8:   00000236ac529626 000000071a73b740
0x0000008a976ff508:   0000008a976ff508 00000236c8406f19 

Instructions: (pc=0x00007ffff92fe047)
0x00007ffff92fdf47:   8b c8 4c 8b 50 18 49 ff a2 e0 0d 00 00 cc cc cc
0x00007ffff92fdf57:   cc cc cc cc cc cc cc cc cc 48 8b 01 49 8b d1 41
0x00007ffff92fdf67:   8b c8 4c 8b 50 18 49 ff a2 e8 0d 00 00 cc cc cc
0x00007ffff92fdf77:   cc cc cc cc cc cc cc cc cc 48 8b 01 48 8b 48 18
0x00007ffff92fdf87:   48 8b 81 f0 0d 00 00 41 8b c8 48 ff e0 cc cc cc
0x00007ffff92fdf97:   cc cc cc cc cc cc cc cc cc 48 8b 01 41 8b d1 41
0x00007ffff92fdfa7:   8b c8 4c 8b 50 18 49 ff a2 f8 0d 00 00 cc cc cc
0x00007ffff92fdfb7:   cc cc cc cc cc cc cc cc cc 48 8b 01 41 8b c8 48
0x00007ffff92fdfc7:   8b 50 18 48 ff a2 00 0e 00 00 cc cc cc cc cc cc
0x00007ffff92fdfd7:   cc cc cc cc cc cc cc cc cc 48 8b 01 45 8b d8 4c
0x00007ffff92fdfe7:   8b 44 24 28 41 8b d1 41 8b cb 4c 8b 50 18 49 ff
0x00007ffff92fdff7:   a2 08 0e 00 00 cc cc cc cc 48 8b 01 45 8b d8 4c
0x00007ffff92fe007:   8b 44 24 28 41 8b d1 41 8b cb 4c 8b 50 18 49 ff
0x00007ffff92fe017:   a2 10 0e 00 00 cc cc cc cc 48 8b 01 45 8b d8 4c
0x00007ffff92fe027:   8b 44 24 28 41 8b d1 41 8b cb 4c 8b 50 18 49 ff
0x00007ffff92fe037:   a2 18 0e 00 00 cc cc cc cc 48 8b 01 48 8b 48 18
0x00007ffff92fe047:   48 8b 81 20 0e 00 00 48 ff e0 cc cc cc cc cc cc
0x00007ffff92fe057:   cc cc cc cc cc cc cc cc cc 48 8b 01 41 8b c8 48
0x00007ffff92fe067:   8b 50 18 48 ff a2 28 0e 00 00 cc cc cc cc cc cc
0x00007ffff92fe077:   cc cc cc cc cc cc cc cc cc 48 8b 01 48 8b 48 18
0x00007ffff92fe087:   48 8b 81 30 0e 00 00 41 8b c8 48 ff e0 cc cc cc
0x00007ffff92fe097:   cc cc cc cc cc cc cc cc cc 48 8b 01 48 8b 48 18
0x00007ffff92fe0a7:   48 8b 81 38 0e 00 00 41 8b c8 48 ff e0 cc cc cc
0x00007ffff92fe0b7:   cc cc cc cc cc cc cc cc cc 48 8b 01 41 8b c8 48
0x00007ffff92fe0c7:   8b 50 18 48 ff a2 40 0e 00 00 cc cc cc cc cc cc
0x00007ffff92fe0d7:   cc cc cc cc cc cc cc cc cc 48 8b 01 48 8b 48 18
0x00007ffff92fe0e7:   48 8b 81 48 0e 00 00 41 8b c8 48 ff e0 cc cc cc
0x00007ffff92fe0f7:   cc cc cc cc cc cc cc cc cc 48 8b 01 41 8b d1 41
0x00007ffff92fe107:   8b c8 4c 8b 50 18 49 ff a2 50 0e 00 00 cc cc cc
0x00007ffff92fe117:   cc cc cc cc cc cc cc cc cc 48 8b 01 41 8b d1 41
0x00007ffff92fe127:   8b c8 4c 8b 50 18 49 ff a2 58 0e 00 00 cc cc cc
0x00007ffff92fe137:   cc cc cc cc cc cc cc cc cc 40 53 48 8b 01 41 8b 


Stack slot to memory mapping:
stack at sp + 0 slots: 0x00000236ac52dd22 is at code_begin+1026 in an Interpreter codelet
method entry point (kind = native)  [0x00000236ac52d920, 0x00000236ac52e300]  2528 bytes
stack at sp + 1 slots: 0x0000000000000056 is an unknown value
stack at sp + 2 slots: 0x00007fff7f7401f9 jvm.dll
stack at sp + 3 slots: {method} {0x00000236c840df40} 'glCreateProgram' '()I' in 'org/lwjgl/opengl/GL20'
stack at sp + 4 slots: 0x00000236ac52d9d6 is at code_begin+182 in an Interpreter codelet
method entry point (kind = native)  [0x00000236ac52d920, 0x00000236ac52e300]  2528 bytes
stack at sp + 5 slots: 0x0000008a976ff440 is pointing into the stack for thread: 0x00000236a2389490
stack at sp + 6 slots: 0x00000236c852e290 is pointing into metadata
stack at sp + 7 slots: 0x0000008a976ff4a0 is pointing into the stack for thread: 0x00000236a2389490


---------------  P R O C E S S  ---------------

Threads class SMR info:
_java_thread_list=0x00000236c8931110, length=13, elements={
0x00000236a2389490, 0x00000236c7be8550, 0x00000236c7be9210, 0x00000236c7bfdbb0,
0x00000236c7bff5c0, 0x00000236c7bfffc0, 0x00000236c7c00fd0, 0x00000236c7c02a40,
0x00000236c7c11d30, 0x00000236c7c29130, 0x00000236c89192e0, 0x00000236c891da40,
0x00000236c7c106f0
}

Java Threads: ( => current thread )
=>0x00000236a2389490 JavaThread "main" [_thread_in_native, id=9848, stack(0x0000008a97600000,0x0000008a97700000)]
  0x00000236c7be8550 JavaThread "Reference Handler" daemon [_thread_blocked, id=21416, stack(0x0000008a97d00000,0x0000008a97e00000)]
  0x00000236c7be9210 JavaThread "Finalizer" daemon [_thread_blocked, id=15092, stack(0x0000008a97e00000,0x0000008a97f00000)]
  0x00000236c7bfdbb0 JavaThread "Signal Dispatcher" daemon [_thread_blocked, id=21984, stack(0x0000008a97f00000,0x0000008a98000000)]
  0x00000236c7bff5c0 JavaThread "Attach Listener" daemon [_thread_blocked, id=15884, stack(0x0000008a98000000,0x0000008a98100000)]
  0x00000236c7bfffc0 JavaThread "Service Thread" daemon [_thread_blocked, id=18656, stack(0x0000008a98100000,0x0000008a98200000)]
  0x00000236c7c00fd0 JavaThread "Monitor Deflation Thread" daemon [_thread_blocked, id=12540, stack(0x0000008a98200000,0x0000008a98300000)]
  0x00000236c7c02a40 JavaThread "C2 CompilerThread0" daemon [_thread_blocked, id=22596, stack(0x0000008a98300000,0x0000008a98400000)]
  0x00000236c7c11d30 JavaThread "C1 CompilerThread0" daemon [_thread_blocked, id=18032, stack(0x0000008a98400000,0x0000008a98500000)]
  0x00000236c7c29130 JavaThread "Sweeper thread" daemon [_thread_blocked, id=7104, stack(0x0000008a98500000,0x0000008a98600000)]
  0x00000236c89192e0 JavaThread "Notification Thread" daemon [_thread_blocked, id=9120, stack(0x0000008a98600000,0x0000008a98700000)]
  0x00000236c891da40 JavaThread "Common-Cleaner" daemon [_thread_blocked, id=14236, stack(0x0000008a98800000,0x0000008a98900000)]
  0x00000236c7c106f0 JavaThread "C2 CompilerThread1" daemon [_thread_blocked, id=12764, stack(0x0000008a98900000,0x0000008a98a00000)]

Other Threads:
  0x00000236c7be3600 VMThread "VM Thread" [stack: 0x0000008a97c00000,0x0000008a97d00000] [id=13012]
  0x00000236c8919800 WatcherThread [stack: 0x0000008a98700000,0x0000008a98800000] [id=13148]
  0x00000236a23db070 GCTaskThread "GC Thread#0" [stack: 0x0000008a97700000,0x0000008a97800000] [id=1144]
  0x00000236a23eb580 ConcurrentGCThread "G1 app.Main Marker" [stack: 0x0000008a97800000,0x0000008a97900000] [id=11328]
  0x00000236a23ebff0 ConcurrentGCThread "G1 Conc#0" [stack: 0x0000008a97900000,0x0000008a97a00000] [id=15224]
  0x00000236c7a944d0 ConcurrentGCThread "G1 Refine#0" [stack: 0x0000008a97a00000,0x0000008a97b00000] [id=15268]
  0x00000236c7a96d70 ConcurrentGCThread "G1 Service" [stack: 0x0000008a97b00000,0x0000008a97c00000] [id=17896]

Threads with active compile tasks:

VM state: not at safepoint (normal execution)

VM Mutex/Monitor currently owned by a thread: None

Heap address: 0x000000070b200000, size: 3918 MB, Compressed Oops mode: Zero based, Oop shift amount: 3

CDS archive(s) mapped at: [0x0000000800000000-0x0000000800be0000-0x0000000800be0000), size 12451840, SharedBaseAddress: 0x0000000800000000, ArchiveRelocationMode: 0.
Compressed class space mapped at: 0x0000000800c00000-0x0000000840c00000, reserved size: 1073741824
Narrow klass base: 0x0000000800000000, Narrow klass shift: 3, Narrow klass range: 0x100000000

GC Precious Log:
 CPUs: 8 total, 8 available
 Memory: 15668M
 Large Page Support: Disabled
 NUMA Support: Disabled
 Compressed Oops: Enabled (Zero based)
 Heap Region Size: 2M
 Heap Min Capacity: 8M
 Heap Initial Capacity: 246M
 Heap Max Capacity: 3918M
 Pre-touch: Disabled
 Parallel Workers: 8
 Concurrent Workers: 2
 Concurrent Refinement Workers: 8
 Periodic GC: Disabled

Heap:
 garbage-first heap   total 251904K, used 12288K [0x000000070b200000, 0x0000000800000000)
  region size 2048K, 7 young (14336K), 0 survivors (0K)
 Metaspace       used 2882K, committed 3072K, reserved 1056768K
  class space    used 150K, committed 256K, reserved 1048576K

Heap Regions: E=young(eden), S=young(survivor), O=old, HS=humongous(starts), HC=humongous(continues), CS=collection set, F=free, OA=open archive, CA=closed archive, TAMS=top-at-mark-start (previous, next)
|   0|0x000000070b200000, 0x000000070b200000, 0x000000070b400000|  0%| F|  |TAMS 0x000000070b200000, 0x000000070b200000| Untracked 
|   1|0x000000070b400000, 0x000000070b400000, 0x000000070b600000|  0%| F|  |TAMS 0x000000070b400000, 0x000000070b400000| Untracked 
|   2|0x000000070b600000, 0x000000070b600000, 0x000000070b800000|  0%| F|  |TAMS 0x000000070b600000, 0x000000070b600000| Untracked 
|   3|0x000000070b800000, 0x000000070b800000, 0x000000070ba00000|  0%| F|  |TAMS 0x000000070b800000, 0x000000070b800000| Untracked 
|   4|0x000000070ba00000, 0x000000070ba00000, 0x000000070bc00000|  0%| F|  |TAMS 0x000000070ba00000, 0x000000070ba00000| Untracked 
|   5|0x000000070bc00000, 0x000000070bc00000, 0x000000070be00000|  0%| F|  |TAMS 0x000000070bc00000, 0x000000070bc00000| Untracked 
|   6|0x000000070be00000, 0x000000070be00000, 0x000000070c000000|  0%| F|  |TAMS 0x000000070be00000, 0x000000070be00000| Untracked 
|   7|0x000000070c000000, 0x000000070c000000, 0x000000070c200000|  0%| F|  |TAMS 0x000000070c000000, 0x000000070c000000| Untracked 
|   8|0x000000070c200000, 0x000000070c200000, 0x000000070c400000|  0%| F|  |TAMS 0x000000070c200000, 0x000000070c200000| Untracked 
|   9|0x000000070c400000, 0x000000070c400000, 0x000000070c600000|  0%| F|  |TAMS 0x000000070c400000, 0x000000070c400000| Untracked 
|  10|0x000000070c600000, 0x000000070c600000, 0x000000070c800000|  0%| F|  |TAMS 0x000000070c600000, 0x000000070c600000| Untracked 
|  11|0x000000070c800000, 0x000000070c800000, 0x000000070ca00000|  0%| F|  |TAMS 0x000000070c800000, 0x000000070c800000| Untracked 
|  12|0x000000070ca00000, 0x000000070ca00000, 0x000000070cc00000|  0%| F|  |TAMS 0x000000070ca00000, 0x000000070ca00000| Untracked 
|  13|0x000000070cc00000, 0x000000070cc00000, 0x000000070ce00000|  0%| F|  |TAMS 0x000000070cc00000, 0x000000070cc00000| Untracked 
|  14|0x000000070ce00000, 0x000000070ce00000, 0x000000070d000000|  0%| F|  |TAMS 0x000000070ce00000, 0x000000070ce00000| Untracked 
|  15|0x000000070d000000, 0x000000070d000000, 0x000000070d200000|  0%| F|  |TAMS 0x000000070d000000, 0x000000070d000000| Untracked 
|  16|0x000000070d200000, 0x000000070d200000, 0x000000070d400000|  0%| F|  |TAMS 0x000000070d200000, 0x000000070d200000| Untracked 
|  17|0x000000070d400000, 0x000000070d400000, 0x000000070d600000|  0%| F|  |TAMS 0x000000070d400000, 0x000000070d400000| Untracked 
|  18|0x000000070d600000, 0x000000070d600000, 0x000000070d800000|  0%| F|  |TAMS 0x000000070d600000, 0x000000070d600000| Untracked 
|  19|0x000000070d800000, 0x000000070d800000, 0x000000070da00000|  0%| F|  |TAMS 0x000000070d800000, 0x000000070d800000| Untracked 
|  20|0x000000070da00000, 0x000000070da00000, 0x000000070dc00000|  0%| F|  |TAMS 0x000000070da00000, 0x000000070da00000| Untracked 
|  21|0x000000070dc00000, 0x000000070dc00000, 0x000000070de00000|  0%| F|  |TAMS 0x000000070dc00000, 0x000000070dc00000| Untracked 
|  22|0x000000070de00000, 0x000000070de00000, 0x000000070e000000|  0%| F|  |TAMS 0x000000070de00000, 0x000000070de00000| Untracked 
|  23|0x000000070e000000, 0x000000070e000000, 0x000000070e200000|  0%| F|  |TAMS 0x000000070e000000, 0x000000070e000000| Untracked 
|  24|0x000000070e200000, 0x000000070e200000, 0x000000070e400000|  0%| F|  |TAMS 0x000000070e200000, 0x000000070e200000| Untracked 
|  25|0x000000070e400000, 0x000000070e400000, 0x000000070e600000|  0%| F|  |TAMS 0x000000070e400000, 0x000000070e400000| Untracked 
|  26|0x000000070e600000, 0x000000070e600000, 0x000000070e800000|  0%| F|  |TAMS 0x000000070e600000, 0x000000070e600000| Untracked 
|  27|0x000000070e800000, 0x000000070e800000, 0x000000070ea00000|  0%| F|  |TAMS 0x000000070e800000, 0x000000070e800000| Untracked 
|  28|0x000000070ea00000, 0x000000070ea00000, 0x000000070ec00000|  0%| F|  |TAMS 0x000000070ea00000, 0x000000070ea00000| Untracked 
|  29|0x000000070ec00000, 0x000000070ec00000, 0x000000070ee00000|  0%| F|  |TAMS 0x000000070ec00000, 0x000000070ec00000| Untracked 
|  30|0x000000070ee00000, 0x000000070ee00000, 0x000000070f000000|  0%| F|  |TAMS 0x000000070ee00000, 0x000000070ee00000| Untracked 
|  31|0x000000070f000000, 0x000000070f000000, 0x000000070f200000|  0%| F|  |TAMS 0x000000070f000000, 0x000000070f000000| Untracked 
|  32|0x000000070f200000, 0x000000070f200000, 0x000000070f400000|  0%| F|  |TAMS 0x000000070f200000, 0x000000070f200000| Untracked 
|  33|0x000000070f400000, 0x000000070f400000, 0x000000070f600000|  0%| F|  |TAMS 0x000000070f400000, 0x000000070f400000| Untracked 
|  34|0x000000070f600000, 0x000000070f600000, 0x000000070f800000|  0%| F|  |TAMS 0x000000070f600000, 0x000000070f600000| Untracked 
|  35|0x000000070f800000, 0x000000070f800000, 0x000000070fa00000|  0%| F|  |TAMS 0x000000070f800000, 0x000000070f800000| Untracked 
|  36|0x000000070fa00000, 0x000000070fa00000, 0x000000070fc00000|  0%| F|  |TAMS 0x000000070fa00000, 0x000000070fa00000| Untracked 
|  37|0x000000070fc00000, 0x000000070fc00000, 0x000000070fe00000|  0%| F|  |TAMS 0x000000070fc00000, 0x000000070fc00000| Untracked 
|  38|0x000000070fe00000, 0x000000070fe00000, 0x0000000710000000|  0%| F|  |TAMS 0x000000070fe00000, 0x000000070fe00000| Untracked 
|  39|0x0000000710000000, 0x0000000710000000, 0x0000000710200000|  0%| F|  |TAMS 0x0000000710000000, 0x0000000710000000| Untracked 
|  40|0x0000000710200000, 0x0000000710200000, 0x0000000710400000|  0%| F|  |TAMS 0x0000000710200000, 0x0000000710200000| Untracked 
|  41|0x0000000710400000, 0x0000000710400000, 0x0000000710600000|  0%| F|  |TAMS 0x0000000710400000, 0x0000000710400000| Untracked 
|  42|0x0000000710600000, 0x0000000710600000, 0x0000000710800000|  0%| F|  |TAMS 0x0000000710600000, 0x0000000710600000| Untracked 
|  43|0x0000000710800000, 0x0000000710800000, 0x0000000710a00000|  0%| F|  |TAMS 0x0000000710800000, 0x0000000710800000| Untracked 
|  44|0x0000000710a00000, 0x0000000710a00000, 0x0000000710c00000|  0%| F|  |TAMS 0x0000000710a00000, 0x0000000710a00000| Untracked 
|  45|0x0000000710c00000, 0x0000000710c00000, 0x0000000710e00000|  0%| F|  |TAMS 0x0000000710c00000, 0x0000000710c00000| Untracked 
|  46|0x0000000710e00000, 0x0000000710e00000, 0x0000000711000000|  0%| F|  |TAMS 0x0000000710e00000, 0x0000000710e00000| Untracked 
|  47|0x0000000711000000, 0x0000000711000000, 0x0000000711200000|  0%| F|  |TAMS 0x0000000711000000, 0x0000000711000000| Untracked 
|  48|0x0000000711200000, 0x0000000711200000, 0x0000000711400000|  0%| F|  |TAMS 0x0000000711200000, 0x0000000711200000| Untracked 
|  49|0x0000000711400000, 0x0000000711400000, 0x0000000711600000|  0%| F|  |TAMS 0x0000000711400000, 0x0000000711400000| Untracked 
|  50|0x0000000711600000, 0x0000000711600000, 0x0000000711800000|  0%| F|  |TAMS 0x0000000711600000, 0x0000000711600000| Untracked 
|  51|0x0000000711800000, 0x0000000711800000, 0x0000000711a00000|  0%| F|  |TAMS 0x0000000711800000, 0x0000000711800000| Untracked 
|  52|0x0000000711a00000, 0x0000000711a00000, 0x0000000711c00000|  0%| F|  |TAMS 0x0000000711a00000, 0x0000000711a00000| Untracked 
|  53|0x0000000711c00000, 0x0000000711c00000, 0x0000000711e00000|  0%| F|  |TAMS 0x0000000711c00000, 0x0000000711c00000| Untracked 
|  54|0x0000000711e00000, 0x0000000711e00000, 0x0000000712000000|  0%| F|  |TAMS 0x0000000711e00000, 0x0000000711e00000| Untracked 
|  55|0x0000000712000000, 0x0000000712000000, 0x0000000712200000|  0%| F|  |TAMS 0x0000000712000000, 0x0000000712000000| Untracked 
|  56|0x0000000712200000, 0x0000000712200000, 0x0000000712400000|  0%| F|  |TAMS 0x0000000712200000, 0x0000000712200000| Untracked 
|  57|0x0000000712400000, 0x0000000712400000, 0x0000000712600000|  0%| F|  |TAMS 0x0000000712400000, 0x0000000712400000| Untracked 
|  58|0x0000000712600000, 0x0000000712600000, 0x0000000712800000|  0%| F|  |TAMS 0x0000000712600000, 0x0000000712600000| Untracked 
|  59|0x0000000712800000, 0x0000000712800000, 0x0000000712a00000|  0%| F|  |TAMS 0x0000000712800000, 0x0000000712800000| Untracked 
|  60|0x0000000712a00000, 0x0000000712a00000, 0x0000000712c00000|  0%| F|  |TAMS 0x0000000712a00000, 0x0000000712a00000| Untracked 
|  61|0x0000000712c00000, 0x0000000712c00000, 0x0000000712e00000|  0%| F|  |TAMS 0x0000000712c00000, 0x0000000712c00000| Untracked 
|  62|0x0000000712e00000, 0x0000000712e00000, 0x0000000713000000|  0%| F|  |TAMS 0x0000000712e00000, 0x0000000712e00000| Untracked 
|  63|0x0000000713000000, 0x0000000713000000, 0x0000000713200000|  0%| F|  |TAMS 0x0000000713000000, 0x0000000713000000| Untracked 
|  64|0x0000000713200000, 0x0000000713200000, 0x0000000713400000|  0%| F|  |TAMS 0x0000000713200000, 0x0000000713200000| Untracked 
|  65|0x0000000713400000, 0x0000000713400000, 0x0000000713600000|  0%| F|  |TAMS 0x0000000713400000, 0x0000000713400000| Untracked 
|  66|0x0000000713600000, 0x0000000713600000, 0x0000000713800000|  0%| F|  |TAMS 0x0000000713600000, 0x0000000713600000| Untracked 
|  67|0x0000000713800000, 0x0000000713800000, 0x0000000713a00000|  0%| F|  |TAMS 0x0000000713800000, 0x0000000713800000| Untracked 
|  68|0x0000000713a00000, 0x0000000713a00000, 0x0000000713c00000|  0%| F|  |TAMS 0x0000000713a00000, 0x0000000713a00000| Untracked 
|  69|0x0000000713c00000, 0x0000000713c00000, 0x0000000713e00000|  0%| F|  |TAMS 0x0000000713c00000, 0x0000000713c00000| Untracked 
|  70|0x0000000713e00000, 0x0000000713e00000, 0x0000000714000000|  0%| F|  |TAMS 0x0000000713e00000, 0x0000000713e00000| Untracked 
|  71|0x0000000714000000, 0x0000000714000000, 0x0000000714200000|  0%| F|  |TAMS 0x0000000714000000, 0x0000000714000000| Untracked 
|  72|0x0000000714200000, 0x0000000714200000, 0x0000000714400000|  0%| F|  |TAMS 0x0000000714200000, 0x0000000714200000| Untracked 
|  73|0x0000000714400000, 0x0000000714400000, 0x0000000714600000|  0%| F|  |TAMS 0x0000000714400000, 0x0000000714400000| Untracked 
|  74|0x0000000714600000, 0x0000000714600000, 0x0000000714800000|  0%| F|  |TAMS 0x0000000714600000, 0x0000000714600000| Untracked 
|  75|0x0000000714800000, 0x0000000714800000, 0x0000000714a00000|  0%| F|  |TAMS 0x0000000714800000, 0x0000000714800000| Untracked 
|  76|0x0000000714a00000, 0x0000000714a00000, 0x0000000714c00000|  0%| F|  |TAMS 0x0000000714a00000, 0x0000000714a00000| Untracked 
|  77|0x0000000714c00000, 0x0000000714c00000, 0x0000000714e00000|  0%| F|  |TAMS 0x0000000714c00000, 0x0000000714c00000| Untracked 
|  78|0x0000000714e00000, 0x0000000714e00000, 0x0000000715000000|  0%| F|  |TAMS 0x0000000714e00000, 0x0000000714e00000| Untracked 
|  79|0x0000000715000000, 0x0000000715000000, 0x0000000715200000|  0%| F|  |TAMS 0x0000000715000000, 0x0000000715000000| Untracked 
|  80|0x0000000715200000, 0x0000000715200000, 0x0000000715400000|  0%| F|  |TAMS 0x0000000715200000, 0x0000000715200000| Untracked 
|  81|0x0000000715400000, 0x0000000715400000, 0x0000000715600000|  0%| F|  |TAMS 0x0000000715400000, 0x0000000715400000| Untracked 
|  82|0x0000000715600000, 0x0000000715600000, 0x0000000715800000|  0%| F|  |TAMS 0x0000000715600000, 0x0000000715600000| Untracked 
|  83|0x0000000715800000, 0x0000000715800000, 0x0000000715a00000|  0%| F|  |TAMS 0x0000000715800000, 0x0000000715800000| Untracked 
|  84|0x0000000715a00000, 0x0000000715a00000, 0x0000000715c00000|  0%| F|  |TAMS 0x0000000715a00000, 0x0000000715a00000| Untracked 
|  85|0x0000000715c00000, 0x0000000715c00000, 0x0000000715e00000|  0%| F|  |TAMS 0x0000000715c00000, 0x0000000715c00000| Untracked 
|  86|0x0000000715e00000, 0x0000000715e00000, 0x0000000716000000|  0%| F|  |TAMS 0x0000000715e00000, 0x0000000715e00000| Untracked 
|  87|0x0000000716000000, 0x0000000716000000, 0x0000000716200000|  0%| F|  |TAMS 0x0000000716000000, 0x0000000716000000| Untracked 
|  88|0x0000000716200000, 0x0000000716200000, 0x0000000716400000|  0%| F|  |TAMS 0x0000000716200000, 0x0000000716200000| Untracked 
|  89|0x0000000716400000, 0x0000000716400000, 0x0000000716600000|  0%| F|  |TAMS 0x0000000716400000, 0x0000000716400000| Untracked 
|  90|0x0000000716600000, 0x0000000716600000, 0x0000000716800000|  0%| F|  |TAMS 0x0000000716600000, 0x0000000716600000| Untracked 
|  91|0x0000000716800000, 0x0000000716800000, 0x0000000716a00000|  0%| F|  |TAMS 0x0000000716800000, 0x0000000716800000| Untracked 
|  92|0x0000000716a00000, 0x0000000716a00000, 0x0000000716c00000|  0%| F|  |TAMS 0x0000000716a00000, 0x0000000716a00000| Untracked 
|  93|0x0000000716c00000, 0x0000000716c00000, 0x0000000716e00000|  0%| F|  |TAMS 0x0000000716c00000, 0x0000000716c00000| Untracked 
|  94|0x0000000716e00000, 0x0000000716e00000, 0x0000000717000000|  0%| F|  |TAMS 0x0000000716e00000, 0x0000000716e00000| Untracked 
|  95|0x0000000717000000, 0x0000000717000000, 0x0000000717200000|  0%| F|  |TAMS 0x0000000717000000, 0x0000000717000000| Untracked 
|  96|0x0000000717200000, 0x0000000717200000, 0x0000000717400000|  0%| F|  |TAMS 0x0000000717200000, 0x0000000717200000| Untracked 
|  97|0x0000000717400000, 0x0000000717400000, 0x0000000717600000|  0%| F|  |TAMS 0x0000000717400000, 0x0000000717400000| Untracked 
|  98|0x0000000717600000, 0x0000000717600000, 0x0000000717800000|  0%| F|  |TAMS 0x0000000717600000, 0x0000000717600000| Untracked 
|  99|0x0000000717800000, 0x0000000717800000, 0x0000000717a00000|  0%| F|  |TAMS 0x0000000717800000, 0x0000000717800000| Untracked 
| 100|0x0000000717a00000, 0x0000000717a00000, 0x0000000717c00000|  0%| F|  |TAMS 0x0000000717a00000, 0x0000000717a00000| Untracked 
| 101|0x0000000717c00000, 0x0000000717c00000, 0x0000000717e00000|  0%| F|  |TAMS 0x0000000717c00000, 0x0000000717c00000| Untracked 
| 102|0x0000000717e00000, 0x0000000717e00000, 0x0000000718000000|  0%| F|  |TAMS 0x0000000717e00000, 0x0000000717e00000| Untracked 
| 103|0x0000000718000000, 0x0000000718000000, 0x0000000718200000|  0%| F|  |TAMS 0x0000000718000000, 0x0000000718000000| Untracked 
| 104|0x0000000718200000, 0x0000000718200000, 0x0000000718400000|  0%| F|  |TAMS 0x0000000718200000, 0x0000000718200000| Untracked 
| 105|0x0000000718400000, 0x0000000718400000, 0x0000000718600000|  0%| F|  |TAMS 0x0000000718400000, 0x0000000718400000| Untracked 
| 106|0x0000000718600000, 0x0000000718600000, 0x0000000718800000|  0%| F|  |TAMS 0x0000000718600000, 0x0000000718600000| Untracked 
| 107|0x0000000718800000, 0x0000000718800000, 0x0000000718a00000|  0%| F|  |TAMS 0x0000000718800000, 0x0000000718800000| Untracked 
| 108|0x0000000718a00000, 0x0000000718a00000, 0x0000000718c00000|  0%| F|  |TAMS 0x0000000718a00000, 0x0000000718a00000| Untracked 
| 109|0x0000000718c00000, 0x0000000718c00000, 0x0000000718e00000|  0%| F|  |TAMS 0x0000000718c00000, 0x0000000718c00000| Untracked 
| 110|0x0000000718e00000, 0x0000000718e00000, 0x0000000719000000|  0%| F|  |TAMS 0x0000000718e00000, 0x0000000718e00000| Untracked 
| 111|0x0000000719000000, 0x0000000719000000, 0x0000000719200000|  0%| F|  |TAMS 0x0000000719000000, 0x0000000719000000| Untracked 
| 112|0x0000000719200000, 0x0000000719200000, 0x0000000719400000|  0%| F|  |TAMS 0x0000000719200000, 0x0000000719200000| Untracked 
| 113|0x0000000719400000, 0x0000000719400000, 0x0000000719600000|  0%| F|  |TAMS 0x0000000719400000, 0x0000000719400000| Untracked 
| 114|0x0000000719600000, 0x0000000719600000, 0x0000000719800000|  0%| F|  |TAMS 0x0000000719600000, 0x0000000719600000| Untracked 
| 115|0x0000000719800000, 0x0000000719800000, 0x0000000719a00000|  0%| F|  |TAMS 0x0000000719800000, 0x0000000719800000| Untracked 
| 116|0x0000000719a00000, 0x0000000719af6b68, 0x0000000719c00000| 48%| E|  |TAMS 0x0000000719a00000, 0x0000000719a00000| Complete 
| 117|0x0000000719c00000, 0x0000000719e00000, 0x0000000719e00000|100%| E|CS|TAMS 0x0000000719c00000, 0x0000000719c00000| Complete 
| 118|0x0000000719e00000, 0x000000071a000000, 0x000000071a000000|100%| E|CS|TAMS 0x0000000719e00000, 0x0000000719e00000| Complete 
| 119|0x000000071a000000, 0x000000071a200000, 0x000000071a200000|100%| E|CS|TAMS 0x000000071a000000, 0x000000071a000000| Complete 
| 120|0x000000071a200000, 0x000000071a400000, 0x000000071a400000|100%| E|CS|TAMS 0x000000071a200000, 0x000000071a200000| Complete 
| 121|0x000000071a400000, 0x000000071a600000, 0x000000071a600000|100%| E|CS|TAMS 0x000000071a400000, 0x000000071a400000| Complete 
| 122|0x000000071a600000, 0x000000071a800000, 0x000000071a800000|100%| E|CS|TAMS 0x000000071a600000, 0x000000071a600000| Complete 

Card table byte_map: [0x00000236bc740000,0x00000236bcef0000] _byte_map_base: 0x00000236b8ee7000

Marking Bits (Prev, Next): (CMBitMap*) 0x00000236a23db6e0, (CMBitMap*) 0x00000236a23db720
 Prev Bits: [0x00000236bd6a0000, 0x00000236c13d8000)
 Next Bits: [0x00000236c13e0000, 0x00000236c5118000)

Polling page: 0x00000236a2460000

Metaspace:

Usage:
  Non-class:      2.67 MB used.
      Class:    150.84 KB used.
       Both:      2.82 MB used.

Virtual space:
  Non-class space:        8.00 MB reserved,       2.75 MB ( 34%) committed,  1 nodes.
      Class space:        1.00 GB reserved,     256.00 KB ( <1%) committed,  1 nodes.
              Both:        1.01 GB reserved,       3.00 MB ( <1%) committed. 

Chunk freelists:
   Non-Class:  2.63 MB
       Class:  3.66 MB
        Both:  6.29 MB

MaxMetaspaceSize: 17179869184.00 GB
CompressedClassSpaceSize: 1.00 GB
 - commit_granule_bytes: 65536.
 - commit_granule_words: 8192.
 - virtual_space_node_default_size: 1048576.
 - enlarge_chunks_in_place: 1.
 - new_chunks_are_fully_committed: 0.
 - uncommit_free_chunks: 1.
 - use_allocation_guard: 0.
 - handle_deallocations: 1.


Internal statistics:

num_allocs_failed_limit: 0.
num_arena_births: 60.
num_arena_deaths: 0.
num_vsnodes_births: 2.
num_vsnodes_deaths: 0.
num_space_committed: 48.
num_space_uncommitted: 0.
num_chunks_returned_to_freelist: 0.
num_chunks_taken_from_freelist: 129.
num_chunk_merges: 0.
num_chunk_splits: 85.
num_chunks_enlarged: 63.
num_purges: 0.

CodeHeap 'non-profiled nmethods': size=120000Kb used=252Kb max_used=252Kb free=119747Kb
 bounds [0x00000236b3ff0000, 0x00000236b4260000, 0x00000236bb520000]
CodeHeap 'profiled nmethods': size=120000Kb used=1109Kb max_used=1109Kb free=118890Kb
 bounds [0x00000236acac0000, 0x00000236acd30000, 0x00000236b3ff0000]
CodeHeap 'non-nmethods': size=5760Kb used=1545Kb max_used=1572Kb free=4214Kb
 bounds [0x00000236ac520000, 0x00000236ac790000, 0x00000236acac0000]
 total_blobs=1601 nmethods=647 adapters=867
 compilation: enabled
              stopped_count=0, restarted_count=0
 full_count=0

Compilation events (20 events):
Event: 0.590 Thread 0x00000236c7c02a40  637       4       java.lang.String::startsWith (138 bytes)
Event: 0.591 Thread 0x00000236c7c11d30  639       3       sun.misc.Unsafe::putLong (11 bytes)
Event: 0.591 Thread 0x00000236c7c11d30 nmethod 639 0x00000236acbd3490 code [0x00000236acbd3620, 0x00000236acbd3738]
Event: 0.591 Thread 0x00000236c7c11d30  640       3       org.lwjgl.system.MemoryUtil::memPutAddress (29 bytes)
Event: 0.592 Thread 0x00000236c7c11d30 nmethod 640 0x00000236acbd3810 code [0x00000236acbd39c0, 0x00000236acbd3bb8]
Event: 0.592 Thread 0x00000236c7c11d30  643       3       java.lang.StringConcatHelper::mix (27 bytes)
Event: 0.592 Thread 0x00000236c7c11d30 nmethod 643 0x00000236acbd3c90 code [0x00000236acbd3e60, 0x00000236acbd4288]
Event: 0.592 Thread 0x00000236c7c11d30  644       3       java.lang.StringConcatHelper::checkOverflow (17 bytes)
Event: 0.592 Thread 0x00000236c7c11d30 nmethod 644 0x00000236acbd4490 code [0x00000236acbd4640, 0x00000236acbd4848]
Event: 0.592 Thread 0x00000236c7c11d30  645       3       java.lang.StringConcatHelper::prepend (37 bytes)
Event: 0.593 Thread 0x00000236c7c11d30 nmethod 645 0x00000236acbd4910 code [0x00000236acbd4ae0, 0x00000236acbd4db8]
Event: 0.593 Thread 0x00000236c7c11d30  646       3       java.lang.String::getBytes (44 bytes)
Event: 0.593 Thread 0x00000236c7c11d30 nmethod 646 0x00000236acbd4f10 code [0x00000236acbd50e0, 0x00000236acbd53f8]
Event: 0.594 Thread 0x00000236c7c11d30  647       1       java.security.CodeSource::getLocation (5 bytes)
Event: 0.594 Thread 0x00000236c7c11d30 nmethod 647 0x00000236b402ab90 code [0x00000236b402ad20, 0x00000236b402adf8]
Event: 0.595 Thread 0x00000236c7c02a40 nmethod 637 0x00000236b402ae90 code [0x00000236b402b020, 0x00000236b402b278]
Event: 0.596 Thread 0x00000236c7c02a40  642       4       sun.misc.Unsafe::putLong (11 bytes)
Event: 0.596 Thread 0x00000236c7c02a40 nmethod 642 0x00000236b402b410 code [0x00000236b402b5a0, 0x00000236b402b638]
Event: 0.596 Thread 0x00000236c7c02a40  641       4       java.lang.Integer::toUnsignedLong (7 bytes)
Event: 0.597 Thread 0x00000236c7c02a40 nmethod 641 0x00000236b402b710 code [0x00000236b402b880, 0x00000236b402b8d8]

GC Heap History (0 events):
No events

Deoptimization events (20 events):
Event: 0.489 Thread 0x00000236a2389490 Uncommon trap: trap_request=0xffffff45 fr.pc=0x00000236b4000040 relative=0x0000000000000040
Event: 0.489 Thread 0x00000236a2389490 Uncommon trap: reason=unstable_if action=reinterpret pc=0x00000236b4000040 method=sun.nio.fs.WindowsPathParser.isSlash(C)Z @ 9 c2
Event: 0.489 Thread 0x00000236a2389490 DEOPT PACKING pc=0x00000236b4000040 sp=0x0000008a976fc390
Event: 0.489 Thread 0x00000236a2389490 DEOPT UNPACKING pc=0x00000236ac56d72e sp=0x0000008a976fc318 mode 2
Event: 0.497 Thread 0x00000236a2389490 Uncommon trap: trap_request=0xffffff45 fr.pc=0x00000236b40070b0 relative=0x0000000000000190
Event: 0.497 Thread 0x00000236a2389490 Uncommon trap: reason=unstable_if action=reinterpret pc=0x00000236b40070b0 method=java.util.zip.ZipFile$Source.isMetaName([BII)Z @ 43 c2
Event: 0.497 Thread 0x00000236a2389490 DEOPT PACKING pc=0x00000236b40070b0 sp=0x0000008a976fbaf0
Event: 0.497 Thread 0x00000236a2389490 DEOPT UNPACKING pc=0x00000236ac56d72e sp=0x0000008a976fba98 mode 2
Event: 0.500 Thread 0x00000236a2389490 Uncommon trap: trap_request=0xffffffde fr.pc=0x00000236b4016690 relative=0x00000000000003d0
Event: 0.500 Thread 0x00000236a2389490 Uncommon trap: reason=class_check action=maybe_recompile pc=0x00000236b4016690 method=java.util.HashMap.getNode(Ljava/lang/Object;)Ljava/util/HashMap$Node; @ 63 c2
Event: 0.500 Thread 0x00000236a2389490 DEOPT PACKING pc=0x00000236b4016690 sp=0x0000008a976fce10
Event: 0.500 Thread 0x00000236a2389490 DEOPT UNPACKING pc=0x00000236ac56d72e sp=0x0000008a976fcd28 mode 2
Event: 0.531 Thread 0x00000236a2389490 DEOPT PACKING pc=0x00000236acb0c68f sp=0x0000008a976f9680
Event: 0.531 Thread 0x00000236a2389490 DEOPT UNPACKING pc=0x00000236ac56dece sp=0x0000008a976f8b40 mode 0
Event: 0.552 Thread 0x00000236a2389490 DEOPT PACKING pc=0x00000236acb2eedb sp=0x0000008a976faef0
Event: 0.552 Thread 0x00000236a2389490 DEOPT UNPACKING pc=0x00000236ac56dece sp=0x0000008a976fa410 mode 0
Event: 0.573 Thread 0x00000236a2389490 Uncommon trap: trap_request=0xffffffde fr.pc=0x00000236b4016690 relative=0x00000000000003d0
Event: 0.573 Thread 0x00000236a2389490 Uncommon trap: reason=class_check action=maybe_recompile pc=0x00000236b4016690 method=java.util.HashMap.getNode(Ljava/lang/Object;)Ljava/util/HashMap$Node; @ 63 c2
Event: 0.573 Thread 0x00000236a2389490 DEOPT PACKING pc=0x00000236b4016690 sp=0x0000008a976fa650
Event: 0.573 Thread 0x00000236a2389490 DEOPT UNPACKING pc=0x00000236ac56d72e sp=0x0000008a976fa568 mode 2

Classes unloaded (0 events):
No events

Classes redefined (0 events):
No events

Internal exceptions (20 events):
Event: 0.409 Thread 0x00000236a2389490 Exception <a 'java/lang/NoSuchMethodError'{0x000000071a188ab8}: 'void java.lang.invoke.DirectMethodHandle$Holder.invokeSpecial(java.lang.Object, java.lang.Object, java.lang.Object)'> (0x000000071a188ab8) 
thrown [c:\wsjdk\correttojdksrc\installers\windows\zip\corretto-build\buildroot\src\hotspot\share\interpreter\linkResolver.cpp, line 790]
Event: 0.412 Thread 0x00000236a2389490 Exception <a 'java/lang/NoSuchMethodError'{0x000000071a19c738}: 'java.lang.Object java.lang.invoke.DirectMethodHandle$Holder.invokeStatic(java.lang.Object, java.lang.Object, int)'> (0x000000071a19c738) 
thrown [c:\wsjdk\correttojdksrc\installers\windows\zip\corretto-build\buildroot\src\hotspot\share\interpreter\linkResolver.cpp, line 790]
Event: 0.414 Thread 0x00000236a2389490 Exception <a 'java/lang/NoSuchMethodError'{0x000000071a1a89f0}: 'void java.lang.invoke.DelegatingMethodHandle$Holder.delegate(java.lang.Object, java.lang.Object, int, java.lang.Object)'> (0x000000071a1a89f0) 
thrown [c:\wsjdk\correttojdksrc\installers\windows\zip\corretto-build\buildroot\src\hotspot\share\interpreter\linkResolver.cpp, line 790]
Event: 0.414 Thread 0x00000236a2389490 Exception <a 'java/lang/NoSuchMethodError'{0x000000071a1acd48}: 'int java.lang.invoke.DirectMethodHandle$Holder.invokeSpecial(java.lang.Object, java.lang.Object, java.lang.Object)'> (0x000000071a1acd48) 
thrown [c:\wsjdk\correttojdksrc\installers\windows\zip\corretto-build\buildroot\src\hotspot\share\interpreter\linkResolver.cpp, line 790]
Event: 0.490 Thread 0x00000236a2389490 Exception <a 'sun/nio/fs/WindowsException'{0x0000000719fa45d8}> (0x0000000719fa45d8) 
thrown [c:\wsjdk\correttojdksrc\installers\windows\zip\corretto-build\buildroot\src\hotspot\share\prims\jni.cpp, line 579]
Event: 0.490 Thread 0x00000236a2389490 Exception <a 'sun/nio/fs/WindowsException'{0x0000000719fa4b58}> (0x0000000719fa4b58) 
thrown [c:\wsjdk\correttojdksrc\installers\windows\zip\corretto-build\buildroot\src\hotspot\share\prims\jni.cpp, line 579]
Event: 0.503 Thread 0x00000236a2389490 Exception <a 'sun/nio/fs/WindowsException'{0x0000000719fd2b10}> (0x0000000719fd2b10) 
thrown [c:\wsjdk\correttojdksrc\installers\windows\zip\corretto-build\buildroot\src\hotspot\share\prims\jni.cpp, line 579]
Event: 0.503 Thread 0x00000236a2389490 Exception <a 'sun/nio/fs/WindowsException'{0x0000000719fd2ee0}> (0x0000000719fd2ee0) 
thrown [c:\wsjdk\correttojdksrc\installers\windows\zip\corretto-build\buildroot\src\hotspot\share\prims\jni.cpp, line 579]
Event: 0.509 Thread 0x00000236a2389490 Exception <a 'sun/nio/fs/WindowsException'{0x0000000719fed2f0}> (0x0000000719fed2f0) 
thrown [c:\wsjdk\correttojdksrc\installers\windows\zip\corretto-build\buildroot\src\hotspot\share\prims\jni.cpp, line 579]
Event: 0.509 Thread 0x00000236a2389490 Exception <a 'sun/nio/fs/WindowsException'{0x0000000719fed5f0}> (0x0000000719fed5f0) 
thrown [c:\wsjdk\correttojdksrc\installers\windows\zip\corretto-build\buildroot\src\hotspot\share\prims\jni.cpp, line 579]
Event: 0.519 Thread 0x00000236a2389490 Exception <a 'java/lang/NoSuchMethodError'{0x0000000719c5d240}: 'java.lang.Object java.lang.invoke.DirectMethodHandle$Holder.invokeStatic(java.lang.Object)'> (0x0000000719c5d240) 
thrown [c:\wsjdk\correttojdksrc\installers\windows\zip\corretto-build\buildroot\src\hotspot\share\interpreter\linkResolver.cpp, line 790]
Event: 0.519 Thread 0x00000236a2389490 Exception <a 'java/lang/NoSuchMethodError'{0x0000000719c60b58}: 'java.lang.Object java.lang.invoke.DirectMethodHandle$Holder.invokeStaticInit(java.lang.Object)'> (0x0000000719c60b58) 
thrown [c:\wsjdk\correttojdksrc\installers\windows\zip\corretto-build\buildroot\src\hotspot\share\interpreter\linkResolver.cpp, line 790]
Event: 0.526 Thread 0x00000236a2389490 Exception <a 'java/lang/NoSuchMethodError'{0x0000000719c83168}: 'int java.lang.invoke.DirectMethodHandle$Holder.invokeStaticInit(java.lang.Object, java.lang.Object, int, long)'> (0x0000000719c83168) 
thrown [c:\wsjdk\correttojdksrc\installers\windows\zip\corretto-build\buildroot\src\hotspot\share\interpreter\linkResolver.cpp, line 790]
Event: 0.528 Thread 0x00000236a2389490 Exception <a 'java/lang/NoSuchMethodError'{0x0000000719c88ee0}: 'java.lang.Object java.lang.invoke.DirectMethodHandle$Holder.newInvokeSpecial(java.lang.Object, java.lang.Object, int)'> (0x0000000719c88ee0) 
thrown [c:\wsjdk\correttojdksrc\installers\windows\zip\corretto-build\buildroot\src\hotspot\share\interpreter\linkResolver.cpp, line 790]
Event: 0.534 Thread 0x00000236a2389490 Exception <a 'java/lang/NoSuchMethodError'{0x0000000719ca5650}: 'int java.lang.invoke.DirectMethodHandle$Holder.invokeStaticInit(java.lang.Object, java.lang.Object, long, long)'> (0x0000000719ca5650) 
thrown [c:\wsjdk\correttojdksrc\installers\windows\zip\corretto-build\buildroot\src\hotspot\share\interpreter\linkResolver.cpp, line 790]
Event: 0.535 Thread 0x00000236a2389490 Exception <a 'java/lang/NoSuchMethodError'{0x0000000719cabca0}: 'java.lang.Object java.lang.invoke.DirectMethodHandle$Holder.newInvokeSpecial(java.lang.Object, java.lang.Object, long)'> (0x0000000719cabca0) 
thrown [c:\wsjdk\correttojdksrc\installers\windows\zip\corretto-build\buildroot\src\hotspot\share\interpreter\linkResolver.cpp, line 790]
Event: 0.536 Thread 0x00000236a2389490 Exception <a 'java/lang/NoSuchMethodError'{0x0000000719cb00a0}: 'java.lang.Object java.lang.invoke.Invokers$Holder.linkToTargetMethod(java.lang.Object, long, java.lang.Object)'> (0x0000000719cb00a0) 
thrown [c:\wsjdk\correttojdksrc\installers\windows\zip\corretto-build\buildroot\src\hotspot\share\interpreter\linkResolver.cpp, line 790]
Event: 0.537 Thread 0x00000236a2389490 Exception <a 'java/lang/NoSuchMethodError'{0x0000000719cb7b48}: 'int java.lang.invoke.DirectMethodHandle$Holder.invokeStaticInit(java.lang.Object, java.lang.Object, java.lang.Object, long)'> (0x0000000719cb7b48) 
thrown [c:\wsjdk\correttojdksrc\installers\windows\zip\corretto-build\buildroot\src\hotspot\share\interpreter\linkResolver.cpp, line 790]
Event: 0.578 Thread 0x00000236a2389490 Exception <a 'sun/nio/fs/WindowsException'{0x0000000719dcc3f0}> (0x0000000719dcc3f0) 
thrown [c:\wsjdk\correttojdksrc\installers\windows\zip\corretto-build\buildroot\src\hotspot\share\prims\jni.cpp, line 579]
Event: 0.579 Thread 0x00000236a2389490 Exception <a 'sun/nio/fs/WindowsException'{0x0000000719dcc7b0}> (0x0000000719dcc7b0) 
thrown [c:\wsjdk\correttojdksrc\installers\windows\zip\corretto-build\buildroot\src\hotspot\share\prims\jni.cpp, line 579]

Events (20 events):
Event: 0.522 loading class sun/misc/Unsafe
Event: 0.522 loading class sun/misc/Unsafe done
Event: 0.522 loading class jdk/internal/module/IllegalAccessLogger
Event: 0.523 loading class jdk/internal/module/IllegalAccessLogger done
Event: 0.523 loading class jdk/internal/reflect/UnsafeFieldAccessorFactory
Event: 0.523 loading class jdk/internal/reflect/UnsafeFieldAccessorFactory done
Event: 0.523 loading class jdk/internal/reflect/UnsafeQualifiedStaticObjectFieldAccessorImpl
Event: 0.523 loading class jdk/internal/reflect/UnsafeQualifiedStaticFieldAccessorImpl
Event: 0.523 loading class jdk/internal/reflect/UnsafeQualifiedStaticFieldAccessorImpl done
Event: 0.523 loading class jdk/internal/reflect/UnsafeQualifiedStaticObjectFieldAccessorImpl done
Event: 0.525 loading class java/util/function/LongPredicate
Event: 0.525 loading class java/util/function/LongPredicate done
Event: 0.529 loading class jdk/internal/access/foreign/MemorySegmentProxy
Event: 0.529 loading class jdk/internal/access/foreign/MemorySegmentProxy done
Event: 0.540 loading class java/nio/InvalidMarkException
Event: 0.540 loading class java/nio/InvalidMarkException done
Event: 0.541 loading class java/nio/BufferUnderflowException
Event: 0.541 loading class java/nio/BufferUnderflowException done
Event: 0.545 loading class java/lang/IndexOutOfBoundsException
Event: 0.545 loading class java/lang/IndexOutOfBoundsException done


Dynamic libraries:
0x00007ff739d00000 - 0x00007ff739d0d000 	C:\Users\teschnerm\.jdks\corretto-16.0.2\bin\java.exe
0x00007ff814e50000 - 0x00007ff815045000 	C:\WINDOWS\SYSTEM32\ntdll.dll
0x00007ff814bb0000 - 0x00007ff814c6d000 	C:\WINDOWS\System32\KERNEL32.DLL
0x00007ff8148e0000 - 0x00007ff814ba8000 	C:\WINDOWS\System32\KERNELBASE.dll
0x00007ff812790000 - 0x00007ff812890000 	C:\WINDOWS\System32\ucrtbase.dll
0x00007ff8065f0000 - 0x00007ff806608000 	C:\Users\teschnerm\.jdks\corretto-16.0.2\bin\jli.dll
0x00007ff8065d0000 - 0x00007ff8065e5000 	C:\Users\teschnerm\.jdks\corretto-16.0.2\bin\VCRUNTIME140.dll
0x00007ff814c70000 - 0x00007ff814e10000 	C:\WINDOWS\System32\USER32.dll
0x00007ff8126c0000 - 0x00007ff8126e2000 	C:\WINDOWS\System32\win32u.dll
0x00007ffffa910000 - 0x00007ffffabaa000 	C:\WINDOWS\WinSxS\amd64_microsoft.windows.common-controls_6595b64144ccf1df_6.0.19041.1052_none_60b8f8fd71f5e8cb\COMCTL32.dll
0x00007ff813950000 - 0x00007ff81397a000 	C:\WINDOWS\System32\GDI32.dll
0x00007ff812fb0000 - 0x00007ff81304e000 	C:\WINDOWS\System32\msvcrt.dll
0x00007ff812aa0000 - 0x00007ff812bab000 	C:\WINDOWS\System32\gdi32full.dll
0x00007ff8126f0000 - 0x00007ff81278d000 	C:\WINDOWS\System32\msvcp_win.dll
0x00007ff813800000 - 0x00007ff813830000 	C:\WINDOWS\System32\IMM32.DLL
0x00007ff806440000 - 0x00007ff8064db000 	C:\Users\teschnerm\.jdks\corretto-16.0.2\bin\msvcp140.dll
0x00007fff7f140000 - 0x00007fff7fd49000 	C:\Users\teschnerm\.jdks\corretto-16.0.2\bin\server\jvm.dll
0x00007ff813a60000 - 0x00007ff813b0c000 	C:\WINDOWS\System32\ADVAPI32.dll
0x00007ff813b10000 - 0x00007ff813bab000 	C:\WINDOWS\System32\sechost.dll
0x00007ff8147b0000 - 0x00007ff8148db000 	C:\WINDOWS\System32\RPCRT4.dll
0x00007ff812d10000 - 0x00007ff812d18000 	C:\WINDOWS\System32\PSAPI.DLL
0x00007ffff2bd0000 - 0x00007ffff2bd9000 	C:\WINDOWS\SYSTEM32\WSOCK32.dll
0x00007ff807300000 - 0x00007ff80730a000 	C:\WINDOWS\SYSTEM32\VERSION.dll
0x00007ffff9f50000 - 0x00007ffff9f77000 	C:\WINDOWS\SYSTEM32\WINMM.dll
0x00007ff8136e0000 - 0x00007ff81374b000 	C:\WINDOWS\System32\WS2_32.dll
0x00007ff810400000 - 0x00007ff810412000 	C:\WINDOWS\SYSTEM32\kernel.appcore.dll
0x00007ff806430000 - 0x00007ff80643a000 	C:\Users\teschnerm\.jdks\corretto-16.0.2\bin\jimage.dll
0x00007ff80fd20000 - 0x00007ff80ff04000 	C:\WINDOWS\SYSTEM32\DBGHELP.DLL
0x00007ffff25c0000 - 0x00007ffff25ec000 	C:\WINDOWS\SYSTEM32\dbgcore.DLL
0x00007ff812600000 - 0x00007ff812683000 	C:\WINDOWS\System32\bcryptPrimitives.dll
0x00007ff806400000 - 0x00007ff806425000 	C:\Users\teschnerm\.jdks\corretto-16.0.2\bin\java.dll
0x00007ff813bc0000 - 0x00007ff8142ff000 	C:\WINDOWS\System32\SHELL32.dll
0x00007ff810600000 - 0x00007ff810d90000 	C:\WINDOWS\SYSTEM32\windows.storage.dll
0x00007ff813320000 - 0x00007ff813675000 	C:\WINDOWS\System32\combase.dll
0x00007ff811fc0000 - 0x00007ff811fec000 	C:\WINDOWS\SYSTEM32\Wldp.dll
0x00007ff813250000 - 0x00007ff8132fe000 	C:\WINDOWS\System32\SHCORE.dll
0x00007ff813a00000 - 0x00007ff813a55000 	C:\WINDOWS\System32\shlwapi.dll
0x00007ff812490000 - 0x00007ff8124af000 	C:\WINDOWS\SYSTEM32\profapi.dll
0x00007ffffa540000 - 0x00007ffffa559000 	C:\Users\teschnerm\.jdks\corretto-16.0.2\bin\net.dll
0x00007ff801850000 - 0x00007ff80195b000 	C:\WINDOWS\SYSTEM32\WINHTTP.dll
0x00007ff811d30000 - 0x00007ff811d9a000 	C:\WINDOWS\system32\mswsock.dll
0x00007ffff9870000 - 0x00007ffff9883000 	C:\Users\teschnerm\.jdks\corretto-16.0.2\bin\nio.dll
0x00007ffff9850000 - 0x00007ffff9868000 	C:\Users\teschnerm\.jdks\corretto-16.0.2\bin\zip.dll
0x00007ffff9770000 - 0x00007ffff97e5000 	C:\Users\teschnerm\AppData\Local\Temp\lwjglTeschnerM\3.3.1-build-7\lwjgl.dll
0x00007ffff92f0000 - 0x00007ffff934d000 	C:\Users\teschnerm\AppData\Local\Temp\lwjglTeschnerM\3.3.1-build-7\lwjgl_opengl.dll
0x00007fffd9490000 - 0x00007fffd95b6000 	C:\WINDOWS\SYSTEM32\opengl32.dll
0x00007fffd9670000 - 0x00007fffd969c000 	C:\WINDOWS\SYSTEM32\GLU32.dll
0x00007fffc6810000 - 0x00007fffc6a69000 	C:\Users\TESCHN~1\AppData\Local\Temp\lwjglTeschnerM\3.3.1-build-7\jemalloc.dll

dbghelp: loaded successfully - version: 4.0.5 - missing functions: none
symbol engine: initialized successfully - sym options: 0x614 - pdb path: .;C:\Users\teschnerm\.jdks\corretto-16.0.2\bin;C:\WINDOWS\SYSTEM32;C:\WINDOWS\WinSxS\amd64_microsoft.windows.common-controls_6595b64144ccf1df_6.0.19041.1052_none_60b8f8fd71f5e8cb;C:\Users\teschnerm\.jdks\corretto-16.0.2\bin\server;C:\Users\teschnerm\AppData\Local\Temp\lwjglTeschnerM\3.3.1-build-7;C:\Users\TESCHN~1\AppData\Local\Temp\lwjglTeschnerM\3.3.1-build-7

VM Arguments:
jvm_args: -Dfile.encoding=windows-1252 -Duser.country=US -Duser.language=en -Duser.variant 
java_command: app.Main
java_class_path (initial): C:\Users\teschnerm\IdeaProjects\x16\build\classes\java\main;C:\Users\teschnerm\IdeaProjects\x16\build\resources\main;C:\Users\teschnerm\.gradle\caches\modules-2\files-2.1\org.lwjgl\lwjgl-assimp\3.3.1\312072f451794f25670aebb0160ce6ec88aff842\lwjgl-assimp-3.3.1.jar;C:\Users\teschnerm\.gradle\caches\modules-2\files-2.1\org.lwjgl\lwjgl-assimp\3.3.1\bfa2a0d57acbf952b716d0ad8a3acbd7ad9f5639\lwjgl-assimp-3.3.1-natives-windows.jar;C:\Users\teschnerm\.gradle\caches\modules-2\files-2.1\org.lwjgl\lwjgl-bgfx\3.3.1\4243b7d255d885980f10c36edfb678729493685e\lwjgl-bgfx-3.3.1.jar;C:\Users\teschnerm\.gradle\caches\modules-2\files-2.1\org.lwjgl\lwjgl-bgfx\3.3.1\12f22e13c99db9153124dbc17b84fe0233c6f3d5\lwjgl-bgfx-3.3.1-natives-windows.jar;C:\Users\teschnerm\.gradle\caches\modules-2\files-2.1\org.lwjgl\lwjgl-cuda\3.3.1\8b67bd7760450f890eade8f74bfaf0dca10821fe\lwjgl-cuda-3.3.1.jar;C:\Users\teschnerm\.gradle\caches\modules-2\files-2.1\org.lwjgl\lwjgl-egl\3.3.1\8399e6734ad7d97d2e1f865b2c6c5232d5126dca\lwjgl-egl-3.3.1.jar;C:\Users\teschnerm\.gradle\caches\modules-2\files-2.1\org.lwjgl\lwjgl-glfw\3.3.1\cbac1b8d30cb4795149c1ef540f912671a8616d0\lwjgl-glfw-3.3.1.jar;C:\Users\teschnerm\.gradle\caches\modules-2\files-2.1\org.lwjgl\lwjgl-glfw\3.3.1\ed892f945cf7e79c8756796f32d00fa4ceaf573b\lwjgl-glfw-3.3.1-natives-windows.jar;C:\Users\teschnerm\.gradle\caches\modules-2\files-2.1\org.lwjgl\lwjgl-jawt\3.3.1\30330b16b809655d42f4951ece57f425cce43ce2\lwjgl-jawt-3.3.1.jar;C:\Users\teschnerm\.gradle\caches\modules-2\files-2.1\org.lwjgl\lwjgl-jemalloc\3.3.1\a817bcf213db49f710603677457567c37d53e103\lwjgl-jemalloc-3.3.1.jar;C:\Users\teschnerm\.gradle\caches\modules-2\files-2.1\org.lwjgl\lwjgl-jemalloc\3.3.1\948a89b76a16aa324b046ae9308891216ffce5f9\lwjgl-jemalloc-3.3.1-natives-windows.jar;C:\Users\teschnerm\.gradle\caches\modules-2\files-2.1\org.lwjgl\lwjgl-libdivide\3.3.1\ed21d21e4f3d508908ef1a23d885e73983f244ea\lwjgl-libdivide-3.3.1.jar;C:\Users\teschnerm\.gradle\caches\modules-
Launcher Type: SUN_STANDARD

[Global flags]
     intx CICompilerCount                          = 4                                         {product} {ergonomic}
     uint ConcGCThreads                            = 2                                         {product} {ergonomic}
     uint G1ConcRefinementThreads                  = 8                                         {product} {ergonomic}
   size_t G1HeapRegionSize                         = 2097152                                   {product} {ergonomic}
    uintx GCDrainStackTargetSize                   = 64                                        {product} {ergonomic}
   size_t InitialHeapSize                          = 257949696                                 {product} {ergonomic}
   size_t MarkStackSize                            = 4194304                                   {product} {ergonomic}
   size_t MaxHeapSize                              = 4108320768                                {product} {ergonomic}
   size_t MaxNewSize                               = 2464153600                                {product} {ergonomic}
   size_t MinHeapDeltaBytes                        = 2097152                                   {product} {ergonomic}
   size_t MinHeapSize                              = 8388608                                   {product} {ergonomic}
    uintx NonNMethodCodeHeapSize                   = 5839372                                {pd product} {ergonomic}
    uintx NonProfiledCodeHeapSize                  = 122909434                              {pd product} {ergonomic}
    uintx ProfiledCodeHeapSize                     = 122909434                              {pd product} {ergonomic}
    uintx ReservedCodeCacheSize                    = 251658240                              {pd product} {ergonomic}
     bool SegmentedCodeCache                       = true                                      {product} {ergonomic}
   size_t SoftMaxHeapSize                          = 4108320768                             {manageable} {ergonomic}
     bool UseCompressedClassPointers               = true                           {product lp64_product} {ergonomic}
     bool UseCompressedOops                        = true                           {product lp64_product} {ergonomic}
     bool UseG1GC                                  = true                                      {product} {ergonomic}
     bool UseLargePagesIndividualAllocation        = false                                  {pd product} {ergonomic}

Logging:
Log output configuration:
 #0: stdout all=warning uptime,level,tags
 #1: stderr all=off uptime,level,tags

Environment Variables:
JAVA_HOME=C:\portapps\oracle-jdk-portable\app
CLASSPATH=.;C:\Program Files (x86)\QuickTime\QTSystem\QTJava.zip
PATH=C:\Program Files\Microsoft\jdk-11.0.12.7-hotspot\bin;C:\Program Files (x86)\Common Files\Intel\Shared Libraries\redist\intel64\compiler;C:\WINDOWS\system32;C:\WINDOWS;C:\WINDOWS\System32\Wbem;C:\WINDOWS\System32\WindowsPowerShell\v1.0\;C:\WINDOWS\System32\OpenSSH\;C:\Program Files\Intel\WiFi\bin\;C:\Program Files\Common Files\Intel\WirelessCommon\;C:\Program Files (x86)\IVI Foundation\VISA\WinNT\Bin;C:\Program Files (x86)\QuickTime\QTSystem\;C:\Program Files\Microsoft SQL Server\130\Tools\Binn\;C:\Program Files\Microsoft SQL Server\Client SDK\ODBC\170\Tools\Binn\;C:\Program Files\CMake\bin;C:\Program Files\Microsoft SQL Server\150\Tools\Binn\;C:\Program Files\dotnet\;C:\Users\teschnerm\AppData\Local\Microsoft\WindowsApps;C:\Users\teschnerm\AppData\Local\Programs\Microsoft VS Code\bin;C:\Users\teschnerm\AppData\Local\GitHubDesktop\bin;C:\Users\teschnerm\node;C:\Users\teschnerm\AppData\Local\Programs\Git\cmd;C:\Program Files\Microsoft SDKs\Windows\v6.1\Bin;C:\Program Files\Microsoft Visual Studio\2022\Community\VC\Tools\MSVC\14.31.31103\bin;C:\Program Files\Microsoft Visual Studio\2022\Community\Common7\IDE;C:\Program Files\Microsoft Visual Studio\2022\Community\VC\Tools\MSVC\14.31.31103\bin\Hostx64\x64;C:\Program Files (x86)\Windows Kits\10\bin\10.0.19041.0\x64;C:\Program Files\Microsoft Visual Studio\2022\Community\Common7\IDE\Remote Debugger\x64;C:\flutter\bin;
USERNAME=TeschnerM
OS=Windows_NT
PROCESSOR_IDENTIFIER=Intel64 Family 6 Model 142 Stepping 12, GenuineIntel



---------------  S Y S T E M  ---------------

OS:
 Windows 10 , 64 bit Build 19041 (10.0.19041.1023)
OS uptime: 4 days 1:20 hours

CPU: total 8 (initial active 8) (4 cores per cpu, 2 threads per core) family 6 model 142 stepping 12 microcode 0xb8, cx8, cmov, fxsr, ht, mmx, 3dnowpref, sse, sse2, sse3, ssse3, sse4.1, sse4.2, popcnt, lzcnt, tsc, tscinvbit, avx, avx2, aes, erms, clmul, bmi1, bmi2, adx, fma, vzeroupper, clflush, clflushopt

Memory: 4k page, system-wide physical 15668M (6123M free)
TotalPageFile size 18100M (AvailPageFile size 6860M)
current process WorkingSet (physical memory assigned to process): 57M, peak: 58M
current process commit charge ("private bytes"): 355M, peak: 355M

vm_info: OpenJDK 64-Bit Server VM (16.0.2+7) for windows-amd64 JRE (16.0.2+7), built on Jul 22 2021 01:11:46 by "Administrator" with MS VC++ 15.9 (VS2017)

END.
