#
# A fatal error has been detected by the Java Runtime Environment:
#
#  EXCEPTION_ACCESS_VIOLATION (0xc0000005) at pc=0x00007ff93cefcbc0, pid=6836, tid=16508
#
# JRE version: OpenJDK Runtime Environment Corretto-16.0.2.7.1 (16.0.2+7) (build 16.0.2+7)
# Java VM: OpenJDK 64-Bit Server VM Corretto-16.0.2.7.1 (16.0.2+7, mixed mode, sharing, tiered, compressed oops, compressed class ptrs, g1 gc, windows-amd64)
# Problematic frame:
# C  [ig9icd64.dll+0x6cbc0]
#
# No core dump will be written. Minidumps are not enabled by default on client versions of Windows
#
# If you would like to submit a bug report, please visit:
#   https://github.com/corretto/corretto-jdk/issues/
# The crash happened outside the Java Virtual Machine in native code.
# See problematic frame for where to report the bug.
#

---------------  S U M M A R Y ------------

Command Line: -Dfile.encoding=windows-1252 -Duser.country=US -Duser.language=en -Duser.variant app.Main

Host: Intel(R) Core(TM) i7-8565U CPU @ 1.80GHz, 8 cores, 15G,  Windows 10 , 64 bit Build 19041 (10.0.19041.1023)
Time: Fri May 20 14:08:55 2022 Central Daylight Time elapsed time: 0.985980 seconds (0d 0h 0m 0s)

---------------  T H R E A D  ---------------

Current thread (0x000001d519748f60):  JavaThread "main" [_thread_in_native, id=16508, stack(0x00000082c9e00000,0x00000082c9f00000)]

Stack: [0x00000082c9e00000,0x00000082c9f00000],  sp=0x00000082c9efe6a0,  free space=1017k
Native frames: (J=compiled Java code, j=interpreted, Vv=VM code, C=native code)
C  [ig9icd64.dll+0x6cbc0]

Java frames: (J=compiled Java code, j=interpreted, Vv=VM code)
j  org.lwjgl.opengl.GL11C.nglTexImage2D(IIIIIIIIJ)V+0
j  org.lwjgl.opengl.GL11C.glTexImage2D(IIIIIIIILjava/nio/ByteBuffer;)V+17
j  org.lwjgl.opengl.GL11.glTexImage2D(IIIIIIIILjava/nio/ByteBuffer;)V+14
j  graphics.SkyboxTexture.loadTexture()V+133
j  graphics.SkyboxTexture.<init>([Ljava/lang/String;)V+41
j  ecs.components.TextureLayers.<init>(Ljava/lang/String;Ljava/lang/String;Ljava/lang/String;Ljava/lang/String;Ljava/lang/String;Ljava/lang/String;)V+50
j  ecs.entities.Skybox.awake()V+26
j  ecs.scenes.Scene.addEntity(Lecs/entities/Entity;)V+6
j  ecs.scenes.TestScene.init()V+54
j  io.Display.loop()V+42
j  io.Display.init()V+275
j  io.Display.<init>(IILjava/lang/String;Ljava/lang/String;)V+41
j  app.Main.main([Ljava/lang/String;)V+14
v  ~StubRoutines::call_stub

siginfo: EXCEPTION_ACCESS_VIOLATION (0xc0000005), reading address 0x000001d549fa1000


Register to memory mapping:

RIP=0x00007ff93cefcbc0 ig9icd64.dll
RAX=0x000000000000600c is an unknown value
RBX=0x000001d543220000 points into unknown readable memory: 0x7c5d937c5d937c5d | 5d 7c 93 5d 7c 93 5d 7c
RCX=0x0 is NULL
RDX=0x000001d549fa1000 is an unknown value
RSP=0x00000082c9efe6a0 is pointing into the stack for thread: 0x000001d519748f60
RBP=0x00000082c9efe7d0 is pointing into the stack for thread: 0x000001d519748f60
RSI=0x000001d543220000 points into unknown readable memory: 0x7c5d937c5d937c5d | 5d 7c 93 5d 7c 93 5d 7c
RDI=0x000001d543520600 points into unknown readable memory: 0x0000000000000000 | 00 00 00 00 00 00 00 00
R8 =0x0000000000400000 is an unknown value
R9 =0x0000000000008000 is an unknown value
R10=0x000000000000600c is an unknown value
R11=0x000001d5403da994 points into unknown readable memory: 00 00 00 00
R12=0x00007ff93ce90000 ig9icd64.dll
R13=0x00000000000001c1 is an unknown value
R14=0x00000082c9efe8c0 is pointing into the stack for thread: 0x000001d519748f60
R15=0x0 is NULL


Registers:
RAX=0x000000000000600c, RBX=0x000001d543220000, RCX=0x0000000000000000, RDX=0x000001d549fa1000
RSP=0x00000082c9efe6a0, RBP=0x00000082c9efe7d0, RSI=0x000001d543220000, RDI=0x000001d543520600
R8 =0x0000000000400000, R9 =0x0000000000008000, R10=0x000000000000600c, R11=0x000001d5403da994
R12=0x00007ff93ce90000, R13=0x00000000000001c1, R14=0x00000082c9efe8c0, R15=0x0000000000000000
RIP=0x00007ff93cefcbc0, EFLAGS=0x0000000000010287

Top of Stack: (sp=0x00000082c9efe6a0)
0x00000082c9efe6a0:   0000000000000000 0000000000000000
0x00000082c9efe6b0:   0000000000000000 0000000000000000
0x00000082c9efe6c0:   000001d549ca0a00 00007ff93d853a2b
0x00000082c9efe6d0:   0000000000000001 00000082c9efe7d0
0x00000082c9efe6e0:   000001d549ca0a00 0000000000000000
0x00000082c9efe6f0:   0000000000000049 0000000000000001
0x00000082c9efe700:   000001d549ca0a00 00007ff93d3f1900
0x00000082c9efe710:   4000238040000200 0000000000000000
0x00000082c9efe720:   00007ff93db5f468 000001d5403c1b00
0x00000082c9efe730:   0000040000000400 0000004900000000
0x00000082c9efe740:   0000100000000004 000001d549ca0a00
0x00000082c9efe750:   0000000440350049 0000000000001000
0x00000082c9efe760:   000001d543220000 0000000000000000
0x00000082c9efe770:   000001d5424193b0 000001d542419390
0x00000082c9efe780:   0000000000000002 0000000000000000
0x00000082c9efe790:   000001d5403c1b00 0000000000000002 

Instructions: (pc=0x00007ff93cefcbc0)
0x00007ff93cefcac0:   66 0f 60 c0 66 0f 61 c0 66 0f 70 c0 00 66 0f 64
0x00007ff93cefcad0:   c8 f3 0f 6f 02 49 03 d1 66 0f f7 c1 49 03 f9 41
0x00007ff93cefcae0:   8b c1 44 8b d1 4c 2b c0 0f 29 74 24 10 4d 8b c8
0x00007ff93cefcaf0:   0f 29 3c 24 49 c1 e9 07 f6 c2 0f 0f 84 af 00 00
0x00007ff93cefcb00:   00 4d 85 c9 74 6b 66 66 0f 1f 84 00 00 00 00 00
0x00007ff93cefcb10:   f3 0f 6f 02 41 ff c2 f3 0f 6f 4a 10 41 8b c2 f3
0x00007ff93cefcb20:   0f 6f 52 20 f3 0f 6f 5a 30 f3 0f 6f 62 40 f3 0f
0x00007ff93cefcb30:   6f 6a 50 f3 0f 6f 72 60 f3 0f 6f 7a 70 66 0f e7
0x00007ff93cefcb40:   07 66 0f e7 4f 10 66 0f e7 57 20 66 0f e7 5f 30
0x00007ff93cefcb50:   66 0f e7 67 40 66 0f e7 6f 50 66 0f e7 77 60 66
0x00007ff93cefcb60:   0f e7 7f 70 48 83 ef 80 48 83 ea 80 49 3b c1 72
0x00007ff93cefcb70:   9f 41 83 e0 7f 0f 84 e0 00 00 00 45 8b d0 44 8b
0x00007ff93cefcb80:   c9 49 c1 ea 04 4d 85 d2 0f 84 cd 00 00 00 66 90
0x00007ff93cefcb90:   f3 0f 6f 02 41 ff c1 48 83 c2 10 41 8b c1 66 0f
0x00007ff93cefcba0:   e7 07 48 83 c7 10 49 3b c2 72 e5 e9 ab 00 00 00
0x00007ff93cefcbb0:   4d 85 c9 74 6c 66 66 66 0f 1f 84 00 00 00 00 00
0x00007ff93cefcbc0:   f3 0f 6f 02 41 ff c2 f3 0f 6f 4a 10 f3 0f 6f 52
0x00007ff93cefcbd0:   20 f3 0f 6f 5a 30 f3 0f 6f 62 40 f3 0f 6f 6a 50
0x00007ff93cefcbe0:   f3 0f 6f 72 60 f3 0f 6f 7a 70 48 83 ea 80 66 0f
0x00007ff93cefcbf0:   e7 07 66 0f e7 4f 10 66 0f e7 57 20 66 0f e7 5f
0x00007ff93cefcc00:   30 66 0f e7 67 40 66 0f e7 6f 50 66 0f e7 77 60
0x00007ff93cefcc10:   66 0f e7 7f 70 48 83 ef 80 41 8b c2 49 3b c1 72
0x00007ff93cefcc20:   9f 41 83 e0 7f 74 34 45 8b d0 44 8b c9 49 c1 ea
0x00007ff93cefcc30:   04 4d 85 d2 74 25 66 66 0f 1f 84 00 00 00 00 00
0x00007ff93cefcc40:   f3 0f 6f 02 41 ff c1 66 0f e7 07 48 83 c7 10 41
0x00007ff93cefcc50:   8b c1 48 83 c2 10 49 3b c2 72 e5 0f 28 74 24 10
0x00007ff93cefcc60:   0f 28 3c 24 41 83 e0 0f 74 49 45 8b d0 44 8b c9
0x00007ff93cefcc70:   49 c1 ea 02 4d 85 d2 74 1e 0f 1f 80 00 00 00 00
0x00007ff93cefcc80:   8b 02 41 ff c1 89 07 48 83 c2 04 48 83 c7 04 41
0x00007ff93cefcc90:   8b c1 49 3b c2 72 e9 41 83 e0 03 76 16 48 2b d7
0x00007ff93cefcca0:   0f b6 04 3a ff c1 88 07 48 8d 7f 01 8b c1 49 3b
0x00007ff93cefccb0:   c0 72 ed 48 83 c4 20 5f c3 cc cc cc cc cc cc cc 


Stack slot to memory mapping:
stack at sp + 0 slots: 0x0 is NULL
stack at sp + 1 slots: 0x0 is NULL
stack at sp + 2 slots: 0x0 is NULL
stack at sp + 3 slots: 0x0 is NULL
stack at sp + 4 slots: 0x000001d549ca0a00 points into unknown readable memory: 0x7c5d937c5d937c5d | 5d 7c 93 5d 7c 93 5d 7c
stack at sp + 5 slots: 0x00007ff93d853a2b ig9icd64.dll
stack at sp + 6 slots: 0x0000000000000001 is an unknown value
stack at sp + 7 slots: 0x00000082c9efe7d0 is pointing into the stack for thread: 0x000001d519748f60


---------------  P R O C E S S  ---------------

Threads class SMR info:
_java_thread_list=0x000001d54254cd80, length=13, elements={
0x000001d519748f60, 0x000001d53ef698b0, 0x000001d53ef6a480, 0x000001d53ef7ec00,
0x000001d53ef80520, 0x000001d53ef80e30, 0x000001d53ef81740, 0x000001d53ef898a0,
0x000001d53ef922b0, 0x000001d53ef9ec20, 0x000001d53fa19d90, 0x000001d53fa23b00,
0x000001d5423f8e80
}

Java Threads: ( => current thread )
=>0x000001d519748f60 JavaThread "main" [_thread_in_native, id=16508, stack(0x00000082c9e00000,0x00000082c9f00000)]
  0x000001d53ef698b0 JavaThread "Reference Handler" daemon [_thread_blocked, id=24956, stack(0x00000082ca500000,0x00000082ca600000)]
  0x000001d53ef6a480 JavaThread "Finalizer" daemon [_thread_blocked, id=22800, stack(0x00000082ca600000,0x00000082ca700000)]
  0x000001d53ef7ec00 JavaThread "Signal Dispatcher" daemon [_thread_blocked, id=18688, stack(0x00000082ca700000,0x00000082ca800000)]
  0x000001d53ef80520 JavaThread "Attach Listener" daemon [_thread_blocked, id=23808, stack(0x00000082ca800000,0x00000082ca900000)]
  0x000001d53ef80e30 JavaThread "Service Thread" daemon [_thread_blocked, id=4500, stack(0x00000082ca900000,0x00000082caa00000)]
  0x000001d53ef81740 JavaThread "Monitor Deflation Thread" daemon [_thread_blocked, id=21548, stack(0x00000082caa00000,0x00000082cab00000)]
  0x000001d53ef898a0 JavaThread "C2 CompilerThread0" daemon [_thread_blocked, id=20088, stack(0x00000082cab00000,0x00000082cac00000)]
  0x000001d53ef922b0 JavaThread "C1 CompilerThread0" daemon [_thread_blocked, id=20228, stack(0x00000082cac00000,0x00000082cad00000)]
  0x000001d53ef9ec20 JavaThread "Sweeper thread" daemon [_thread_blocked, id=10540, stack(0x00000082cad00000,0x00000082cae00000)]
  0x000001d53fa19d90 JavaThread "Notification Thread" daemon [_thread_blocked, id=8820, stack(0x00000082cae00000,0x00000082caf00000)]
  0x000001d53fa23b00 JavaThread "Common-Cleaner" daemon [_thread_blocked, id=23812, stack(0x00000082cb000000,0x00000082cb100000)]
  0x000001d5423f8e80 JavaThread "C2 CompilerThread1" daemon [_thread_blocked, id=3776, stack(0x00000082cb100000,0x00000082cb200000)]

Other Threads:
  0x000001d53ef66e60 VMThread "VM Thread" [stack: 0x00000082ca400000,0x00000082ca500000] [id=25068]
  0x000001d53fa1b6d0 WatcherThread [stack: 0x00000082caf00000,0x00000082cb000000] [id=20356]
  0x000001d51979aba0 GCTaskThread "GC Thread#0" [stack: 0x00000082c9f00000,0x00000082ca000000] [id=8600]
  0x000001d5197aafc0 ConcurrentGCThread "G1 Main Marker" [stack: 0x00000082ca000000,0x00000082ca100000] [id=17224]
  0x000001d5197ac180 ConcurrentGCThread "G1 Conc#0" [stack: 0x00000082ca100000,0x00000082ca200000] [id=21600]
  0x000001d51981d6e0 ConcurrentGCThread "G1 Refine#0" [stack: 0x00000082ca200000,0x00000082ca300000] [id=11692]
  0x000001d51981df70 ConcurrentGCThread "G1 Service" [stack: 0x00000082ca300000,0x00000082ca400000] [id=21516]

Threads with active compile tasks:

VM state: not at safepoint (normal execution)

VM Mutex/Monitor currently owned by a thread: None

Heap address: 0x000000070b200000, size: 3918 MB, Compressed Oops mode: Zero based, Oop shift amount: 3

CDS archive(s) mapped at: [0x0000000800000000-0x0000000800be0000-0x0000000800be0000), size 12451840, SharedBaseAddress: 0x0000000800000000, ArchiveRelocationMode: 0.
Compressed class space mapped at: 0x0000000800c00000-0x0000000840c00000, reserved size: 1073741824
Narrow klass base: 0x0000000800000000, Narrow klass shift: 3, Narrow klass range: 0x100000000

GC Precious Log:
 CPUs: 8 total, 8 available
 Memory: 15668M
 Large Page Support: Disabled
 NUMA Support: Disabled
 Compressed Oops: Enabled (Zero based)
 Heap Region Size: 2M
 Heap Min Capacity: 8M
 Heap Initial Capacity: 246M
 Heap Max Capacity: 3918M
 Pre-touch: Disabled
 Parallel Workers: 8
 Concurrent Workers: 2
 Concurrent Refinement Workers: 8
 Periodic GC: Disabled

Heap:
 garbage-first heap   total 251904K, used 18432K [0x000000070b200000, 0x0000000800000000)
  region size 2048K, 11 young (22528K), 0 survivors (0K)
 Metaspace       used 6273K, committed 6464K, reserved 1064960K
  class space    used 285K, committed 384K, reserved 1048576K

Heap Regions: E=young(eden), S=young(survivor), O=old, HS=humongous(starts), HC=humongous(continues), CS=collection set, F=free, OA=open archive, CA=closed archive, TAMS=top-at-mark-start (previous, next)
|   0|0x000000070b200000, 0x000000070b200000, 0x000000070b400000|  0%| F|  |TAMS 0x000000070b200000, 0x000000070b200000| Untracked 
|   1|0x000000070b400000, 0x000000070b400000, 0x000000070b600000|  0%| F|  |TAMS 0x000000070b400000, 0x000000070b400000| Untracked 
|   2|0x000000070b600000, 0x000000070b600000, 0x000000070b800000|  0%| F|  |TAMS 0x000000070b600000, 0x000000070b600000| Untracked 
|   3|0x000000070b800000, 0x000000070b800000, 0x000000070ba00000|  0%| F|  |TAMS 0x000000070b800000, 0x000000070b800000| Untracked 
|   4|0x000000070ba00000, 0x000000070ba00000, 0x000000070bc00000|  0%| F|  |TAMS 0x000000070ba00000, 0x000000070ba00000| Untracked 
|   5|0x000000070bc00000, 0x000000070bc00000, 0x000000070be00000|  0%| F|  |TAMS 0x000000070bc00000, 0x000000070bc00000| Untracked 
|   6|0x000000070be00000, 0x000000070be00000, 0x000000070c000000|  0%| F|  |TAMS 0x000000070be00000, 0x000000070be00000| Untracked 
|   7|0x000000070c000000, 0x000000070c000000, 0x000000070c200000|  0%| F|  |TAMS 0x000000070c000000, 0x000000070c000000| Untracked 
|   8|0x000000070c200000, 0x000000070c200000, 0x000000070c400000|  0%| F|  |TAMS 0x000000070c200000, 0x000000070c200000| Untracked 
|   9|0x000000070c400000, 0x000000070c400000, 0x000000070c600000|  0%| F|  |TAMS 0x000000070c400000, 0x000000070c400000| Untracked 
|  10|0x000000070c600000, 0x000000070c600000, 0x000000070c800000|  0%| F|  |TAMS 0x000000070c600000, 0x000000070c600000| Untracked 
|  11|0x000000070c800000, 0x000000070c800000, 0x000000070ca00000|  0%| F|  |TAMS 0x000000070c800000, 0x000000070c800000| Untracked 
|  12|0x000000070ca00000, 0x000000070ca00000, 0x000000070cc00000|  0%| F|  |TAMS 0x000000070ca00000, 0x000000070ca00000| Untracked 
|  13|0x000000070cc00000, 0x000000070cc00000, 0x000000070ce00000|  0%| F|  |TAMS 0x000000070cc00000, 0x000000070cc00000| Untracked 
|  14|0x000000070ce00000, 0x000000070ce00000, 0x000000070d000000|  0%| F|  |TAMS 0x000000070ce00000, 0x000000070ce00000| Untracked 
|  15|0x000000070d000000, 0x000000070d000000, 0x000000070d200000|  0%| F|  |TAMS 0x000000070d000000, 0x000000070d000000| Untracked 
|  16|0x000000070d200000, 0x000000070d200000, 0x000000070d400000|  0%| F|  |TAMS 0x000000070d200000, 0x000000070d200000| Untracked 
|  17|0x000000070d400000, 0x000000070d400000, 0x000000070d600000|  0%| F|  |TAMS 0x000000070d400000, 0x000000070d400000| Untracked 
|  18|0x000000070d600000, 0x000000070d600000, 0x000000070d800000|  0%| F|  |TAMS 0x000000070d600000, 0x000000070d600000| Untracked 
|  19|0x000000070d800000, 0x000000070d800000, 0x000000070da00000|  0%| F|  |TAMS 0x000000070d800000, 0x000000070d800000| Untracked 
|  20|0x000000070da00000, 0x000000070da00000, 0x000000070dc00000|  0%| F|  |TAMS 0x000000070da00000, 0x000000070da00000| Untracked 
|  21|0x000000070dc00000, 0x000000070dc00000, 0x000000070de00000|  0%| F|  |TAMS 0x000000070dc00000, 0x000000070dc00000| Untracked 
|  22|0x000000070de00000, 0x000000070de00000, 0x000000070e000000|  0%| F|  |TAMS 0x000000070de00000, 0x000000070de00000| Untracked 
|  23|0x000000070e000000, 0x000000070e000000, 0x000000070e200000|  0%| F|  |TAMS 0x000000070e000000, 0x000000070e000000| Untracked 
|  24|0x000000070e200000, 0x000000070e200000, 0x000000070e400000|  0%| F|  |TAMS 0x000000070e200000, 0x000000070e200000| Untracked 
|  25|0x000000070e400000, 0x000000070e400000, 0x000000070e600000|  0%| F|  |TAMS 0x000000070e400000, 0x000000070e400000| Untracked 
|  26|0x000000070e600000, 0x000000070e600000, 0x000000070e800000|  0%| F|  |TAMS 0x000000070e600000, 0x000000070e600000| Untracked 
|  27|0x000000070e800000, 0x000000070e800000, 0x000000070ea00000|  0%| F|  |TAMS 0x000000070e800000, 0x000000070e800000| Untracked 
|  28|0x000000070ea00000, 0x000000070ea00000, 0x000000070ec00000|  0%| F|  |TAMS 0x000000070ea00000, 0x000000070ea00000| Untracked 
|  29|0x000000070ec00000, 0x000000070ec00000, 0x000000070ee00000|  0%| F|  |TAMS 0x000000070ec00000, 0x000000070ec00000| Untracked 
|  30|0x000000070ee00000, 0x000000070ee00000, 0x000000070f000000|  0%| F|  |TAMS 0x000000070ee00000, 0x000000070ee00000| Untracked 
|  31|0x000000070f000000, 0x000000070f000000, 0x000000070f200000|  0%| F|  |TAMS 0x000000070f000000, 0x000000070f000000| Untracked 
|  32|0x000000070f200000, 0x000000070f200000, 0x000000070f400000|  0%| F|  |TAMS 0x000000070f200000, 0x000000070f200000| Untracked 
|  33|0x000000070f400000, 0x000000070f400000, 0x000000070f600000|  0%| F|  |TAMS 0x000000070f400000, 0x000000070f400000| Untracked 
|  34|0x000000070f600000, 0x000000070f600000, 0x000000070f800000|  0%| F|  |TAMS 0x000000070f600000, 0x000000070f600000| Untracked 
|  35|0x000000070f800000, 0x000000070f800000, 0x000000070fa00000|  0%| F|  |TAMS 0x000000070f800000, 0x000000070f800000| Untracked 
|  36|0x000000070fa00000, 0x000000070fa00000, 0x000000070fc00000|  0%| F|  |TAMS 0x000000070fa00000, 0x000000070fa00000| Untracked 
|  37|0x000000070fc00000, 0x000000070fc00000, 0x000000070fe00000|  0%| F|  |TAMS 0x000000070fc00000, 0x000000070fc00000| Untracked 
|  38|0x000000070fe00000, 0x000000070fe00000, 0x0000000710000000|  0%| F|  |TAMS 0x000000070fe00000, 0x000000070fe00000| Untracked 
|  39|0x0000000710000000, 0x0000000710000000, 0x0000000710200000|  0%| F|  |TAMS 0x0000000710000000, 0x0000000710000000| Untracked 
|  40|0x0000000710200000, 0x0000000710200000, 0x0000000710400000|  0%| F|  |TAMS 0x0000000710200000, 0x0000000710200000| Untracked 
|  41|0x0000000710400000, 0x0000000710400000, 0x0000000710600000|  0%| F|  |TAMS 0x0000000710400000, 0x0000000710400000| Untracked 
|  42|0x0000000710600000, 0x0000000710600000, 0x0000000710800000|  0%| F|  |TAMS 0x0000000710600000, 0x0000000710600000| Untracked 
|  43|0x0000000710800000, 0x0000000710800000, 0x0000000710a00000|  0%| F|  |TAMS 0x0000000710800000, 0x0000000710800000| Untracked 
|  44|0x0000000710a00000, 0x0000000710a00000, 0x0000000710c00000|  0%| F|  |TAMS 0x0000000710a00000, 0x0000000710a00000| Untracked 
|  45|0x0000000710c00000, 0x0000000710c00000, 0x0000000710e00000|  0%| F|  |TAMS 0x0000000710c00000, 0x0000000710c00000| Untracked 
|  46|0x0000000710e00000, 0x0000000710e00000, 0x0000000711000000|  0%| F|  |TAMS 0x0000000710e00000, 0x0000000710e00000| Untracked 
|  47|0x0000000711000000, 0x0000000711000000, 0x0000000711200000|  0%| F|  |TAMS 0x0000000711000000, 0x0000000711000000| Untracked 
|  48|0x0000000711200000, 0x0000000711200000, 0x0000000711400000|  0%| F|  |TAMS 0x0000000711200000, 0x0000000711200000| Untracked 
|  49|0x0000000711400000, 0x0000000711400000, 0x0000000711600000|  0%| F|  |TAMS 0x0000000711400000, 0x0000000711400000| Untracked 
|  50|0x0000000711600000, 0x0000000711600000, 0x0000000711800000|  0%| F|  |TAMS 0x0000000711600000, 0x0000000711600000| Untracked 
|  51|0x0000000711800000, 0x0000000711800000, 0x0000000711a00000|  0%| F|  |TAMS 0x0000000711800000, 0x0000000711800000| Untracked 
|  52|0x0000000711a00000, 0x0000000711a00000, 0x0000000711c00000|  0%| F|  |TAMS 0x0000000711a00000, 0x0000000711a00000| Untracked 
|  53|0x0000000711c00000, 0x0000000711c00000, 0x0000000711e00000|  0%| F|  |TAMS 0x0000000711c00000, 0x0000000711c00000| Untracked 
|  54|0x0000000711e00000, 0x0000000711e00000, 0x0000000712000000|  0%| F|  |TAMS 0x0000000711e00000, 0x0000000711e00000| Untracked 
|  55|0x0000000712000000, 0x0000000712000000, 0x0000000712200000|  0%| F|  |TAMS 0x0000000712000000, 0x0000000712000000| Untracked 
|  56|0x0000000712200000, 0x0000000712200000, 0x0000000712400000|  0%| F|  |TAMS 0x0000000712200000, 0x0000000712200000| Untracked 
|  57|0x0000000712400000, 0x0000000712400000, 0x0000000712600000|  0%| F|  |TAMS 0x0000000712400000, 0x0000000712400000| Untracked 
|  58|0x0000000712600000, 0x0000000712600000, 0x0000000712800000|  0%| F|  |TAMS 0x0000000712600000, 0x0000000712600000| Untracked 
|  59|0x0000000712800000, 0x0000000712800000, 0x0000000712a00000|  0%| F|  |TAMS 0x0000000712800000, 0x0000000712800000| Untracked 
|  60|0x0000000712a00000, 0x0000000712a00000, 0x0000000712c00000|  0%| F|  |TAMS 0x0000000712a00000, 0x0000000712a00000| Untracked 
|  61|0x0000000712c00000, 0x0000000712c00000, 0x0000000712e00000|  0%| F|  |TAMS 0x0000000712c00000, 0x0000000712c00000| Untracked 
|  62|0x0000000712e00000, 0x0000000712e00000, 0x0000000713000000|  0%| F|  |TAMS 0x0000000712e00000, 0x0000000712e00000| Untracked 
|  63|0x0000000713000000, 0x0000000713000000, 0x0000000713200000|  0%| F|  |TAMS 0x0000000713000000, 0x0000000713000000| Untracked 
|  64|0x0000000713200000, 0x0000000713200000, 0x0000000713400000|  0%| F|  |TAMS 0x0000000713200000, 0x0000000713200000| Untracked 
|  65|0x0000000713400000, 0x0000000713400000, 0x0000000713600000|  0%| F|  |TAMS 0x0000000713400000, 0x0000000713400000| Untracked 
|  66|0x0000000713600000, 0x0000000713600000, 0x0000000713800000|  0%| F|  |TAMS 0x0000000713600000, 0x0000000713600000| Untracked 
|  67|0x0000000713800000, 0x0000000713800000, 0x0000000713a00000|  0%| F|  |TAMS 0x0000000713800000, 0x0000000713800000| Untracked 
|  68|0x0000000713a00000, 0x0000000713a00000, 0x0000000713c00000|  0%| F|  |TAMS 0x0000000713a00000, 0x0000000713a00000| Untracked 
|  69|0x0000000713c00000, 0x0000000713c00000, 0x0000000713e00000|  0%| F|  |TAMS 0x0000000713c00000, 0x0000000713c00000| Untracked 
|  70|0x0000000713e00000, 0x0000000713e00000, 0x0000000714000000|  0%| F|  |TAMS 0x0000000713e00000, 0x0000000713e00000| Untracked 
|  71|0x0000000714000000, 0x0000000714000000, 0x0000000714200000|  0%| F|  |TAMS 0x0000000714000000, 0x0000000714000000| Untracked 
|  72|0x0000000714200000, 0x0000000714200000, 0x0000000714400000|  0%| F|  |TAMS 0x0000000714200000, 0x0000000714200000| Untracked 
|  73|0x0000000714400000, 0x0000000714400000, 0x0000000714600000|  0%| F|  |TAMS 0x0000000714400000, 0x0000000714400000| Untracked 
|  74|0x0000000714600000, 0x0000000714600000, 0x0000000714800000|  0%| F|  |TAMS 0x0000000714600000, 0x0000000714600000| Untracked 
|  75|0x0000000714800000, 0x0000000714800000, 0x0000000714a00000|  0%| F|  |TAMS 0x0000000714800000, 0x0000000714800000| Untracked 
|  76|0x0000000714a00000, 0x0000000714a00000, 0x0000000714c00000|  0%| F|  |TAMS 0x0000000714a00000, 0x0000000714a00000| Untracked 
|  77|0x0000000714c00000, 0x0000000714c00000, 0x0000000714e00000|  0%| F|  |TAMS 0x0000000714c00000, 0x0000000714c00000| Untracked 
|  78|0x0000000714e00000, 0x0000000714e00000, 0x0000000715000000|  0%| F|  |TAMS 0x0000000714e00000, 0x0000000714e00000| Untracked 
|  79|0x0000000715000000, 0x0000000715000000, 0x0000000715200000|  0%| F|  |TAMS 0x0000000715000000, 0x0000000715000000| Untracked 
|  80|0x0000000715200000, 0x0000000715200000, 0x0000000715400000|  0%| F|  |TAMS 0x0000000715200000, 0x0000000715200000| Untracked 
|  81|0x0000000715400000, 0x0000000715400000, 0x0000000715600000|  0%| F|  |TAMS 0x0000000715400000, 0x0000000715400000| Untracked 
|  82|0x0000000715600000, 0x0000000715600000, 0x0000000715800000|  0%| F|  |TAMS 0x0000000715600000, 0x0000000715600000| Untracked 
|  83|0x0000000715800000, 0x0000000715800000, 0x0000000715a00000|  0%| F|  |TAMS 0x0000000715800000, 0x0000000715800000| Untracked 
|  84|0x0000000715a00000, 0x0000000715a00000, 0x0000000715c00000|  0%| F|  |TAMS 0x0000000715a00000, 0x0000000715a00000| Untracked 
|  85|0x0000000715c00000, 0x0000000715c00000, 0x0000000715e00000|  0%| F|  |TAMS 0x0000000715c00000, 0x0000000715c00000| Untracked 
|  86|0x0000000715e00000, 0x0000000715e00000, 0x0000000716000000|  0%| F|  |TAMS 0x0000000715e00000, 0x0000000715e00000| Untracked 
|  87|0x0000000716000000, 0x0000000716000000, 0x0000000716200000|  0%| F|  |TAMS 0x0000000716000000, 0x0000000716000000| Untracked 
|  88|0x0000000716200000, 0x0000000716200000, 0x0000000716400000|  0%| F|  |TAMS 0x0000000716200000, 0x0000000716200000| Untracked 
|  89|0x0000000716400000, 0x0000000716400000, 0x0000000716600000|  0%| F|  |TAMS 0x0000000716400000, 0x0000000716400000| Untracked 
|  90|0x0000000716600000, 0x0000000716600000, 0x0000000716800000|  0%| F|  |TAMS 0x0000000716600000, 0x0000000716600000| Untracked 
|  91|0x0000000716800000, 0x0000000716800000, 0x0000000716a00000|  0%| F|  |TAMS 0x0000000716800000, 0x0000000716800000| Untracked 
|  92|0x0000000716a00000, 0x0000000716a00000, 0x0000000716c00000|  0%| F|  |TAMS 0x0000000716a00000, 0x0000000716a00000| Untracked 
|  93|0x0000000716c00000, 0x0000000716c00000, 0x0000000716e00000|  0%| F|  |TAMS 0x0000000716c00000, 0x0000000716c00000| Untracked 
|  94|0x0000000716e00000, 0x0000000716e00000, 0x0000000717000000|  0%| F|  |TAMS 0x0000000716e00000, 0x0000000716e00000| Untracked 
|  95|0x0000000717000000, 0x0000000717000000, 0x0000000717200000|  0%| F|  |TAMS 0x0000000717000000, 0x0000000717000000| Untracked 
|  96|0x0000000717200000, 0x0000000717200000, 0x0000000717400000|  0%| F|  |TAMS 0x0000000717200000, 0x0000000717200000| Untracked 
|  97|0x0000000717400000, 0x0000000717400000, 0x0000000717600000|  0%| F|  |TAMS 0x0000000717400000, 0x0000000717400000| Untracked 
|  98|0x0000000717600000, 0x0000000717600000, 0x0000000717800000|  0%| F|  |TAMS 0x0000000717600000, 0x0000000717600000| Untracked 
|  99|0x0000000717800000, 0x0000000717800000, 0x0000000717a00000|  0%| F|  |TAMS 0x0000000717800000, 0x0000000717800000| Untracked 
| 100|0x0000000717a00000, 0x0000000717a00000, 0x0000000717c00000|  0%| F|  |TAMS 0x0000000717a00000, 0x0000000717a00000| Untracked 
| 101|0x0000000717c00000, 0x0000000717c00000, 0x0000000717e00000|  0%| F|  |TAMS 0x0000000717c00000, 0x0000000717c00000| Untracked 
| 102|0x0000000717e00000, 0x0000000717e00000, 0x0000000718000000|  0%| F|  |TAMS 0x0000000717e00000, 0x0000000717e00000| Untracked 
| 103|0x0000000718000000, 0x0000000718000000, 0x0000000718200000|  0%| F|  |TAMS 0x0000000718000000, 0x0000000718000000| Untracked 
| 104|0x0000000718200000, 0x0000000718200000, 0x0000000718400000|  0%| F|  |TAMS 0x0000000718200000, 0x0000000718200000| Untracked 
| 105|0x0000000718400000, 0x0000000718400000, 0x0000000718600000|  0%| F|  |TAMS 0x0000000718400000, 0x0000000718400000| Untracked 
| 106|0x0000000718600000, 0x0000000718600000, 0x0000000718800000|  0%| F|  |TAMS 0x0000000718600000, 0x0000000718600000| Untracked 
| 107|0x0000000718800000, 0x0000000718800000, 0x0000000718a00000|  0%| F|  |TAMS 0x0000000718800000, 0x0000000718800000| Untracked 
| 108|0x0000000718a00000, 0x0000000718a00000, 0x0000000718c00000|  0%| F|  |TAMS 0x0000000718a00000, 0x0000000718a00000| Untracked 
| 109|0x0000000718c00000, 0x0000000718c00000, 0x0000000718e00000|  0%| F|  |TAMS 0x0000000718c00000, 0x0000000718c00000| Untracked 
| 110|0x0000000718e00000, 0x0000000718e00000, 0x0000000719000000|  0%| F|  |TAMS 0x0000000718e00000, 0x0000000718e00000| Untracked 
| 111|0x0000000719000000, 0x0000000719000000, 0x0000000719200000|  0%| F|  |TAMS 0x0000000719000000, 0x0000000719000000| Untracked 
| 112|0x0000000719200000, 0x000000071935a380, 0x0000000719400000| 67%| E|  |TAMS 0x0000000719200000, 0x0000000719200000| Complete 
| 113|0x0000000719400000, 0x0000000719600000, 0x0000000719600000|100%| E|CS|TAMS 0x0000000719400000, 0x0000000719400000| Complete 
| 114|0x0000000719600000, 0x0000000719800000, 0x0000000719800000|100%| E|CS|TAMS 0x0000000719600000, 0x0000000719600000| Complete 
| 115|0x0000000719800000, 0x0000000719a00000, 0x0000000719a00000|100%| E|CS|TAMS 0x0000000719800000, 0x0000000719800000| Complete 
| 116|0x0000000719a00000, 0x0000000719c00000, 0x0000000719c00000|100%| E|  |TAMS 0x0000000719a00000, 0x0000000719a00000| Complete 
| 117|0x0000000719c00000, 0x0000000719e00000, 0x0000000719e00000|100%| E|CS|TAMS 0x0000000719c00000, 0x0000000719c00000| Complete 
| 118|0x0000000719e00000, 0x000000071a000000, 0x000000071a000000|100%| E|CS|TAMS 0x0000000719e00000, 0x0000000719e00000| Complete 
| 119|0x000000071a000000, 0x000000071a200000, 0x000000071a200000|100%| E|CS|TAMS 0x000000071a000000, 0x000000071a000000| Complete 
| 120|0x000000071a200000, 0x000000071a400000, 0x000000071a400000|100%| E|CS|TAMS 0x000000071a200000, 0x000000071a200000| Complete 
| 121|0x000000071a400000, 0x000000071a600000, 0x000000071a600000|100%| E|CS|TAMS 0x000000071a400000, 0x000000071a400000| Complete 
| 122|0x000000071a600000, 0x000000071a800000, 0x000000071a800000|100%| E|CS|TAMS 0x000000071a600000, 0x000000071a600000| Complete 

Card table byte_map: [0x000001d533b50000,0x000001d534300000] _byte_map_base: 0x000001d5302f7000

Marking Bits (Prev, Next): (CMBitMap*) 0x000001d51979b120, (CMBitMap*) 0x000001d51979b160
 Prev Bits: [0x000001d534ab0000, 0x000001d5387e8000)
 Next Bits: [0x000001d5387f0000, 0x000001d53c528000)

Polling page: 0x000001d5195e0000

Metaspace:

Usage:
  Non-class:      5.85 MB used.
      Class:    285.33 KB used.
       Both:      6.13 MB used.

Virtual space:
  Non-class space:       16.00 MB reserved,       5.94 MB ( 37%) committed,  2 nodes.
      Class space:        1.00 GB reserved,     384.00 KB ( <1%) committed,  1 nodes.
              Both:        1.02 GB reserved,       6.31 MB ( <1%) committed. 

Chunk freelists:
   Non-Class:  3.69 MB
       Class:  3.54 MB
        Both:  7.23 MB

MaxMetaspaceSize: 17179869184.00 GB
CompressedClassSpaceSize: 1.00 GB
 - commit_granule_bytes: 65536.
 - commit_granule_words: 8192.
 - virtual_space_node_default_size: 1048576.
 - enlarge_chunks_in_place: 1.
 - new_chunks_are_fully_committed: 0.
 - uncommit_free_chunks: 1.
 - use_allocation_guard: 0.
 - handle_deallocations: 1.


Internal statistics:

num_allocs_failed_limit: 0.
num_arena_births: 96.
num_arena_deaths: 0.
num_vsnodes_births: 3.
num_vsnodes_deaths: 0.
num_space_committed: 99.
num_space_uncommitted: 0.
num_chunks_returned_to_freelist: 0.
num_chunks_taken_from_freelist: 270.
num_chunk_merges: 0.
num_chunk_splits: 193.
num_chunks_enlarged: 151.
num_purges: 0.

CodeHeap 'non-profiled nmethods': size=120000Kb used=404Kb max_used=404Kb free=119595Kb
 bounds [0x000001d52b410000, 0x000001d52b680000, 0x000001d532940000]
CodeHeap 'profiled nmethods': size=120000Kb used=1603Kb max_used=1603Kb free=118396Kb
 bounds [0x000001d523ee0000, 0x000001d524150000, 0x000001d52b410000]
CodeHeap 'non-nmethods': size=5760Kb used=1640Kb max_used=1664Kb free=4119Kb
 bounds [0x000001d523940000, 0x000001d523bb0000, 0x000001d523ee0000]
 total_blobs=2023 nmethods=947 adapters=989
 compilation: enabled
              stopped_count=0, restarted_count=0
 full_count=0

Compilation events (20 events):
Event: 0.909 Thread 0x000001d53ef922b0 nmethod 937 0x000001d52406c810 code [0x000001d52406ca40, 0x000001d52406d1c8]
Event: 0.910 Thread 0x000001d53ef922b0  939       1       sun.nio.fs.NativeBuffer::owner (5 bytes)
Event: 0.910 Thread 0x000001d53ef922b0 nmethod 939 0x000001d52b471f10 code [0x000001d52b4720a0, 0x000001d52b472178]
Event: 0.910 Thread 0x000001d53ef922b0  940       3       java.util.jar.Attributes$Name::hash (148 bytes)
Event: 0.911 Thread 0x000001d53ef922b0 nmethod 940 0x000001d52406d590 code [0x000001d52406d820, 0x000001d52406e548]
Event: 0.931 Thread 0x000001d53ef898a0 nmethod 891 0x000001d52b472210 code [0x000001d52b472460, 0x000001d52b473e80]
Event: 0.935 Thread 0x000001d53ef922b0  941       3       org.lwjgl.assimp.AIVector3D::sizeof (4 bytes)
Event: 0.935 Thread 0x000001d53ef898a0  947       4       sun.misc.Unsafe::getFloat (9 bytes)
Event: 0.935 Thread 0x000001d53ef922b0 nmethod 941 0x000001d52406ea10 code [0x000001d52406eba0, 0x000001d52406ecb8]
Event: 0.935 Thread 0x000001d53ef922b0  946   !   3       org.lwjgl.system.Struct::wrap (69 bytes)
Event: 0.935 Thread 0x000001d53ef898a0 nmethod 947 0x000001d52b474f10 code [0x000001d52b4750a0, 0x000001d52b475138]
Event: 0.935 Thread 0x000001d53ef922b0 nmethod 946 0x000001d52406ed90 code [0x000001d52406efa0, 0x000001d52406f788]
Event: 0.935 Thread 0x000001d53ef922b0  942       3       org.lwjgl.assimp.AIVector3D::x (8 bytes)
Event: 0.935 Thread 0x000001d53ef922b0 nmethod 942 0x000001d52406fa90 code [0x000001d52406fc40, 0x000001d52406fe28]
Event: 0.936 Thread 0x000001d53ef922b0  943       3       org.lwjgl.assimp.AIVector3D::nx (14 bytes)
Event: 0.936 Thread 0x000001d53ef922b0 nmethod 943 0x000001d52406ff10 code [0x000001d5240700c0, 0x000001d524070298]
Event: 0.936 Thread 0x000001d53ef922b0  944       3       org.lwjgl.assimp.AIVector3D::y (8 bytes)
Event: 0.936 Thread 0x000001d53ef922b0 nmethod 944 0x000001d524070390 code [0x000001d524070540, 0x000001d524070728]
Event: 0.936 Thread 0x000001d53ef922b0  945       3       org.lwjgl.assimp.AIVector3D::ny (14 bytes)
Event: 0.936 Thread 0x000001d53ef922b0 nmethod 945 0x000001d524070810 code [0x000001d5240709c0, 0x000001d524070b98]

GC Heap History (0 events):
No events

Deoptimization events (20 events):
Event: 0.418 Thread 0x000001d519748f60 Uncommon trap: trap_request=0xffffffde fr.pc=0x000001d52b43447c relative=0x00000000000003bc
Event: 0.418 Thread 0x000001d519748f60 Uncommon trap: reason=class_check action=maybe_recompile pc=0x000001d52b43447c method=java.util.HashMap.getNode(Ljava/lang/Object;)Ljava/util/HashMap$Node; @ 63 c2
Event: 0.418 Thread 0x000001d519748f60 DEOPT PACKING pc=0x000001d52b43447c sp=0x00000082c9efe240
Event: 0.418 Thread 0x000001d519748f60 DEOPT UNPACKING pc=0x000001d52398d72e sp=0x00000082c9efe158 mode 2
Event: 0.586 Thread 0x000001d519748f60 Uncommon trap: trap_request=0xffffffde fr.pc=0x000001d52b43447c relative=0x00000000000003bc
Event: 0.586 Thread 0x000001d519748f60 Uncommon trap: reason=class_check action=maybe_recompile pc=0x000001d52b43447c method=java.util.HashMap.getNode(Ljava/lang/Object;)Ljava/util/HashMap$Node; @ 63 c2
Event: 0.586 Thread 0x000001d519748f60 DEOPT PACKING pc=0x000001d52b43447c sp=0x00000082c9efe330
Event: 0.586 Thread 0x000001d519748f60 DEOPT UNPACKING pc=0x000001d52398d72e sp=0x00000082c9efe248 mode 2
Event: 0.601 Thread 0x000001d519748f60 Uncommon trap: trap_request=0xffffff54 fr.pc=0x000001d52b453d80 relative=0x0000000000000060
Event: 0.601 Thread 0x000001d519748f60 Uncommon trap: reason=speculate_null_assert action=make_not_entrant pc=0x000001d52b453d80 method=sun.misc.Unsafe.putLong(Ljava/lang/Object;JJ)V @ 7 c2
Event: 0.601 Thread 0x000001d519748f60 DEOPT PACKING pc=0x000001d52b453d80 sp=0x00000082c9eff290
Event: 0.601 Thread 0x000001d519748f60 DEOPT UNPACKING pc=0x000001d52398d72e sp=0x00000082c9eff208 mode 2
Event: 0.691 Thread 0x000001d519748f60 Uncommon trap: trap_request=0xffffff45 fr.pc=0x000001d52b431920 relative=0x0000000000000380
Event: 0.691 Thread 0x000001d519748f60 Uncommon trap: reason=unstable_if action=reinterpret pc=0x000001d52b431920 method=java.lang.StringLatin1.newString([BII)Ljava/lang/String; @ 1 c2
Event: 0.691 Thread 0x000001d519748f60 DEOPT PACKING pc=0x000001d52b431920 sp=0x00000082c9efd860
Event: 0.691 Thread 0x000001d519748f60 DEOPT UNPACKING pc=0x000001d52398d72e sp=0x00000082c9efd840 mode 2
Event: 0.877 Thread 0x000001d519748f60 Uncommon trap: trap_request=0xffffff45 fr.pc=0x000001d52b4513b0 relative=0x0000000000000470
Event: 0.878 Thread 0x000001d519748f60 Uncommon trap: reason=unstable_if action=reinterpret pc=0x000001d52b4513b0 method=java.lang.StringLatin1.newString([BII)Ljava/lang/String; @ 1 c2
Event: 0.878 Thread 0x000001d519748f60 DEOPT PACKING pc=0x000001d52b4513b0 sp=0x00000082c9eff1d0
Event: 0.878 Thread 0x000001d519748f60 DEOPT UNPACKING pc=0x000001d52398d72e sp=0x00000082c9eff130 mode 2

Classes unloaded (0 events):
No events

Classes redefined (0 events):
No events

Internal exceptions (20 events):
Event: 0.358 Thread 0x000001d519748f60 Exception <a 'java/lang/NoSuchMethodError'{0x0000000719fd1c88}: 'int java.lang.invoke.DirectMethodHandle$Holder.invokeStaticInit(java.lang.Object, java.lang.Object, long, long)'> (0x0000000719fd1c88) 
thrown [c:\wsjdk\correttojdksrc\installers\windows\zip\corretto-build\buildroot\src\hotspot\share\interpreter\linkResolver.cpp, line 790]
Event: 0.359 Thread 0x000001d519748f60 Exception <a 'java/lang/NoSuchMethodError'{0x0000000719fd8030}: 'java.lang.Object java.lang.invoke.DirectMethodHandle$Holder.newInvokeSpecial(java.lang.Object, java.lang.Object, long)'> (0x0000000719fd8030) 
thrown [c:\wsjdk\correttojdksrc\installers\windows\zip\corretto-build\buildroot\src\hotspot\share\interpreter\linkResolver.cpp, line 790]
Event: 0.360 Thread 0x000001d519748f60 Exception <a 'java/lang/NoSuchMethodError'{0x0000000719fdc188}: 'java.lang.Object java.lang.invoke.Invokers$Holder.linkToTargetMethod(java.lang.Object, long, java.lang.Object)'> (0x0000000719fdc188) 
thrown [c:\wsjdk\correttojdksrc\installers\windows\zip\corretto-build\buildroot\src\hotspot\share\interpreter\linkResolver.cpp, line 790]
Event: 0.361 Thread 0x000001d519748f60 Exception <a 'java/lang/NoSuchMethodError'{0x0000000719fe3c30}: 'int java.lang.invoke.DirectMethodHandle$Holder.invokeStaticInit(java.lang.Object, java.lang.Object, java.lang.Object, long)'> (0x0000000719fe3c30) 
thrown [c:\wsjdk\correttojdksrc\installers\windows\zip\corretto-build\buildroot\src\hotspot\share\interpreter\linkResolver.cpp, line 790]
Event: 0.394 Thread 0x000001d519748f60 Exception <a 'sun/nio/fs/WindowsException'{0x0000000719d18570}> (0x0000000719d18570) 
thrown [c:\wsjdk\correttojdksrc\installers\windows\zip\corretto-build\buildroot\src\hotspot\share\prims\jni.cpp, line 579]
Event: 0.394 Thread 0x000001d519748f60 Exception <a 'sun/nio/fs/WindowsException'{0x0000000719d18930}> (0x0000000719d18930) 
thrown [c:\wsjdk\correttojdksrc\installers\windows\zip\corretto-build\buildroot\src\hotspot\share\prims\jni.cpp, line 579]
Event: 0.421 Thread 0x000001d519748f60 Exception <a 'sun/nio/fs/WindowsException'{0x0000000719a0bd10}> (0x0000000719a0bd10) 
thrown [c:\wsjdk\correttojdksrc\installers\windows\zip\corretto-build\buildroot\src\hotspot\share\prims\jni.cpp, line 579]
Event: 0.421 Thread 0x000001d519748f60 Exception <a 'sun/nio/fs/WindowsException'{0x0000000719a0c0a0}> (0x0000000719a0c0a0) 
thrown [c:\wsjdk\correttojdksrc\installers\windows\zip\corretto-build\buildroot\src\hotspot\share\prims\jni.cpp, line 579]
Event: 0.546 Thread 0x000001d519748f60 Exception <a 'java/lang/NoSuchMethodError'{0x0000000719a6de70}: 'void java.lang.invoke.DirectMethodHandle$Holder.invokeStaticInit(java.lang.Object, long, int, int, int)'> (0x0000000719a6de70) 
thrown [c:\wsjdk\correttojdksrc\installers\windows\zip\corretto-build\buildroot\src\hotspot\share\interpreter\linkResolver.cpp, line 790]
Event: 0.548 Thread 0x000001d519748f60 Exception <a 'java/lang/NoSuchMethodError'{0x0000000719a818c0}: 'void java.lang.invoke.DirectMethodHandle$Holder.invokeStaticInit(java.lang.Object, long, double, double)'> (0x0000000719a818c0) 
thrown [c:\wsjdk\correttojdksrc\installers\windows\zip\corretto-build\buildroot\src\hotspot\share\interpreter\linkResolver.cpp, line 790]
Event: 0.552 Thread 0x000001d519748f60 Exception <a 'java/lang/NoSuchMethodError'{0x0000000719aa11a8}: 'void java.lang.invoke.DirectMethodHandle$Holder.invokeStaticInit(java.lang.Object, long, int, int, int, int)'> (0x0000000719aa11a8) 
thrown [c:\wsjdk\correttojdksrc\installers\windows\zip\corretto-build\buildroot\src\hotspot\share\interpreter\linkResolver.cpp, line 790]
Event: 0.555 Thread 0x000001d519748f60 Exception <a 'java/lang/NoSuchMethodError'{0x0000000719ab1048}: 'void java.lang.invoke.DirectMethodHandle$Holder.invokeStatic(java.lang.Object, long, int, int)'> (0x0000000719ab1048) 
thrown [c:\wsjdk\correttojdksrc\installers\windows\zip\corretto-build\buildroot\src\hotspot\share\interpreter\linkResolver.cpp, line 790]
Event: 0.589 Thread 0x000001d519748f60 Exception <a 'sun/nio/fs/WindowsException'{0x0000000719b009d8}> (0x0000000719b009d8) 
thrown [c:\wsjdk\correttojdksrc\installers\windows\zip\corretto-build\buildroot\src\hotspot\share\prims\jni.cpp, line 579]
Event: 0.589 Thread 0x000001d519748f60 Exception <a 'sun/nio/fs/WindowsException'{0x0000000719b00da8}> (0x0000000719b00da8) 
thrown [c:\wsjdk\correttojdksrc\installers\windows\zip\corretto-build\buildroot\src\hotspot\share\prims\jni.cpp, line 579]
Event: 0.594 Thread 0x000001d519748f60 Exception <a 'sun/nio/fs/WindowsException'{0x0000000719b1aff8}> (0x0000000719b1aff8) 
thrown [c:\wsjdk\correttojdksrc\installers\windows\zip\corretto-build\buildroot\src\hotspot\share\prims\jni.cpp, line 579]
Event: 0.594 Thread 0x000001d519748f60 Exception <a 'sun/nio/fs/WindowsException'{0x0000000719b1b2f8}> (0x0000000719b1b2f8) 
thrown [c:\wsjdk\correttojdksrc\installers\windows\zip\corretto-build\buildroot\src\hotspot\share\prims\jni.cpp, line 579]
Event: 0.845 Thread 0x000001d519748f60 Exception <a 'sun/nio/fs/WindowsException'{0x0000000719582670}> (0x0000000719582670) 
thrown [c:\wsjdk\correttojdksrc\installers\windows\zip\corretto-build\buildroot\src\hotspot\share\prims\jni.cpp, line 579]
Event: 0.846 Thread 0x000001d519748f60 Exception <a 'sun/nio/fs/WindowsException'{0x0000000719582a20}> (0x0000000719582a20) 
thrown [c:\wsjdk\correttojdksrc\installers\windows\zip\corretto-build\buildroot\src\hotspot\share\prims\jni.cpp, line 579]
Event: 0.916 Thread 0x000001d519748f60 Exception <a 'sun/nio/fs/WindowsException'{0x0000000719309140}> (0x0000000719309140) 
thrown [c:\wsjdk\correttojdksrc\installers\windows\zip\corretto-build\buildroot\src\hotspot\share\prims\jni.cpp, line 579]
Event: 0.916 Thread 0x000001d519748f60 Exception <a 'sun/nio/fs/WindowsException'{0x00000007193094f0}> (0x00000007193094f0) 
thrown [c:\wsjdk\correttojdksrc\installers\windows\zip\corretto-build\buildroot\src\hotspot\share\prims\jni.cpp, line 579]

Events (20 events):
Event: 0.687 loading class sun/text/resources/cldr/FormatData_en_US
Event: 0.687 loading class sun/text/resources/cldr/FormatData_en_US done
Event: 0.705 loading class java/lang/SecurityException
Event: 0.705 loading class java/lang/SecurityException done
Event: 0.795 loading class java/lang/NumberFormatException
Event: 0.795 loading class java/lang/NumberFormatException done
Event: 0.795 Executing  VM operation: HandshakeAllThreads
Event: 0.795 Executing  VM operation: HandshakeAllThreads done
Event: 0.801 Thread 0x000001d5423f8e80 Thread added: 0x000001d5423f8e80
Event: 0.875 loading class sun/net/ProgressMonitor
Event: 0.876 loading class sun/net/ProgressMonitor done
Event: 0.876 loading class sun/net/DefaultProgressMeteringPolicy
Event: 0.876 loading class sun/net/ProgressMeteringPolicy
Event: 0.876 loading class sun/net/ProgressMeteringPolicy done
Event: 0.876 loading class sun/net/DefaultProgressMeteringPolicy done
Event: 0.877 loading class java/util/regex/Pattern$BnM
Event: 0.877 loading class java/util/regex/Pattern$BnM done
Event: 0.877 loading class java/util/regex/Pattern$SliceS
Event: 0.877 loading class java/util/regex/Pattern$SliceS done
Event: 0.919 Loaded shared library C:\Users\teschnerm\AppData\Local\Temp\lwjglTeschnerM\3.3.1-build-7\lwjgl_stb.dll


Dynamic libraries:
0x00007ff770670000 - 0x00007ff77067d000 	C:\Users\teschnerm\.jdks\corretto-16.0.2\bin\java.exe
0x00007ff9e5710000 - 0x00007ff9e5905000 	C:\WINDOWS\SYSTEM32\ntdll.dll
0x00007ff9e5470000 - 0x00007ff9e552d000 	C:\WINDOWS\System32\KERNEL32.DLL
0x00007ff9e51a0000 - 0x00007ff9e5468000 	C:\WINDOWS\System32\KERNELBASE.dll
0x00007ff9e3150000 - 0x00007ff9e3250000 	C:\WINDOWS\System32\ucrtbase.dll
0x00007ff9d7ac0000 - 0x00007ff9d7ad5000 	C:\Users\teschnerm\.jdks\corretto-16.0.2\bin\VCRUNTIME140.dll
0x00007ff9d7b30000 - 0x00007ff9d7b48000 	C:\Users\teschnerm\.jdks\corretto-16.0.2\bin\jli.dll
0x00007ff9e5530000 - 0x00007ff9e56d0000 	C:\WINDOWS\System32\USER32.dll
0x00007ff9e3440000 - 0x00007ff9e3462000 	C:\WINDOWS\System32\win32u.dll
0x00007ff9cbe30000 - 0x00007ff9cc0ca000 	C:\WINDOWS\WinSxS\amd64_microsoft.windows.common-controls_6595b64144ccf1df_6.0.19041.1052_none_60b8f8fd71f5e8cb\COMCTL32.dll
0x00007ff9e4ca0000 - 0x00007ff9e4cca000 	C:\WINDOWS\System32\GDI32.dll
0x00007ff9e3e00000 - 0x00007ff9e3e9e000 	C:\WINDOWS\System32\msvcrt.dll
0x00007ff9e3250000 - 0x00007ff9e335b000 	C:\WINDOWS\System32\gdi32full.dll
0x00007ff9e3060000 - 0x00007ff9e30fd000 	C:\WINDOWS\System32\msvcp_win.dll
0x00007ff9e4520000 - 0x00007ff9e4550000 	C:\WINDOWS\System32\IMM32.DLL
0x00007ff9b5300000 - 0x00007ff9b539b000 	C:\Users\teschnerm\.jdks\corretto-16.0.2\bin\msvcp140.dll
0x00007ff93de60000 - 0x00007ff93ea69000 	C:\Users\teschnerm\.jdks\corretto-16.0.2\bin\server\jvm.dll
0x00007ff9e41a0000 - 0x00007ff9e424c000 	C:\WINDOWS\System32\ADVAPI32.dll
0x00007ff9e34e0000 - 0x00007ff9e357b000 	C:\WINDOWS\System32\sechost.dll
0x00007ff9e5070000 - 0x00007ff9e519b000 	C:\WINDOWS\System32\RPCRT4.dll
0x00007ff9e3600000 - 0x00007ff9e3608000 	C:\WINDOWS\System32\PSAPI.DLL
0x00007ff9cc0d0000 - 0x00007ff9cc0f7000 	C:\WINDOWS\SYSTEM32\WINMM.dll
0x00007ff9d6d50000 - 0x00007ff9d6d5a000 	C:\WINDOWS\SYSTEM32\VERSION.dll
0x00007ff9c7ca0000 - 0x00007ff9c7ca9000 	C:\WINDOWS\SYSTEM32\WSOCK32.dll
0x00007ff9e3470000 - 0x00007ff9e34db000 	C:\WINDOWS\System32\WS2_32.dll
0x00007ff9e0cc0000 - 0x00007ff9e0cd2000 	C:\WINDOWS\SYSTEM32\kernel.appcore.dll
0x00007ff9cea80000 - 0x00007ff9cea8a000 	C:\Users\teschnerm\.jdks\corretto-16.0.2\bin\jimage.dll
0x00007ff9e05c0000 - 0x00007ff9e07a4000 	C:\WINDOWS\SYSTEM32\DBGHELP.DLL
0x00007ff9ced20000 - 0x00007ff9ced4c000 	C:\WINDOWS\SYSTEM32\dbgcore.DLL
0x00007ff9e2e10000 - 0x00007ff9e2e93000 	C:\WINDOWS\System32\bcryptPrimitives.dll
0x00007ff9cbd00000 - 0x00007ff9cbd25000 	C:\Users\teschnerm\.jdks\corretto-16.0.2\bin\java.dll
0x00007ff9e36c0000 - 0x00007ff9e3dff000 	C:\WINDOWS\System32\SHELL32.dll
0x00007ff9e0ec0000 - 0x00007ff9e1650000 	C:\WINDOWS\SYSTEM32\windows.storage.dll
0x00007ff9e4cd0000 - 0x00007ff9e5025000 	C:\WINDOWS\System32\combase.dll
0x00007ff9e2880000 - 0x00007ff9e28ac000 	C:\WINDOWS\SYSTEM32\Wldp.dll
0x00007ff9e3610000 - 0x00007ff9e36be000 	C:\WINDOWS\System32\SHCORE.dll
0x00007ff9e4c40000 - 0x00007ff9e4c95000 	C:\WINDOWS\System32\shlwapi.dll
0x00007ff9e2d50000 - 0x00007ff9e2d6f000 	C:\WINDOWS\SYSTEM32\profapi.dll
0x00007ff9cd2d0000 - 0x00007ff9cd2e9000 	C:\Users\teschnerm\.jdks\corretto-16.0.2\bin\net.dll
0x00007ff9cf080000 - 0x00007ff9cf18b000 	C:\WINDOWS\SYSTEM32\WINHTTP.dll
0x00007ff9e25f0000 - 0x00007ff9e265a000 	C:\WINDOWS\system32\mswsock.dll
0x00007ff9cbcb0000 - 0x00007ff9cbcc3000 	C:\Users\teschnerm\.jdks\corretto-16.0.2\bin\nio.dll
0x00007ff9cbc00000 - 0x00007ff9cbc18000 	C:\Users\teschnerm\.jdks\corretto-16.0.2\bin\zip.dll
0x00007ff9cb7a0000 - 0x00007ff9cb815000 	C:\Users\teschnerm\AppData\Local\Temp\lwjglTeschnerM\3.3.1-build-7\lwjgl.dll
0x00007ff97e410000 - 0x00007ff97e669000 	C:\Users\TESCHN~1\AppData\Local\Temp\lwjglTeschnerM\3.3.1-build-7\jemalloc.dll
0x00007ff9cb730000 - 0x00007ff9cb791000 	C:\Users\TESCHN~1\AppData\Local\Temp\lwjglTeschnerM\3.3.1-build-7\glfw.dll
0x00007ff9cbd30000 - 0x00007ff9cbd75000 	C:\WINDOWS\SYSTEM32\dinput8.dll
0x00007ff9cd680000 - 0x00007ff9cd691000 	C:\WINDOWS\SYSTEM32\xinput1_4.dll
0x00007ff9e3100000 - 0x00007ff9e314e000 	C:\WINDOWS\System32\cfgmgr32.dll
0x00007ff9e2bc0000 - 0x00007ff9e2bec000 	C:\WINDOWS\SYSTEM32\DEVOBJ.dll
0x00007ff9e09d0000 - 0x00007ff9e09ff000 	C:\WINDOWS\SYSTEM32\dwmapi.dll
0x00007ff9c6aa0000 - 0x00007ff9c6bf2000 	C:\WINDOWS\SYSTEM32\inputhost.dll
0x00007ff9e4250000 - 0x00007ff9e431d000 	C:\WINDOWS\System32\OLEAUT32.dll
0x00007ff9dbc30000 - 0x00007ff9dbd84000 	C:\WINDOWS\SYSTEM32\wintypes.dll
0x00007ff9db640000 - 0x00007ff9db732000 	C:\WINDOWS\SYSTEM32\CoreMessaging.dll
0x00007ff9e0320000 - 0x00007ff9e0416000 	C:\WINDOWS\SYSTEM32\PROPSYS.dll
0x00007ff9db2e0000 - 0x00007ff9db63e000 	C:\WINDOWS\SYSTEM32\CoreUIComponents.dll
0x00007ff9e1ab0000 - 0x00007ff9e1ae3000 	C:\WINDOWS\SYSTEM32\ntmarta.dll
0x00007ff9dbdd0000 - 0x00007ff9dbe6e000 	C:\WINDOWS\system32\uxtheme.dll
0x00007ff9e4570000 - 0x00007ff9e4685000 	C:\WINDOWS\System32\MSCTF.dll
0x00007ff9aecd0000 - 0x00007ff9aedf6000 	C:\WINDOWS\SYSTEM32\opengl32.dll
0x00007ff9aeca0000 - 0x00007ff9aeccc000 	C:\WINDOWS\SYSTEM32\GLU32.dll
0x00007ff9e40f0000 - 0x00007ff9e4199000 	C:\WINDOWS\System32\clbcatq.dll
0x00007ff93ce90000 - 0x00007ff93de5a000 	C:\WINDOWS\System32\DriverStore\FileRepository\iigd_dch.inf_amd64_0804967595b473cc\ig9icd64.dll
0x00007ff9e43f0000 - 0x00007ff9e451a000 	C:\WINDOWS\System32\ole32.dll
0x00007ff9e16b0000 - 0x00007ff9e17a4000 	C:\WINDOWS\system32\dxgi.dll
0x00007ff9d1fc0000 - 0x00007ff9d21ff000 	C:\WINDOWS\System32\DriverStore\FileRepository\iigd_dch.inf_amd64_0804967595b473cc\igdgmm64.dll
0x00007ff9cf3c0000 - 0x00007ff9d1f89000 	C:\WINDOWS\System32\DriverStore\FileRepository\iigd_dch.inf_amd64_0804967595b473cc\igc64.dll
0x00007ff9e23b0000 - 0x00007ff9e23fb000 	C:\WINDOWS\SYSTEM32\powrprof.dll
0x00007ff9e2270000 - 0x00007ff9e2282000 	C:\WINDOWS\SYSTEM32\UMPDC.dll
0x00007ff95fd10000 - 0x00007ff96011c000 	C:\WINDOWS\System32\DriverStore\FileRepository\iigd_dch.inf_amd64_0804967595b473cc\igdml64.dll
0x00007ff9ca3b0000 - 0x00007ff9ca4a9000 	C:\WINDOWS\SYSTEM32\textinputframework.dll
0x00007ff9c71a0000 - 0x00007ff9c7206000 	C:\WINDOWS\system32\Oleacc.dll
0x00007ff9be930000 - 0x00007ff9be98d000 	C:\Users\teschnerm\AppData\Local\Temp\lwjglTeschnerM\3.3.1-build-7\lwjgl_opengl.dll
0x00007ff9cdb20000 - 0x00007ff9cdb30000 	C:\Users\teschnerm\.jdks\corretto-16.0.2\bin\verify.dll
0x00007ff955020000 - 0x00007ff9555c9000 	C:\Users\TESCHN~1\AppData\Local\Temp\lwjglTeschnerM\3.3.1-build-7\assimp.dll
0x00007ff9b8450000 - 0x00007ff9b84d1000 	C:\Users\teschnerm\AppData\Local\Temp\lwjglTeschnerM\3.3.1-build-7\lwjgl_stb.dll

dbghelp: loaded successfully - version: 4.0.5 - missing functions: none
symbol engine: initialized successfully - sym options: 0x614 - pdb path: .;C:\Users\teschnerm\.jdks\corretto-16.0.2\bin;C:\WINDOWS\SYSTEM32;C:\WINDOWS\WinSxS\amd64_microsoft.windows.common-controls_6595b64144ccf1df_6.0.19041.1052_none_60b8f8fd71f5e8cb;C:\Users\teschnerm\.jdks\corretto-16.0.2\bin\server;C:\Users\teschnerm\AppData\Local\Temp\lwjglTeschnerM\3.3.1-build-7;C:\Users\TESCHN~1\AppData\Local\Temp\lwjglTeschnerM\3.3.1-build-7;C:\WINDOWS\System32\DriverStore\FileRepository\iigd_dch.inf_amd64_0804967595b473cc

VM Arguments:
jvm_args: -Dfile.encoding=windows-1252 -Duser.country=US -Duser.language=en -Duser.variant 
java_command: app.Main
java_class_path (initial): C:\Users\teschnerm\IdeaProjects\x16\build\classes\java\main;C:\Users\teschnerm\IdeaProjects\x16\build\resources\main;C:\Users\teschnerm\.gradle\caches\modules-2\files-2.1\org.lwjgl\lwjgl-assimp\3.3.1\312072f451794f25670aebb0160ce6ec88aff842\lwjgl-assimp-3.3.1.jar;C:\Users\teschnerm\.gradle\caches\modules-2\files-2.1\org.lwjgl\lwjgl-assimp\3.3.1\bfa2a0d57acbf952b716d0ad8a3acbd7ad9f5639\lwjgl-assimp-3.3.1-natives-windows.jar;C:\Users\teschnerm\.gradle\caches\modules-2\files-2.1\org.lwjgl\lwjgl-bgfx\3.3.1\4243b7d255d885980f10c36edfb678729493685e\lwjgl-bgfx-3.3.1.jar;C:\Users\teschnerm\.gradle\caches\modules-2\files-2.1\org.lwjgl\lwjgl-bgfx\3.3.1\12f22e13c99db9153124dbc17b84fe0233c6f3d5\lwjgl-bgfx-3.3.1-natives-windows.jar;C:\Users\teschnerm\.gradle\caches\modules-2\files-2.1\org.lwjgl\lwjgl-cuda\3.3.1\8b67bd7760450f890eade8f74bfaf0dca10821fe\lwjgl-cuda-3.3.1.jar;C:\Users\teschnerm\.gradle\caches\modules-2\files-2.1\org.lwjgl\lwjgl-egl\3.3.1\8399e6734ad7d97d2e1f865b2c6c5232d5126dca\lwjgl-egl-3.3.1.jar;C:\Users\teschnerm\.gradle\caches\modules-2\files-2.1\org.lwjgl\lwjgl-glfw\3.3.1\cbac1b8d30cb4795149c1ef540f912671a8616d0\lwjgl-glfw-3.3.1.jar;C:\Users\teschnerm\.gradle\caches\modules-2\files-2.1\org.lwjgl\lwjgl-glfw\3.3.1\ed892f945cf7e79c8756796f32d00fa4ceaf573b\lwjgl-glfw-3.3.1-natives-windows.jar;C:\Users\teschnerm\.gradle\caches\modules-2\files-2.1\org.lwjgl\lwjgl-jawt\3.3.1\30330b16b809655d42f4951ece57f425cce43ce2\lwjgl-jawt-3.3.1.jar;C:\Users\teschnerm\.gradle\caches\modules-2\files-2.1\org.lwjgl\lwjgl-jemalloc\3.3.1\a817bcf213db49f710603677457567c37d53e103\lwjgl-jemalloc-3.3.1.jar;C:\Users\teschnerm\.gradle\caches\modules-2\files-2.1\org.lwjgl\lwjgl-jemalloc\3.3.1\948a89b76a16aa324b046ae9308891216ffce5f9\lwjgl-jemalloc-3.3.1-natives-windows.jar;C:\Users\teschnerm\.gradle\caches\modules-2\files-2.1\org.lwjgl\lwjgl-libdivide\3.3.1\ed21d21e4f3d508908ef1a23d885e73983f244ea\lwjgl-libdivide-3.3.1.jar;C:\Users\teschnerm\.gradle\caches\modules-
Launcher Type: SUN_STANDARD

[Global flags]
     intx CICompilerCount                          = 4                                         {product} {ergonomic}
     uint ConcGCThreads                            = 2                                         {product} {ergonomic}
     uint G1ConcRefinementThreads                  = 8                                         {product} {ergonomic}
   size_t G1HeapRegionSize                         = 2097152                                   {product} {ergonomic}
    uintx GCDrainStackTargetSize                   = 64                                        {product} {ergonomic}
   size_t InitialHeapSize                          = 257949696                                 {product} {ergonomic}
   size_t MarkStackSize                            = 4194304                                   {product} {ergonomic}
   size_t MaxHeapSize                              = 4108320768                                {product} {ergonomic}
   size_t MaxNewSize                               = 2464153600                                {product} {ergonomic}
   size_t MinHeapDeltaBytes                        = 2097152                                   {product} {ergonomic}
   size_t MinHeapSize                              = 8388608                                   {product} {ergonomic}
    uintx NonNMethodCodeHeapSize                   = 5839372                                {pd product} {ergonomic}
    uintx NonProfiledCodeHeapSize                  = 122909434                              {pd product} {ergonomic}
    uintx ProfiledCodeHeapSize                     = 122909434                              {pd product} {ergonomic}
    uintx ReservedCodeCacheSize                    = 251658240                              {pd product} {ergonomic}
     bool SegmentedCodeCache                       = true                                      {product} {ergonomic}
   size_t SoftMaxHeapSize                          = 4108320768                             {manageable} {ergonomic}
     bool UseCompressedClassPointers               = true                           {product lp64_product} {ergonomic}
     bool UseCompressedOops                        = true                           {product lp64_product} {ergonomic}
     bool UseG1GC                                  = true                                      {product} {ergonomic}
     bool UseLargePagesIndividualAllocation        = false                                  {pd product} {ergonomic}

Logging:
Log output configuration:
 #0: stdout all=warning uptime,level,tags
 #1: stderr all=off uptime,level,tags

Environment Variables:
JAVA_HOME=C:\portapps\oracle-jdk-portable\app
CLASSPATH=.;C:\Program Files (x86)\QuickTime\QTSystem\QTJava.zip
PATH=C:\Program Files\Microsoft\jdk-11.0.12.7-hotspot\bin;C:\Program Files (x86)\Common Files\Intel\Shared Libraries\redist\intel64\compiler;C:\WINDOWS\system32;C:\WINDOWS;C:\WINDOWS\System32\Wbem;C:\WINDOWS\System32\WindowsPowerShell\v1.0\;C:\WINDOWS\System32\OpenSSH\;C:\Program Files\Intel\WiFi\bin\;C:\Program Files\Common Files\Intel\WirelessCommon\;C:\Program Files (x86)\IVI Foundation\VISA\WinNT\Bin;C:\Program Files (x86)\QuickTime\QTSystem\;C:\Program Files\Microsoft SQL Server\130\Tools\Binn\;C:\Program Files\Microsoft SQL Server\Client SDK\ODBC\170\Tools\Binn\;C:\Program Files\CMake\bin;C:\Program Files\Microsoft SQL Server\150\Tools\Binn\;C:\Program Files\dotnet\;C:\Users\teschnerm\AppData\Local\Microsoft\WindowsApps;C:\Users\teschnerm\AppData\Local\Programs\Microsoft VS Code\bin;C:\Users\teschnerm\AppData\Local\GitHubDesktop\bin;C:\Users\teschnerm\node;C:\Users\teschnerm\AppData\Local\Programs\Git\cmd;C:\Program Files\Microsoft SDKs\Windows\v6.1\Bin;C:\Program Files\Microsoft Visual Studio\2022\Community\VC\Tools\MSVC\14.31.31103\bin;C:\Program Files\Microsoft Visual Studio\2022\Community\Common7\IDE;C:\Program Files\Microsoft Visual Studio\2022\Community\VC\Tools\MSVC\14.31.31103\bin\Hostx64\x64;C:\Program Files (x86)\Windows Kits\10\bin\10.0.19041.0\x64;C:\Program Files\Microsoft Visual Studio\2022\Community\Common7\IDE\Remote Debugger\x64;C:\flutter\bin;
USERNAME=TeschnerM
OS=Windows_NT
PROCESSOR_IDENTIFIER=Intel64 Family 6 Model 142 Stepping 12, GenuineIntel



---------------  S Y S T E M  ---------------

OS:
 Windows 10 , 64 bit Build 19041 (10.0.19041.1023)
OS uptime: 2 days 3:16 hours

CPU: total 8 (initial active 8) (4 cores per cpu, 2 threads per core) family 6 model 142 stepping 12 microcode 0xb8, cx8, cmov, fxsr, ht, mmx, 3dnowpref, sse, sse2, sse3, ssse3, sse4.1, sse4.2, popcnt, lzcnt, tsc, tscinvbit, avx, avx2, aes, erms, clmul, bmi1, bmi2, adx, fma, vzeroupper, clflush, clflushopt

Memory: 4k page, system-wide physical 15668M (5123M free)
TotalPageFile size 18100M (AvailPageFile size 4356M)
current process WorkingSet (physical memory assigned to process): 163M, peak: 165M
current process commit charge ("private bytes"): 432M, peak: 432M

vm_info: OpenJDK 64-Bit Server VM (16.0.2+7) for windows-amd64 JRE (16.0.2+7), built on Jul 22 2021 01:11:46 by "Administrator" with MS VC++ 15.9 (VS2017)

END.
